[2025-07-09 21:19:32] [INFO] 日志系统初始化
[2025-07-09 21:19:32] [INFO] FSP仿真开始
[2025-07-09 21:19:32] [ERROR] 仿真出错: 无法解析名称 'AgentFactory.createDefenderAgents'。
[2025-07-09 21:19:32] [ERROR] 错误位置: D:\CODE\FSP\main_fsp_simulation.m, 行号: 38
[2025-07-09 21:20:28] [INFO] 日志系统初始化
[2025-07-09 21:20:28] [INFO] FSP仿真开始
[2025-07-09 21:20:28] [ERROR] 仿真出错: 无法解析名称 'AgentFactory.createDefenderAgents'。
[2025-07-09 21:20:28] [ERROR] 错误位置: D:\CODE\FSP\main_fsp_simulation.m, 行号: 38
[2025-07-09 21:24:26] [INFO] 日志系统初始化
[2025-07-09 21:24:26] [INFO] FSP仿真开始
[2025-07-09 21:24:26] [ERROR] 仿真出错: 不支持将脚本 SARSAAgent 作为函数执行:
D:\CODE\FSP\agents\SARSAAgent.m
[2025-07-09 21:24:26] [ERROR] 错误位置: D:\CODE\FSP\utils\AgentFactory.m, 行号: 13
[2025-07-09 21:26:53] [INFO] 日志系统初始化
[2025-07-09 21:26:53] [INFO] FSP仿真开始
[2025-07-09 21:26:53] [ERROR] 仿真出错: 不支持将脚本 DoubleQLearningAgent 作为函数执行:
D:\CODE\FSP\agents\DoubleQLearningAgent.m
[2025-07-09 21:26:53] [ERROR] 错误位置: D:\CODE\FSP\utils\AgentFactory.m, 行号: 17
[2025-07-09 21:27:30] [INFO] 日志系统初始化
[2025-07-09 21:27:30] [INFO] FSP仿真开始
[2025-07-09 21:27:30] [ERROR] 仿真出错: 无法解析名称 'ParallelComputing.setup'。
[2025-07-09 21:27:30] [ERROR] 错误位置: D:\CODE\FSP\main_fsp_simulation.m, 行号: 45
[2025-07-09 21:28:02] [INFO] 日志系统初始化
[2025-07-09 21:28:03] [INFO] FSP仿真开始
[2025-07-09 21:28:03] [ERROR] 仿真出错: 无法执行赋值，因为左侧的大小为 1×1，右侧的大小为 1×5。
[2025-07-09 21:28:03] [ERROR] 错误位置: D:\CODE\FSP\core\FSPSimulator.m, 行号: 121
[2025-07-09 21:36:37] [INFO] 日志系统初始化
[2025-07-09 21:36:37] [INFO] FSP仿真开始
[2025-07-09 21:36:37] [ERROR] 仿真出错: 无法解析名称 'FSPSimulator.run'。
[2025-07-09 21:36:37] [ERROR] 错误位置: D:\CODE\FSP\main_fsp_simulation.m, 行号: 59
[2025-07-09 21:40:25] [INFO] 日志系统初始化
[2025-07-09 21:40:25] [INFO] FSP仿真开始
[2025-07-09 21:40:25] [ERROR] 仿真出错: 无法执行赋值，因为左侧的大小为 1×3，右侧的大小为 1×5。
[2025-07-09 21:40:25] [ERROR] 错误位置: D:\CODE\FSP\core\FSPSimulator.m, 行号: 122
[2025-07-09 21:41:58] [INFO] 日志系统初始化
[2025-07-09 21:41:58] [INFO] FSP仿真开始
[2025-07-09 21:41:58] [ERROR] 仿真出错: 无法执行赋值，因为左侧的大小为 1×3，右侧的大小为 1×5。
[2025-07-09 21:41:58] [ERROR] 错误位置: D:\CODE\FSP\core\FSPSimulator.m, 行号: 107
[2025-07-09 21:46:17] [INFO] 日志系统初始化
[2025-07-09 21:46:17] [INFO] FSP仿真开始
[2025-07-09 21:52:29] [INFO] 日志系统初始化
[2025-07-09 21:52:29] [INFO] FSP仿真开始
[2025-07-09 21:53:01] [ERROR] 仿真出错: 无法执行赋值，因为左侧的大小为 1×1，右侧的大小为 1×5。
[2025-07-09 21:53:01] [ERROR] 错误位置: D:\CODE\FSP\core\FSPSimulator.m, 行号: 107
[2025-07-09 21:54:28] [INFO] 日志系统初始化
[2025-07-09 21:54:28] [INFO] FSP仿真开始
[2025-07-09 21:54:29] [INFO] 迭代 1 完成，用时 0.63秒
[2025-07-09 21:54:29] [INFO] 迭代 2 完成，用时 0.45秒
[2025-07-09 21:54:30] [INFO] 迭代 3 完成，用时 0.47秒
[2025-07-09 21:54:30] [INFO] 迭代 4 完成，用时 0.48秒
[2025-07-09 21:54:31] [INFO] 迭代 5 完成，用时 0.47秒
[2025-07-09 21:54:31] [INFO] 迭代 6 完成，用时 0.47秒
[2025-07-09 21:54:32] [INFO] 迭代 7 完成，用时 0.41秒
[2025-07-09 21:54:32] [INFO] 迭代 8 完成，用时 0.43秒
[2025-07-09 21:54:32] [INFO] 迭代 9 完成，用时 0.43秒
[2025-07-09 21:54:33] [INFO] 迭代 10 完成，用时 0.54秒
[2025-07-09 21:54:33] [INFO] 迭代 11 完成，用时 0.50秒
[2025-07-09 21:54:34] [INFO] 迭代 12 完成，用时 0.44秒
[2025-07-09 21:54:34] [INFO] 迭代 13 完成，用时 0.42秒
[2025-07-09 21:54:35] [INFO] 迭代 14 完成，用时 0.42秒
[2025-07-09 21:54:35] [INFO] 迭代 15 完成，用时 0.42秒
[2025-07-09 21:54:36] [INFO] 迭代 16 完成，用时 0.44秒
[2025-07-09 21:54:36] [INFO] 迭代 17 完成，用时 0.42秒
[2025-07-09 21:54:36] [INFO] 迭代 18 完成，用时 0.43秒
[2025-07-09 21:54:37] [INFO] 迭代 19 完成，用时 0.43秒
[2025-07-09 21:54:37] [INFO] 迭代 20 完成，用时 0.51秒
[2025-07-09 21:54:38] [INFO] 迭代 21 完成，用时 0.46秒
[2025-07-09 21:54:38] [INFO] 迭代 22 完成，用时 0.43秒
[2025-07-09 21:54:39] [INFO] 迭代 23 完成，用时 0.40秒
[2025-07-09 21:54:39] [INFO] 迭代 24 完成，用时 0.44秒
[2025-07-09 21:54:40] [INFO] 迭代 25 完成，用时 0.44秒
[2025-07-09 21:54:40] [INFO] 迭代 26 完成，用时 0.43秒
[2025-07-09 21:54:40] [INFO] 迭代 27 完成，用时 0.47秒
[2025-07-09 21:54:41] [INFO] 迭代 28 完成，用时 0.43秒
[2025-07-09 21:54:41] [INFO] 迭代 29 完成，用时 0.42秒
[2025-07-09 21:54:42] [INFO] 迭代 30 完成，用时 0.52秒
[2025-07-09 21:54:42] [INFO] 迭代 31 完成，用时 0.43秒
[2025-07-09 21:54:43] [INFO] 迭代 32 完成，用时 0.44秒
[2025-07-09 21:54:43] [INFO] 迭代 33 完成，用时 0.45秒
[2025-07-09 21:54:44] [INFO] 迭代 34 完成，用时 0.48秒
[2025-07-09 21:54:44] [INFO] 迭代 35 完成，用时 0.51秒
[2025-07-09 21:54:45] [INFO] 迭代 36 完成，用时 0.45秒
[2025-07-09 21:54:45] [INFO] 迭代 37 完成，用时 0.48秒
[2025-07-09 21:54:46] [INFO] 迭代 38 完成，用时 0.46秒
[2025-07-09 21:54:46] [INFO] 迭代 39 完成，用时 0.50秒
[2025-07-09 21:54:47] [INFO] 迭代 40 完成，用时 0.67秒
[2025-07-09 21:54:47] [INFO] 迭代 41 完成，用时 0.67秒
[2025-07-09 21:54:48] [INFO] 迭代 42 完成，用时 0.61秒
[2025-07-09 21:54:49] [INFO] 迭代 43 完成，用时 0.63秒
[2025-07-09 21:54:49] [INFO] 迭代 44 完成，用时 0.59秒
[2025-07-09 21:54:50] [INFO] 迭代 45 完成，用时 0.62秒
[2025-07-09 21:54:50] [INFO] 迭代 46 完成，用时 0.57秒
[2025-07-09 21:54:51] [INFO] 迭代 47 完成，用时 0.59秒
[2025-07-09 21:54:51] [INFO] 迭代 48 完成，用时 0.49秒
[2025-07-09 21:54:52] [INFO] 迭代 49 完成，用时 0.48秒
[2025-07-09 21:54:53] [INFO] 迭代 50 完成，用时 0.55秒
[2025-07-09 21:54:53] [INFO] 迭代 51 完成，用时 0.47秒
[2025-07-09 21:54:53] [INFO] 迭代 52 完成，用时 0.50秒
[2025-07-09 21:54:54] [INFO] 迭代 53 完成，用时 0.69秒
[2025-07-09 21:54:55] [INFO] 迭代 54 完成，用时 0.66秒
[2025-07-09 21:54:55] [INFO] 迭代 55 完成，用时 0.65秒
[2025-07-09 21:54:56] [INFO] 迭代 56 完成，用时 0.55秒
[2025-07-09 21:54:57] [INFO] 迭代 57 完成，用时 0.54秒
[2025-07-09 21:54:57] [INFO] 迭代 58 完成，用时 0.54秒
[2025-07-09 21:54:58] [INFO] 迭代 59 完成，用时 0.56秒
[2025-07-09 21:54:58] [INFO] 迭代 60 完成，用时 0.58秒
[2025-07-09 21:54:59] [INFO] 迭代 61 完成，用时 0.48秒
[2025-07-09 21:54:59] [INFO] 迭代 62 完成，用时 0.50秒
[2025-07-09 21:55:00] [INFO] 迭代 63 完成，用时 0.50秒
[2025-07-09 21:55:00] [INFO] 迭代 64 完成，用时 0.45秒
[2025-07-09 21:55:01] [INFO] 迭代 65 完成，用时 0.46秒
[2025-07-09 21:55:01] [INFO] 迭代 66 完成，用时 0.48秒
[2025-07-09 21:55:02] [INFO] 迭代 67 完成，用时 0.44秒
[2025-07-09 21:55:02] [INFO] 迭代 68 完成，用时 0.44秒
[2025-07-09 21:55:03] [INFO] 迭代 69 完成，用时 0.63秒
[2025-07-09 21:55:03] [INFO] 迭代 70 完成，用时 0.58秒
[2025-07-09 21:55:04] [INFO] 迭代 71 完成，用时 0.51秒
[2025-07-09 21:55:04] [INFO] 迭代 72 完成，用时 0.46秒
[2025-07-09 21:55:05] [INFO] 迭代 73 完成，用时 0.50秒
[2025-07-09 21:55:05] [INFO] 迭代 74 完成，用时 0.47秒
[2025-07-09 21:55:06] [INFO] 迭代 75 完成，用时 0.57秒
[2025-07-09 21:55:06] [INFO] 迭代 76 完成，用时 0.50秒
[2025-07-09 21:55:07] [INFO] 迭代 77 完成，用时 0.54秒
[2025-07-09 21:55:07] [INFO] 迭代 78 完成，用时 0.46秒
[2025-07-09 21:55:08] [INFO] 迭代 79 完成，用时 0.46秒
[2025-07-09 21:55:08] [INFO] 迭代 80 完成，用时 0.56秒
[2025-07-09 21:55:09] [INFO] 迭代 81 完成，用时 0.49秒
[2025-07-09 21:55:09] [INFO] 迭代 82 完成，用时 0.44秒
[2025-07-09 21:55:10] [INFO] 迭代 83 完成，用时 0.46秒
[2025-07-09 21:55:10] [INFO] 迭代 84 完成，用时 0.44秒
[2025-07-09 21:55:11] [INFO] 迭代 85 完成，用时 0.44秒
[2025-07-09 21:55:11] [INFO] 迭代 86 完成，用时 0.50秒
[2025-07-09 21:55:12] [INFO] 迭代 87 完成，用时 0.54秒
[2025-07-09 21:55:12] [INFO] 迭代 88 完成，用时 0.53秒
[2025-07-09 21:55:13] [INFO] 迭代 89 完成，用时 0.49秒
[2025-07-09 21:55:13] [INFO] 迭代 90 完成，用时 0.65秒
[2025-07-09 21:55:14] [INFO] 迭代 91 完成，用时 0.47秒
[2025-07-09 21:55:14] [INFO] 迭代 92 完成，用时 0.45秒
[2025-07-09 21:55:15] [INFO] 迭代 93 完成，用时 0.49秒
[2025-07-09 21:55:15] [INFO] 迭代 94 完成，用时 0.47秒
[2025-07-09 21:55:16] [INFO] 迭代 95 完成，用时 0.52秒
[2025-07-09 21:55:16] [INFO] 迭代 96 完成，用时 0.48秒
[2025-07-09 21:55:17] [INFO] 迭代 97 完成，用时 0.49秒
[2025-07-09 21:55:17] [INFO] 迭代 98 完成，用时 0.55秒
[2025-07-09 21:55:18] [INFO] 迭代 99 完成，用时 0.52秒
[2025-07-09 21:55:20] [INFO] 迭代 100 完成，用时 2.66秒
[2025-07-09 21:55:21] [INFO] 迭代 101 完成，用时 0.66秒
[2025-07-09 21:55:22] [INFO] 迭代 102 完成，用时 0.57秒
[2025-07-09 21:55:22] [INFO] 迭代 103 完成，用时 0.54秒
[2025-07-09 21:55:23] [INFO] 迭代 104 完成，用时 0.53秒
[2025-07-09 21:55:23] [INFO] 迭代 105 完成，用时 0.51秒
[2025-07-09 21:55:24] [INFO] 迭代 106 完成，用时 0.42秒
[2025-07-09 21:55:24] [INFO] 迭代 107 完成，用时 0.40秒
[2025-07-09 21:55:24] [INFO] 迭代 108 完成，用时 0.35秒
[2025-07-09 21:55:25] [INFO] 迭代 109 完成，用时 0.38秒
[2025-07-09 21:55:25] [INFO] 迭代 110 完成，用时 0.44秒
[2025-07-09 21:55:26] [INFO] 迭代 111 完成，用时 0.41秒
[2025-07-09 21:55:26] [INFO] 迭代 112 完成，用时 0.42秒
[2025-07-09 21:55:26] [INFO] 迭代 113 完成，用时 0.40秒
[2025-07-09 21:55:27] [INFO] 迭代 114 完成，用时 0.41秒
[2025-07-09 21:55:27] [INFO] 迭代 115 完成，用时 0.40秒
[2025-07-09 21:55:28] [INFO] 迭代 116 完成，用时 0.39秒
[2025-07-09 21:55:28] [INFO] 迭代 117 完成，用时 0.44秒
[2025-07-09 21:55:28] [INFO] 迭代 118 完成，用时 0.42秒
[2025-07-09 21:55:29] [INFO] 迭代 119 完成，用时 0.47秒
[2025-07-09 21:55:30] [INFO] 迭代 120 完成，用时 0.61秒
[2025-07-09 21:55:30] [INFO] 迭代 121 完成，用时 0.53秒
[2025-07-09 21:55:31] [INFO] 迭代 122 完成，用时 0.50秒
[2025-07-09 21:55:31] [INFO] 迭代 123 完成，用时 0.52秒
[2025-07-09 21:55:32] [INFO] 迭代 124 完成，用时 0.53秒
[2025-07-09 21:55:32] [INFO] 迭代 125 完成，用时 0.54秒
[2025-07-09 21:55:33] [INFO] 迭代 126 完成，用时 0.51秒
[2025-07-09 21:55:33] [INFO] 迭代 127 完成，用时 0.48秒
[2025-07-09 21:55:34] [INFO] 迭代 128 完成，用时 0.48秒
[2025-07-09 21:55:34] [INFO] 迭代 129 完成，用时 0.50秒
[2025-07-09 21:55:35] [INFO] 迭代 130 完成，用时 0.60秒
[2025-07-09 21:55:35] [INFO] 迭代 131 完成，用时 0.54秒
[2025-07-09 21:55:36] [INFO] 迭代 132 完成，用时 0.49秒
[2025-07-09 21:55:36] [INFO] 迭代 133 完成，用时 0.52秒
[2025-07-09 21:55:37] [INFO] 迭代 134 完成，用时 0.48秒
[2025-07-09 21:55:37] [INFO] 迭代 135 完成，用时 0.48秒
[2025-07-09 21:55:38] [INFO] 迭代 136 完成，用时 0.51秒
[2025-07-09 21:55:38] [INFO] 迭代 137 完成，用时 0.44秒
[2025-07-09 21:55:39] [INFO] 迭代 138 完成，用时 0.41秒
[2025-07-09 21:55:39] [INFO] 迭代 139 完成，用时 0.42秒
[2025-07-09 21:55:40] [INFO] 迭代 140 完成，用时 0.54秒
[2025-07-09 21:55:40] [INFO] 迭代 141 完成，用时 0.54秒
[2025-07-09 21:55:41] [INFO] 迭代 142 完成，用时 0.49秒
[2025-07-09 21:55:41] [INFO] 迭代 143 完成，用时 0.49秒
[2025-07-09 21:55:42] [INFO] 迭代 144 完成，用时 0.47秒
[2025-07-09 21:55:42] [INFO] 迭代 145 完成，用时 0.50秒
[2025-07-09 21:55:43] [INFO] 迭代 146 完成，用时 0.49秒
[2025-07-09 21:55:43] [INFO] 迭代 147 完成，用时 0.44秒
[2025-07-09 21:55:43] [INFO] 迭代 148 完成，用时 0.41秒
[2025-07-09 21:55:44] [INFO] 迭代 149 完成，用时 0.42秒
[2025-07-09 21:55:44] [INFO] 迭代 150 完成，用时 0.58秒
[2025-07-09 21:55:45] [INFO] 迭代 151 完成，用时 0.53秒
[2025-07-09 21:55:46] [INFO] 迭代 152 完成，用时 0.53秒
[2025-07-09 21:55:46] [INFO] 迭代 153 完成，用时 0.47秒
[2025-07-09 21:55:46] [INFO] 迭代 154 完成，用时 0.52秒
[2025-07-09 21:55:47] [INFO] 迭代 155 完成，用时 0.53秒
[2025-07-09 21:55:48] [INFO] 迭代 156 完成，用时 0.53秒
[2025-07-09 21:55:48] [INFO] 迭代 157 完成，用时 0.55秒
[2025-07-09 21:55:49] [INFO] 迭代 158 完成，用时 0.54秒
[2025-07-09 21:55:49] [INFO] 迭代 159 完成，用时 0.61秒
[2025-07-09 21:55:50] [INFO] 迭代 160 完成，用时 0.65秒
[2025-07-09 21:55:51] [INFO] 迭代 161 完成，用时 0.63秒
[2025-07-09 21:55:51] [INFO] 迭代 162 完成，用时 0.57秒
[2025-07-09 21:55:52] [INFO] 迭代 163 完成，用时 0.58秒
[2025-07-09 21:55:52] [INFO] 迭代 164 完成，用时 0.60秒
[2025-07-09 21:55:53] [INFO] 迭代 165 完成，用时 0.44秒
[2025-07-09 21:55:53] [INFO] 迭代 166 完成，用时 0.54秒
[2025-07-09 21:55:54] [INFO] 迭代 167 完成，用时 0.51秒
[2025-07-09 21:55:54] [INFO] 迭代 168 完成，用时 0.50秒
[2025-07-09 21:55:55] [INFO] 迭代 169 完成，用时 0.44秒
[2025-07-09 21:55:55] [INFO] 迭代 170 完成，用时 0.49秒
[2025-07-09 21:55:56] [INFO] 迭代 171 完成，用时 0.41秒
[2025-07-09 21:55:56] [INFO] 迭代 172 完成，用时 0.41秒
[2025-07-09 21:55:56] [INFO] 迭代 173 完成，用时 0.42秒
[2025-07-09 21:55:57] [INFO] 迭代 174 完成，用时 0.42秒
[2025-07-09 21:55:57] [INFO] 迭代 175 完成，用时 0.41秒
[2025-07-09 21:55:58] [INFO] 迭代 176 完成，用时 0.42秒
[2025-07-09 21:55:58] [INFO] 迭代 177 完成，用时 0.42秒
[2025-07-09 21:55:59] [INFO] 迭代 178 完成，用时 0.40秒
[2025-07-09 21:55:59] [INFO] 迭代 179 完成，用时 0.40秒
[2025-07-09 21:55:59] [INFO] 迭代 180 完成，用时 0.47秒
[2025-07-09 21:56:00] [INFO] 迭代 181 完成，用时 0.43秒
[2025-07-09 21:56:00] [INFO] 迭代 182 完成，用时 0.43秒
[2025-07-09 21:56:01] [INFO] 迭代 183 完成，用时 0.44秒
[2025-07-09 21:56:01] [INFO] 迭代 184 完成，用时 0.41秒
[2025-07-09 21:56:01] [INFO] 迭代 185 完成，用时 0.39秒
[2025-07-09 21:56:02] [INFO] 迭代 186 完成，用时 0.41秒
[2025-07-09 21:56:02] [INFO] 迭代 187 完成，用时 0.42秒
[2025-07-09 21:56:03] [INFO] 迭代 188 完成，用时 0.41秒
[2025-07-09 21:56:03] [INFO] 迭代 189 完成，用时 0.41秒
[2025-07-09 21:56:04] [INFO] 迭代 190 完成，用时 0.49秒
[2025-07-09 21:56:04] [INFO] 迭代 191 完成，用时 0.57秒
[2025-07-09 21:56:05] [INFO] 迭代 192 完成，用时 0.50秒
[2025-07-09 21:56:05] [INFO] 迭代 193 完成，用时 0.51秒
[2025-07-09 21:56:06] [INFO] 迭代 194 完成，用时 0.52秒
[2025-07-09 21:56:06] [INFO] 迭代 195 完成，用时 0.50秒
[2025-07-09 21:56:07] [INFO] 迭代 196 完成，用时 0.52秒
[2025-07-09 21:56:07] [INFO] 迭代 197 完成，用时 0.49秒
[2025-07-09 21:56:08] [INFO] 迭代 198 完成，用时 0.55秒
[2025-07-09 21:56:08] [INFO] 迭代 199 完成，用时 0.41秒
[2025-07-09 21:56:10] [INFO] 迭代 200 完成，用时 2.21秒
[2025-07-09 21:56:11] [INFO] 迭代 201 完成，用时 0.56秒
[2025-07-09 21:56:12] [INFO] 迭代 202 完成，用时 0.51秒
[2025-07-09 21:56:12] [INFO] 迭代 203 完成，用时 0.56秒
[2025-07-09 21:56:13] [INFO] 迭代 204 完成，用时 0.47秒
[2025-07-09 21:56:13] [INFO] 迭代 205 完成，用时 0.46秒
[2025-07-09 21:56:13] [INFO] 迭代 206 完成，用时 0.38秒
[2025-07-09 21:56:14] [INFO] 迭代 207 完成，用时 0.39秒
[2025-07-09 21:56:14] [INFO] 迭代 208 完成，用时 0.44秒
[2025-07-09 21:56:15] [INFO] 迭代 209 完成，用时 0.36秒
[2025-07-09 21:56:15] [INFO] 迭代 210 完成，用时 0.45秒
[2025-07-09 21:56:15] [INFO] 迭代 211 完成，用时 0.40秒
[2025-07-09 21:56:16] [INFO] 迭代 212 完成，用时 0.40秒
[2025-07-09 21:56:16] [INFO] 迭代 213 完成，用时 0.41秒
[2025-07-09 21:56:17] [INFO] 迭代 214 完成，用时 0.48秒
[2025-07-09 21:56:17] [INFO] 迭代 215 完成，用时 0.46秒
[2025-07-09 21:56:18] [INFO] 迭代 216 完成，用时 0.48秒
[2025-07-09 21:56:18] [INFO] 迭代 217 完成，用时 0.47秒
[2025-07-09 21:56:19] [INFO] 迭代 218 完成，用时 0.46秒
[2025-07-09 21:56:19] [INFO] 迭代 219 完成，用时 0.48秒
[2025-07-09 21:56:20] [INFO] 迭代 220 完成，用时 0.55秒
[2025-07-09 21:56:20] [INFO] 迭代 221 完成，用时 0.49秒
[2025-07-09 21:56:21] [INFO] 迭代 222 完成，用时 0.50秒
[2025-07-09 21:56:21] [INFO] 迭代 223 完成，用时 0.50秒
[2025-07-09 21:56:22] [INFO] 迭代 224 完成，用时 0.46秒
[2025-07-09 21:56:22] [INFO] 迭代 225 完成，用时 0.49秒
[2025-07-09 21:56:23] [INFO] 迭代 226 完成，用时 0.49秒
[2025-07-09 21:56:23] [INFO] 迭代 227 完成，用时 0.48秒
[2025-07-09 21:56:24] [INFO] 迭代 228 完成，用时 0.47秒
[2025-07-09 21:56:24] [INFO] 迭代 229 完成，用时 0.49秒
[2025-07-09 21:56:25] [INFO] 迭代 230 完成，用时 0.47秒
[2025-07-09 21:56:25] [INFO] 迭代 231 完成，用时 0.50秒
[2025-07-09 21:56:25] [INFO] 迭代 232 完成，用时 0.46秒
[2025-07-09 21:56:26] [INFO] 迭代 233 完成，用时 0.48秒
[2025-07-09 21:56:26] [INFO] 迭代 234 完成，用时 0.49秒
[2025-07-09 21:56:27] [INFO] 迭代 235 完成，用时 0.49秒
[2025-07-09 21:56:27] [INFO] 迭代 236 完成，用时 0.47秒
[2025-07-09 21:56:28] [INFO] 迭代 237 完成，用时 0.47秒
[2025-07-09 21:56:28] [INFO] 迭代 238 完成，用时 0.48秒
[2025-07-09 21:56:29] [INFO] 迭代 239 完成，用时 0.49秒
[2025-07-09 21:56:29] [INFO] 迭代 240 完成，用时 0.55秒
[2025-07-09 21:56:30] [INFO] 迭代 241 完成，用时 0.50秒
[2025-07-09 21:56:30] [INFO] 迭代 242 完成，用时 0.47秒
[2025-07-09 21:56:31] [INFO] 迭代 243 完成，用时 0.48秒
[2025-07-09 21:56:31] [INFO] 迭代 244 完成，用时 0.46秒
[2025-07-09 21:56:32] [INFO] 迭代 245 完成，用时 0.48秒
[2025-07-09 21:56:32] [INFO] 迭代 246 完成，用时 0.47秒
[2025-07-09 21:56:33] [INFO] 迭代 247 完成，用时 0.48秒
[2025-07-09 21:56:33] [INFO] 迭代 248 完成，用时 0.48秒
[2025-07-09 21:56:34] [INFO] 迭代 249 完成，用时 0.47秒
[2025-07-09 21:56:34] [INFO] 迭代 250 完成，用时 0.59秒
[2025-07-09 21:56:35] [INFO] 迭代 251 完成，用时 0.53秒
[2025-07-09 21:56:35] [INFO] 迭代 252 完成，用时 0.49秒
[2025-07-09 21:56:36] [INFO] 迭代 253 完成，用时 0.47秒
[2025-07-09 21:56:36] [INFO] 迭代 254 完成，用时 0.47秒
[2025-07-09 21:56:37] [INFO] 迭代 255 完成，用时 0.47秒
[2025-07-09 21:56:37] [INFO] 迭代 256 完成，用时 0.50秒
[2025-07-09 21:56:38] [INFO] 迭代 257 完成，用时 0.47秒
[2025-07-09 21:56:38] [INFO] 迭代 258 完成，用时 0.49秒
[2025-07-09 21:56:39] [INFO] 迭代 259 完成，用时 0.47秒
[2025-07-09 21:56:39] [INFO] 迭代 260 完成，用时 0.60秒
[2025-07-09 21:56:40] [INFO] 迭代 261 完成，用时 0.58秒
[2025-07-09 21:56:40] [INFO] 迭代 262 完成，用时 0.50秒
[2025-07-09 21:56:41] [INFO] 迭代 263 完成，用时 0.48秒
[2025-07-09 21:56:41] [INFO] 迭代 264 完成，用时 0.49秒
[2025-07-09 21:56:42] [INFO] 迭代 265 完成，用时 0.49秒
[2025-07-09 21:56:42] [INFO] 迭代 266 完成，用时 0.51秒
[2025-07-09 21:56:43] [INFO] 迭代 267 完成，用时 0.51秒
[2025-07-09 21:56:43] [INFO] 迭代 268 完成，用时 0.56秒
[2025-07-09 21:56:44] [INFO] 迭代 269 完成，用时 0.50秒
[2025-07-09 21:56:44] [INFO] 迭代 270 完成，用时 0.59秒
[2025-07-09 21:56:45] [INFO] 迭代 271 完成，用时 0.56秒
[2025-07-09 21:56:46] [INFO] 迭代 272 完成，用时 0.50秒
[2025-07-09 21:56:46] [INFO] 迭代 273 完成，用时 0.51秒
[2025-07-09 21:56:47] [INFO] 迭代 274 完成，用时 0.55秒
[2025-07-09 21:56:47] [INFO] 迭代 275 完成，用时 0.51秒
[2025-07-09 21:56:48] [INFO] 迭代 276 完成，用时 0.48秒
[2025-07-09 21:56:48] [INFO] 迭代 277 完成，用时 0.52秒
[2025-07-09 21:56:49] [INFO] 迭代 278 完成，用时 0.53秒
[2025-07-09 21:56:49] [INFO] 迭代 279 完成，用时 0.63秒
[2025-07-09 21:56:50] [INFO] 迭代 280 完成，用时 0.65秒
[2025-07-09 21:56:50] [INFO] 迭代 281 完成，用时 0.56秒
[2025-07-09 21:56:51] [INFO] 迭代 282 完成，用时 0.55秒
[2025-07-09 21:56:51] [INFO] 迭代 283 完成，用时 0.43秒
[2025-07-09 21:56:52] [INFO] 迭代 284 完成，用时 0.43秒
[2025-07-09 21:56:52] [INFO] 迭代 285 完成，用时 0.39秒
[2025-07-09 21:56:53] [INFO] 迭代 286 完成，用时 0.40秒
[2025-07-09 21:56:53] [INFO] 迭代 287 完成，用时 0.41秒
[2025-07-09 21:56:53] [INFO] 迭代 288 完成，用时 0.40秒
[2025-07-09 21:56:54] [INFO] 迭代 289 完成，用时 0.43秒
[2025-07-09 21:56:54] [INFO] 迭代 290 完成，用时 0.46秒
[2025-07-09 21:56:55] [INFO] 迭代 291 完成，用时 0.50秒
[2025-07-09 21:56:55] [INFO] 迭代 292 完成，用时 0.48秒
[2025-07-09 21:56:56] [INFO] 迭代 293 完成，用时 0.52秒
[2025-07-09 21:56:56] [INFO] 迭代 294 完成，用时 0.44秒
[2025-07-09 21:56:57] [INFO] 迭代 295 完成，用时 0.41秒
[2025-07-09 21:56:57] [INFO] 迭代 296 完成，用时 0.46秒
[2025-07-09 21:56:58] [INFO] 迭代 297 完成，用时 0.49秒
[2025-07-09 21:56:58] [INFO] 迭代 298 完成，用时 0.50秒
[2025-07-09 21:56:59] [INFO] 迭代 299 完成，用时 0.46秒
[2025-07-09 21:57:01] [INFO] 迭代 300 完成，用时 2.45秒
[2025-07-09 21:57:02] [INFO] 迭代 301 完成，用时 0.51秒
[2025-07-09 21:57:02] [INFO] 迭代 302 完成，用时 0.54秒
[2025-07-09 21:57:03] [INFO] 迭代 303 完成，用时 0.51秒
[2025-07-09 21:57:03] [INFO] 迭代 304 完成，用时 0.51秒
[2025-07-09 21:57:04] [INFO] 迭代 305 完成，用时 0.48秒
[2025-07-09 21:57:04] [INFO] 迭代 306 完成，用时 0.54秒
[2025-07-09 21:57:05] [INFO] 迭代 307 完成，用时 0.52秒
[2025-07-09 21:57:05] [INFO] 迭代 308 完成，用时 0.53秒
[2025-07-09 21:57:06] [INFO] 迭代 309 完成，用时 0.54秒
[2025-07-09 21:57:06] [INFO] 迭代 310 完成，用时 0.58秒
[2025-07-09 21:57:07] [INFO] 迭代 311 完成，用时 0.51秒
[2025-07-09 21:57:07] [INFO] 迭代 312 完成，用时 0.49秒
[2025-07-09 21:57:08] [INFO] 迭代 313 完成，用时 0.49秒
[2025-07-09 21:57:08] [INFO] 迭代 314 完成，用时 0.53秒
[2025-07-09 21:57:09] [INFO] 迭代 315 完成，用时 0.49秒
[2025-07-09 21:57:09] [INFO] 迭代 316 完成，用时 0.49秒
[2025-07-09 21:57:10] [INFO] 迭代 317 完成，用时 0.49秒
[2025-07-09 21:57:10] [INFO] 迭代 318 完成，用时 0.50秒
[2025-07-09 21:57:11] [INFO] 迭代 319 完成，用时 0.50秒
[2025-07-09 21:57:11] [INFO] 迭代 320 完成，用时 0.60秒
[2025-07-09 21:57:12] [INFO] 迭代 321 完成，用时 0.52秒
[2025-07-09 21:57:13] [INFO] 迭代 322 完成，用时 0.54秒
[2025-07-09 21:57:13] [INFO] 迭代 323 完成，用时 0.51秒
[2025-07-09 21:57:14] [INFO] 迭代 324 完成，用时 0.49秒
[2025-07-09 21:57:14] [INFO] 迭代 325 完成，用时 0.49秒
[2025-07-09 21:57:15] [INFO] 迭代 326 完成，用时 0.48秒
[2025-07-09 21:57:15] [INFO] 迭代 327 完成，用时 0.49秒
[2025-07-09 21:57:16] [INFO] 迭代 328 完成，用时 0.51秒
[2025-07-09 21:57:16] [INFO] 迭代 329 完成，用时 0.50秒
[2025-07-09 21:57:17] [INFO] 迭代 330 完成，用时 0.62秒
[2025-07-09 21:57:17] [INFO] 迭代 331 完成，用时 0.54秒
[2025-07-09 21:57:18] [INFO] 迭代 332 完成，用时 0.50秒
[2025-07-09 21:57:18] [INFO] 迭代 333 完成，用时 0.51秒
[2025-07-09 21:57:19] [INFO] 迭代 334 完成，用时 0.51秒
[2025-07-09 21:57:19] [INFO] 迭代 335 完成，用时 0.54秒
[2025-07-09 21:57:20] [INFO] 迭代 336 完成，用时 0.52秒
[2025-07-09 21:57:20] [INFO] 迭代 337 完成，用时 0.51秒
[2025-07-09 21:57:21] [INFO] 迭代 338 完成，用时 0.51秒
[2025-07-09 21:57:21] [INFO] 迭代 339 完成，用时 0.50秒
[2025-07-09 21:57:22] [INFO] 迭代 340 完成，用时 0.58秒
[2025-07-09 21:57:22] [INFO] 迭代 341 完成，用时 0.55秒
[2025-07-09 21:57:23] [INFO] 迭代 342 完成，用时 0.51秒
[2025-07-09 21:57:23] [INFO] 迭代 343 完成，用时 0.53秒
[2025-07-09 21:57:24] [INFO] 迭代 344 完成，用时 0.54秒
[2025-07-09 21:57:25] [INFO] 迭代 345 完成，用时 0.57秒
[2025-07-09 21:57:25] [INFO] 迭代 346 完成，用时 0.60秒
[2025-07-09 21:57:26] [INFO] 迭代 347 完成，用时 0.58秒
[2025-07-09 21:57:26] [INFO] 迭代 348 完成，用时 0.62秒
[2025-07-09 21:57:27] [INFO] 迭代 349 完成，用时 0.70秒
[2025-07-09 21:57:28] [INFO] 迭代 350 完成，用时 0.69秒
[2025-07-09 21:57:28] [INFO] 迭代 351 完成，用时 0.57秒
[2025-07-09 21:57:29] [INFO] 迭代 352 完成，用时 0.53秒
[2025-07-09 21:57:29] [INFO] 迭代 353 完成，用时 0.58秒
[2025-07-09 21:57:30] [INFO] 迭代 354 完成，用时 0.60秒
[2025-07-09 21:57:31] [INFO] 迭代 355 完成，用时 0.56秒
[2025-07-09 21:57:31] [INFO] 迭代 356 完成，用时 0.55秒
[2025-07-09 21:57:32] [INFO] 迭代 357 完成，用时 0.55秒
[2025-07-09 21:57:32] [INFO] 迭代 358 完成，用时 0.50秒
[2025-07-09 21:57:33] [INFO] 迭代 359 完成，用时 0.52秒
[2025-07-09 21:57:33] [INFO] 迭代 360 完成，用时 0.64秒
[2025-07-09 21:57:34] [INFO] 迭代 361 完成，用时 0.55秒
[2025-07-09 21:57:34] [INFO] 迭代 362 完成，用时 0.51秒
[2025-07-09 21:57:35] [INFO] 迭代 363 完成，用时 0.56秒
[2025-07-09 21:57:36] [INFO] 迭代 364 完成，用时 0.54秒
[2025-07-09 21:57:36] [INFO] 迭代 365 完成，用时 0.55秒
[2025-07-09 21:57:37] [INFO] 迭代 366 完成，用时 0.55秒
[2025-07-09 21:57:37] [INFO] 迭代 367 完成，用时 0.56秒
[2025-07-09 21:57:38] [INFO] 迭代 368 完成，用时 0.56秒
[2025-07-09 21:57:38] [INFO] 迭代 369 完成，用时 0.60秒
[2025-07-09 21:57:39] [INFO] 迭代 370 完成，用时 0.65秒
[2025-07-09 21:57:40] [INFO] 迭代 371 完成，用时 0.56秒
[2025-07-09 21:57:40] [INFO] 迭代 372 完成，用时 0.53秒
[2025-07-09 21:57:41] [INFO] 迭代 373 完成，用时 0.50秒
[2025-07-09 21:57:41] [INFO] 迭代 374 完成，用时 0.49秒
[2025-07-09 21:57:42] [INFO] 迭代 375 完成，用时 0.49秒
[2025-07-09 21:57:42] [INFO] 迭代 376 完成，用时 0.58秒
[2025-07-09 21:57:43] [INFO] 迭代 377 完成，用时 0.51秒
[2025-07-09 21:57:43] [INFO] 迭代 378 完成，用时 0.49秒
[2025-07-09 21:57:44] [INFO] 迭代 379 完成，用时 0.50秒
[2025-07-09 21:57:44] [INFO] 迭代 380 完成，用时 0.62秒
[2025-07-09 21:57:45] [INFO] 迭代 381 完成，用时 0.55秒
[2025-07-09 21:57:45] [INFO] 迭代 382 完成，用时 0.49秒
[2025-07-09 21:57:46] [INFO] 迭代 383 完成，用时 0.56秒
[2025-07-09 21:57:46] [INFO] 迭代 384 完成，用时 0.49秒
[2025-07-09 21:57:47] [INFO] 迭代 385 完成，用时 0.44秒
[2025-07-09 21:57:47] [INFO] 迭代 386 完成，用时 0.40秒
[2025-07-09 21:57:48] [INFO] 迭代 387 完成，用时 0.41秒
[2025-07-09 21:57:48] [INFO] 迭代 388 完成，用时 0.44秒
[2025-07-09 21:57:49] [INFO] 迭代 389 完成，用时 0.42秒
[2025-07-09 21:57:49] [INFO] 迭代 390 完成，用时 0.49秒
[2025-07-09 21:57:49] [INFO] 迭代 391 完成，用时 0.49秒
[2025-07-09 21:57:50] [INFO] 迭代 392 完成，用时 0.50秒
[2025-07-09 21:57:50] [INFO] 迭代 393 完成，用时 0.50秒
[2025-07-09 21:57:51] [INFO] 迭代 394 完成，用时 0.51秒
[2025-07-09 21:57:51] [INFO] 迭代 395 完成，用时 0.50秒
[2025-07-09 21:57:52] [INFO] 迭代 396 完成，用时 0.52秒
[2025-07-09 21:57:53] [INFO] 迭代 397 完成，用时 0.50秒
[2025-07-09 21:57:53] [INFO] 迭代 398 完成，用时 0.52秒
[2025-07-09 21:57:54] [INFO] 迭代 399 完成，用时 0.50秒
[2025-07-09 21:57:56] [INFO] 迭代 400 完成，用时 2.40秒
[2025-07-09 21:57:56] [INFO] 迭代 401 完成，用时 0.55秒
[2025-07-09 21:57:57] [INFO] 迭代 402 完成，用时 0.51秒
[2025-07-09 21:57:57] [INFO] 迭代 403 完成，用时 0.51秒
[2025-07-09 21:57:58] [INFO] 迭代 404 完成，用时 0.52秒
[2025-07-09 21:57:59] [INFO] 迭代 405 完成，用时 0.52秒
[2025-07-09 21:57:59] [INFO] 迭代 406 完成，用时 0.49秒
[2025-07-09 21:58:00] [INFO] 迭代 407 完成，用时 0.50秒
[2025-07-09 21:58:00] [INFO] 迭代 408 完成，用时 0.54秒
[2025-07-09 21:58:01] [INFO] 迭代 409 完成，用时 0.52秒
[2025-07-09 21:58:01] [INFO] 迭代 410 完成，用时 0.61秒
[2025-07-09 21:58:02] [INFO] 迭代 411 完成，用时 0.51秒
[2025-07-09 21:58:02] [INFO] 迭代 412 完成，用时 0.44秒
[2025-07-09 21:58:03] [INFO] 迭代 413 完成，用时 0.50秒
[2025-07-09 21:58:03] [INFO] 迭代 414 完成，用时 0.52秒
[2025-07-09 21:58:04] [INFO] 迭代 415 完成，用时 0.51秒
[2025-07-09 21:58:04] [INFO] 迭代 416 完成，用时 0.52秒
[2025-07-09 21:58:05] [INFO] 迭代 417 完成，用时 0.52秒
[2025-07-09 21:58:05] [INFO] 迭代 418 完成，用时 0.51秒
[2025-07-09 21:58:06] [INFO] 迭代 419 完成，用时 0.52秒
[2025-07-09 21:58:06] [INFO] 迭代 420 完成，用时 0.59秒
[2025-07-09 21:58:07] [INFO] 迭代 421 完成，用时 0.53秒
[2025-07-09 21:58:07] [INFO] 迭代 422 完成，用时 0.48秒
[2025-07-09 21:58:08] [INFO] 迭代 423 完成，用时 0.52秒
[2025-07-09 21:58:08] [INFO] 迭代 424 完成，用时 0.52秒
[2025-07-09 21:58:09] [INFO] 迭代 425 完成，用时 0.51秒
[2025-07-09 21:58:09] [INFO] 迭代 426 完成，用时 0.49秒
[2025-07-09 21:58:10] [INFO] 迭代 427 完成，用时 0.52秒
[2025-07-09 21:58:10] [INFO] 迭代 428 完成，用时 0.52秒
[2025-07-09 21:58:11] [INFO] 迭代 429 完成，用时 0.56秒
[2025-07-09 21:58:12] [INFO] 迭代 430 完成，用时 0.62秒
[2025-07-09 21:58:12] [INFO] 迭代 431 完成，用时 0.59秒
[2025-07-09 21:58:13] [INFO] 迭代 432 完成，用时 0.55秒
[2025-07-09 21:58:13] [INFO] 迭代 433 完成，用时 0.54秒
[2025-07-09 21:58:14] [INFO] 迭代 434 完成，用时 0.55秒
[2025-07-09 21:58:14] [INFO] 迭代 435 完成，用时 0.54秒
[2025-07-09 21:58:15] [INFO] 迭代 436 完成，用时 0.54秒
[2025-07-09 21:58:15] [INFO] 迭代 437 完成，用时 0.52秒
[2025-07-09 21:58:16] [INFO] 迭代 438 完成，用时 0.56秒
[2025-07-09 21:58:17] [INFO] 迭代 439 完成，用时 0.54秒
[2025-07-09 21:58:17] [INFO] 迭代 440 完成，用时 0.64秒
[2025-07-09 21:58:18] [INFO] 迭代 441 完成，用时 0.56秒
[2025-07-09 21:58:18] [INFO] 迭代 442 完成，用时 0.55秒
[2025-07-09 21:58:19] [INFO] 迭代 443 完成，用时 0.58秒
[2025-07-09 21:58:19] [INFO] 迭代 444 完成，用时 0.56秒
[2025-07-09 21:58:20] [INFO] 迭代 445 完成，用时 0.55秒
[2025-07-09 21:58:21] [INFO] 迭代 446 完成，用时 0.57秒
[2025-07-09 21:58:21] [INFO] 迭代 447 完成，用时 0.57秒
[2025-07-09 21:58:22] [INFO] 迭代 448 完成，用时 0.55秒
[2025-07-09 21:58:22] [INFO] 迭代 449 完成，用时 0.57秒
[2025-07-09 21:58:23] [INFO] 迭代 450 完成，用时 0.62秒
[2025-07-09 21:58:24] [INFO] 迭代 451 完成，用时 0.57秒
[2025-07-09 21:58:24] [INFO] 迭代 452 完成，用时 0.56秒
[2025-07-09 21:58:25] [INFO] 迭代 453 完成，用时 0.55秒
[2025-07-09 21:58:25] [INFO] 迭代 454 完成，用时 0.52秒
[2025-07-09 21:58:26] [INFO] 迭代 455 完成，用时 0.52秒
[2025-07-09 21:58:26] [INFO] 迭代 456 完成，用时 0.55秒
[2025-07-09 21:58:27] [INFO] 迭代 457 完成，用时 0.55秒
[2025-07-09 21:58:27] [INFO] 迭代 458 完成，用时 0.57秒
[2025-07-09 21:58:28] [INFO] 迭代 459 完成，用时 0.59秒
[2025-07-09 21:58:29] [INFO] 迭代 460 完成，用时 0.64秒
[2025-07-09 21:58:29] [INFO] 迭代 461 完成，用时 0.56秒
[2025-07-09 21:58:30] [INFO] 迭代 462 完成，用时 0.53秒
[2025-07-09 21:58:30] [INFO] 迭代 463 完成，用时 0.56秒
[2025-07-09 21:58:31] [INFO] 迭代 464 完成，用时 0.60秒
[2025-07-09 21:58:31] [INFO] 迭代 465 完成，用时 0.55秒
[2025-07-09 21:58:32] [INFO] 迭代 466 完成，用时 0.55秒
[2025-07-09 21:58:32] [INFO] 迭代 467 完成，用时 0.55秒
[2025-07-09 21:58:33] [INFO] 迭代 468 完成，用时 0.56秒
[2025-07-09 21:58:34] [INFO] 迭代 469 完成，用时 0.55秒
[2025-07-09 21:58:34] [INFO] 迭代 470 完成，用时 0.65秒
[2025-07-09 21:58:35] [INFO] 迭代 471 完成，用时 0.56秒
[2025-07-09 21:58:35] [INFO] 迭代 472 完成，用时 0.54秒
[2025-07-09 21:58:36] [INFO] 迭代 473 完成，用时 0.51秒
[2025-07-09 21:58:36] [INFO] 迭代 474 完成，用时 0.55秒
[2025-07-09 21:58:37] [INFO] 迭代 475 完成，用时 0.54秒
[2025-07-09 21:58:37] [INFO] 迭代 476 完成，用时 0.53秒
[2025-07-09 21:58:38] [INFO] 迭代 477 完成，用时 0.57秒
[2025-07-09 21:58:39] [INFO] 迭代 478 完成，用时 0.56秒
[2025-07-09 21:58:39] [INFO] 迭代 479 完成，用时 0.55秒
[2025-07-09 21:58:40] [INFO] 迭代 480 完成，用时 0.65秒
[2025-07-09 21:58:40] [INFO] 迭代 481 完成，用时 0.57秒
[2025-07-09 21:58:41] [INFO] 迭代 482 完成，用时 0.52秒
[2025-07-09 21:58:41] [INFO] 迭代 483 完成，用时 0.49秒
[2025-07-09 21:58:42] [INFO] 迭代 484 完成，用时 0.52秒
[2025-07-09 21:58:42] [INFO] 迭代 485 完成，用时 0.51秒
[2025-07-09 21:58:43] [INFO] 迭代 486 完成，用时 0.53秒
[2025-07-09 21:58:43] [INFO] 迭代 487 完成，用时 0.54秒
[2025-07-09 21:58:44] [INFO] 迭代 488 完成，用时 0.53秒
[2025-07-09 21:58:44] [INFO] 迭代 489 完成，用时 0.46秒
[2025-07-09 21:58:45] [INFO] 迭代 490 完成，用时 0.59秒
[2025-07-09 21:58:46] [INFO] 迭代 491 完成，用时 0.51秒
[2025-07-09 21:58:46] [INFO] 迭代 492 完成，用时 0.52秒
[2025-07-09 21:58:47] [INFO] 迭代 493 完成，用时 0.57秒
[2025-07-09 21:58:47] [INFO] 迭代 494 完成，用时 0.52秒
[2025-07-09 21:58:48] [INFO] 迭代 495 完成，用时 0.51秒
[2025-07-09 21:58:48] [INFO] 迭代 496 完成，用时 0.54秒
[2025-07-09 21:58:49] [INFO] 迭代 497 完成，用时 0.52秒
[2025-07-09 21:58:49] [INFO] 迭代 498 完成，用时 0.49秒
[2025-07-09 21:58:50] [INFO] 迭代 499 完成，用时 0.58秒
[2025-07-09 21:58:52] [INFO] 迭代 500 完成，用时 2.59秒
[2025-07-09 21:58:52] [INFO] FSP仿真完成，总用时: 264.27秒
[2025-07-09 21:59:07] [ERROR] 仿真出错: 无法解析名称 'DataManager.saveResults'。
[2025-07-09 21:59:07] [ERROR] 错误位置: D:\CODE\FSP\main_fsp_simulation.m, 行号: 66
[2025-07-10 08:51:29] [INFO] 日志系统初始化
[2025-07-10 08:51:29] [INFO] FSP仿真开始
[2025-07-10 08:52:00] [ERROR] 仿真出错: 矩阵维度必须一致。
[2025-07-10 08:52:00] [ERROR] 错误位置: D:\CODE\FSP\core\TCSEnvironment.m, 行号: 233
[2025-07-10 08:53:03] [INFO] 日志系统初始化
[2025-07-10 08:53:03] [INFO] FSP仿真开始
[2025-07-10 08:53:04] [INFO] 迭代 1 完成，用时 0.52秒
[2025-07-10 08:53:04] [INFO] 迭代 2 完成，用时 0.38秒
[2025-07-10 08:53:05] [INFO] 迭代 3 完成，用时 0.39秒
[2025-07-10 08:53:05] [INFO] 迭代 4 完成，用时 0.39秒
[2025-07-10 08:53:06] [INFO] 迭代 5 完成，用时 0.38秒
[2025-07-10 08:53:06] [INFO] 迭代 6 完成，用时 0.40秒
[2025-07-10 08:53:06] [INFO] 迭代 7 完成，用时 0.43秒
[2025-07-10 08:53:07] [INFO] 迭代 8 完成，用时 0.42秒
[2025-07-10 08:53:07] [INFO] 迭代 9 完成，用时 0.44秒
[2025-07-10 08:53:08] [INFO] 迭代 10 完成，用时 0.51秒
[2025-07-10 08:53:08] [INFO] 迭代 11 完成，用时 0.49秒
[2025-07-10 08:53:09] [INFO] 迭代 12 完成，用时 0.41秒
[2025-07-10 08:53:09] [INFO] 迭代 13 完成，用时 0.41秒
[2025-07-10 08:53:10] [INFO] 迭代 14 完成，用时 0.40秒
[2025-07-10 08:53:10] [INFO] 迭代 15 完成，用时 0.40秒
[2025-07-10 08:53:10] [INFO] 迭代 16 完成，用时 0.40秒
[2025-07-10 08:53:11] [INFO] 迭代 17 完成，用时 0.40秒
[2025-07-10 08:53:11] [INFO] 迭代 18 完成，用时 0.42秒
[2025-07-10 08:53:12] [INFO] 迭代 19 完成，用时 0.39秒
[2025-07-10 08:53:12] [INFO] 迭代 20 完成，用时 0.51秒
[2025-07-10 08:53:13] [INFO] 迭代 21 完成，用时 0.44秒
[2025-07-10 08:53:13] [INFO] 迭代 22 完成，用时 0.39秒
[2025-07-10 08:53:13] [INFO] 迭代 23 完成，用时 0.40秒
[2025-07-10 08:53:14] [INFO] 迭代 24 完成，用时 0.39秒
[2025-07-10 08:53:14] [INFO] 迭代 25 完成，用时 0.39秒
[2025-07-10 08:53:15] [INFO] 迭代 26 完成，用时 0.40秒
[2025-07-10 08:53:15] [INFO] 迭代 27 完成，用时 0.39秒
[2025-07-10 08:53:15] [INFO] 迭代 28 完成，用时 0.40秒
[2025-07-10 08:53:16] [INFO] 迭代 29 完成，用时 0.40秒
[2025-07-10 08:53:16] [INFO] 迭代 30 完成，用时 0.51秒
[2025-07-10 08:53:17] [INFO] 迭代 31 完成，用时 0.43秒
[2025-07-10 08:53:17] [INFO] 迭代 32 完成，用时 0.39秒
[2025-07-10 08:53:17] [INFO] 迭代 33 完成，用时 0.40秒
[2025-07-10 08:53:18] [INFO] 迭代 34 完成，用时 0.40秒
[2025-07-10 08:53:18] [INFO] 迭代 35 完成，用时 0.41秒
[2025-07-10 08:53:19] [INFO] 迭代 36 完成，用时 0.40秒
[2025-07-10 08:53:19] [INFO] 迭代 37 完成，用时 0.40秒
[2025-07-10 08:53:19] [INFO] 迭代 38 完成，用时 0.41秒
[2025-07-10 08:53:20] [INFO] 迭代 39 完成，用时 0.41秒
[2025-07-10 08:53:20] [INFO] 迭代 40 完成，用时 0.50秒
[2025-07-10 08:53:21] [INFO] 迭代 41 完成，用时 0.44秒
[2025-07-10 08:53:21] [INFO] 迭代 42 完成，用时 0.41秒
[2025-07-10 08:53:22] [INFO] 迭代 43 完成，用时 0.39秒
[2025-07-10 08:53:22] [INFO] 迭代 44 完成，用时 0.40秒
[2025-07-10 08:53:22] [INFO] 迭代 45 完成，用时 0.41秒
[2025-07-10 08:53:23] [INFO] 迭代 46 完成，用时 0.41秒
[2025-07-10 08:53:23] [INFO] 迭代 47 完成，用时 0.40秒
[2025-07-10 08:53:24] [INFO] 迭代 48 完成，用时 0.40秒
[2025-07-10 08:53:24] [INFO] 迭代 49 完成，用时 0.40秒
[2025-07-10 08:53:25] [INFO] 迭代 50 完成，用时 0.50秒
[2025-07-10 08:53:25] [INFO] 迭代 51 完成，用时 0.42秒
[2025-07-10 08:53:25] [INFO] 迭代 52 完成，用时 0.40秒
[2025-07-10 08:53:26] [INFO] 迭代 53 完成，用时 0.41秒
[2025-07-10 08:53:26] [INFO] 迭代 54 完成，用时 0.43秒
[2025-07-10 08:53:27] [INFO] 迭代 55 完成，用时 0.41秒
[2025-07-10 08:53:27] [INFO] 迭代 56 完成，用时 0.42秒
[2025-07-10 08:53:27] [INFO] 迭代 57 完成，用时 0.41秒
[2025-07-10 08:53:28] [INFO] 迭代 58 完成，用时 0.41秒
[2025-07-10 08:53:28] [INFO] 迭代 59 完成，用时 0.40秒
[2025-07-10 08:53:29] [INFO] 迭代 60 完成，用时 0.48秒
[2025-07-10 08:53:29] [INFO] 迭代 61 完成，用时 0.43秒
[2025-07-10 08:53:30] [INFO] 迭代 62 完成，用时 0.40秒
[2025-07-10 08:53:30] [INFO] 迭代 63 完成，用时 0.41秒
[2025-07-10 08:53:30] [INFO] 迭代 64 完成，用时 0.42秒
[2025-07-10 08:53:31] [INFO] 迭代 65 完成，用时 0.39秒
[2025-07-10 08:53:31] [INFO] 迭代 66 完成，用时 0.43秒
[2025-07-10 08:53:32] [INFO] 迭代 67 完成，用时 0.40秒
[2025-07-10 08:53:32] [INFO] 迭代 68 完成，用时 0.40秒
[2025-07-10 08:53:32] [INFO] 迭代 69 完成，用时 0.41秒
[2025-07-10 08:53:33] [INFO] 迭代 70 完成，用时 0.48秒
[2025-07-10 08:53:33] [INFO] 迭代 71 完成，用时 0.44秒
[2025-07-10 08:53:34] [INFO] 迭代 72 完成，用时 0.40秒
[2025-07-10 08:53:34] [INFO] 迭代 73 完成，用时 0.40秒
[2025-07-10 08:53:35] [INFO] 迭代 74 完成，用时 0.41秒
[2025-07-10 08:53:35] [INFO] 迭代 75 完成，用时 0.41秒
[2025-07-10 08:53:35] [INFO] 迭代 76 完成，用时 0.42秒
[2025-07-10 08:53:36] [INFO] 迭代 77 完成，用时 0.41秒
[2025-07-10 08:53:36] [INFO] 迭代 78 完成，用时 0.41秒
[2025-07-10 08:53:37] [INFO] 迭代 79 完成，用时 0.41秒
[2025-07-10 08:53:37] [INFO] 迭代 80 完成，用时 0.48秒
[2025-07-10 08:53:38] [INFO] 迭代 81 完成，用时 0.45秒
[2025-07-10 08:53:38] [INFO] 迭代 82 完成，用时 0.41秒
[2025-07-10 08:53:38] [INFO] 迭代 83 完成，用时 0.42秒
[2025-07-10 08:53:39] [INFO] 迭代 84 完成，用时 0.41秒
[2025-07-10 08:53:39] [INFO] 迭代 85 完成，用时 0.42秒
[2025-07-10 08:53:40] [INFO] 迭代 86 完成，用时 0.39秒
[2025-07-10 08:53:40] [INFO] 迭代 87 完成，用时 0.41秒
[2025-07-10 08:53:40] [INFO] 迭代 88 完成，用时 0.41秒
[2025-07-10 08:53:41] [INFO] 迭代 89 完成，用时 0.40秒
[2025-07-10 08:53:41] [INFO] 迭代 90 完成，用时 0.49秒
[2025-07-10 08:53:42] [INFO] 迭代 91 完成，用时 0.43秒
[2025-07-10 08:53:42] [INFO] 迭代 92 完成，用时 0.42秒
[2025-07-10 08:53:43] [INFO] 迭代 93 完成，用时 0.40秒
[2025-07-10 08:53:43] [INFO] 迭代 94 完成，用时 0.40秒
[2025-07-10 08:53:43] [INFO] 迭代 95 完成，用时 0.42秒
[2025-07-10 08:53:44] [INFO] 迭代 96 完成，用时 0.41秒
[2025-07-10 08:53:44] [INFO] 迭代 97 完成，用时 0.43秒
[2025-07-10 08:53:45] [INFO] 迭代 98 完成，用时 0.45秒
[2025-07-10 08:53:45] [INFO] 迭代 99 完成，用时 0.43秒
[2025-07-10 08:53:47] [INFO] 迭代 100 完成，用时 2.28秒
[2025-07-10 08:53:48] [INFO] 迭代 101 完成，用时 0.48秒
[2025-07-10 08:53:48] [INFO] 迭代 102 完成，用时 0.44秒
[2025-07-10 08:53:49] [INFO] 迭代 103 完成，用时 0.48秒
[2025-07-10 08:53:49] [INFO] 迭代 104 完成，用时 0.43秒
[2025-07-10 08:53:50] [INFO] 迭代 105 完成，用时 0.41秒
[2025-07-10 08:53:50] [INFO] 迭代 106 完成，用时 0.45秒
[2025-07-10 08:53:51] [INFO] 迭代 107 完成，用时 0.42秒
[2025-07-10 08:53:51] [INFO] 迭代 108 完成，用时 0.44秒
[2025-07-10 08:53:51] [INFO] 迭代 109 完成，用时 0.42秒
[2025-07-10 08:53:52] [INFO] 迭代 110 完成，用时 0.49秒
[2025-07-10 08:53:52] [INFO] 迭代 111 完成，用时 0.42秒
[2025-07-10 08:53:53] [INFO] 迭代 112 完成，用时 0.41秒
[2025-07-10 08:53:53] [INFO] 迭代 113 完成，用时 0.41秒
[2025-07-10 08:53:54] [INFO] 迭代 114 完成，用时 0.41秒
[2025-07-10 08:53:54] [INFO] 迭代 115 完成，用时 0.40秒
[2025-07-10 08:53:54] [INFO] 迭代 116 完成，用时 0.41秒
[2025-07-10 08:53:55] [INFO] 迭代 117 完成，用时 0.40秒
[2025-07-10 08:53:55] [INFO] 迭代 118 完成，用时 0.41秒
[2025-07-10 08:53:56] [INFO] 迭代 119 完成，用时 0.42秒
[2025-07-10 08:53:56] [INFO] 迭代 120 完成，用时 0.48秒
[2025-07-10 08:53:57] [INFO] 迭代 121 完成，用时 0.45秒
[2025-07-10 08:53:57] [INFO] 迭代 122 完成，用时 0.41秒
[2025-07-10 08:53:57] [INFO] 迭代 123 完成，用时 0.41秒
[2025-07-10 08:53:58] [INFO] 迭代 124 完成，用时 0.44秒
[2025-07-10 08:53:58] [INFO] 迭代 125 完成，用时 0.43秒
[2025-07-10 08:53:59] [INFO] 迭代 126 完成，用时 0.42秒
[2025-07-10 08:53:59] [INFO] 迭代 127 完成，用时 0.44秒
[2025-07-10 08:53:59] [INFO] 迭代 128 完成，用时 0.41秒
[2025-07-10 08:54:00] [INFO] 迭代 129 完成，用时 0.42秒
[2025-07-10 08:54:00] [INFO] 迭代 130 完成，用时 0.50秒
[2025-07-10 08:54:01] [INFO] 迭代 131 完成，用时 0.43秒
[2025-07-10 08:54:01] [INFO] 迭代 132 完成，用时 0.41秒
[2025-07-10 08:54:02] [INFO] 迭代 133 完成，用时 0.42秒
[2025-07-10 08:54:02] [INFO] 迭代 134 完成，用时 0.40秒
[2025-07-10 08:54:02] [INFO] 迭代 135 完成，用时 0.42秒
[2025-07-10 08:54:03] [INFO] 迭代 136 完成，用时 0.40秒
[2025-07-10 08:54:03] [INFO] 迭代 137 完成，用时 0.41秒
[2025-07-10 08:54:04] [INFO] 迭代 138 完成，用时 0.43秒
[2025-07-10 08:54:04] [INFO] 迭代 139 完成，用时 0.43秒
[2025-07-10 08:54:05] [INFO] 迭代 140 完成，用时 0.49秒
[2025-07-10 08:54:05] [INFO] 迭代 141 完成，用时 0.45秒
[2025-07-10 08:54:06] [INFO] 迭代 142 完成，用时 0.41秒
[2025-07-10 08:54:06] [INFO] 迭代 143 完成，用时 0.41秒
[2025-07-10 08:54:06] [INFO] 迭代 144 完成，用时 0.43秒
[2025-07-10 08:54:07] [INFO] 迭代 145 完成，用时 0.41秒
[2025-07-10 08:54:07] [INFO] 迭代 146 完成，用时 0.43秒
[2025-07-10 08:54:08] [INFO] 迭代 147 完成，用时 0.40秒
[2025-07-10 08:54:08] [INFO] 迭代 148 完成，用时 0.42秒
[2025-07-10 08:54:08] [INFO] 迭代 149 完成，用时 0.41秒
[2025-07-10 08:54:09] [INFO] 迭代 150 完成，用时 0.50秒
[2025-07-10 08:54:09] [INFO] 迭代 151 完成，用时 0.45秒
[2025-07-10 08:54:10] [INFO] 迭代 152 完成，用时 0.41秒
[2025-07-10 08:54:10] [INFO] 迭代 153 完成，用时 0.43秒
[2025-07-10 08:54:11] [INFO] 迭代 154 完成，用时 0.43秒
[2025-07-10 08:54:11] [INFO] 迭代 155 完成，用时 0.41秒
[2025-07-10 08:54:12] [INFO] 迭代 156 完成，用时 0.45秒
[2025-07-10 08:54:12] [INFO] 迭代 157 完成，用时 0.41秒
[2025-07-10 08:54:12] [INFO] 迭代 158 完成，用时 0.42秒
[2025-07-10 08:54:13] [INFO] 迭代 159 完成，用时 0.41秒
[2025-07-10 08:54:13] [INFO] 迭代 160 完成，用时 0.51秒
[2025-07-10 08:54:14] [INFO] 迭代 161 完成，用时 0.45秒
[2025-07-10 08:54:14] [INFO] 迭代 162 完成，用时 0.44秒
[2025-07-10 08:54:15] [INFO] 迭代 163 完成，用时 0.42秒
[2025-07-10 08:54:15] [INFO] 迭代 164 完成，用时 0.42秒
[2025-07-10 08:54:15] [INFO] 迭代 165 完成，用时 0.43秒
[2025-07-10 08:54:16] [INFO] 迭代 166 完成，用时 0.42秒
[2025-07-10 08:54:16] [INFO] 迭代 167 完成，用时 0.44秒
[2025-07-10 08:54:17] [INFO] 迭代 168 完成，用时 0.42秒
[2025-07-10 08:54:17] [INFO] 迭代 169 完成，用时 0.43秒
[2025-07-10 08:54:18] [INFO] 迭代 170 完成，用时 0.51秒
[2025-07-10 08:54:18] [INFO] 迭代 171 完成，用时 0.46秒
[2025-07-10 08:54:19] [INFO] 迭代 172 完成，用时 0.41秒
[2025-07-10 08:54:19] [INFO] 迭代 173 完成，用时 0.43秒
[2025-07-10 08:54:19] [INFO] 迭代 174 完成，用时 0.42秒
[2025-07-10 08:54:20] [INFO] 迭代 175 完成，用时 0.41秒
[2025-07-10 08:54:20] [INFO] 迭代 176 完成，用时 0.43秒
[2025-07-10 08:54:21] [INFO] 迭代 177 完成，用时 0.42秒
[2025-07-10 08:54:21] [INFO] 迭代 178 完成，用时 0.41秒
[2025-07-10 08:54:21] [INFO] 迭代 179 完成，用时 0.42秒
[2025-07-10 08:54:22] [INFO] 迭代 180 完成，用时 0.51秒
[2025-07-10 08:54:22] [INFO] 迭代 181 完成，用时 0.45秒
[2025-07-10 08:54:23] [INFO] 迭代 182 完成，用时 0.42秒
[2025-07-10 08:54:23] [INFO] 迭代 183 完成，用时 0.43秒
[2025-07-10 08:54:24] [INFO] 迭代 184 完成，用时 0.41秒
[2025-07-10 08:54:24] [INFO] 迭代 185 完成，用时 0.42秒
[2025-07-10 08:54:25] [INFO] 迭代 186 完成，用时 0.43秒
[2025-07-10 08:54:25] [INFO] 迭代 187 完成，用时 0.43秒
[2025-07-10 08:54:25] [INFO] 迭代 188 完成，用时 0.44秒
[2025-07-10 08:54:26] [INFO] 迭代 189 完成，用时 0.42秒
[2025-07-10 08:54:26] [INFO] 迭代 190 完成，用时 0.52秒
[2025-07-10 08:54:27] [INFO] 迭代 191 完成，用时 0.44秒
[2025-07-10 08:54:27] [INFO] 迭代 192 完成，用时 0.43秒
[2025-07-10 08:54:28] [INFO] 迭代 193 完成，用时 0.44秒
[2025-07-10 08:54:28] [INFO] 迭代 194 完成，用时 0.43秒
[2025-07-10 08:54:29] [INFO] 迭代 195 完成，用时 0.43秒
[2025-07-10 08:54:29] [INFO] 迭代 196 完成，用时 0.43秒
[2025-07-10 08:54:29] [INFO] 迭代 197 完成，用时 0.44秒
[2025-07-10 08:54:30] [INFO] 迭代 198 完成，用时 0.43秒
[2025-07-10 08:54:30] [INFO] 迭代 199 完成，用时 0.43秒
[2025-07-10 08:54:32] [INFO] 迭代 200 完成，用时 2.19秒
[2025-07-10 08:54:33] [INFO] 迭代 201 完成，用时 0.43秒
[2025-07-10 08:54:33] [INFO] 迭代 202 完成，用时 0.43秒
[2025-07-10 08:54:34] [INFO] 迭代 203 完成，用时 0.43秒
[2025-07-10 08:54:34] [INFO] 迭代 204 完成，用时 0.45秒
[2025-07-10 08:54:35] [INFO] 迭代 205 完成，用时 0.42秒
[2025-07-10 08:54:35] [INFO] 迭代 206 完成，用时 0.43秒
[2025-07-10 08:54:35] [INFO] 迭代 207 完成，用时 0.43秒
[2025-07-10 08:54:36] [INFO] 迭代 208 完成，用时 0.43秒
[2025-07-10 08:54:36] [INFO] 迭代 209 完成，用时 0.43秒
[2025-07-10 08:54:37] [INFO] 迭代 210 完成，用时 0.51秒
[2025-07-10 08:54:37] [INFO] 迭代 211 完成，用时 0.46秒
[2025-07-10 08:54:38] [INFO] 迭代 212 完成，用时 0.43秒
[2025-07-10 08:54:38] [INFO] 迭代 213 完成，用时 0.45秒
[2025-07-10 08:54:39] [INFO] 迭代 214 完成，用时 0.43秒
[2025-07-10 08:54:39] [INFO] 迭代 215 完成，用时 0.41秒
[2025-07-10 08:54:39] [INFO] 迭代 216 完成，用时 0.44秒
[2025-07-10 08:54:40] [INFO] 迭代 217 完成，用时 0.43秒
[2025-07-10 08:54:40] [INFO] 迭代 218 完成，用时 0.44秒
[2025-07-10 08:54:41] [INFO] 迭代 219 完成，用时 0.44秒
[2025-07-10 08:54:41] [INFO] 迭代 220 完成，用时 0.53秒
[2025-07-10 08:54:42] [INFO] 迭代 221 完成，用时 0.44秒
[2025-07-10 08:54:42] [INFO] 迭代 222 完成，用时 0.44秒
[2025-07-10 08:54:43] [INFO] 迭代 223 完成，用时 0.44秒
[2025-07-10 08:54:43] [INFO] 迭代 224 完成，用时 0.43秒
[2025-07-10 08:54:44] [INFO] 迭代 225 完成，用时 0.45秒
[2025-07-10 08:54:44] [INFO] 迭代 226 完成，用时 0.44秒
[2025-07-10 08:54:44] [INFO] 迭代 227 完成，用时 0.45秒
[2025-07-10 08:54:45] [INFO] 迭代 228 完成，用时 0.43秒
[2025-07-10 08:54:45] [INFO] 迭代 229 完成，用时 0.45秒
[2025-07-10 08:54:46] [INFO] 迭代 230 完成，用时 0.52秒
[2025-07-10 08:54:46] [INFO] 迭代 231 完成，用时 0.46秒
[2025-07-10 08:54:47] [INFO] 迭代 232 完成，用时 0.43秒
[2025-07-10 08:54:47] [INFO] 迭代 233 完成，用时 0.44秒
[2025-07-10 08:54:48] [INFO] 迭代 234 完成，用时 0.46秒
[2025-07-10 08:54:48] [INFO] 迭代 235 完成，用时 0.43秒
[2025-07-10 08:54:48] [INFO] 迭代 236 完成，用时 0.44秒
[2025-07-10 08:54:49] [INFO] 迭代 237 完成，用时 0.43秒
[2025-07-10 08:54:49] [INFO] 迭代 238 完成，用时 0.44秒
[2025-07-10 08:54:50] [INFO] 迭代 239 完成，用时 0.43秒
[2025-07-10 08:54:50] [INFO] 迭代 240 完成，用时 0.54秒
[2025-07-10 08:54:51] [INFO] 迭代 241 完成，用时 0.46秒
[2025-07-10 08:54:51] [INFO] 迭代 242 完成，用时 0.44秒
[2025-07-10 08:54:52] [INFO] 迭代 243 完成，用时 0.45秒
[2025-07-10 08:54:52] [INFO] 迭代 244 完成，用时 0.45秒
[2025-07-10 08:54:53] [INFO] 迭代 245 完成，用时 0.43秒
[2025-07-10 08:54:53] [INFO] 迭代 246 完成，用时 0.44秒
[2025-07-10 08:54:53] [INFO] 迭代 247 完成，用时 0.44秒
[2025-07-10 08:54:54] [INFO] 迭代 248 完成，用时 0.44秒
[2025-07-10 08:54:54] [INFO] 迭代 249 完成，用时 0.46秒
[2025-07-10 08:54:55] [INFO] 迭代 250 完成，用时 0.54秒
[2025-07-10 08:54:55] [INFO] 迭代 251 完成，用时 0.48秒
[2025-07-10 08:54:56] [INFO] 迭代 252 完成，用时 0.45秒
[2025-07-10 08:54:56] [INFO] 迭代 253 完成，用时 0.44秒
[2025-07-10 08:54:57] [INFO] 迭代 254 完成，用时 0.43秒
[2025-07-10 08:54:57] [INFO] 迭代 255 完成，用时 0.46秒
[2025-07-10 08:54:58] [INFO] 迭代 256 完成，用时 0.46秒
[2025-07-10 08:54:58] [INFO] 迭代 257 完成，用时 0.45秒
[2025-07-10 08:54:58] [INFO] 迭代 258 完成，用时 0.44秒
[2025-07-10 08:54:59] [INFO] 迭代 259 完成，用时 0.45秒
[2025-07-10 08:54:59] [INFO] 迭代 260 完成，用时 0.53秒
[2025-07-10 08:55:00] [INFO] 迭代 261 完成，用时 0.48秒
[2025-07-10 08:55:00] [INFO] 迭代 262 完成，用时 0.45秒
[2025-07-10 08:55:01] [INFO] 迭代 263 完成，用时 0.44秒
[2025-07-10 08:55:01] [INFO] 迭代 264 完成，用时 0.45秒
[2025-07-10 08:55:02] [INFO] 迭代 265 完成，用时 0.44秒
[2025-07-10 08:55:02] [INFO] 迭代 266 完成，用时 0.45秒
[2025-07-10 08:55:03] [INFO] 迭代 267 完成，用时 0.43秒
[2025-07-10 08:55:03] [INFO] 迭代 268 完成，用时 0.44秒
[2025-07-10 08:55:04] [INFO] 迭代 269 完成，用时 0.44秒
[2025-07-10 08:55:04] [INFO] 迭代 270 完成，用时 0.51秒
[2025-07-10 08:55:05] [INFO] 迭代 271 完成，用时 0.50秒
[2025-07-10 08:55:05] [INFO] 迭代 272 完成，用时 0.43秒
[2025-07-10 08:55:05] [INFO] 迭代 273 完成，用时 0.44秒
[2025-07-10 08:55:06] [INFO] 迭代 274 完成，用时 0.45秒
[2025-07-10 08:55:06] [INFO] 迭代 275 完成，用时 0.43秒
[2025-07-10 08:55:07] [INFO] 迭代 276 完成，用时 0.44秒
[2025-07-10 08:55:07] [INFO] 迭代 277 完成，用时 0.46秒
[2025-07-10 08:55:08] [INFO] 迭代 278 完成，用时 0.44秒
[2025-07-10 08:55:08] [INFO] 迭代 279 完成，用时 0.44秒
[2025-07-10 08:55:09] [INFO] 迭代 280 完成，用时 0.53秒
[2025-07-10 08:55:09] [INFO] 迭代 281 完成，用时 0.46秒
[2025-07-10 08:55:10] [INFO] 迭代 282 完成，用时 0.45秒
[2025-07-10 08:55:10] [INFO] 迭代 283 完成，用时 0.45秒
[2025-07-10 08:55:10] [INFO] 迭代 284 完成，用时 0.44秒
[2025-07-10 08:55:11] [INFO] 迭代 285 完成，用时 0.45秒
[2025-07-10 08:55:11] [INFO] 迭代 286 完成，用时 0.45秒
[2025-07-10 08:55:12] [INFO] 迭代 287 完成，用时 0.45秒
[2025-07-10 08:55:12] [INFO] 迭代 288 完成，用时 0.46秒
[2025-07-10 08:55:13] [INFO] 迭代 289 完成，用时 0.47秒
[2025-07-10 08:55:13] [INFO] 迭代 290 完成，用时 0.54秒
[2025-07-10 08:55:14] [INFO] 迭代 291 完成，用时 0.48秒
[2025-07-10 08:55:14] [INFO] 迭代 292 完成，用时 0.46秒
[2025-07-10 08:55:15] [INFO] 迭代 293 完成，用时 0.45秒
[2025-07-10 08:55:15] [INFO] 迭代 294 完成，用时 0.46秒
[2025-07-10 08:55:16] [INFO] 迭代 295 完成，用时 0.46秒
[2025-07-10 08:55:16] [INFO] 迭代 296 完成，用时 0.46秒
[2025-07-10 08:55:16] [INFO] 迭代 297 完成，用时 0.45秒
[2025-07-10 08:55:17] [INFO] 迭代 298 完成，用时 0.45秒
[2025-07-10 08:55:17] [INFO] 迭代 299 完成，用时 0.46秒
[2025-07-10 08:55:20] [INFO] 迭代 300 完成，用时 2.27秒
[2025-07-10 08:55:20] [INFO] 迭代 301 完成，用时 0.49秒
[2025-07-10 08:55:21] [INFO] 迭代 302 完成，用时 0.49秒
[2025-07-10 08:55:21] [INFO] 迭代 303 完成，用时 0.44秒
[2025-07-10 08:55:22] [INFO] 迭代 304 完成，用时 0.47秒
[2025-07-10 08:55:22] [INFO] 迭代 305 完成，用时 0.46秒
[2025-07-10 08:55:22] [INFO] 迭代 306 完成，用时 0.45秒
[2025-07-10 08:55:23] [INFO] 迭代 307 完成，用时 0.46秒
[2025-07-10 08:55:23] [INFO] 迭代 308 完成，用时 0.45秒
[2025-07-10 08:55:24] [INFO] 迭代 309 完成，用时 0.46秒
[2025-07-10 08:55:24] [INFO] 迭代 310 完成，用时 0.53秒
[2025-07-10 08:55:25] [INFO] 迭代 311 完成，用时 0.47秒
[2025-07-10 08:55:25] [INFO] 迭代 312 完成，用时 0.45秒
[2025-07-10 08:55:26] [INFO] 迭代 313 完成，用时 0.45秒
[2025-07-10 08:55:26] [INFO] 迭代 314 完成，用时 0.47秒
[2025-07-10 08:55:27] [INFO] 迭代 315 完成，用时 0.47秒
[2025-07-10 08:55:27] [INFO] 迭代 316 完成，用时 0.47秒
[2025-07-10 08:55:28] [INFO] 迭代 317 完成，用时 0.47秒
[2025-07-10 08:55:28] [INFO] 迭代 318 完成，用时 0.44秒
[2025-07-10 08:55:29] [INFO] 迭代 319 完成，用时 0.47秒
[2025-07-10 08:55:29] [INFO] 迭代 320 完成，用时 0.55秒
[2025-07-10 08:55:30] [INFO] 迭代 321 完成，用时 0.52秒
[2025-07-10 08:55:30] [INFO] 迭代 322 完成，用时 0.46秒
[2025-07-10 08:55:30] [INFO] 迭代 323 完成，用时 0.45秒
[2025-07-10 08:55:31] [INFO] 迭代 324 完成，用时 0.45秒
[2025-07-10 08:55:31] [INFO] 迭代 325 完成，用时 0.46秒
[2025-07-10 08:55:32] [INFO] 迭代 326 完成，用时 0.46秒
[2025-07-10 08:55:32] [INFO] 迭代 327 完成，用时 0.47秒
[2025-07-10 08:55:33] [INFO] 迭代 328 完成，用时 0.46秒
[2025-07-10 08:55:33] [INFO] 迭代 329 完成，用时 0.47秒
[2025-07-10 08:55:34] [INFO] 迭代 330 完成，用时 0.53秒
[2025-07-10 08:55:34] [INFO] 迭代 331 完成，用时 0.49秒
[2025-07-10 08:55:35] [INFO] 迭代 332 完成，用时 0.45秒
[2025-07-10 08:55:35] [INFO] 迭代 333 完成，用时 0.48秒
[2025-07-10 08:55:36] [INFO] 迭代 334 完成，用时 0.46秒
[2025-07-10 08:55:36] [INFO] 迭代 335 完成，用时 0.45秒
[2025-07-10 08:55:37] [INFO] 迭代 336 完成，用时 0.47秒
[2025-07-10 08:55:37] [INFO] 迭代 337 完成，用时 0.44秒
[2025-07-10 08:55:37] [INFO] 迭代 338 完成，用时 0.45秒
[2025-07-10 08:55:38] [INFO] 迭代 339 完成，用时 0.46秒
[2025-07-10 08:55:39] [INFO] 迭代 340 完成，用时 0.57秒
[2025-07-10 08:55:39] [INFO] 迭代 341 完成，用时 0.50秒
[2025-07-10 08:55:39] [INFO] 迭代 342 完成，用时 0.46秒
[2025-07-10 08:55:40] [INFO] 迭代 343 完成，用时 0.47秒
[2025-07-10 08:55:40] [INFO] 迭代 344 完成，用时 0.46秒
[2025-07-10 08:55:41] [INFO] 迭代 345 完成，用时 0.46秒
[2025-07-10 08:55:41] [INFO] 迭代 346 完成，用时 0.48秒
[2025-07-10 08:55:42] [INFO] 迭代 347 完成，用时 0.45秒
[2025-07-10 08:55:42] [INFO] 迭代 348 完成，用时 0.46秒
[2025-07-10 08:55:43] [INFO] 迭代 349 完成，用时 0.46秒
[2025-07-10 08:55:43] [INFO] 迭代 350 完成，用时 0.55秒
[2025-07-10 08:55:44] [INFO] 迭代 351 完成，用时 0.52秒
[2025-07-10 08:55:44] [INFO] 迭代 352 完成，用时 0.42秒
[2025-07-10 08:55:45] [INFO] 迭代 353 完成，用时 0.48秒
[2025-07-10 08:55:45] [INFO] 迭代 354 完成，用时 0.50秒
[2025-07-10 08:55:46] [INFO] 迭代 355 完成，用时 0.48秒
[2025-07-10 08:55:46] [INFO] 迭代 356 完成，用时 0.47秒
[2025-07-10 08:55:47] [INFO] 迭代 357 完成，用时 0.46秒
[2025-07-10 08:55:47] [INFO] 迭代 358 完成，用时 0.48秒
[2025-07-10 08:55:48] [INFO] 迭代 359 完成，用时 0.50秒
[2025-07-10 08:55:48] [INFO] 迭代 360 完成，用时 0.58秒
[2025-07-10 08:55:49] [INFO] 迭代 361 完成，用时 0.52秒
[2025-07-10 08:55:49] [INFO] 迭代 362 完成，用时 0.46秒
[2025-07-10 08:55:50] [INFO] 迭代 363 完成，用时 0.47秒
[2025-07-10 08:55:50] [INFO] 迭代 364 完成，用时 0.47秒
[2025-07-10 08:55:51] [INFO] 迭代 365 完成，用时 0.50秒
[2025-07-10 08:55:51] [INFO] 迭代 366 完成，用时 0.47秒
[2025-07-10 08:55:52] [INFO] 迭代 367 完成，用时 0.51秒
[2025-07-10 08:55:52] [INFO] 迭代 368 完成，用时 0.46秒
[2025-07-10 08:55:53] [INFO] 迭代 369 完成，用时 0.49秒
[2025-07-10 08:55:53] [INFO] 迭代 370 完成，用时 0.56秒
[2025-07-10 08:55:54] [INFO] 迭代 371 完成，用时 0.52秒
[2025-07-10 08:55:54] [INFO] 迭代 372 完成，用时 0.47秒
[2025-07-10 08:55:55] [INFO] 迭代 373 完成，用时 0.48秒
[2025-07-10 08:55:55] [INFO] 迭代 374 完成，用时 0.48秒
[2025-07-10 08:55:55] [INFO] 迭代 375 完成，用时 0.46秒
[2025-07-10 08:55:56] [INFO] 迭代 376 完成，用时 0.47秒
[2025-07-10 08:55:56] [INFO] 迭代 377 完成，用时 0.48秒
[2025-07-10 08:55:57] [INFO] 迭代 378 完成，用时 0.48秒
[2025-07-10 08:55:57] [INFO] 迭代 379 完成，用时 0.48秒
[2025-07-10 08:55:58] [INFO] 迭代 380 完成，用时 0.55秒
[2025-07-10 08:55:58] [INFO] 迭代 381 完成，用时 0.49秒
[2025-07-10 08:55:59] [INFO] 迭代 382 完成，用时 0.47秒
[2025-07-10 08:55:59] [INFO] 迭代 383 完成，用时 0.48秒
[2025-07-10 08:56:00] [INFO] 迭代 384 完成，用时 0.48秒
[2025-07-10 08:56:00] [INFO] 迭代 385 完成，用时 0.48秒
[2025-07-10 08:56:01] [INFO] 迭代 386 完成，用时 0.50秒
[2025-07-10 08:56:01] [INFO] 迭代 387 完成，用时 0.53秒
[2025-07-10 08:56:02] [INFO] 迭代 388 完成，用时 0.55秒
[2025-07-10 08:56:02] [INFO] 迭代 389 完成，用时 0.50秒
[2025-07-10 08:56:03] [INFO] 迭代 390 完成，用时 0.55秒
[2025-07-10 08:56:03] [INFO] 迭代 391 完成，用时 0.49秒
[2025-07-10 08:56:04] [INFO] 迭代 392 完成，用时 0.39秒
[2025-07-10 08:56:04] [INFO] 迭代 393 完成，用时 0.39秒
[2025-07-10 08:56:05] [INFO] 迭代 394 完成，用时 0.40秒
[2025-07-10 08:56:05] [INFO] 迭代 395 完成，用时 0.41秒
[2025-07-10 08:56:05] [INFO] 迭代 396 完成，用时 0.38秒
[2025-07-10 08:56:06] [INFO] 迭代 397 完成，用时 0.39秒
[2025-07-10 08:56:06] [INFO] 迭代 398 完成，用时 0.40秒
[2025-07-10 08:56:07] [INFO] 迭代 399 完成，用时 0.38秒
[2025-07-10 08:56:09] [INFO] 迭代 400 完成，用时 2.14秒
[2025-07-10 08:56:09] [INFO] 迭代 401 完成，用时 0.52秒
[2025-07-10 08:56:10] [INFO] 迭代 402 完成，用时 0.43秒
[2025-07-10 08:56:10] [INFO] 迭代 403 完成，用时 0.44秒
[2025-07-10 08:56:11] [INFO] 迭代 404 完成，用时 0.50秒
[2025-07-10 08:56:11] [INFO] 迭代 405 完成，用时 0.48秒
[2025-07-10 08:56:12] [INFO] 迭代 406 完成，用时 0.48秒
[2025-07-10 08:56:12] [INFO] 迭代 407 完成，用时 0.47秒
[2025-07-10 08:56:13] [INFO] 迭代 408 完成，用时 0.47秒
[2025-07-10 08:56:13] [INFO] 迭代 409 完成，用时 0.47秒
[2025-07-10 08:56:14] [INFO] 迭代 410 完成，用时 0.57秒
[2025-07-10 08:56:14] [INFO] 迭代 411 完成，用时 0.50秒
[2025-07-10 08:56:15] [INFO] 迭代 412 完成，用时 0.49秒
[2025-07-10 08:56:15] [INFO] 迭代 413 完成，用时 0.46秒
[2025-07-10 08:56:16] [INFO] 迭代 414 完成，用时 0.48秒
[2025-07-10 08:56:16] [INFO] 迭代 415 完成，用时 0.49秒
[2025-07-10 08:56:16] [INFO] 迭代 416 完成，用时 0.49秒
[2025-07-10 08:56:17] [INFO] 迭代 417 完成，用时 0.50秒
[2025-07-10 08:56:17] [INFO] 迭代 418 完成，用时 0.48秒
[2025-07-10 08:56:18] [INFO] 迭代 419 完成，用时 0.48秒
[2025-07-10 08:56:19] [INFO] 迭代 420 完成，用时 0.56秒
[2025-07-10 08:56:19] [INFO] 迭代 421 完成，用时 0.50秒
[2025-07-10 08:56:19] [INFO] 迭代 422 完成，用时 0.48秒
[2025-07-10 08:56:20] [INFO] 迭代 423 完成，用时 0.47秒
[2025-07-10 08:56:20] [INFO] 迭代 424 完成，用时 0.48秒
[2025-07-10 08:56:21] [INFO] 迭代 425 完成，用时 0.49秒
[2025-07-10 08:56:21] [INFO] 迭代 426 完成，用时 0.48秒
[2025-07-10 08:56:22] [INFO] 迭代 427 完成，用时 0.48秒
[2025-07-10 08:56:22] [INFO] 迭代 428 完成，用时 0.48秒
[2025-07-10 08:56:23] [INFO] 迭代 429 完成，用时 0.48秒
[2025-07-10 08:56:23] [INFO] 迭代 430 完成，用时 0.56秒
[2025-07-10 08:56:24] [INFO] 迭代 431 完成，用时 0.50秒
[2025-07-10 08:56:24] [INFO] 迭代 432 完成，用时 0.48秒
[2025-07-10 08:56:25] [INFO] 迭代 433 完成，用时 0.47秒
[2025-07-10 08:56:25] [INFO] 迭代 434 完成，用时 0.48秒
[2025-07-10 08:56:26] [INFO] 迭代 435 完成，用时 0.48秒
[2025-07-10 08:56:26] [INFO] 迭代 436 完成，用时 0.49秒
[2025-07-10 08:56:27] [INFO] 迭代 437 完成，用时 0.48秒
[2025-07-10 08:56:27] [INFO] 迭代 438 完成，用时 0.51秒
[2025-07-10 08:56:28] [INFO] 迭代 439 完成，用时 0.49秒
[2025-07-10 08:56:28] [INFO] 迭代 440 完成，用时 0.57秒
[2025-07-10 08:56:29] [INFO] 迭代 441 完成，用时 0.52秒
[2025-07-10 08:56:29] [INFO] 迭代 442 完成，用时 0.49秒
[2025-07-10 08:56:30] [INFO] 迭代 443 完成，用时 0.48秒
[2025-07-10 08:56:30] [INFO] 迭代 444 完成，用时 0.50秒
[2025-07-10 08:56:31] [INFO] 迭代 445 完成，用时 0.52秒
[2025-07-10 08:56:31] [INFO] 迭代 446 完成，用时 0.52秒
[2025-07-10 08:56:32] [INFO] 迭代 447 完成，用时 0.49秒
[2025-07-10 08:56:32] [INFO] 迭代 448 完成，用时 0.49秒
[2025-07-10 08:56:33] [INFO] 迭代 449 完成，用时 0.48秒
[2025-07-10 08:56:33] [INFO] 迭代 450 完成，用时 0.57秒
[2025-07-10 08:56:34] [INFO] 迭代 451 完成，用时 0.51秒
[2025-07-10 08:56:34] [INFO] 迭代 452 完成，用时 0.50秒
[2025-07-10 08:56:35] [INFO] 迭代 453 完成，用时 0.51秒
[2025-07-10 08:56:35] [INFO] 迭代 454 完成，用时 0.48秒
[2025-07-10 08:56:36] [INFO] 迭代 455 完成，用时 0.49秒
[2025-07-10 08:56:36] [INFO] 迭代 456 完成，用时 0.50秒
[2025-07-10 08:56:37] [INFO] 迭代 457 完成，用时 0.49秒
[2025-07-10 08:56:37] [INFO] 迭代 458 完成，用时 0.48秒
[2025-07-10 08:56:38] [INFO] 迭代 459 完成，用时 0.49秒
[2025-07-10 08:56:38] [INFO] 迭代 460 完成，用时 0.57秒
[2025-07-10 08:56:39] [INFO] 迭代 461 完成，用时 0.50秒
[2025-07-10 08:56:39] [INFO] 迭代 462 完成，用时 0.51秒
[2025-07-10 08:56:40] [INFO] 迭代 463 完成，用时 0.50秒
[2025-07-10 08:56:40] [INFO] 迭代 464 完成，用时 0.47秒
[2025-07-10 08:56:41] [INFO] 迭代 465 完成，用时 0.49秒
[2025-07-10 08:56:41] [INFO] 迭代 466 完成，用时 0.48秒
[2025-07-10 08:56:42] [INFO] 迭代 467 完成，用时 0.50秒
[2025-07-10 08:56:42] [INFO] 迭代 468 完成，用时 0.48秒
[2025-07-10 08:56:43] [INFO] 迭代 469 完成，用时 0.50秒
[2025-07-10 08:56:43] [INFO] 迭代 470 完成，用时 0.59秒
[2025-07-10 08:56:44] [INFO] 迭代 471 完成，用时 0.53秒
[2025-07-10 08:56:44] [INFO] 迭代 472 完成，用时 0.50秒
[2025-07-10 08:56:45] [INFO] 迭代 473 完成，用时 0.48秒
[2025-07-10 08:56:45] [INFO] 迭代 474 完成，用时 0.50秒
[2025-07-10 08:56:46] [INFO] 迭代 475 完成，用时 0.51秒
[2025-07-10 08:56:46] [INFO] 迭代 476 完成，用时 0.49秒
[2025-07-10 08:56:47] [INFO] 迭代 477 完成，用时 0.50秒
[2025-07-10 08:56:47] [INFO] 迭代 478 完成，用时 0.50秒
[2025-07-10 08:56:48] [INFO] 迭代 479 完成，用时 0.50秒
[2025-07-10 08:56:49] [INFO] 迭代 480 完成，用时 0.61秒
[2025-07-10 08:56:49] [INFO] 迭代 481 完成，用时 0.61秒
[2025-07-10 08:56:50] [INFO] 迭代 482 完成，用时 0.50秒
[2025-07-10 08:56:50] [INFO] 迭代 483 完成，用时 0.51秒
[2025-07-10 08:56:51] [INFO] 迭代 484 完成，用时 0.49秒
[2025-07-10 08:56:51] [INFO] 迭代 485 完成，用时 0.51秒
[2025-07-10 08:56:52] [INFO] 迭代 486 完成，用时 0.51秒
[2025-07-10 08:56:52] [INFO] 迭代 487 完成，用时 0.50秒
[2025-07-10 08:56:53] [INFO] 迭代 488 完成，用时 0.48秒
[2025-07-10 08:56:53] [INFO] 迭代 489 完成，用时 0.53秒
[2025-07-10 08:56:54] [INFO] 迭代 490 完成，用时 0.59秒
[2025-07-10 08:56:54] [INFO] 迭代 491 完成，用时 0.55秒
[2025-07-10 08:56:55] [INFO] 迭代 492 完成，用时 0.55秒
[2025-07-10 08:56:55] [INFO] 迭代 493 完成，用时 0.51秒
[2025-07-10 08:56:56] [INFO] 迭代 494 完成，用时 0.51秒
[2025-07-10 08:56:56] [INFO] 迭代 495 完成，用时 0.52秒
[2025-07-10 08:56:57] [INFO] 迭代 496 完成，用时 0.51秒
[2025-07-10 08:56:58] [INFO] 迭代 497 完成，用时 0.53秒
[2025-07-10 08:56:58] [INFO] 迭代 498 完成，用时 0.54秒
[2025-07-10 08:56:59] [INFO] 迭代 499 完成，用时 0.52秒
[2025-07-10 08:57:01] [INFO] 迭代 500 完成，用时 2.34秒
[2025-07-10 08:57:01] [INFO] FSP仿真完成，总用时: 237.33秒
[2025-07-10 08:57:01] [ERROR] 仿真出错: 错误: <a href="matlab: opentoline('D:\CODE\FSP\visualization\ReportGenerator.m',2,10)">文件: ReportGenerator.m 行: 2 列: 10</a>
类名和文件名必须匹配。
[2025-07-10 08:57:01] [ERROR] 错误位置: D:\CODE\FSP\main_fsp_simulation.m, 行号: 67
[2025-07-10 08:59:09] [INFO] 日志系统初始化
[2025-07-10 08:59:09] [INFO] FSP仿真开始
[2025-07-10 08:59:10] [INFO] 迭代 1 完成，用时 0.52秒
[2025-07-10 08:59:10] [INFO] 迭代 2 完成，用时 0.38秒
[2025-07-10 08:59:11] [INFO] 迭代 3 完成，用时 0.35秒
[2025-07-10 08:59:11] [INFO] 迭代 4 完成，用时 0.32秒
[2025-07-10 08:59:11] [INFO] 迭代 5 完成，用时 0.35秒
[2025-07-10 08:59:12] [INFO] 迭代 6 完成，用时 0.33秒
[2025-07-10 08:59:12] [INFO] 迭代 7 完成，用时 0.31秒
[2025-07-10 08:59:12] [INFO] 迭代 8 完成，用时 0.37秒
[2025-07-10 08:59:13] [INFO] 迭代 9 完成，用时 0.31秒
[2025-07-10 08:59:13] [INFO] 迭代 10 完成，用时 0.40秒
[2025-07-10 08:59:14] [INFO] 迭代 11 完成，用时 0.44秒
[2025-07-10 08:59:14] [INFO] 迭代 12 完成，用时 0.33秒
[2025-07-10 08:59:14] [INFO] 迭代 13 完成，用时 0.35秒
[2025-07-10 08:59:15] [INFO] 迭代 14 完成，用时 0.30秒
[2025-07-10 08:59:15] [INFO] 迭代 15 完成，用时 0.31秒
[2025-07-10 08:59:15] [INFO] 迭代 16 完成，用时 0.30秒
[2025-07-10 08:59:16] [INFO] 迭代 17 完成，用时 0.30秒
[2025-07-10 08:59:16] [INFO] 迭代 18 完成，用时 0.30秒
[2025-07-10 08:59:16] [INFO] 迭代 19 完成，用时 0.31秒
[2025-07-10 08:59:17] [INFO] 迭代 20 完成，用时 0.41秒
[2025-07-10 08:59:17] [INFO] 迭代 21 完成，用时 0.32秒
[2025-07-10 08:59:17] [INFO] 迭代 22 完成，用时 0.30秒
[2025-07-10 08:59:18] [INFO] 迭代 23 完成，用时 0.32秒
[2025-07-10 08:59:18] [INFO] 迭代 24 完成，用时 0.30秒
[2025-07-10 08:59:18] [INFO] 迭代 25 完成，用时 0.31秒
[2025-07-10 08:59:18] [INFO] 迭代 26 完成，用时 0.31秒
[2025-07-10 08:59:19] [INFO] 迭代 27 完成，用时 0.32秒
[2025-07-10 08:59:19] [INFO] 迭代 28 完成，用时 0.31秒
[2025-07-10 08:59:19] [INFO] 迭代 29 完成，用时 0.31秒
[2025-07-10 08:59:20] [INFO] 迭代 30 完成，用时 0.38秒
[2025-07-10 08:59:20] [INFO] 迭代 31 完成，用时 0.31秒
[2025-07-10 08:59:20] [INFO] 迭代 32 完成，用时 0.31秒
[2025-07-10 08:59:21] [INFO] 迭代 33 完成，用时 0.30秒
[2025-07-10 08:59:21] [INFO] 迭代 34 完成，用时 0.31秒
[2025-07-10 08:59:21] [INFO] 迭代 35 完成，用时 0.32秒
[2025-07-10 08:59:22] [INFO] 迭代 36 完成，用时 0.31秒
[2025-07-10 08:59:22] [INFO] 迭代 37 完成，用时 0.31秒
[2025-07-10 08:59:22] [INFO] 迭代 38 完成，用时 0.31秒
[2025-07-10 08:59:23] [INFO] 迭代 39 完成，用时 0.31秒
[2025-07-10 08:59:23] [INFO] 迭代 40 完成，用时 0.38秒
[2025-07-10 08:59:23] [INFO] 迭代 41 完成，用时 0.35秒
[2025-07-10 08:59:24] [INFO] 迭代 42 完成，用时 0.31秒
[2025-07-10 08:59:24] [INFO] 迭代 43 完成，用时 0.30秒
[2025-07-10 08:59:24] [INFO] 迭代 44 完成，用时 0.31秒
[2025-07-10 08:59:25] [INFO] 迭代 45 完成，用时 0.31秒
[2025-07-10 08:59:25] [INFO] 迭代 46 完成，用时 0.31秒
[2025-07-10 08:59:25] [INFO] 迭代 47 完成，用时 0.31秒
[2025-07-10 08:59:25] [INFO] 迭代 48 完成，用时 0.31秒
[2025-07-10 08:59:26] [INFO] 迭代 49 完成，用时 0.31秒
[2025-07-10 08:59:26] [INFO] 迭代 50 完成，用时 0.39秒
[2025-07-10 08:59:26] [INFO] 迭代 51 完成，用时 0.33秒
[2025-07-10 08:59:27] [INFO] 迭代 52 完成，用时 0.31秒
[2025-07-10 08:59:27] [INFO] 迭代 53 完成，用时 0.32秒
[2025-07-10 08:59:27] [INFO] 迭代 54 完成，用时 0.31秒
[2025-07-10 08:59:28] [INFO] 迭代 55 完成，用时 0.31秒
[2025-07-10 08:59:28] [INFO] 迭代 56 完成，用时 0.31秒
[2025-07-10 08:59:28] [INFO] 迭代 57 完成，用时 0.32秒
[2025-07-10 08:59:29] [INFO] 迭代 58 完成，用时 0.30秒
[2025-07-10 08:59:29] [INFO] 迭代 59 完成，用时 0.31秒
[2025-07-10 08:59:29] [INFO] 迭代 60 完成，用时 0.38秒
[2025-07-10 08:59:30] [INFO] 迭代 61 完成，用时 0.32秒
[2025-07-10 08:59:30] [INFO] 迭代 62 完成，用时 0.31秒
[2025-07-10 08:59:30] [INFO] 迭代 63 完成，用时 0.32秒
[2025-07-10 08:59:31] [INFO] 迭代 64 完成，用时 0.31秒
[2025-07-10 08:59:31] [INFO] 迭代 65 完成，用时 0.30秒
[2025-07-10 08:59:31] [INFO] 迭代 66 完成，用时 0.31秒
[2025-07-10 08:59:32] [INFO] 迭代 67 完成，用时 0.31秒
[2025-07-10 08:59:32] [INFO] 迭代 68 完成，用时 0.31秒
[2025-07-10 08:59:32] [INFO] 迭代 69 完成，用时 0.31秒
[2025-07-10 08:59:33] [INFO] 迭代 70 完成，用时 0.38秒
[2025-07-10 08:59:33] [INFO] 迭代 71 完成，用时 0.31秒
[2025-07-10 08:59:33] [INFO] 迭代 72 完成，用时 0.32秒
[2025-07-10 08:59:33] [INFO] 迭代 73 完成，用时 0.31秒
[2025-07-10 08:59:34] [INFO] 迭代 74 完成，用时 0.31秒
[2025-07-10 08:59:34] [INFO] 迭代 75 完成，用时 0.31秒
[2025-07-10 08:59:34] [INFO] 迭代 76 完成，用时 0.34秒
[2025-07-10 08:59:35] [INFO] 迭代 77 完成，用时 0.31秒
[2025-07-10 08:59:35] [INFO] 迭代 78 完成，用时 0.31秒
[2025-07-10 08:59:35] [INFO] 迭代 79 完成，用时 0.32秒
[2025-07-10 08:59:36] [INFO] 迭代 80 完成，用时 0.37秒
[2025-07-10 08:59:36] [INFO] 迭代 81 完成，用时 0.34秒
[2025-07-10 08:59:36] [INFO] 迭代 82 完成，用时 0.32秒
[2025-07-10 08:59:37] [INFO] 迭代 83 完成，用时 0.32秒
[2025-07-10 08:59:37] [INFO] 迭代 84 完成，用时 0.32秒
[2025-07-10 08:59:37] [INFO] 迭代 85 完成，用时 0.38秒
[2025-07-10 08:59:38] [INFO] 迭代 86 完成，用时 0.32秒
[2025-07-10 08:59:38] [INFO] 迭代 87 完成，用时 0.33秒
[2025-07-10 08:59:38] [INFO] 迭代 88 完成，用时 0.34秒
[2025-07-10 08:59:39] [INFO] 迭代 89 完成，用时 0.31秒
[2025-07-10 08:59:39] [INFO] 迭代 90 完成，用时 0.38秒
[2025-07-10 08:59:39] [INFO] 迭代 91 完成，用时 0.32秒
[2025-07-10 08:59:40] [INFO] 迭代 92 完成，用时 0.31秒
[2025-07-10 08:59:40] [INFO] 迭代 93 完成，用时 0.31秒
[2025-07-10 08:59:40] [INFO] 迭代 94 完成，用时 0.32秒
[2025-07-10 08:59:41] [INFO] 迭代 95 完成，用时 0.31秒
[2025-07-10 08:59:41] [INFO] 迭代 96 完成，用时 0.31秒
[2025-07-10 08:59:41] [INFO] 迭代 97 完成，用时 0.33秒
[2025-07-10 08:59:42] [INFO] 迭代 98 完成，用时 0.31秒
[2025-07-10 08:59:42] [INFO] 迭代 99 完成，用时 0.32秒
[2025-07-10 08:59:44] [INFO] 迭代 100 完成，用时 2.09秒
[2025-07-10 08:59:44] [INFO] 迭代 101 完成，用时 0.36秒
[2025-07-10 08:59:45] [INFO] 迭代 102 完成，用时 0.31秒
[2025-07-10 08:59:45] [INFO] 迭代 103 完成，用时 0.31秒
[2025-07-10 08:59:45] [INFO] 迭代 104 完成，用时 0.33秒
[2025-07-10 08:59:46] [INFO] 迭代 105 完成，用时 0.32秒
[2025-07-10 08:59:46] [INFO] 迭代 106 完成，用时 0.31秒
[2025-07-10 08:59:46] [INFO] 迭代 107 完成，用时 0.32秒
[2025-07-10 08:59:47] [INFO] 迭代 108 完成，用时 0.31秒
[2025-07-10 08:59:47] [INFO] 迭代 109 完成，用时 0.31秒
[2025-07-10 08:59:47] [INFO] 迭代 110 完成，用时 0.39秒
[2025-07-10 08:59:48] [INFO] 迭代 111 完成，用时 0.32秒
[2025-07-10 08:59:48] [INFO] 迭代 112 完成，用时 0.31秒
[2025-07-10 08:59:48] [INFO] 迭代 113 完成，用时 0.33秒
[2025-07-10 08:59:49] [INFO] 迭代 114 完成，用时 0.32秒
[2025-07-10 08:59:49] [INFO] 迭代 115 完成，用时 0.31秒
[2025-07-10 08:59:49] [INFO] 迭代 116 完成，用时 0.31秒
[2025-07-10 08:59:50] [INFO] 迭代 117 完成，用时 0.33秒
[2025-07-10 08:59:50] [INFO] 迭代 118 完成，用时 0.31秒
[2025-07-10 08:59:50] [INFO] 迭代 119 完成，用时 0.36秒
[2025-07-10 08:59:51] [INFO] 迭代 120 完成，用时 0.38秒
[2025-07-10 08:59:51] [INFO] 迭代 121 完成，用时 0.32秒
[2025-07-10 08:59:51] [INFO] 迭代 122 完成，用时 0.31秒
[2025-07-10 08:59:52] [INFO] 迭代 123 完成，用时 0.32秒
[2025-07-10 08:59:52] [INFO] 迭代 124 完成，用时 0.32秒
[2025-07-10 08:59:52] [INFO] 迭代 125 完成，用时 0.37秒
[2025-07-10 08:59:53] [INFO] 迭代 126 完成，用时 0.33秒
[2025-07-10 08:59:53] [INFO] 迭代 127 完成，用时 0.34秒
[2025-07-10 08:59:53] [INFO] 迭代 128 完成，用时 0.34秒
[2025-07-10 08:59:54] [INFO] 迭代 129 完成，用时 0.34秒
[2025-07-10 08:59:54] [INFO] 迭代 130 完成，用时 0.38秒
[2025-07-10 08:59:54] [INFO] 迭代 131 完成，用时 0.38秒
[2025-07-10 08:59:55] [INFO] 迭代 132 完成，用时 0.34秒
[2025-07-10 08:59:55] [INFO] 迭代 133 完成，用时 0.35秒
[2025-07-10 08:59:55] [INFO] 迭代 134 完成，用时 0.34秒
[2025-07-10 08:59:56] [INFO] 迭代 135 完成，用时 0.35秒
[2025-07-10 08:59:56] [INFO] 迭代 136 完成，用时 0.33秒
[2025-07-10 08:59:56] [INFO] 迭代 137 完成，用时 0.34秒
[2025-07-10 08:59:57] [INFO] 迭代 138 完成，用时 0.34秒
[2025-07-10 08:59:57] [INFO] 迭代 139 完成，用时 0.33秒
[2025-07-10 08:59:58] [INFO] 迭代 140 完成，用时 0.41秒
[2025-07-10 08:59:58] [INFO] 迭代 141 完成，用时 0.35秒
[2025-07-10 08:59:58] [INFO] 迭代 142 完成，用时 0.33秒
[2025-07-10 08:59:59] [INFO] 迭代 143 完成，用时 0.34秒
[2025-07-10 08:59:59] [INFO] 迭代 144 完成，用时 0.35秒
[2025-07-10 08:59:59] [INFO] 迭代 145 完成，用时 0.35秒
[2025-07-10 09:00:00] [INFO] 迭代 146 完成，用时 0.35秒
[2025-07-10 09:00:00] [INFO] 迭代 147 完成，用时 0.34秒
[2025-07-10 09:00:00] [INFO] 迭代 148 完成，用时 0.33秒
[2025-07-10 09:00:01] [INFO] 迭代 149 完成，用时 0.34秒
[2025-07-10 09:00:01] [INFO] 迭代 150 完成，用时 0.40秒
[2025-07-10 09:00:01] [INFO] 迭代 151 完成，用时 0.35秒
[2025-07-10 09:00:02] [INFO] 迭代 152 完成，用时 0.34秒
[2025-07-10 09:00:02] [INFO] 迭代 153 完成，用时 0.35秒
[2025-07-10 09:00:02] [INFO] 迭代 154 完成，用时 0.34秒
[2025-07-10 09:00:03] [INFO] 迭代 155 完成，用时 0.33秒
[2025-07-10 09:00:03] [INFO] 迭代 156 完成，用时 0.34秒
[2025-07-10 09:00:03] [INFO] 迭代 157 完成，用时 0.32秒
[2025-07-10 09:00:04] [INFO] 迭代 158 完成，用时 0.33秒
[2025-07-10 09:00:04] [INFO] 迭代 159 完成，用时 0.35秒
[2025-07-10 09:00:04] [INFO] 迭代 160 完成，用时 0.40秒
[2025-07-10 09:00:05] [INFO] 迭代 161 完成，用时 0.34秒
[2025-07-10 09:00:05] [INFO] 迭代 162 完成，用时 0.32秒
[2025-07-10 09:00:05] [INFO] 迭代 163 完成，用时 0.35秒
[2025-07-10 09:00:06] [INFO] 迭代 164 完成，用时 0.32秒
[2025-07-10 09:00:06] [INFO] 迭代 165 完成，用时 0.33秒
[2025-07-10 09:00:06] [INFO] 迭代 166 完成，用时 0.33秒
[2025-07-10 09:00:07] [INFO] 迭代 167 完成，用时 0.33秒
[2025-07-10 09:00:07] [INFO] 迭代 168 完成，用时 0.32秒
[2025-07-10 09:00:07] [INFO] 迭代 169 完成，用时 0.33秒
[2025-07-10 09:00:08] [INFO] 迭代 170 完成，用时 0.39秒
[2025-07-10 09:00:08] [INFO] 迭代 171 完成，用时 0.34秒
[2025-07-10 09:00:08] [INFO] 迭代 172 完成，用时 0.33秒
[2025-07-10 09:00:09] [INFO] 迭代 173 完成，用时 0.33秒
[2025-07-10 09:00:09] [INFO] 迭代 174 完成，用时 0.32秒
[2025-07-10 09:00:10] [INFO] 迭代 175 完成，用时 0.36秒
[2025-07-10 09:00:10] [INFO] 迭代 176 完成，用时 0.32秒
[2025-07-10 09:00:10] [INFO] 迭代 177 完成，用时 0.33秒
[2025-07-10 09:00:10] [INFO] 迭代 178 完成，用时 0.33秒
[2025-07-10 09:00:11] [INFO] 迭代 179 完成，用时 0.32秒
[2025-07-10 09:00:11] [INFO] 迭代 180 完成，用时 0.39秒
[2025-07-10 09:00:12] [INFO] 迭代 181 完成，用时 0.34秒
[2025-07-10 09:00:12] [INFO] 迭代 182 完成，用时 0.32秒
[2025-07-10 09:00:12] [INFO] 迭代 183 完成，用时 0.33秒
[2025-07-10 09:00:13] [INFO] 迭代 184 完成，用时 0.33秒
[2025-07-10 09:00:13] [INFO] 迭代 185 完成，用时 0.33秒
[2025-07-10 09:00:13] [INFO] 迭代 186 完成，用时 0.33秒
[2025-07-10 09:00:14] [INFO] 迭代 187 完成，用时 0.33秒
[2025-07-10 09:00:14] [INFO] 迭代 188 完成，用时 0.32秒
[2025-07-10 09:00:14] [INFO] 迭代 189 完成，用时 0.33秒
[2025-07-10 09:00:15] [INFO] 迭代 190 完成，用时 0.40秒
[2025-07-10 09:00:15] [INFO] 迭代 191 完成，用时 0.34秒
[2025-07-10 09:00:15] [INFO] 迭代 192 完成，用时 0.34秒
[2025-07-10 09:00:16] [INFO] 迭代 193 完成，用时 0.33秒
[2025-07-10 09:00:16] [INFO] 迭代 194 完成，用时 0.32秒
[2025-07-10 09:00:16] [INFO] 迭代 195 完成，用时 0.33秒
[2025-07-10 09:00:17] [INFO] 迭代 196 完成，用时 0.32秒
[2025-07-10 09:00:17] [INFO] 迭代 197 完成，用时 0.33秒
[2025-07-10 09:00:17] [INFO] 迭代 198 完成，用时 0.34秒
[2025-07-10 09:00:18] [INFO] 迭代 199 完成，用时 0.34秒
[2025-07-10 09:00:20] [INFO] 迭代 200 完成，用时 2.01秒
[2025-07-10 09:00:20] [INFO] 迭代 201 完成，用时 0.34秒
[2025-07-10 09:00:20] [INFO] 迭代 202 完成，用时 0.34秒
[2025-07-10 09:00:21] [INFO] 迭代 203 完成，用时 0.33秒
[2025-07-10 09:00:21] [INFO] 迭代 204 完成，用时 0.34秒
[2025-07-10 09:00:21] [INFO] 迭代 205 完成，用时 0.33秒
[2025-07-10 09:00:22] [INFO] 迭代 206 完成，用时 0.33秒
[2025-07-10 09:00:22] [INFO] 迭代 207 完成，用时 0.34秒
[2025-07-10 09:00:22] [INFO] 迭代 208 完成，用时 0.34秒
[2025-07-10 09:00:23] [INFO] 迭代 209 完成，用时 0.33秒
[2025-07-10 09:00:23] [INFO] 迭代 210 完成，用时 0.39秒
[2025-07-10 09:00:23] [INFO] 迭代 211 完成，用时 0.36秒
[2025-07-10 09:00:24] [INFO] 迭代 212 完成，用时 0.34秒
[2025-07-10 09:00:24] [INFO] 迭代 213 完成，用时 0.33秒
[2025-07-10 09:00:24] [INFO] 迭代 214 完成，用时 0.34秒
[2025-07-10 09:00:25] [INFO] 迭代 215 完成，用时 0.32秒
[2025-07-10 09:00:25] [INFO] 迭代 216 完成，用时 0.34秒
[2025-07-10 09:00:25] [INFO] 迭代 217 完成，用时 0.36秒
[2025-07-10 09:00:26] [INFO] 迭代 218 完成，用时 0.33秒
[2025-07-10 09:00:26] [INFO] 迭代 219 完成，用时 0.33秒
[2025-07-10 09:00:26] [INFO] 迭代 220 完成，用时 0.40秒
[2025-07-10 09:00:27] [INFO] 迭代 221 完成，用时 0.33秒
[2025-07-10 09:00:27] [INFO] 迭代 222 完成，用时 0.33秒
[2025-07-10 09:00:27] [INFO] 迭代 223 完成，用时 0.34秒
[2025-07-10 09:00:28] [INFO] 迭代 224 完成，用时 0.34秒
[2025-07-10 09:00:28] [INFO] 迭代 225 完成，用时 0.32秒
[2025-07-10 09:00:28] [INFO] 迭代 226 完成，用时 0.34秒
[2025-07-10 09:00:29] [INFO] 迭代 227 完成，用时 0.33秒
[2025-07-10 09:00:29] [INFO] 迭代 228 完成，用时 0.34秒
[2025-07-10 09:00:29] [INFO] 迭代 229 完成，用时 0.34秒
[2025-07-10 09:00:30] [INFO] 迭代 230 完成，用时 0.40秒
[2025-07-10 09:00:30] [INFO] 迭代 231 完成，用时 0.34秒
[2025-07-10 09:00:31] [INFO] 迭代 232 完成，用时 0.35秒
[2025-07-10 09:00:31] [INFO] 迭代 233 完成，用时 0.36秒
[2025-07-10 09:00:31] [INFO] 迭代 234 完成，用时 0.35秒
[2025-07-10 09:00:32] [INFO] 迭代 235 完成，用时 0.34秒
[2025-07-10 09:00:32] [INFO] 迭代 236 完成，用时 0.33秒
[2025-07-10 09:00:32] [INFO] 迭代 237 完成，用时 0.35秒
[2025-07-10 09:00:33] [INFO] 迭代 238 完成，用时 0.34秒
[2025-07-10 09:00:33] [INFO] 迭代 239 完成，用时 0.33秒
[2025-07-10 09:00:33] [INFO] 迭代 240 完成，用时 0.42秒
[2025-07-10 09:00:34] [INFO] 迭代 241 完成，用时 0.35秒
[2025-07-10 09:00:34] [INFO] 迭代 242 完成，用时 0.35秒
[2025-07-10 09:00:34] [INFO] 迭代 243 完成，用时 0.34秒
[2025-07-10 09:00:35] [INFO] 迭代 244 完成，用时 0.34秒
[2025-07-10 09:00:35] [INFO] 迭代 245 完成，用时 0.34秒
[2025-07-10 09:00:35] [INFO] 迭代 246 完成，用时 0.34秒
[2025-07-10 09:00:36] [INFO] 迭代 247 完成，用时 0.33秒
[2025-07-10 09:00:36] [INFO] 迭代 248 完成，用时 0.37秒
[2025-07-10 09:00:36] [INFO] 迭代 249 完成，用时 0.33秒
[2025-07-10 09:00:37] [INFO] 迭代 250 完成，用时 0.44秒
[2025-07-10 09:00:37] [INFO] 迭代 251 完成，用时 0.36秒
[2025-07-10 09:00:38] [INFO] 迭代 252 完成，用时 0.34秒
[2025-07-10 09:00:38] [INFO] 迭代 253 完成，用时 0.34秒
[2025-07-10 09:00:38] [INFO] 迭代 254 完成，用时 0.34秒
[2025-07-10 09:00:39] [INFO] 迭代 255 完成，用时 0.35秒
[2025-07-10 09:00:39] [INFO] 迭代 256 完成，用时 0.37秒
[2025-07-10 09:00:39] [INFO] 迭代 257 完成，用时 0.38秒
[2025-07-10 09:00:40] [INFO] 迭代 258 完成，用时 0.34秒
[2025-07-10 09:00:40] [INFO] 迭代 259 完成，用时 0.35秒
[2025-07-10 09:00:40] [INFO] 迭代 260 完成，用时 0.41秒
[2025-07-10 09:00:41] [INFO] 迭代 261 完成，用时 0.41秒
[2025-07-10 09:00:41] [INFO] 迭代 262 完成，用时 0.38秒
[2025-07-10 09:00:42] [INFO] 迭代 263 完成，用时 0.42秒
[2025-07-10 09:00:42] [INFO] 迭代 264 完成，用时 0.41秒
[2025-07-10 09:00:42] [INFO] 迭代 265 完成，用时 0.38秒
[2025-07-10 09:00:43] [INFO] 迭代 266 完成，用时 0.34秒
[2025-07-10 09:00:43] [INFO] 迭代 267 完成，用时 0.34秒
[2025-07-10 09:00:44] [INFO] 迭代 268 完成，用时 0.43秒
[2025-07-10 09:00:44] [INFO] 迭代 269 完成，用时 0.36秒
[2025-07-10 09:00:44] [INFO] 迭代 270 完成，用时 0.44秒
[2025-07-10 09:00:45] [INFO] 迭代 271 完成，用时 0.37秒
[2025-07-10 09:00:45] [INFO] 迭代 272 完成，用时 0.37秒
[2025-07-10 09:00:45] [INFO] 迭代 273 完成，用时 0.35秒
[2025-07-10 09:00:46] [INFO] 迭代 274 完成，用时 0.34秒
[2025-07-10 09:00:46] [INFO] 迭代 275 完成，用时 0.34秒
[2025-07-10 09:00:46] [INFO] 迭代 276 完成，用时 0.35秒
[2025-07-10 09:00:47] [INFO] 迭代 277 完成，用时 0.34秒
[2025-07-10 09:00:47] [INFO] 迭代 278 完成，用时 0.34秒
[2025-07-10 09:00:48] [INFO] 迭代 279 完成，用时 0.34秒
[2025-07-10 09:00:48] [INFO] 迭代 280 完成，用时 0.40秒
[2025-07-10 09:00:48] [INFO] 迭代 281 完成，用时 0.36秒
[2025-07-10 09:00:49] [INFO] 迭代 282 完成，用时 0.34秒
[2025-07-10 09:00:49] [INFO] 迭代 283 完成，用时 0.34秒
[2025-07-10 09:00:49] [INFO] 迭代 284 完成，用时 0.35秒
[2025-07-10 09:00:50] [INFO] 迭代 285 完成，用时 0.35秒
[2025-07-10 09:00:50] [INFO] 迭代 286 完成，用时 0.33秒
[2025-07-10 09:00:50] [INFO] 迭代 287 完成，用时 0.36秒
[2025-07-10 09:00:51] [INFO] 迭代 288 完成，用时 0.33秒
[2025-07-10 09:00:51] [INFO] 迭代 289 完成，用时 0.34秒
[2025-07-10 09:00:51] [INFO] 迭代 290 完成，用时 0.41秒
[2025-07-10 09:00:52] [INFO] 迭代 291 完成，用时 0.35秒
[2025-07-10 09:00:52] [INFO] 迭代 292 完成，用时 0.34秒
[2025-07-10 09:00:52] [INFO] 迭代 293 完成，用时 0.36秒
[2025-07-10 09:00:53] [INFO] 迭代 294 完成，用时 0.33秒
[2025-07-10 09:00:53] [INFO] 迭代 295 完成，用时 0.36秒
[2025-07-10 09:00:54] [INFO] 迭代 296 完成，用时 0.39秒
[2025-07-10 09:00:54] [INFO] 迭代 297 完成，用时 0.34秒
[2025-07-10 09:00:54] [INFO] 迭代 298 完成，用时 0.34秒
[2025-07-10 09:00:55] [INFO] 迭代 299 完成，用时 0.34秒
[2025-07-10 09:00:57] [INFO] 迭代 300 完成，用时 2.09秒
[2025-07-10 09:00:57] [INFO] 迭代 301 完成，用时 0.36秒
[2025-07-10 09:00:57] [INFO] 迭代 302 完成，用时 0.36秒
[2025-07-10 09:00:58] [INFO] 迭代 303 完成，用时 0.35秒
[2025-07-10 09:00:58] [INFO] 迭代 304 完成，用时 0.34秒
[2025-07-10 09:00:58] [INFO] 迭代 305 完成，用时 0.35秒
[2025-07-10 09:00:59] [INFO] 迭代 306 完成，用时 0.34秒
[2025-07-10 09:00:59] [INFO] 迭代 307 完成，用时 0.37秒
[2025-07-10 09:01:00] [INFO] 迭代 308 完成，用时 0.35秒
[2025-07-10 09:01:00] [INFO] 迭代 309 完成，用时 0.34秒
[2025-07-10 09:01:00] [INFO] 迭代 310 完成，用时 0.41秒
[2025-07-10 09:01:01] [INFO] 迭代 311 完成，用时 0.36秒
[2025-07-10 09:01:01] [INFO] 迭代 312 完成，用时 0.34秒
[2025-07-10 09:01:01] [INFO] 迭代 313 完成，用时 0.37秒
[2025-07-10 09:01:02] [INFO] 迭代 314 完成，用时 0.34秒
[2025-07-10 09:01:02] [INFO] 迭代 315 完成，用时 0.34秒
[2025-07-10 09:01:02] [INFO] 迭代 316 完成，用时 0.35秒
[2025-07-10 09:01:03] [INFO] 迭代 317 完成，用时 0.34秒
[2025-07-10 09:01:03] [INFO] 迭代 318 完成，用时 0.33秒
[2025-07-10 09:01:03] [INFO] 迭代 319 完成，用时 0.35秒
[2025-07-10 09:01:04] [INFO] 迭代 320 完成，用时 0.41秒
[2025-07-10 09:01:04] [INFO] 迭代 321 完成，用时 0.36秒
[2025-07-10 09:01:05] [INFO] 迭代 322 完成，用时 0.36秒
[2025-07-10 09:01:05] [INFO] 迭代 323 完成，用时 0.34秒
[2025-07-10 09:01:05] [INFO] 迭代 324 完成，用时 0.35秒
[2025-07-10 09:01:06] [INFO] 迭代 325 完成，用时 0.35秒
[2025-07-10 09:01:06] [INFO] 迭代 326 完成，用时 0.35秒
[2025-07-10 09:01:06] [INFO] 迭代 327 完成，用时 0.36秒
[2025-07-10 09:01:07] [INFO] 迭代 328 完成，用时 0.35秒
[2025-07-10 09:01:07] [INFO] 迭代 329 完成，用时 0.34秒
[2025-07-10 09:01:07] [INFO] 迭代 330 完成，用时 0.43秒
[2025-07-10 09:01:08] [INFO] 迭代 331 完成，用时 0.37秒
[2025-07-10 09:01:08] [INFO] 迭代 332 完成，用时 0.37秒
[2025-07-10 09:01:08] [INFO] 迭代 333 完成，用时 0.35秒
[2025-07-10 09:01:09] [INFO] 迭代 334 完成，用时 0.35秒
[2025-07-10 09:01:09] [INFO] 迭代 335 完成，用时 0.35秒
[2025-07-10 09:01:10] [INFO] 迭代 336 完成，用时 0.36秒
[2025-07-10 09:01:10] [INFO] 迭代 337 完成，用时 0.35秒
[2025-07-10 09:01:10] [INFO] 迭代 338 完成，用时 0.36秒
[2025-07-10 09:01:11] [INFO] 迭代 339 完成，用时 0.39秒
[2025-07-10 09:01:11] [INFO] 迭代 340 完成，用时 0.41秒
[2025-07-10 09:01:11] [INFO] 迭代 341 完成，用时 0.45秒
[2025-07-10 09:01:12] [INFO] 迭代 342 完成，用时 0.42秒
[2025-07-10 09:01:12] [INFO] 迭代 343 完成，用时 0.45秒
[2025-07-10 09:01:13] [INFO] 迭代 344 完成，用时 0.45秒
[2025-07-10 09:01:13] [INFO] 迭代 345 完成，用时 0.44秒
[2025-07-10 09:01:14] [INFO] 迭代 346 完成，用时 0.43秒
[2025-07-10 09:01:14] [INFO] 迭代 347 完成，用时 0.44秒
[2025-07-10 09:01:15] [INFO] 迭代 348 完成，用时 0.43秒
[2025-07-10 09:01:15] [INFO] 迭代 349 完成，用时 0.44秒
[2025-07-10 09:01:16] [INFO] 迭代 350 完成，用时 0.52秒
[2025-07-10 09:01:16] [INFO] 迭代 351 完成，用时 0.45秒
[2025-07-10 09:01:16] [INFO] 迭代 352 完成，用时 0.46秒
[2025-07-10 09:01:17] [INFO] 迭代 353 完成，用时 0.44秒
[2025-07-10 09:01:17] [INFO] 迭代 354 完成，用时 0.44秒
[2025-07-10 09:01:18] [INFO] 迭代 355 完成，用时 0.45秒
[2025-07-10 09:01:18] [INFO] 迭代 356 完成，用时 0.47秒
[2025-07-10 09:01:19] [INFO] 迭代 357 完成，用时 0.44秒
[2025-07-10 09:01:19] [INFO] 迭代 358 完成，用时 0.45秒
[2025-07-10 09:01:20] [INFO] 迭代 359 完成，用时 0.51秒
[2025-07-10 09:01:20] [INFO] 迭代 360 完成，用时 0.53秒
[2025-07-10 09:01:21] [INFO] 迭代 361 完成，用时 0.50秒
[2025-07-10 09:01:21] [INFO] 迭代 362 完成，用时 0.46秒
[2025-07-10 09:01:22] [INFO] 迭代 363 完成，用时 0.44秒
[2025-07-10 09:01:22] [INFO] 迭代 364 完成，用时 0.44秒
[2025-07-10 09:01:22] [INFO] 迭代 365 完成，用时 0.47秒
[2025-07-10 09:01:23] [INFO] 迭代 366 完成，用时 0.44秒
[2025-07-10 09:01:23] [INFO] 迭代 367 完成，用时 0.46秒
[2025-07-10 09:01:24] [INFO] 迭代 368 完成，用时 0.44秒
[2025-07-10 09:01:24] [INFO] 迭代 369 完成，用时 0.45秒
[2025-07-10 09:01:25] [INFO] 迭代 370 完成，用时 0.56秒
[2025-07-10 09:01:25] [INFO] 迭代 371 完成，用时 0.53秒
[2025-07-10 09:01:26] [INFO] 迭代 372 完成，用时 0.47秒
[2025-07-10 09:01:26] [INFO] 迭代 373 完成，用时 0.47秒
[2025-07-10 09:01:27] [INFO] 迭代 374 完成，用时 0.46秒
[2025-07-10 09:01:27] [INFO] 迭代 375 完成，用时 0.46秒
[2025-07-10 09:01:28] [INFO] 迭代 376 完成，用时 0.39秒
[2025-07-10 09:01:28] [INFO] 迭代 377 完成，用时 0.38秒
[2025-07-10 09:01:28] [INFO] 迭代 378 完成，用时 0.39秒
[2025-07-10 09:01:29] [INFO] 迭代 379 完成，用时 0.38秒
[2025-07-10 09:01:29] [INFO] 迭代 380 完成，用时 0.44秒
[2025-07-10 09:01:30] [INFO] 迭代 381 完成，用时 0.50秒
[2025-07-10 09:01:30] [INFO] 迭代 382 完成，用时 0.48秒
[2025-07-10 09:01:31] [INFO] 迭代 383 完成，用时 0.50秒
[2025-07-10 09:01:31] [INFO] 迭代 384 完成，用时 0.48秒
[2025-07-10 09:01:32] [INFO] 迭代 385 完成，用时 0.50秒
[2025-07-10 09:01:32] [INFO] 迭代 386 完成，用时 0.47秒
[2025-07-10 09:01:33] [INFO] 迭代 387 完成，用时 0.49秒
[2025-07-10 09:01:33] [INFO] 迭代 388 完成，用时 0.49秒
[2025-07-10 09:01:34] [INFO] 迭代 389 完成，用时 0.48秒
[2025-07-10 09:01:34] [INFO] 迭代 390 完成，用时 0.58秒
[2025-07-10 09:01:35] [INFO] 迭代 391 完成，用时 0.51秒
[2025-07-10 09:01:35] [INFO] 迭代 392 完成，用时 0.54秒
[2025-07-10 09:01:36] [INFO] 迭代 393 完成，用时 0.50秒
[2025-07-10 09:01:36] [INFO] 迭代 394 完成，用时 0.48秒
[2025-07-10 09:01:37] [INFO] 迭代 395 完成，用时 0.49秒
[2025-07-10 09:01:37] [INFO] 迭代 396 完成，用时 0.48秒
[2025-07-10 09:01:38] [INFO] 迭代 397 完成，用时 0.48秒
[2025-07-10 09:01:38] [INFO] 迭代 398 完成，用时 0.39秒
[2025-07-10 09:01:38] [INFO] 迭代 399 完成，用时 0.37秒
[2025-07-10 09:01:41] [INFO] 迭代 400 完成，用时 2.09秒
[2025-07-10 09:01:41] [INFO] 迭代 401 完成，用时 0.47秒
[2025-07-10 09:01:41] [INFO] 迭代 402 完成，用时 0.48秒
[2025-07-10 09:01:42] [INFO] 迭代 403 完成，用时 0.44秒
[2025-07-10 09:01:42] [INFO] 迭代 404 完成，用时 0.49秒
[2025-07-10 09:01:43] [INFO] 迭代 405 完成，用时 0.47秒
[2025-07-10 09:01:43] [INFO] 迭代 406 完成，用时 0.45秒
[2025-07-10 09:01:44] [INFO] 迭代 407 完成，用时 0.45秒
[2025-07-10 09:01:44] [INFO] 迭代 408 完成，用时 0.45秒
[2025-07-10 09:01:45] [INFO] 迭代 409 完成，用时 0.46秒
[2025-07-10 09:01:45] [INFO] 迭代 410 完成，用时 0.54秒
[2025-07-10 09:01:46] [INFO] 迭代 411 完成，用时 0.50秒
[2025-07-10 09:01:46] [INFO] 迭代 412 完成，用时 0.46秒
[2025-07-10 09:01:47] [INFO] 迭代 413 完成，用时 0.46秒
[2025-07-10 09:01:47] [INFO] 迭代 414 完成，用时 0.45秒
[2025-07-10 09:01:48] [INFO] 迭代 415 完成，用时 0.46秒
[2025-07-10 09:01:48] [INFO] 迭代 416 完成，用时 0.46秒
[2025-07-10 09:01:48] [INFO] 迭代 417 完成，用时 0.46秒
[2025-07-10 09:01:49] [INFO] 迭代 418 完成，用时 0.47秒
[2025-07-10 09:01:49] [INFO] 迭代 419 完成，用时 0.47秒
[2025-07-10 09:01:50] [INFO] 迭代 420 完成，用时 0.55秒
[2025-07-10 09:01:50] [INFO] 迭代 421 完成，用时 0.51秒
[2025-07-10 09:01:51] [INFO] 迭代 422 完成，用时 0.46秒
[2025-07-10 09:01:51] [INFO] 迭代 423 完成，用时 0.46秒
[2025-07-10 09:01:52] [INFO] 迭代 424 完成，用时 0.46秒
[2025-07-10 09:01:52] [INFO] 迭代 425 完成，用时 0.45秒
[2025-07-10 09:01:53] [INFO] 迭代 426 完成，用时 0.45秒
[2025-07-10 09:01:53] [INFO] 迭代 427 完成，用时 0.46秒
[2025-07-10 09:01:54] [INFO] 迭代 428 完成，用时 0.49秒
[2025-07-10 09:01:54] [INFO] 迭代 429 完成，用时 0.46秒
[2025-07-10 09:01:55] [INFO] 迭代 430 完成，用时 0.54秒
[2025-07-10 09:01:55] [INFO] 迭代 431 完成，用时 0.49秒
[2025-07-10 09:01:56] [INFO] 迭代 432 完成，用时 0.45秒
[2025-07-10 09:01:56] [INFO] 迭代 433 完成，用时 0.47秒
[2025-07-10 09:01:57] [INFO] 迭代 434 完成，用时 0.43秒
[2025-07-10 09:01:57] [INFO] 迭代 435 完成，用时 0.43秒
[2025-07-10 09:01:57] [INFO] 迭代 436 完成，用时 0.44秒
[2025-07-10 09:01:58] [INFO] 迭代 437 完成，用时 0.42秒
[2025-07-10 09:01:58] [INFO] 迭代 438 完成，用时 0.43秒
[2025-07-10 09:01:59] [INFO] 迭代 439 完成，用时 0.40秒
[2025-07-10 09:01:59] [INFO] 迭代 440 完成，用时 0.52秒
[2025-07-10 09:02:00] [INFO] 迭代 441 完成，用时 0.49秒
[2025-07-10 09:02:00] [INFO] 迭代 442 完成，用时 0.44秒
[2025-07-10 09:02:01] [INFO] 迭代 443 完成，用时 0.45秒
[2025-07-10 09:02:01] [INFO] 迭代 444 完成，用时 0.45秒
[2025-07-10 09:02:01] [INFO] 迭代 445 完成，用时 0.45秒
[2025-07-10 09:02:02] [INFO] 迭代 446 完成，用时 0.45秒
[2025-07-10 09:02:02] [INFO] 迭代 447 完成，用时 0.46秒
[2025-07-10 09:02:03] [INFO] 迭代 448 完成，用时 0.46秒
[2025-07-10 09:02:03] [INFO] 迭代 449 完成，用时 0.48秒
[2025-07-10 09:02:04] [INFO] 迭代 450 完成，用时 0.55秒
[2025-07-10 09:02:04] [INFO] 迭代 451 完成，用时 0.48秒
[2025-07-10 09:02:05] [INFO] 迭代 452 完成，用时 0.48秒
[2025-07-10 09:02:05] [INFO] 迭代 453 完成，用时 0.47秒
[2025-07-10 09:02:06] [INFO] 迭代 454 完成，用时 0.47秒
[2025-07-10 09:02:06] [INFO] 迭代 455 完成，用时 0.47秒
[2025-07-10 09:02:07] [INFO] 迭代 456 完成，用时 0.48秒
[2025-07-10 09:02:07] [INFO] 迭代 457 完成，用时 0.46秒
[2025-07-10 09:02:08] [INFO] 迭代 458 完成，用时 0.47秒
[2025-07-10 09:02:08] [INFO] 迭代 459 完成，用时 0.47秒
[2025-07-10 09:02:09] [INFO] 迭代 460 完成，用时 0.54秒
[2025-07-10 09:02:09] [INFO] 迭代 461 完成，用时 0.50秒
[2025-07-10 09:02:10] [INFO] 迭代 462 完成，用时 0.46秒
[2025-07-10 09:02:10] [INFO] 迭代 463 完成，用时 0.46秒
[2025-07-10 09:02:11] [INFO] 迭代 464 完成，用时 0.47秒
[2025-07-10 09:02:11] [INFO] 迭代 465 完成，用时 0.47秒
[2025-07-10 09:02:12] [INFO] 迭代 466 完成，用时 0.47秒
[2025-07-10 09:02:12] [INFO] 迭代 467 完成，用时 0.46秒
[2025-07-10 09:02:12] [INFO] 迭代 468 完成，用时 0.46秒
[2025-07-10 09:02:13] [INFO] 迭代 469 完成，用时 0.48秒
[2025-07-10 09:02:13] [INFO] 迭代 470 完成，用时 0.55秒
[2025-07-10 09:02:14] [INFO] 迭代 471 完成，用时 0.49秒
[2025-07-10 09:02:14] [INFO] 迭代 472 完成，用时 0.47秒
[2025-07-10 09:02:15] [INFO] 迭代 473 完成，用时 0.48秒
[2025-07-10 09:02:15] [INFO] 迭代 474 完成，用时 0.50秒
[2025-07-10 09:02:16] [INFO] 迭代 475 完成，用时 0.46秒
[2025-07-10 09:02:16] [INFO] 迭代 476 完成，用时 0.50秒
[2025-07-10 09:02:17] [INFO] 迭代 477 完成，用时 0.47秒
[2025-07-10 09:02:17] [INFO] 迭代 478 完成，用时 0.46秒
[2025-07-10 09:02:18] [INFO] 迭代 479 完成，用时 0.47秒
[2025-07-10 09:02:18] [INFO] 迭代 480 完成，用时 0.55秒
[2025-07-10 09:02:19] [INFO] 迭代 481 完成，用时 0.50秒
[2025-07-10 09:02:19] [INFO] 迭代 482 完成，用时 0.47秒
[2025-07-10 09:02:20] [INFO] 迭代 483 完成，用时 0.47秒
[2025-07-10 09:02:20] [INFO] 迭代 484 完成，用时 0.46秒
[2025-07-10 09:02:21] [INFO] 迭代 485 完成，用时 0.47秒
[2025-07-10 09:02:21] [INFO] 迭代 486 完成，用时 0.47秒
[2025-07-10 09:02:22] [INFO] 迭代 487 完成，用时 0.47秒
[2025-07-10 09:02:22] [INFO] 迭代 488 完成，用时 0.48秒
[2025-07-10 09:02:23] [INFO] 迭代 489 完成，用时 0.48秒
[2025-07-10 09:02:23] [INFO] 迭代 490 完成，用时 0.55秒
[2025-07-10 09:02:24] [INFO] 迭代 491 完成，用时 0.49秒
[2025-07-10 09:02:24] [INFO] 迭代 492 完成，用时 0.47秒
[2025-07-10 09:02:25] [INFO] 迭代 493 完成，用时 0.47秒
[2025-07-10 09:02:25] [INFO] 迭代 494 完成，用时 0.48秒
[2025-07-10 09:02:26] [INFO] 迭代 495 完成，用时 0.48秒
[2025-07-10 09:02:26] [INFO] 迭代 496 完成，用时 0.48秒
[2025-07-10 09:02:27] [INFO] 迭代 497 完成，用时 0.49秒
[2025-07-10 09:02:27] [INFO] 迭代 498 完成，用时 0.47秒
[2025-07-10 09:02:27] [INFO] 迭代 499 完成，用时 0.47秒
[2025-07-10 09:02:30] [INFO] 迭代 500 完成，用时 2.23秒
[2025-07-10 09:02:30] [INFO] FSP仿真完成，总用时: 200.13秒
[2025-07-10 09:02:42] [ERROR] 仿真出错: 类 EnhancedReportGenerator 没有名为 'compareResourceEfficiency' 的常量属性或静态方法。
[2025-07-10 09:02:42] [ERROR] 错误位置: D:\CODE\FSP\visualization\EnhancedReportGenerator.m, 行号: 288
[2025-07-10 14:31:27] [INFO] 日志系统初始化
[2025-07-10 14:31:27] [INFO] 改进版FSP仿真开始
[2025-07-10 14:33:07] [ERROR] 仿真出错: 错误: <a href="matlab: opentoline('D:\CODE\FSP\visualization\EnhancedReportGenerator.m',647,1)">文件: EnhancedReportGenerator.m 行: 647 列: 1</a>
非法使用保留关键字 "classdef"。
[2025-07-10 14:33:07] [ERROR] 错误位置: D:\CODE\FSP\main_improved_fsp_simulation.m, 行号: 103
[2025-07-10 14:39:46] [INFO] 日志系统初始化
[2025-07-10 14:39:46] [INFO] 改进版FSP仿真开始
[2025-07-10 14:41:41] [INFO] 改进版仿真成功完成
[2025-07-10 20:26:45] [INFO] 日志系统初始化
[2025-07-10 20:26:45] [INFO] 改进版FSP仿真开始
[2025-07-10 20:26:45] [ERROR] 仿真出错: 串联维度不一致，因为 1×9 'char' 数组已转换为 1×1 'cell' 数组。请在串联之前考虑创建相同类型的数组。
[2025-07-10 20:26:45] [ERROR] 错误位置: D:\CODE\FSP-IDS\core\CyberBattleTCSEnvironment.m, 行号: 71
[2025-07-10 20:28:27] [INFO] 日志系统初始化
[2025-07-10 20:28:27] [INFO] 改进版FSP仿真开始
[2025-07-10 20:28:27] [ERROR] 仿真出错: 串联维度不一致，因为 1×9 'char' 数组已转换为 1×1 'cell' 数组。请在串联之前考虑创建相同类型的数组。
[2025-07-10 20:28:27] [ERROR] 错误位置: D:\CODE\FSP-IDS\core\CyberBattleTCSEnvironment.m, 行号: 71
[2025-07-10 20:28:53] [INFO] 日志系统初始化
[2025-07-10 20:28:53] [INFO] 改进版FSP仿真开始
[2025-07-10 20:28:53] [ERROR] 仿真出错: 串联维度不一致，因为 1×9 'char' 数组已转换为 1×1 'cell' 数组。请在串联之前考虑创建相同类型的数组。
[2025-07-10 20:28:53] [ERROR] 错误位置: D:\CODE\FSP-IDS\core\CyberBattleTCSEnvironment.m, 行号: 71
[2025-07-10 20:30:41] [INFO] 日志系统初始化
[2025-07-10 20:30:41] [INFO] 改进版FSP仿真开始
[2025-07-10 20:30:41] [ERROR] 仿真出错: 串联维度不一致，因为 1×9 'char' 数组已转换为 1×1 'cell' 数组。请在串联之前考虑创建相同类型的数组。
[2025-07-10 20:30:41] [ERROR] 错误位置: D:\CODE\FSP-IDS\core\CyberBattleTCSEnvironment.m, 行号: 71
[2025-07-10 20:31:35] [INFO] 日志系统初始化
[2025-07-10 20:31:35] [INFO] 改进版FSP仿真开始
[2025-07-10 20:31:35] [ERROR] 仿真出错: 要串联的数组的维度不一致。
[2025-07-10 20:31:35] [ERROR] 错误位置: D:\CODE\FSP-IDS\core\CyberBattleTCSEnvironment.m, 行号: 72
[2025-07-10 20:32:33] [INFO] 日志系统初始化
[2025-07-10 20:32:33] [INFO] 改进版FSP仿真开始
[2025-07-10 20:32:33] [ERROR] 仿真出错: 逻辑 AND (&&)和 OR (||)运算符的操作数必须可转换为标量逻辑值。请使用 ANY 或 ALL 函数将操作数简化为标量逻辑值。
[2025-07-10 20:32:33] [ERROR] 错误位置: D:\CODE\FSP-IDS\agents\QLearningAgent.m, 行号: 30
[2025-07-10 20:39:15] [INFO] 日志系统初始化
[2025-07-10 20:39:15] [INFO] 改进版FSP仿真开始
[2025-07-10 20:39:15] [ERROR] 仿真出错: 错误: <a href="matlab: opentoline('D:\CODE\FSP-IDS\agents\QLearningAgent.m',26,9)">文件: QLearningAgent.m 行: 26 列: 9</a>
'selectAction' 已在 'QLearningAgent' 类中定义为方法。
[2025-07-10 20:39:15] [ERROR] 错误位置: D:\CODE\FSP-IDS\utils\AgentFactory.m, 行号: 9
[2025-07-10 20:44:02] [INFO] 日志系统初始化
[2025-07-10 20:44:02] [INFO] 改进版FSP仿真开始
[2025-07-10 20:44:02] [ERROR] 仿真出错: 索引超过数组元素的数量。索引不能超过 1。
[2025-07-10 20:44:02] [ERROR] 错误位置: D:\CODE\FSP-IDS\core\CyberBattleTCSEnvironment.m, 行号: 286
[2025-07-10 20:48:59] [INFO] 日志系统初始化
[2025-07-10 20:49:00] [INFO] 改进版FSP仿真开始
[2025-07-10 20:49:00] [ERROR] 仿真出错: 错误: <a href="matlab: opentoline('D:\CODE\FSP-IDS\core\CyberBattleTCSEnvironment.m',320,9)">文件: CyberBattleTCSEnvironment.m 行: 320 列: 9</a>
'parseAttackerAction' 已在 'CyberBattleTCSEnvironment' 类中定义为方法。
[2025-07-10 20:49:00] [ERROR] 错误位置: D:\CODE\FSP-IDS\main_improved_fsp_simulation.m, 行号: 34
[2025-07-10 20:56:11] [INFO] 日志系统初始化
[2025-07-10 20:56:11] [INFO] 改进版FSP仿真开始
[2025-07-10 20:56:11] [ERROR] 仿真出错: 逻辑 AND (&&)和 OR (||)运算符的操作数必须可转换为标量逻辑值。请使用 ANY 或 ALL 函数将操作数简化为标量逻辑值。
[2025-07-10 20:56:11] [ERROR] 错误位置: D:\CODE\FSP-IDS\agents\QLearningAgent.m, 行号: 43
[2025-07-10 20:57:45] [INFO] 日志系统初始化
[2025-07-10 20:57:45] [INFO] 改进版FSP仿真开始
[2025-07-10 20:57:45] [ERROR] 仿真出错: 位置 1 处的索引无效。数组索引必须为正整数或逻辑值。
[2025-07-10 20:57:45] [ERROR] 错误位置: D:\CODE\FSP-IDS\agents\SARSAAgent.m, 行号: 39
[2025-07-10 20:58:50] [INFO] 日志系统初始化
[2025-07-10 20:58:50] [INFO] 改进版FSP仿真开始
[2025-07-10 20:58:50] [ERROR] 仿真出错: 未识别类 'DoubleQLearningAgent' 的方法、属性或字段 'Q_table'。
[2025-07-10 20:58:50] [ERROR] 错误位置: D:\CODE\FSP-IDS\agents\DoubleQLearningAgent.m, 行号: 23
[2025-07-10 21:00:16] [INFO] 日志系统初始化
[2025-07-10 21:00:16] [INFO] 改进版FSP仿真开始
[2025-07-10 21:02:05] [INFO] 改进版仿真成功完成
