[2025-07-16 08:47:37] [INFO] 日志系统初始化
[2025-07-16 08:47:37] [INFO] FSP-TCS仿真开始
[2025-07-16 08:47:38] [INFO] Episode 50: RADI=2.666, Success Rate=0.940
[2025-07-16 08:47:38] [INFO]   攻击者策略: [6 8 1 7 10 10 5 6 10 6]
[2025-07-16 08:47:38] [INFO]   防御者策略: [5 5 3 1 7 7 3 2 2 4]
[2025-07-16 08:47:39] [INFO] Episode 100: RADI=2.618, Success Rate=0.970
[2025-07-16 08:47:39] [INFO]   攻击者策略: [1 5 1 7 10 10 5 6 10 6]
[2025-07-16 08:47:39] [INFO]   防御者策略: [3 3 3 1 7 7 3 2 2 4]
[2025-07-16 08:47:40] [INFO] Episode 150: RADI=2.149, Success Rate=0.980
[2025-07-16 08:47:40] [INFO]   攻击者策略: [3 4 1 7 10 10 5 6 10 6]
[2025-07-16 08:47:40] [INFO]   防御者策略: [3 6 3 1 7 7 3 2 2 4]
[2025-07-16 08:47:41] [INFO] Episode 200: RADI=2.706, Success Rate=0.990
[2025-07-16 08:47:41] [INFO]   攻击者策略: [7 5 1 7 10 10 5 6 10 6]
[2025-07-16 08:47:41] [INFO]   防御者策略: [3 6 3 1 7 7 3 2 2 4]
[2025-07-16 08:47:42] [INFO] Episode 250: RADI=2.690, Success Rate=0.990
[2025-07-16 08:47:42] [INFO]   攻击者策略: [8 2 1 7 10 10 5 6 10 6]
[2025-07-16 08:47:42] [INFO]   防御者策略: [3 6 3 1 7 7 3 2 2 4]
[2025-07-16 08:47:43] [INFO] Episode 300: RADI=2.711, Success Rate=0.990
[2025-07-16 08:47:43] [INFO]   攻击者策略: [9 1 1 7 10 10 5 6 10 6]
[2025-07-16 08:47:43] [INFO]   防御者策略: [3 6 3 1 7 7 3 2 2 4]
[2025-07-16 08:47:44] [INFO] Episode 350: RADI=2.665, Success Rate=0.990
[2025-07-16 08:47:44] [INFO]   攻击者策略: [9 2 1 7 10 10 5 6 10 6]
[2025-07-16 08:47:44] [INFO]   防御者策略: [3 6 3 1 7 7 3 2 2 4]
[2025-07-16 08:47:46] [INFO] Episode 400: RADI=2.623, Success Rate=0.980
[2025-07-16 08:47:46] [INFO]   攻击者策略: [2 9 1 7 10 10 5 6 10 6]
[2025-07-16 08:47:46] [INFO]   防御者策略: [3 3 3 1 7 7 3 2 2 4]
[2025-07-16 08:47:47] [INFO] Episode 450: RADI=2.694, Success Rate=0.970
[2025-07-16 08:47:47] [INFO]   攻击者策略: [2 5 1 7 10 10 5 6 10 6]
[2025-07-16 08:47:47] [INFO]   防御者策略: [3 6 3 1 7 7 3 2 2 4]
[2025-07-16 08:47:48] [INFO] Episode 500: RADI=2.724, Success Rate=0.980
[2025-07-16 08:47:48] [INFO]   攻击者策略: [10 5 1 7 10 10 5 6 10 6]
[2025-07-16 08:47:48] [INFO]   防御者策略: [3 6 3 1 7 7 3 2 2 4]
[2025-07-16 08:47:48] [INFO] 生成仿真报告...
[2025-07-16 08:47:51] [INFO] 结果已保存到: D:/CODE/FSP-IDS/results/results_20250716_084748.mat
[2025-07-16 08:47:51] [INFO] FSP-TCS仿真成功完成
