[2025-07-15 23:43:01] [INFO] 日志系统初始化
[2025-07-15 23:43:01] [INFO] 改进版FSP仿真开始
[2025-07-15 23:43:01] [INFO] 系统初始化完成
[2025-07-15 23:43:01] [INFO] 开始创建环境和智能体
[2025-07-15 23:43:01] [INFO] 开始仿真循环
[2025-07-15 23:43:01] [INFO] 迭代 1 完成，用时 0.05秒
[2025-07-15 23:43:01] [INFO] 迭代 2 完成，用时 0.02秒
[2025-07-15 23:43:01] [INFO] 迭代 3 完成，用时 0.02秒
[2025-07-15 23:43:01] [INFO] 迭代 4 完成，用时 0.01秒
[2025-07-15 23:43:01] [INFO] 迭代 5 完成，用时 0.01秒
[2025-07-15 23:43:01] [INFO] 迭代 6 完成，用时 0.01秒
[2025-07-15 23:43:01] [INFO] 迭代 7 完成，用时 0.01秒
[2025-07-15 23:43:01] [INFO] 迭代 8 完成，用时 0.01秒
[2025-07-15 23:43:01] [INFO] 迭代 9 完成，用时 0.01秒
[2025-07-15 23:43:01] [INFO] 迭代 10 完成，用时 0.01秒
[2025-07-15 23:43:01] [INFO] 迭代 11 完成，用时 0.02秒
[2025-07-15 23:43:01] [INFO] 迭代 12 完成，用时 0.02秒
[2025-07-15 23:43:01] [INFO] 迭代 13 完成，用时 0.02秒
[2025-07-15 23:43:01] [INFO] 迭代 14 完成，用时 0.01秒
[2025-07-15 23:43:01] [INFO] 迭代 15 完成，用时 0.01秒
[2025-07-15 23:43:01] [INFO] 迭代 16 完成，用时 0.01秒
[2025-07-15 23:43:01] [INFO] 迭代 17 完成，用时 0.01秒
[2025-07-15 23:43:01] [INFO] 迭代 18 完成，用时 0.01秒
[2025-07-15 23:43:01] [INFO] 迭代 19 完成，用时 0.01秒
[2025-07-15 23:43:01] [INFO] 迭代 20 完成，用时 0.02秒
[2025-07-15 23:43:01] [INFO] 迭代 21 完成，用时 0.01秒
[2025-07-15 23:43:01] [INFO] 迭代 22 完成，用时 0.01秒
[2025-07-15 23:43:01] [INFO] 迭代 23 完成，用时 0.01秒
[2025-07-15 23:43:01] [INFO] 迭代 24 完成，用时 0.01秒
[2025-07-15 23:43:01] [INFO] 迭代 25 完成，用时 0.02秒
[2025-07-15 23:43:01] [INFO] 迭代 26 完成，用时 0.01秒
[2025-07-15 23:43:01] [INFO] 迭代 27 完成，用时 0.01秒
[2025-07-15 23:43:01] [INFO] 迭代 28 完成，用时 0.02秒
[2025-07-15 23:43:01] [INFO] 迭代 29 完成，用时 0.02秒
[2025-07-15 23:43:01] [INFO] 迭代 30 完成，用时 0.01秒
[2025-07-15 23:43:01] [INFO] 迭代 31 完成，用时 0.01秒
[2025-07-15 23:43:01] [INFO] 迭代 32 完成，用时 0.02秒
[2025-07-15 23:43:02] [INFO] 迭代 33 完成，用时 0.02秒
[2025-07-15 23:43:02] [INFO] 迭代 34 完成，用时 0.01秒
[2025-07-15 23:43:02] [INFO] 迭代 35 完成，用时 0.02秒
[2025-07-15 23:43:02] [INFO] 迭代 36 完成，用时 0.02秒
[2025-07-15 23:43:02] [INFO] 迭代 37 完成，用时 0.02秒
[2025-07-15 23:43:02] [INFO] 迭代 38 完成，用时 0.01秒
[2025-07-15 23:43:02] [INFO] 迭代 39 完成，用时 0.02秒
[2025-07-15 23:43:02] [INFO] 迭代 40 完成，用时 0.01秒
[2025-07-15 23:43:02] [INFO] 迭代 41 完成，用时 0.01秒
[2025-07-15 23:43:02] [INFO] 迭代 42 完成，用时 0.01秒
[2025-07-15 23:43:02] [INFO] 迭代 43 完成，用时 0.01秒
[2025-07-15 23:43:02] [INFO] 迭代 44 完成，用时 0.01秒
[2025-07-15 23:43:02] [INFO] 迭代 45 完成，用时 0.01秒
[2025-07-15 23:43:02] [INFO] 迭代 46 完成，用时 0.01秒
[2025-07-15 23:43:02] [INFO] 迭代 47 完成，用时 0.02秒
[2025-07-15 23:43:02] [INFO] 迭代 48 完成，用时 0.01秒
[2025-07-15 23:43:02] [INFO] 迭代 49 完成，用时 0.02秒
[2025-07-15 23:43:02] [INFO] 迭代 50 完成，用时 0.02秒
[2025-07-15 23:43:02] [INFO] 迭代 51 完成，用时 0.02秒
[2025-07-15 23:43:02] [INFO] 迭代 52 完成，用时 0.01秒
[2025-07-15 23:43:02] [INFO] 迭代 53 完成，用时 0.01秒
[2025-07-15 23:43:02] [INFO] 迭代 54 完成，用时 0.02秒
[2025-07-15 23:43:02] [INFO] 迭代 55 完成，用时 0.01秒
[2025-07-15 23:43:02] [INFO] 迭代 56 完成，用时 0.01秒
[2025-07-15 23:43:02] [INFO] 迭代 57 完成，用时 0.01秒
[2025-07-15 23:43:02] [INFO] 迭代 58 完成，用时 0.01秒
[2025-07-15 23:43:02] [INFO] 迭代 59 完成，用时 0.01秒
[2025-07-15 23:43:02] [INFO] 迭代 60 完成，用时 0.01秒
[2025-07-15 23:43:02] [INFO] 迭代 61 完成，用时 0.01秒
[2025-07-15 23:43:02] [INFO] 迭代 62 完成，用时 0.01秒
[2025-07-15 23:43:02] [INFO] 迭代 63 完成，用时 0.01秒
[2025-07-15 23:43:02] [INFO] 迭代 64 完成，用时 0.01秒
[2025-07-15 23:43:02] [INFO] 迭代 65 完成，用时 0.01秒
[2025-07-15 23:43:02] [INFO] 迭代 66 完成，用时 0.02秒
[2025-07-15 23:43:02] [INFO] 迭代 67 完成，用时 0.01秒
[2025-07-15 23:43:02] [INFO] 迭代 68 完成，用时 0.01秒
[2025-07-15 23:43:02] [INFO] 迭代 69 完成，用时 0.02秒
[2025-07-15 23:43:02] [INFO] 迭代 70 完成，用时 0.01秒
[2025-07-15 23:43:02] [INFO] 迭代 71 完成，用时 0.02秒
[2025-07-15 23:43:02] [INFO] 迭代 72 完成，用时 0.01秒
[2025-07-15 23:43:02] [INFO] 迭代 73 完成，用时 0.02秒
[2025-07-15 23:43:02] [INFO] 迭代 74 完成，用时 0.01秒
[2025-07-15 23:43:02] [INFO] 迭代 75 完成，用时 0.01秒
[2025-07-15 23:43:02] [INFO] 迭代 76 完成，用时 0.01秒
[2025-07-15 23:43:02] [INFO] 迭代 77 完成，用时 0.01秒
[2025-07-15 23:43:02] [INFO] 迭代 78 完成，用时 0.02秒
[2025-07-15 23:43:02] [INFO] 迭代 79 完成，用时 0.02秒
[2025-07-15 23:43:02] [INFO] 迭代 80 完成，用时 0.01秒
[2025-07-15 23:43:02] [INFO] 迭代 81 完成，用时 0.01秒
[2025-07-15 23:43:02] [INFO] 迭代 82 完成，用时 0.02秒
[2025-07-15 23:43:02] [INFO] 迭代 83 完成，用时 0.02秒
[2025-07-15 23:43:02] [INFO] 迭代 84 完成，用时 0.02秒
[2025-07-15 23:43:02] [INFO] 迭代 85 完成，用时 0.01秒
[2025-07-15 23:43:02] [INFO] 迭代 86 完成，用时 0.02秒
[2025-07-15 23:43:02] [INFO] 迭代 87 完成，用时 0.01秒
[2025-07-15 23:43:02] [INFO] 迭代 88 完成，用时 0.01秒
[2025-07-15 23:43:02] [INFO] 迭代 89 完成，用时 0.01秒
[2025-07-15 23:43:02] [INFO] 迭代 90 完成，用时 0.02秒
[2025-07-15 23:43:02] [INFO] 迭代 91 完成，用时 0.02秒
[2025-07-15 23:43:02] [INFO] 迭代 92 完成，用时 0.01秒
[2025-07-15 23:43:02] [INFO] 迭代 93 完成，用时 0.01秒
[2025-07-15 23:43:02] [INFO] 迭代 94 完成，用时 0.01秒
[2025-07-15 23:43:02] [INFO] 迭代 95 完成，用时 0.02秒
[2025-07-15 23:43:02] [INFO] 迭代 96 完成，用时 0.01秒
[2025-07-15 23:43:02] [INFO] 迭代 97 完成，用时 0.02秒
[2025-07-15 23:43:03] [INFO] 迭代 98 完成，用时 0.01秒
[2025-07-15 23:43:03] [INFO] 迭代 99 完成，用时 0.02秒
[2025-07-15 23:43:03] [INFO] 第 100 轮 - 攻击者平均奖励: 8.287, 防御者平均奖励: 33.088
[2025-07-15 23:43:03] [INFO] 迭代 100 完成，用时 0.02秒
[2025-07-15 23:43:03] [INFO] 迭代 101 完成，用时 0.02秒
[2025-07-15 23:43:03] [INFO] 迭代 102 完成，用时 0.02秒
[2025-07-15 23:43:03] [INFO] 迭代 103 完成，用时 0.02秒
[2025-07-15 23:43:03] [INFO] 迭代 104 完成，用时 0.02秒
[2025-07-15 23:43:03] [INFO] 迭代 105 完成，用时 0.01秒
[2025-07-15 23:43:03] [INFO] 迭代 106 完成，用时 0.01秒
[2025-07-15 23:43:03] [INFO] 迭代 107 完成，用时 0.02秒
[2025-07-15 23:43:03] [INFO] 迭代 108 完成，用时 0.02秒
[2025-07-15 23:43:03] [INFO] 迭代 109 完成，用时 0.02秒
[2025-07-15 23:43:03] [INFO] 迭代 110 完成，用时 0.02秒
[2025-07-15 23:43:03] [INFO] 迭代 111 完成，用时 0.02秒
[2025-07-15 23:43:03] [INFO] 迭代 112 完成，用时 0.02秒
[2025-07-15 23:43:03] [INFO] 迭代 113 完成，用时 0.02秒
[2025-07-15 23:43:03] [INFO] 迭代 114 完成，用时 0.02秒
[2025-07-15 23:43:03] [INFO] 迭代 115 完成，用时 0.02秒
[2025-07-15 23:43:03] [INFO] 迭代 116 完成，用时 0.02秒
[2025-07-15 23:43:03] [INFO] 迭代 117 完成，用时 0.02秒
[2025-07-15 23:43:03] [INFO] 迭代 118 完成，用时 0.02秒
[2025-07-15 23:43:03] [INFO] 迭代 119 完成，用时 0.02秒
[2025-07-15 23:43:03] [INFO] 迭代 120 完成，用时 0.02秒
[2025-07-15 23:43:03] [INFO] 迭代 121 完成，用时 0.02秒
[2025-07-15 23:43:03] [INFO] 迭代 122 完成，用时 0.02秒
[2025-07-15 23:43:03] [INFO] 迭代 123 完成，用时 0.01秒
[2025-07-15 23:43:03] [INFO] 迭代 124 完成，用时 0.01秒
[2025-07-15 23:43:03] [INFO] 迭代 125 完成，用时 0.01秒
[2025-07-15 23:43:03] [INFO] 迭代 126 完成，用时 0.02秒
[2025-07-15 23:43:03] [INFO] 迭代 127 完成，用时 0.02秒
[2025-07-15 23:43:03] [INFO] 迭代 128 完成，用时 0.02秒
[2025-07-15 23:43:03] [INFO] 迭代 129 完成，用时 0.02秒
[2025-07-15 23:43:03] [INFO] 迭代 130 完成，用时 0.02秒
[2025-07-15 23:43:03] [INFO] 迭代 131 完成，用时 0.02秒
[2025-07-15 23:43:03] [INFO] 迭代 132 完成，用时 0.02秒
[2025-07-15 23:43:03] [INFO] 仿真在第 132 轮收敛
[2025-07-15 23:43:03] [INFO] 仿真循环完成
[2025-07-15 23:43:03] [INFO] 开始生成结果报告
[2025-07-15 23:43:07] [INFO] 结果报告生成完成
[2025-07-15 23:43:07] [INFO] 改进版仿真成功完成
