[2025-07-16 23:37:09] [INFO] 日志系统初始化
[2025-07-16 23:37:09] [INFO] FSP-TCS多智能体仿真开始
[2025-07-16 23:37:23] [INFO] 
========== Episode 50 ==========
[2025-07-16 23:37:24] [INFO] 攻击者策略: [0.079 0.118 0.086 0.109 0.096 0.093 0.113 0.104 0.103 0.099]
[2025-07-16 23:37:24] [INFO] 
--- QLearning 防御者 ---
[2025-07-16 23:37:24] [INFO] 防御策略: [0.106 0.117 0.083 0.108 0.084 0.122 0.072 0.121 0.101 0.086]
[2025-07-16 23:37:24] [INFO] RADI: 0.193
[2025-07-16 23:37:24] [INFO] Damage: 0.071
[2025-07-16 23:37:24] [INFO] Success Rate: 0.980
[2025-07-16 23:37:24] [INFO] Detection Rate: NaN
[2025-07-16 23:37:24] [INFO] 
--- SARSA 防御者 ---
[2025-07-16 23:37:24] [INFO] 防御策略: [0.133 0.064 0.084 0.113 0.088 0.089 0.120 0.080 0.111 0.118]
[2025-07-16 23:37:24] [INFO] RADI: 0.188
[2025-07-16 23:37:24] [INFO] Damage: 0.096
[2025-07-16 23:37:24] [INFO] Success Rate: 0.980
[2025-07-16 23:37:24] [INFO] Detection Rate: NaN
[2025-07-16 23:37:24] [INFO] 
--- DoubleQLearning 防御者 ---
[2025-07-16 23:37:24] [INFO] 防御策略: [0.151 0.094 0.094 0.094 0.094 0.094 0.094 0.094 0.094 0.094]
[2025-07-16 23:37:24] [INFO] RADI: 0.191
[2025-07-16 23:37:24] [INFO] Damage: 0.090
[2025-07-16 23:37:24] [INFO] Success Rate: 0.930
[2025-07-16 23:37:24] [INFO] Detection Rate: NaN
[2025-07-16 23:37:24] [INFO] ================================\n
[2025-07-16 23:37:56] [INFO] 
========== Episode 100 ==========
[2025-07-16 23:37:56] [INFO] 攻击者策略: [0.079 0.118 0.086 0.109 0.096 0.093 0.113 0.104 0.103 0.099]
[2025-07-16 23:37:56] [INFO] 
--- QLearning 防御者 ---
[2025-07-16 23:37:56] [INFO] 防御策略: [0.106 0.119 0.084 0.106 0.083 0.120 0.072 0.124 0.099 0.088]
[2025-07-16 23:37:56] [INFO] RADI: 0.100
[2025-07-16 23:37:56] [INFO] Damage: 0.069
[2025-07-16 23:37:56] [INFO] Success Rate: 0.970
[2025-07-16 23:37:56] [INFO] Detection Rate: NaN
[2025-07-16 23:37:56] [INFO] 
--- SARSA 防御者 ---
[2025-07-16 23:37:56] [INFO] 防御策略: [0.132 0.065 0.085 0.113 0.088 0.089 0.120 0.080 0.111 0.118]
[2025-07-16 23:37:56] [INFO] RADI: 0.186
[2025-07-16 23:37:56] [INFO] Damage: 0.090
[2025-07-16 23:37:56] [INFO] Success Rate: 0.930
[2025-07-16 23:37:56] [INFO] Detection Rate: NaN
[2025-07-16 23:37:56] [INFO] 
--- DoubleQLearning 防御者 ---
[2025-07-16 23:37:56] [INFO] 防御策略: [0.150 0.094 0.094 0.094 0.094 0.094 0.094 0.094 0.094 0.094]
[2025-07-16 23:37:56] [INFO] RADI: 0.188
[2025-07-16 23:37:56] [INFO] Damage: 0.091
[2025-07-16 23:37:56] [INFO] Success Rate: 0.940
[2025-07-16 23:37:56] [INFO] Detection Rate: NaN
[2025-07-16 23:37:56] [INFO] ================================\n
[2025-07-16 23:38:48] [INFO] 
========== Episode 150 ==========
[2025-07-16 23:38:48] [INFO] 攻击者策略: [0.079 0.118 0.086 0.109 0.096 0.093 0.113 0.104 0.103 0.099]
[2025-07-16 23:38:48] [INFO] 
--- QLearning 防御者 ---
[2025-07-16 23:38:48] [INFO] 防御策略: [0.105 0.119 0.085 0.108 0.084 0.119 0.071 0.124 0.099 0.087]
[2025-07-16 23:38:48] [INFO] RADI: 0.188
[2025-07-16 23:38:48] [INFO] Damage: 0.071
[2025-07-16 23:38:48] [INFO] Success Rate: 0.980
[2025-07-16 23:38:48] [INFO] Detection Rate: NaN
[2025-07-16 23:38:48] [INFO] 
--- SARSA 防御者 ---
[2025-07-16 23:38:48] [INFO] 防御策略: [0.133 0.064 0.084 0.112 0.088 0.089 0.120 0.080 0.111 0.118]
[2025-07-16 23:38:48] [INFO] RADI: 0.187
[2025-07-16 23:38:48] [INFO] Damage: 0.095
[2025-07-16 23:38:48] [INFO] Success Rate: 0.950
[2025-07-16 23:38:48] [INFO] Detection Rate: NaN
[2025-07-16 23:38:48] [INFO] 
--- DoubleQLearning 防御者 ---
[2025-07-16 23:38:48] [INFO] 防御策略: [0.151 0.094 0.094 0.094 0.094 0.094 0.094 0.094 0.094 0.094]
[2025-07-16 23:38:48] [INFO] RADI: 0.186
[2025-07-16 23:38:48] [INFO] Damage: 0.095
[2025-07-16 23:38:48] [INFO] Success Rate: 0.930
[2025-07-16 23:38:48] [INFO] Detection Rate: NaN
[2025-07-16 23:38:48] [INFO] ================================\n
[2025-07-16 23:39:48] [INFO] 
========== Episode 200 ==========
[2025-07-16 23:39:48] [INFO] 攻击者策略: [0.079 0.118 0.086 0.109 0.096 0.093 0.113 0.104 0.103 0.099]
[2025-07-16 23:39:48] [INFO] 
--- QLearning 防御者 ---
[2025-07-16 23:39:48] [INFO] 防御策略: [0.108 0.119 0.084 0.107 0.083 0.123 0.070 0.122 0.099 0.086]
[2025-07-16 23:39:48] [INFO] RADI: 0.187
[2025-07-16 23:39:48] [INFO] Damage: 0.071
[2025-07-16 23:39:48] [INFO] Success Rate: 0.980
[2025-07-16 23:39:48] [INFO] Detection Rate: NaN
[2025-07-16 23:39:48] [INFO] 
--- SARSA 防御者 ---
[2025-07-16 23:39:48] [INFO] 防御策略: [0.134 0.064 0.084 0.112 0.088 0.088 0.120 0.080 0.111 0.118]
[2025-07-16 23:39:48] [INFO] RADI: 0.189
[2025-07-16 23:39:48] [INFO] Damage: 0.092
[2025-07-16 23:39:48] [INFO] Success Rate: 0.950
[2025-07-16 23:39:48] [INFO] Detection Rate: NaN
[2025-07-16 23:39:48] [INFO] 
--- DoubleQLearning 防御者 ---
[2025-07-16 23:39:48] [INFO] 防御策略: [0.151 0.094 0.094 0.094 0.094 0.094 0.094 0.094 0.094 0.094]
[2025-07-16 23:39:48] [INFO] RADI: 0.185
[2025-07-16 23:39:48] [INFO] Damage: 0.086
[2025-07-16 23:39:48] [INFO] Success Rate: 0.920
[2025-07-16 23:39:48] [INFO] Detection Rate: NaN
[2025-07-16 23:39:48] [INFO] ================================\n
[2025-07-16 23:41:02] [INFO] 
========== Episode 250 ==========
[2025-07-16 23:41:02] [INFO] 攻击者策略: [0.079 0.118 0.086 0.109 0.096 0.093 0.113 0.104 0.103 0.099]
[2025-07-16 23:41:02] [INFO] 
--- QLearning 防御者 ---
[2025-07-16 23:41:02] [INFO] 防御策略: [0.108 0.118 0.084 0.108 0.082 0.123 0.071 0.120 0.101 0.085]
[2025-07-16 23:41:02] [INFO] RADI: 0.189
[2025-07-16 23:41:02] [INFO] Damage: 0.072
[2025-07-16 23:41:02] [INFO] Success Rate: 0.990
[2025-07-16 23:41:02] [INFO] Detection Rate: NaN
[2025-07-16 23:41:02] [INFO] 
--- SARSA 防御者 ---
[2025-07-16 23:41:02] [INFO] 防御策略: [0.133 0.064 0.084 0.112 0.088 0.089 0.120 0.080 0.111 0.118]
[2025-07-16 23:41:02] [INFO] RADI: 0.189
[2025-07-16 23:41:02] [INFO] Damage: 0.094
[2025-07-16 23:41:02] [INFO] Success Rate: 0.920
[2025-07-16 23:41:02] [INFO] Detection Rate: NaN
[2025-07-16 23:41:02] [INFO] 
--- DoubleQLearning 防御者 ---
[2025-07-16 23:41:02] [INFO] 防御策略: [0.150 0.095 0.094 0.094 0.094 0.094 0.094 0.094 0.095 0.094]
[2025-07-16 23:41:02] [INFO] RADI: 0.187
[2025-07-16 23:41:02] [INFO] Damage: 0.089
[2025-07-16 23:41:02] [INFO] Success Rate: 0.930
[2025-07-16 23:41:02] [INFO] Detection Rate: NaN
[2025-07-16 23:41:02] [INFO] ================================\n
[2025-07-16 23:43:12] [INFO] 
========== Episode 300 ==========
[2025-07-16 23:43:12] [INFO] 攻击者策略: [0.079 0.118 0.086 0.109 0.096 0.093 0.113 0.104 0.103 0.099]
[2025-07-16 23:43:12] [INFO] 
--- QLearning 防御者 ---
[2025-07-16 23:43:12] [INFO] 防御策略: [0.108 0.116 0.083 0.109 0.083 0.123 0.071 0.121 0.101 0.086]
[2025-07-16 23:43:12] [INFO] RADI: 0.189
[2025-07-16 23:43:12] [INFO] Damage: 0.071
[2025-07-16 23:43:12] [INFO] Success Rate: 1.000
[2025-07-16 23:43:12] [INFO] Detection Rate: NaN
[2025-07-16 23:43:12] [INFO] 
--- SARSA 防御者 ---
[2025-07-16 23:43:12] [INFO] 防御策略: [0.133 0.064 0.084 0.113 0.088 0.089 0.120 0.080 0.111 0.118]
[2025-07-16 23:43:12] [INFO] RADI: 0.186
[2025-07-16 23:43:12] [INFO] Damage: 0.098
[2025-07-16 23:43:12] [INFO] Success Rate: 0.940
[2025-07-16 23:43:12] [INFO] Detection Rate: NaN
[2025-07-16 23:43:12] [INFO] 
--- DoubleQLearning 防御者 ---
[2025-07-16 23:43:12] [INFO] 防御策略: [0.150 0.094 0.094 0.094 0.094 0.094 0.094 0.094 0.094 0.094]
[2025-07-16 23:43:12] [INFO] RADI: 0.186
[2025-07-16 23:43:12] [INFO] Damage: 0.088
[2025-07-16 23:43:12] [INFO] Success Rate: 0.940
[2025-07-16 23:43:12] [INFO] Detection Rate: NaN
[2025-07-16 23:43:12] [INFO] ================================\n
[2025-07-16 23:45:19] [INFO] 
========== Episode 350 ==========
[2025-07-16 23:45:19] [INFO] 攻击者策略: [0.079 0.118 0.086 0.109 0.096 0.093 0.113 0.104 0.103 0.099]
[2025-07-16 23:45:19] [INFO] 
--- QLearning 防御者 ---
[2025-07-16 23:45:19] [INFO] 防御策略: [0.108 0.114 0.085 0.108 0.084 0.124 0.071 0.119 0.101 0.086]
[2025-07-16 23:45:19] [INFO] RADI: 0.191
[2025-07-16 23:45:19] [INFO] Damage: 0.072
[2025-07-16 23:45:19] [INFO] Success Rate: 0.980
[2025-07-16 23:45:19] [INFO] Detection Rate: NaN
[2025-07-16 23:45:19] [INFO] 
--- SARSA 防御者 ---
[2025-07-16 23:45:19] [INFO] 防御策略: [0.133 0.064 0.084 0.113 0.088 0.089 0.120 0.080 0.111 0.118]
[2025-07-16 23:45:19] [INFO] RADI: 0.186
[2025-07-16 23:45:19] [INFO] Damage: 0.091
[2025-07-16 23:45:19] [INFO] Success Rate: 0.920
[2025-07-16 23:45:19] [INFO] Detection Rate: NaN
[2025-07-16 23:45:19] [INFO] 
--- DoubleQLearning 防御者 ---
[2025-07-16 23:45:19] [INFO] 防御策略: [0.151 0.094 0.094 0.094 0.094 0.094 0.094 0.094 0.094 0.094]
[2025-07-16 23:45:19] [INFO] RADI: 0.188
[2025-07-16 23:45:19] [INFO] Damage: 0.092
[2025-07-16 23:45:19] [INFO] Success Rate: 0.930
[2025-07-16 23:45:19] [INFO] Detection Rate: NaN
[2025-07-16 23:45:19] [INFO] ================================\n
[2025-07-16 23:47:48] [INFO] 
========== Episode 400 ==========
[2025-07-16 23:47:48] [INFO] 攻击者策略: [0.079 0.118 0.086 0.109 0.096 0.093 0.113 0.104 0.103 0.099]
[2025-07-16 23:47:48] [INFO] 
--- QLearning 防御者 ---
[2025-07-16 23:47:48] [INFO] 防御策略: [0.107 0.114 0.085 0.108 0.085 0.123 0.072 0.120 0.101 0.086]
[2025-07-16 23:47:48] [INFO] RADI: 0.188
[2025-07-16 23:47:48] [INFO] Damage: 0.070
[2025-07-16 23:47:48] [INFO] Success Rate: 0.970
[2025-07-16 23:47:48] [INFO] Detection Rate: NaN
[2025-07-16 23:47:48] [INFO] 
--- SARSA 防御者 ---
[2025-07-16 23:47:48] [INFO] 防御策略: [0.133 0.064 0.084 0.112 0.088 0.089 0.120 0.080 0.111 0.118]
[2025-07-16 23:47:48] [INFO] RADI: 0.191
[2025-07-16 23:47:48] [INFO] Damage: 0.091
[2025-07-16 23:47:48] [INFO] Success Rate: 0.930
[2025-07-16 23:47:48] [INFO] Detection Rate: NaN
[2025-07-16 23:47:48] [INFO] 
--- DoubleQLearning 防御者 ---
[2025-07-16 23:47:48] [INFO] 防御策略: [0.151 0.094 0.094 0.094 0.094 0.094 0.094 0.094 0.094 0.094]
[2025-07-16 23:47:48] [INFO] RADI: 0.187
[2025-07-16 23:47:48] [INFO] Damage: 0.092
[2025-07-16 23:47:48] [INFO] Success Rate: 0.950
[2025-07-16 23:47:48] [INFO] Detection Rate: NaN
[2025-07-16 23:47:48] [INFO] ================================\n
