[2025-07-09 16:53:23] [INFO] 日志系统初始化
[2025-07-09 16:53:23] [INFO] FSP仿真开始
[2025-07-09 16:53:23] [ERROR] 仿真出错: 无法解析名称 'AgentFactory.createDefenderAgents'。
[2025-07-09 16:53:23] [ERROR] 错误位置: C:\Users\峰灵\Desktop\FSP\main_fsp_simulation.m, 行号: 38
[2025-07-09 16:55:19] [INFO] 日志系统初始化
[2025-07-09 16:55:19] [INFO] FSP仿真开始
[2025-07-09 16:55:19] [ERROR] 仿真出错: 错误: <a href="matlab: opentoline('C:\Users\峰灵\Desktop\FSP\agents\RLAgent.m',49,5)">文件: RLAgent.m 行: 49 列: 5</a>
至少缺少一个 END。此处开始的语句没有匹配的 END。
[2025-07-09 16:55:19] [ERROR] 错误位置: C:\Users\峰灵\Desktop\FSP\utils\AgentFactory.m, 行号: 9
[2025-07-09 16:57:34] [INFO] 日志系统初始化
[2025-07-09 16:57:34] [INFO] FSP仿真开始
[2025-07-09 16:57:34] [ERROR] 仿真出错: 不支持将脚本 SARSAAgent 作为函数执行:
C:\Users\峰灵\Desktop\FSP\agents\SARSAAgent.m
[2025-07-09 16:57:34] [ERROR] 错误位置: C:\Users\峰灵\Desktop\FSP\utils\AgentFactory.m, 行号: 14
[2025-07-09 16:58:22] [INFO] 日志系统初始化
[2025-07-09 16:58:22] [INFO] FSP仿真开始
[2025-07-09 16:58:22] [ERROR] 仿真出错: 不支持将脚本 DoubleQLearningAgent 作为函数执行:
C:\Users\峰灵\Desktop\FSP\agents\DoubleQLearningAgent.m
[2025-07-09 16:58:22] [ERROR] 错误位置: C:\Users\峰灵\Desktop\FSP\utils\AgentFactory.m, 行号: 19
[2025-07-09 16:59:22] [INFO] 日志系统初始化
[2025-07-09 16:59:22] [INFO] FSP仿真开始
[2025-07-09 16:59:22] [ERROR] 仿真出错: 无法解析名称 'ParallelComputing.setup'。
[2025-07-09 16:59:22] [ERROR] 错误位置: C:\Users\峰灵\Desktop\FSP\main_fsp_simulation.m, 行号: 45
[2025-07-09 17:00:40] [INFO] 日志系统初始化
[2025-07-09 17:00:40] [INFO] FSP仿真开始
[2025-07-09 17:00:40] [ERROR] 仿真出错: 未定义与 'char' 类型的输入参数相对应的函数 'gcp'。
[2025-07-09 17:00:40] [ERROR] 错误位置: C:\Users\峰灵\Desktop\FSP\utils\ParallelComputing.m, 行号: 7
[2025-07-09 17:33:08] [INFO] 日志系统初始化
[2025-07-09 17:33:08] [INFO] FSP仿真开始
[2025-07-09 17:33:53] [ERROR] 仿真出错: copy 需要以下项之一: 
  <a href="matlab:matlab.internal.addons.launchers.showExplorer('ErrorRecovery', 'identifier', 'DR', 'focused', 'copy');">Automated Driving Toolbox</a>
  <a href="matlab:matlab.internal.addons.launchers.showExplorer('ErrorRecovery', 'identifier', 'TF', 'focused', 'copy');">Sensor Fusion and Tracking Toolbox</a>
  <a href="matlab:matlab.internal.addons.launchers.showExplorer('ErrorRecovery', 'identifier', 'LP', 'focused', 'copy');">Lidar Toolbox</a>
  <a href="matlab:matlab.internal.addons.launchers.showExplorer('ErrorRecovery', 'identifier', 'NV', 'focused', 'copy');">Navigation Toolbox</a>
  <a href="matlab:matlab.internal.addons.launchers.showExplorer('ErrorRecovery', 'identifier', 'RF', 'focused', 'copy');">RF Toolbox</a>
  <a href="matlab:matlab.internal.addons.launchers.showExplorer('ErrorRecovery', 'identifier', 'RO', 'focused', 'copy');">Robotics System Toolbox</a>
  <a href="matlab:matlab.internal.addons.launchers.showExplorer('ErrorRecovery', 'identifier', 'SL', 'focused', 'copy');">Simulink</a>
  <a href="matlab:matlab.internal.addons.launchers.showExplorer('ErrorRecovery', 'identifier', 'VR', 'focused', 'copy');">Simulink 3D Animation</a>
  <a href="matlab:matlab.internal.addons.launchers.showExplorer('ErrorRecovery', 'identifier', 'SD', 'focused', 'copy');">Simulink Control Design</a>
  <a href="matlab:matlab.internal.addons.launchers.showExplorer('ErrorRecovery', 'identifier', 'SO', 'focused', 'copy');">Simulink Design Optimization</a>
  <a href="matlab:matlab.internal.addons.launchers.showExplorer('ErrorRecovery', 'identifier', 'SF', 'focused', 'copy');">Stateflow</a>
  <a href="matlab:matlab.internal.addons.launchers.showExplorer('ErrorRecovery', 'identifier', 'UV', 'focused', 'copy');">UAV Toolbox</a>
  <a href="matlab:matlab.internal.addons.launchers.showExplorer('ErrorRecovery', 'identifier', 'VP', 'focused', 'copy');">Computer Vision Toolbox</a>
[2025-07-09 17:33:53] [ERROR] 错误位置: C:\Users\峰灵\Desktop\FSP\core\FSPSimulator.m, 行号: 145
[2025-07-09 17:51:48] [INFO] 日志系统初始化
[2025-07-09 17:51:48] [INFO] FSP仿真开始
[2025-07-09 17:53:01] [ERROR] 仿真出错: 找不到尝试执行工作进程的 parfor 循环的源代码(C:\Users\峰灵\Desktop\FSP\core\FSPSimulator.m)。
[2025-07-09 17:53:01] [ERROR] 错误位置: C:\Users\峰灵\Desktop\FSP\core\FSPSimulator.m, 行号: 145
[2025-07-09 19:40:28] [INFO] 日志系统初始化
[2025-07-09 19:40:28] [INFO] FSP仿真开始
[2025-07-09 19:40:28] [ERROR] 仿真出错: 未识别类 'TCSEnvironment' 的方法、属性或字段 'calculateSpaceDimensions'。
[2025-07-09 19:40:28] [ERROR] 错误位置: C:\Users\峰灵\Desktop\FSP\core\TCSEnvironment.m, 行号: 40
[2025-07-09 20:22:33] [INFO] 日志系统初始化
[2025-07-09 20:22:33] [INFO] FSP仿真开始
[2025-07-09 20:22:33] [ERROR] 仿真出错: 未识别类 'TCSEnvironment' 的方法、属性或字段 'reset'。
[2025-07-09 20:22:33] [ERROR] 错误位置: D:\CODE\FSP\core\TCSEnvironment.m, 行号: 40
[2025-07-09 20:26:59] [INFO] 日志系统初始化
[2025-07-09 20:26:59] [INFO] FSP仿真开始
[2025-07-09 20:27:31] [ERROR] 仿真出错: 输出参数太多。
[2025-07-09 20:27:31] [ERROR] 错误位置: D:\CODE\FSP\core\FSPSimulator.m, 行号: 145
[2025-07-09 21:02:53] [INFO] 日志系统初始化
[2025-07-09 21:02:53] [INFO] FSP仿真开始
[2025-07-09 21:03:30] [ERROR] 仿真出错: 找不到尝试执行工作进程的 parfor 循环的源代码(D:\CODE\FSP\core\FSPSimulator.m)。
[2025-07-09 21:03:30] [ERROR] 错误位置: D:\CODE\FSP\core\FSPSimulator.m, 行号: 145
[2025-07-09 21:07:24] [INFO] 日志系统初始化
[2025-07-09 21:07:24] [INFO] FSP仿真开始
[2025-07-09 21:07:24] [ERROR] 仿真出错: 位置 1 处的索引超出数组边界。索引不能超过 206。
[2025-07-09 21:07:24] [ERROR] 错误位置: D:\CODE\FSP\agents\QLearningAgent.m, 行号: 30
[2025-07-09 21:12:03] [INFO] 日志系统初始化
[2025-07-09 21:12:03] [INFO] FSP仿真开始
[2025-07-09 21:12:04] [INFO] 迭代 1 完成，用时 0.87秒
[2025-07-09 21:12:05] [INFO] 迭代 2 完成，用时 0.45秒
[2025-07-09 21:12:05] [INFO] 迭代 3 完成，用时 0.41秒
[2025-07-09 21:12:05] [INFO] 迭代 4 完成，用时 0.38秒
[2025-07-09 21:12:06] [INFO] 迭代 5 完成，用时 0.45秒
[2025-07-09 21:12:06] [INFO] 迭代 6 完成，用时 0.35秒
[2025-07-09 21:12:07] [INFO] 迭代 7 完成，用时 0.38秒
[2025-07-09 21:12:07] [INFO] 迭代 8 完成，用时 0.37秒
[2025-07-09 21:12:07] [INFO] 迭代 9 完成，用时 0.36秒
[2025-07-09 21:12:08] [INFO] 迭代 10 完成，用时 0.46秒
[2025-07-09 21:12:08] [INFO] 迭代 11 完成，用时 0.35秒
[2025-07-09 21:12:09] [INFO] 迭代 12 完成，用时 0.34秒
[2025-07-09 21:12:09] [INFO] 迭代 13 完成，用时 0.33秒
[2025-07-09 21:12:09] [INFO] 迭代 14 完成，用时 0.34秒
[2025-07-09 21:12:10] [INFO] 迭代 15 完成，用时 0.34秒
[2025-07-09 21:12:10] [INFO] 迭代 16 完成，用时 0.35秒
[2025-07-09 21:12:10] [INFO] 迭代 17 完成，用时 0.33秒
[2025-07-09 21:12:11] [INFO] 迭代 18 完成，用时 0.33秒
[2025-07-09 21:12:11] [INFO] 迭代 19 完成，用时 0.35秒
[2025-07-09 21:12:11] [INFO] 迭代 20 完成，用时 0.43秒
[2025-07-09 21:12:12] [INFO] 迭代 21 完成，用时 0.36秒
[2025-07-09 21:12:12] [INFO] 迭代 22 完成，用时 0.33秒
[2025-07-09 21:12:12] [INFO] 迭代 23 完成，用时 0.37秒
[2025-07-09 21:12:13] [INFO] 迭代 24 完成，用时 0.35秒
[2025-07-09 21:12:13] [INFO] 迭代 25 完成，用时 0.37秒
[2025-07-09 21:12:14] [INFO] 迭代 26 完成，用时 0.38秒
[2025-07-09 21:12:14] [INFO] 迭代 27 完成，用时 0.37秒
[2025-07-09 21:12:14] [INFO] 迭代 28 完成，用时 0.41秒
[2025-07-09 21:12:15] [INFO] 迭代 29 完成，用时 0.37秒
[2025-07-09 21:12:15] [INFO] 迭代 30 完成，用时 0.45秒
[2025-07-09 21:12:15] [INFO] 迭代 31 完成，用时 0.36秒
[2025-07-09 21:12:16] [INFO] 迭代 32 完成，用时 0.34秒
[2025-07-09 21:12:16] [INFO] 迭代 33 完成，用时 0.35秒
[2025-07-09 21:12:17] [INFO] 迭代 34 完成，用时 0.36秒
[2025-07-09 21:12:17] [INFO] 迭代 35 完成，用时 0.35秒
[2025-07-09 21:12:17] [INFO] 迭代 36 完成，用时 0.36秒
[2025-07-09 21:12:18] [INFO] 迭代 37 完成，用时 0.36秒
[2025-07-09 21:12:18] [INFO] 迭代 38 完成，用时 0.34秒
[2025-07-09 21:12:18] [INFO] 迭代 39 完成，用时 0.34秒
[2025-07-09 21:12:19] [INFO] 迭代 40 完成，用时 0.42秒
[2025-07-09 21:12:19] [INFO] 迭代 41 完成，用时 0.37秒
[2025-07-09 21:12:19] [INFO] 迭代 42 完成，用时 0.34秒
[2025-07-09 21:12:20] [INFO] 迭代 43 完成，用时 0.33秒
[2025-07-09 21:12:20] [INFO] 迭代 44 完成，用时 0.33秒
[2025-07-09 21:12:20] [INFO] 迭代 45 完成，用时 0.33秒
[2025-07-09 21:12:21] [INFO] 迭代 46 完成，用时 0.33秒
[2025-07-09 21:12:21] [INFO] 迭代 47 完成，用时 0.34秒
[2025-07-09 21:12:21] [INFO] 迭代 48 完成，用时 0.37秒
[2025-07-09 21:12:22] [INFO] 迭代 49 完成，用时 0.34秒
[2025-07-09 21:12:22] [INFO] 迭代 50 完成，用时 0.43秒
[2025-07-09 21:12:23] [INFO] 迭代 51 完成，用时 0.35秒
[2025-07-09 21:12:23] [INFO] 迭代 52 完成，用时 0.34秒
[2025-07-09 21:12:23] [INFO] 迭代 53 完成，用时 0.35秒
[2025-07-09 21:12:24] [INFO] 迭代 54 完成，用时 0.33秒
[2025-07-09 21:12:24] [INFO] 迭代 55 完成，用时 0.34秒
[2025-07-09 21:12:24] [INFO] 迭代 56 完成，用时 0.34秒
[2025-07-09 21:12:25] [INFO] 迭代 57 完成，用时 0.33秒
[2025-07-09 21:12:25] [INFO] 迭代 58 完成，用时 0.35秒
[2025-07-09 21:12:25] [INFO] 迭代 59 完成，用时 0.35秒
[2025-07-09 21:12:26] [INFO] 迭代 60 完成，用时 0.41秒
[2025-07-09 21:12:26] [INFO] 迭代 61 完成，用时 0.35秒
[2025-07-09 21:12:26] [INFO] 迭代 62 完成，用时 0.32秒
[2025-07-09 21:12:27] [INFO] 迭代 63 完成，用时 0.34秒
[2025-07-09 21:12:27] [INFO] 迭代 64 完成，用时 0.34秒
[2025-07-09 21:12:27] [INFO] 迭代 65 完成，用时 0.40秒
[2025-07-09 21:12:28] [INFO] 迭代 66 完成，用时 0.33秒
[2025-07-09 21:12:28] [INFO] 迭代 67 完成，用时 0.34秒
[2025-07-09 21:12:28] [INFO] 迭代 68 完成，用时 0.35秒
[2025-07-09 21:12:29] [INFO] 迭代 69 完成，用时 0.35秒
[2025-07-09 21:12:29] [INFO] 迭代 70 完成，用时 0.39秒
[2025-07-09 21:12:30] [INFO] 迭代 71 完成，用时 0.36秒
[2025-07-09 21:12:30] [INFO] 迭代 72 完成，用时 0.38秒
[2025-07-09 21:12:30] [INFO] 迭代 73 完成，用时 0.46秒
[2025-07-09 21:12:31] [INFO] 迭代 74 完成，用时 0.41秒
[2025-07-09 21:12:31] [INFO] 迭代 75 完成，用时 0.38秒
[2025-07-09 21:12:32] [INFO] 迭代 76 完成，用时 0.39秒
[2025-07-09 21:12:32] [INFO] 迭代 77 完成，用时 0.36秒
[2025-07-09 21:12:32] [INFO] 迭代 78 完成，用时 0.38秒
[2025-07-09 21:12:33] [INFO] 迭代 79 完成，用时 0.38秒
[2025-07-09 21:12:33] [INFO] 迭代 80 完成，用时 0.43秒
[2025-07-09 21:12:33] [INFO] 迭代 81 完成，用时 0.34秒
[2025-07-09 21:12:34] [INFO] 迭代 82 完成，用时 0.33秒
[2025-07-09 21:12:34] [INFO] 迭代 83 完成，用时 0.34秒
[2025-07-09 21:12:35] [INFO] 迭代 84 完成，用时 0.36秒
[2025-07-09 21:12:35] [INFO] 迭代 85 完成，用时 0.33秒
[2025-07-09 21:12:35] [INFO] 迭代 86 完成，用时 0.35秒
[2025-07-09 21:12:36] [INFO] 迭代 87 完成，用时 0.35秒
[2025-07-09 21:12:36] [INFO] 迭代 88 完成，用时 0.33秒
[2025-07-09 21:12:36] [INFO] 迭代 89 完成，用时 0.34秒
[2025-07-09 21:12:37] [INFO] 迭代 90 完成，用时 0.42秒
[2025-07-09 21:12:37] [INFO] 迭代 91 完成，用时 0.34秒
[2025-07-09 21:12:37] [INFO] 迭代 92 完成，用时 0.36秒
[2025-07-09 21:12:38] [INFO] 迭代 93 完成，用时 0.36秒
[2025-07-09 21:12:38] [INFO] 迭代 94 完成，用时 0.34秒
[2025-07-09 21:12:38] [INFO] 迭代 95 完成，用时 0.34秒
[2025-07-09 21:12:39] [INFO] 迭代 96 完成，用时 0.33秒
[2025-07-09 21:12:39] [INFO] 迭代 97 完成，用时 0.34秒
[2025-07-09 21:12:39] [INFO] 迭代 98 完成，用时 0.34秒
[2025-07-09 21:12:40] [INFO] 迭代 99 完成，用时 0.35秒
[2025-07-09 21:12:42] [INFO] 迭代 100 完成，用时 2.14秒
[2025-07-09 21:12:42] [INFO] 迭代 101 完成，用时 0.39秒
[2025-07-09 21:12:43] [INFO] 迭代 102 完成，用时 0.38秒
[2025-07-09 21:12:43] [INFO] 迭代 103 完成，用时 0.37秒
[2025-07-09 21:12:43] [INFO] 迭代 104 完成，用时 0.33秒
[2025-07-09 21:12:44] [INFO] 迭代 105 完成，用时 0.34秒
[2025-07-09 21:12:44] [INFO] 迭代 106 完成，用时 0.38秒
[2025-07-09 21:12:44] [INFO] 迭代 107 完成，用时 0.34秒
[2025-07-09 21:12:45] [INFO] 迭代 108 完成，用时 0.36秒
[2025-07-09 21:12:45] [INFO] 迭代 109 完成，用时 0.36秒
[2025-07-09 21:12:46] [INFO] 迭代 110 完成，用时 0.43秒
[2025-07-09 21:12:46] [INFO] 迭代 111 完成，用时 0.37秒
[2025-07-09 21:12:46] [INFO] 迭代 112 完成，用时 0.36秒
[2025-07-09 21:12:47] [INFO] 迭代 113 完成，用时 0.33秒
[2025-07-09 21:12:47] [INFO] 迭代 114 完成，用时 0.35秒
[2025-07-09 21:12:47] [INFO] 迭代 115 完成，用时 0.34秒
[2025-07-09 21:12:48] [INFO] 迭代 116 完成，用时 0.37秒
[2025-07-09 21:12:48] [INFO] 迭代 117 完成，用时 0.35秒
[2025-07-09 21:12:48] [INFO] 迭代 118 完成，用时 0.35秒
[2025-07-09 21:12:49] [INFO] 迭代 119 完成，用时 0.35秒
[2025-07-09 21:12:49] [INFO] 迭代 120 完成，用时 0.41秒
[2025-07-09 21:12:50] [INFO] 迭代 121 完成，用时 0.37秒
[2025-07-09 21:12:50] [INFO] 迭代 122 完成，用时 0.35秒
[2025-07-09 21:12:50] [INFO] 迭代 123 完成，用时 0.35秒
[2025-07-09 21:12:51] [INFO] 迭代 124 完成，用时 0.35秒
[2025-07-09 21:12:51] [INFO] 迭代 125 完成，用时 0.36秒
[2025-07-09 21:12:51] [INFO] 迭代 126 完成，用时 0.34秒
[2025-07-09 21:12:52] [INFO] 迭代 127 完成，用时 0.37秒
[2025-07-09 21:12:52] [INFO] 迭代 128 完成，用时 0.34秒
[2025-07-09 21:12:52] [INFO] 迭代 129 完成，用时 0.34秒
[2025-07-09 21:12:53] [INFO] 迭代 130 完成，用时 0.45秒
[2025-07-09 21:12:53] [INFO] 迭代 131 完成，用时 0.36秒
[2025-07-09 21:12:54] [INFO] 迭代 132 完成，用时 0.34秒
[2025-07-09 21:12:54] [INFO] 迭代 133 完成，用时 0.36秒
[2025-07-09 21:12:54] [INFO] 迭代 134 完成，用时 0.34秒
[2025-07-09 21:12:55] [INFO] 迭代 135 完成，用时 0.34秒
[2025-07-09 21:12:55] [INFO] 迭代 136 完成，用时 0.36秒
[2025-07-09 21:12:55] [INFO] 迭代 137 完成，用时 0.34秒
[2025-07-09 21:12:56] [INFO] 迭代 138 完成，用时 0.38秒
[2025-07-09 21:12:56] [INFO] 迭代 139 完成，用时 0.34秒
[2025-07-09 21:12:56] [INFO] 迭代 140 完成，用时 0.39秒
[2025-07-09 21:12:57] [INFO] 迭代 141 完成，用时 0.36秒
[2025-07-09 21:12:57] [INFO] 迭代 142 完成，用时 0.37秒
[2025-07-09 21:12:57] [INFO] 迭代 143 完成，用时 0.35秒
[2025-07-09 21:12:58] [INFO] 迭代 144 完成，用时 0.38秒
[2025-07-09 21:12:58] [INFO] 迭代 145 完成，用时 0.34秒
[2025-07-09 21:12:58] [INFO] 迭代 146 完成，用时 0.33秒
[2025-07-09 21:12:59] [INFO] 迭代 147 完成，用时 0.34秒
[2025-07-09 21:12:59] [INFO] 迭代 148 完成，用时 0.33秒
[2025-07-09 21:13:00] [INFO] 迭代 149 完成，用时 0.35秒
[2025-07-09 21:13:00] [INFO] 迭代 150 完成，用时 0.42秒
[2025-07-09 21:13:00] [INFO] 迭代 151 完成，用时 0.37秒
[2025-07-09 21:13:01] [INFO] 迭代 152 完成，用时 0.37秒
[2025-07-09 21:13:01] [INFO] 迭代 153 完成，用时 0.42秒
[2025-07-09 21:13:01] [INFO] 迭代 154 完成，用时 0.34秒
[2025-07-09 21:13:02] [INFO] 迭代 155 完成，用时 0.34秒
[2025-07-09 21:13:02] [INFO] 迭代 156 完成，用时 0.38秒
[2025-07-09 21:13:02] [INFO] 迭代 157 完成，用时 0.34秒
[2025-07-09 21:13:03] [INFO] 迭代 158 完成，用时 0.35秒
[2025-07-09 21:13:03] [INFO] 迭代 159 完成，用时 0.34秒
[2025-07-09 21:13:04] [INFO] 迭代 160 完成，用时 0.42秒
[2025-07-09 21:13:04] [INFO] 迭代 161 完成，用时 0.35秒
[2025-07-09 21:13:04] [INFO] 迭代 162 完成，用时 0.33秒
[2025-07-09 21:13:05] [INFO] 迭代 163 完成，用时 0.39秒
[2025-07-09 21:13:05] [INFO] 迭代 164 完成，用时 0.35秒
[2025-07-09 21:13:05] [INFO] 迭代 165 完成，用时 0.36秒
[2025-07-09 21:13:06] [INFO] 迭代 166 完成，用时 0.34秒
[2025-07-09 21:13:06] [INFO] 迭代 167 完成，用时 0.36秒
[2025-07-09 21:13:06] [INFO] 迭代 168 完成，用时 0.37秒
[2025-07-09 21:13:07] [INFO] 迭代 169 完成，用时 0.35秒
[2025-07-09 21:13:07] [INFO] 迭代 170 完成，用时 0.41秒
[2025-07-09 21:13:08] [INFO] 迭代 171 完成，用时 0.39秒
[2025-07-09 21:13:08] [INFO] 迭代 172 完成，用时 0.36秒
[2025-07-09 21:13:08] [INFO] 迭代 173 完成，用时 0.34秒
[2025-07-09 21:13:09] [INFO] 迭代 174 完成，用时 0.34秒
[2025-07-09 21:13:09] [INFO] 迭代 175 完成，用时 0.33秒
[2025-07-09 21:13:09] [INFO] 迭代 176 完成，用时 0.35秒
[2025-07-09 21:13:10] [INFO] 迭代 177 完成，用时 0.34秒
[2025-07-09 21:13:10] [INFO] 迭代 178 完成，用时 0.33秒
[2025-07-09 21:13:10] [INFO] 迭代 179 完成，用时 0.34秒
[2025-07-09 21:13:11] [INFO] 迭代 180 完成，用时 0.43秒
[2025-07-09 21:13:11] [INFO] 迭代 181 完成，用时 0.38秒
[2025-07-09 21:13:12] [INFO] 迭代 182 完成，用时 0.33秒
[2025-07-09 21:13:12] [INFO] 迭代 183 完成，用时 0.33秒
[2025-07-09 21:13:12] [INFO] 迭代 184 完成，用时 0.37秒
[2025-07-09 21:13:13] [INFO] 迭代 185 完成，用时 0.34秒
[2025-07-09 21:13:13] [INFO] 迭代 186 完成，用时 0.34秒
[2025-07-09 21:13:13] [INFO] 迭代 187 完成，用时 0.36秒
[2025-07-09 21:13:14] [INFO] 迭代 188 完成，用时 0.35秒
[2025-07-09 21:13:14] [INFO] 迭代 189 完成，用时 0.35秒
[2025-07-09 21:13:14] [INFO] 迭代 190 完成，用时 0.44秒
[2025-07-09 21:13:15] [INFO] 迭代 191 完成，用时 0.38秒
[2025-07-09 21:13:15] [INFO] 迭代 192 完成，用时 0.36秒
[2025-07-09 21:13:15] [INFO] 迭代 193 完成，用时 0.36秒
[2025-07-09 21:13:16] [INFO] 迭代 194 完成，用时 0.38秒
[2025-07-09 21:13:16] [INFO] 迭代 195 完成，用时 0.33秒
[2025-07-09 21:13:17] [INFO] 迭代 196 完成，用时 0.37秒
[2025-07-09 21:13:17] [INFO] 迭代 197 完成，用时 0.35秒
[2025-07-09 21:13:17] [INFO] 迭代 198 完成，用时 0.36秒
[2025-07-09 21:13:18] [INFO] 迭代 199 完成，用时 0.36秒
[2025-07-09 21:13:20] [INFO] 迭代 200 完成，用时 2.05秒
[2025-07-09 21:13:20] [INFO] 迭代 201 完成，用时 0.38秒
[2025-07-09 21:13:20] [INFO] 迭代 202 完成，用时 0.38秒
[2025-07-09 21:13:21] [INFO] 迭代 203 完成，用时 0.34秒
[2025-07-09 21:13:21] [INFO] 迭代 204 完成，用时 0.34秒
[2025-07-09 21:13:22] [INFO] 迭代 205 完成，用时 0.35秒
[2025-07-09 21:13:22] [INFO] 迭代 206 完成，用时 0.34秒
[2025-07-09 21:13:22] [INFO] 迭代 207 完成，用时 0.36秒
[2025-07-09 21:13:23] [INFO] 迭代 208 完成，用时 0.34秒
[2025-07-09 21:13:23] [INFO] 迭代 209 完成，用时 0.34秒
[2025-07-09 21:13:23] [INFO] 迭代 210 完成，用时 0.41秒
[2025-07-09 21:13:24] [INFO] 迭代 211 完成，用时 0.38秒
[2025-07-09 21:13:24] [INFO] 迭代 212 完成，用时 0.39秒
[2025-07-09 21:13:24] [INFO] 迭代 213 完成，用时 0.35秒
[2025-07-09 21:13:25] [INFO] 迭代 214 完成，用时 0.35秒
[2025-07-09 21:13:25] [INFO] 迭代 215 完成，用时 0.33秒
[2025-07-09 21:13:25] [INFO] 迭代 216 完成，用时 0.33秒
[2025-07-09 21:13:26] [INFO] 迭代 217 完成，用时 0.39秒
[2025-07-09 21:13:26] [INFO] 迭代 218 完成，用时 0.37秒
[2025-07-09 21:13:27] [INFO] 迭代 219 完成，用时 0.35秒
[2025-07-09 21:13:27] [INFO] 迭代 220 完成，用时 0.43秒
[2025-07-09 21:13:27] [INFO] 迭代 221 完成，用时 0.35秒
[2025-07-09 21:13:28] [INFO] 迭代 222 完成，用时 0.36秒
[2025-07-09 21:13:28] [INFO] 迭代 223 完成，用时 0.34秒
[2025-07-09 21:13:28] [INFO] 迭代 224 完成，用时 0.37秒
[2025-07-09 21:13:29] [INFO] 迭代 225 完成，用时 0.34秒
[2025-07-09 21:13:29] [INFO] 迭代 226 完成，用时 0.34秒
[2025-07-09 21:13:29] [INFO] 迭代 227 完成，用时 0.34秒
[2025-07-09 21:13:30] [INFO] 迭代 228 完成，用时 0.39秒
[2025-07-09 21:13:30] [INFO] 迭代 229 完成，用时 0.38秒
[2025-07-09 21:13:31] [INFO] 迭代 230 完成，用时 0.43秒
[2025-07-09 21:13:31] [INFO] 迭代 231 完成，用时 0.37秒
[2025-07-09 21:13:31] [INFO] 迭代 232 完成，用时 0.32秒
[2025-07-09 21:13:32] [INFO] 迭代 233 完成，用时 0.38秒
[2025-07-09 21:13:32] [INFO] 迭代 234 完成，用时 0.35秒
[2025-07-09 21:13:32] [INFO] 迭代 235 完成，用时 0.39秒
[2025-07-09 21:13:33] [INFO] 迭代 236 完成，用时 0.35秒
[2025-07-09 21:13:33] [INFO] 迭代 237 完成，用时 0.38秒
[2025-07-09 21:13:34] [INFO] 迭代 238 完成，用时 0.37秒
[2025-07-09 21:13:34] [INFO] 迭代 239 完成，用时 0.36秒
[2025-07-09 21:13:34] [INFO] 迭代 240 完成，用时 0.41秒
[2025-07-09 21:13:35] [INFO] 迭代 241 完成，用时 0.36秒
[2025-07-09 21:13:35] [INFO] 迭代 242 完成，用时 0.34秒
[2025-07-09 21:13:35] [INFO] 迭代 243 完成，用时 0.36秒
[2025-07-09 21:13:36] [INFO] 迭代 244 完成，用时 0.36秒
[2025-07-09 21:13:36] [INFO] 迭代 245 完成，用时 0.35秒
[2025-07-09 21:13:36] [INFO] 迭代 246 完成，用时 0.37秒
[2025-07-09 21:13:37] [INFO] 迭代 247 完成，用时 0.34秒
[2025-07-09 21:13:37] [INFO] 迭代 248 完成，用时 0.34秒
[2025-07-09 21:13:37] [INFO] 迭代 249 完成，用时 0.34秒
[2025-07-09 21:13:38] [INFO] 迭代 250 完成，用时 0.43秒
[2025-07-09 21:13:38] [INFO] 迭代 251 完成，用时 0.36秒
[2025-07-09 21:13:39] [INFO] 迭代 252 完成，用时 0.38秒
[2025-07-09 21:13:39] [INFO] 迭代 253 完成，用时 0.35秒
[2025-07-09 21:13:39] [INFO] 迭代 254 完成，用时 0.33秒
[2025-07-09 21:13:40] [INFO] 迭代 255 完成，用时 0.33秒
[2025-07-09 21:13:40] [INFO] 迭代 256 完成，用时 0.35秒
[2025-07-09 21:13:40] [INFO] 迭代 257 完成，用时 0.35秒
[2025-07-09 21:13:41] [INFO] 迭代 258 完成，用时 0.36秒
[2025-07-09 21:13:41] [INFO] 迭代 259 完成，用时 0.36秒
[2025-07-09 21:13:42] [INFO] 迭代 260 完成，用时 0.44秒
[2025-07-09 21:13:42] [INFO] 迭代 261 完成，用时 0.36秒
[2025-07-09 21:13:42] [INFO] 迭代 262 完成，用时 0.38秒
[2025-07-09 21:13:43] [INFO] 迭代 263 完成，用时 0.36秒
[2025-07-09 21:13:43] [INFO] 迭代 264 完成，用时 0.41秒
[2025-07-09 21:13:43] [INFO] 迭代 265 完成，用时 0.37秒
[2025-07-09 21:13:44] [INFO] 迭代 266 完成，用时 0.37秒
[2025-07-09 21:13:44] [INFO] 迭代 267 完成，用时 0.35秒
[2025-07-09 21:13:44] [INFO] 迭代 268 完成，用时 0.37秒
[2025-07-09 21:13:45] [INFO] 迭代 269 完成，用时 0.40秒
[2025-07-09 21:13:45] [INFO] 迭代 270 完成，用时 0.42秒
[2025-07-09 21:13:46] [INFO] 迭代 271 完成，用时 0.38秒
[2025-07-09 21:13:46] [INFO] 迭代 272 完成，用时 0.36秒
[2025-07-09 21:13:46] [INFO] 迭代 273 完成，用时 0.38秒
[2025-07-09 21:13:47] [INFO] 迭代 274 完成，用时 0.35秒
[2025-07-09 21:13:47] [INFO] 迭代 275 完成，用时 0.39秒
[2025-07-09 21:13:48] [INFO] 迭代 276 完成，用时 0.34秒
[2025-07-09 21:13:48] [INFO] 迭代 277 完成，用时 0.36秒
[2025-07-09 21:13:48] [INFO] 迭代 278 完成，用时 0.34秒
[2025-07-09 21:13:49] [INFO] 迭代 279 完成，用时 0.38秒
[2025-07-09 21:13:49] [INFO] 迭代 280 完成，用时 0.42秒
[2025-07-09 21:13:49] [INFO] 迭代 281 完成，用时 0.35秒
[2025-07-09 21:13:50] [INFO] 迭代 282 完成，用时 0.36秒
[2025-07-09 21:13:50] [INFO] 迭代 283 完成，用时 0.35秒
[2025-07-09 21:13:50] [INFO] 迭代 284 完成，用时 0.41秒
[2025-07-09 21:13:51] [INFO] 迭代 285 完成，用时 0.35秒
[2025-07-09 21:13:51] [INFO] 迭代 286 完成，用时 0.34秒
[2025-07-09 21:13:52] [INFO] 迭代 287 完成，用时 0.36秒
[2025-07-09 21:13:52] [INFO] 迭代 288 完成，用时 0.36秒
[2025-07-09 21:13:52] [INFO] 迭代 289 完成，用时 0.36秒
[2025-07-09 21:13:53] [INFO] 迭代 290 完成，用时 0.45秒
[2025-07-09 21:13:53] [INFO] 迭代 291 完成，用时 0.37秒
[2025-07-09 21:13:53] [INFO] 迭代 292 完成，用时 0.39秒
[2025-07-09 21:13:54] [INFO] 迭代 293 完成，用时 0.37秒
[2025-07-09 21:13:54] [INFO] 迭代 294 完成，用时 0.37秒
[2025-07-09 21:13:55] [INFO] 迭代 295 完成，用时 0.36秒
[2025-07-09 21:13:55] [INFO] 迭代 296 完成，用时 0.36秒
[2025-07-09 21:13:55] [INFO] 迭代 297 完成，用时 0.38秒
[2025-07-09 21:13:56] [INFO] 迭代 298 完成，用时 0.37秒
[2025-07-09 21:13:56] [INFO] 迭代 299 完成，用时 0.36秒
[2025-07-09 21:13:58] [INFO] 迭代 300 完成，用时 2.17秒
[2025-07-09 21:13:59] [INFO] 迭代 301 完成，用时 0.40秒
[2025-07-09 21:13:59] [INFO] 迭代 302 完成，用时 0.40秒
[2025-07-09 21:13:59] [INFO] 迭代 303 完成，用时 0.36秒
[2025-07-09 21:14:00] [INFO] 迭代 304 完成，用时 0.39秒
[2025-07-09 21:14:00] [INFO] 迭代 305 完成，用时 0.38秒
[2025-07-09 21:14:01] [INFO] 迭代 306 完成，用时 0.36秒
[2025-07-09 21:14:01] [INFO] 迭代 307 完成，用时 0.37秒
[2025-07-09 21:14:01] [INFO] 迭代 308 完成，用时 0.35秒
[2025-07-09 21:14:02] [INFO] 迭代 309 完成，用时 0.36秒
[2025-07-09 21:14:02] [INFO] 迭代 310 完成，用时 0.45秒
[2025-07-09 21:14:02] [INFO] 迭代 311 完成，用时 0.36秒
[2025-07-09 21:14:03] [INFO] 迭代 312 完成，用时 0.33秒
[2025-07-09 21:14:03] [INFO] 迭代 313 完成，用时 0.36秒
[2025-07-09 21:14:03] [INFO] 迭代 314 完成，用时 0.36秒
[2025-07-09 21:14:04] [INFO] 迭代 315 完成，用时 0.36秒
[2025-07-09 21:14:04] [INFO] 迭代 316 完成，用时 0.36秒
[2025-07-09 21:14:05] [INFO] 迭代 317 完成，用时 0.37秒
[2025-07-09 21:14:05] [INFO] 迭代 318 完成，用时 0.38秒
[2025-07-09 21:14:05] [INFO] 迭代 319 完成，用时 0.35秒
[2025-07-09 21:14:06] [INFO] 迭代 320 完成，用时 0.40秒
[2025-07-09 21:14:06] [INFO] 迭代 321 完成，用时 0.35秒
[2025-07-09 21:14:06] [INFO] 迭代 322 完成，用时 0.36秒
[2025-07-09 21:14:07] [INFO] 迭代 323 完成，用时 0.40秒
[2025-07-09 21:14:07] [INFO] 迭代 324 完成，用时 0.35秒
[2025-07-09 21:14:07] [INFO] 迭代 325 完成，用时 0.35秒
[2025-07-09 21:14:08] [INFO] 迭代 326 完成，用时 0.41秒
[2025-07-09 21:14:08] [INFO] 迭代 327 完成，用时 0.35秒
[2025-07-09 21:14:09] [INFO] 迭代 328 完成，用时 0.34秒
[2025-07-09 21:14:09] [INFO] 迭代 329 完成，用时 0.36秒
[2025-07-09 21:14:09] [INFO] 迭代 330 完成，用时 0.44秒
[2025-07-09 21:14:10] [INFO] 迭代 331 完成，用时 0.36秒
[2025-07-09 21:14:10] [INFO] 迭代 332 完成，用时 0.34秒
[2025-07-09 21:14:10] [INFO] 迭代 333 完成，用时 0.36秒
[2025-07-09 21:14:11] [INFO] 迭代 334 完成，用时 0.35秒
[2025-07-09 21:14:11] [INFO] 迭代 335 完成，用时 0.35秒
[2025-07-09 21:14:11] [INFO] 迭代 336 完成，用时 0.34秒
[2025-07-09 21:14:12] [INFO] 迭代 337 完成，用时 0.34秒
[2025-07-09 21:14:12] [INFO] 迭代 338 完成，用时 0.34秒
[2025-07-09 21:14:12] [INFO] 迭代 339 完成，用时 0.34秒
[2025-07-09 21:14:13] [INFO] 迭代 340 完成，用时 0.41秒
[2025-07-09 21:14:13] [INFO] 迭代 341 完成，用时 0.36秒
[2025-07-09 21:14:14] [INFO] 迭代 342 完成，用时 0.36秒
[2025-07-09 21:14:14] [INFO] 迭代 343 完成，用时 0.35秒
[2025-07-09 21:14:14] [INFO] 迭代 344 完成，用时 0.34秒
[2025-07-09 21:14:15] [INFO] 迭代 345 完成，用时 0.37秒
[2025-07-09 21:14:15] [INFO] 迭代 346 完成，用时 0.37秒
[2025-07-09 21:14:15] [INFO] 迭代 347 完成，用时 0.38秒
[2025-07-09 21:14:16] [INFO] 迭代 348 完成，用时 0.36秒
[2025-07-09 21:14:16] [INFO] 迭代 349 完成，用时 0.35秒
[2025-07-09 21:14:17] [INFO] 迭代 350 完成，用时 0.44秒
[2025-07-09 21:14:17] [INFO] 迭代 351 完成，用时 0.35秒
[2025-07-09 21:14:17] [INFO] 迭代 352 完成，用时 0.34秒
[2025-07-09 21:14:18] [INFO] 迭代 353 完成，用时 0.35秒
[2025-07-09 21:14:18] [INFO] 迭代 354 完成，用时 0.37秒
[2025-07-09 21:14:18] [INFO] 迭代 355 完成，用时 0.35秒
[2025-07-09 21:14:19] [INFO] 迭代 356 完成，用时 0.35秒
[2025-07-09 21:14:19] [INFO] 迭代 357 完成，用时 0.36秒
[2025-07-09 21:14:19] [INFO] 迭代 358 完成，用时 0.36秒
[2025-07-09 21:14:20] [INFO] 迭代 359 完成，用时 0.36秒
[2025-07-09 21:14:20] [INFO] 迭代 360 完成，用时 0.42秒
[2025-07-09 21:14:21] [INFO] 迭代 361 完成，用时 0.37秒
[2025-07-09 21:14:21] [INFO] 迭代 362 完成，用时 0.40秒
[2025-07-09 21:14:21] [INFO] 迭代 363 完成，用时 0.37秒
[2025-07-09 21:14:22] [INFO] 迭代 364 完成，用时 0.36秒
[2025-07-09 21:14:22] [INFO] 迭代 365 完成，用时 0.39秒
[2025-07-09 21:14:22] [INFO] 迭代 366 完成，用时 0.34秒
[2025-07-09 21:14:23] [INFO] 迭代 367 完成，用时 0.34秒
[2025-07-09 21:14:23] [INFO] 迭代 368 完成，用时 0.35秒
[2025-07-09 21:14:23] [INFO] 迭代 369 完成，用时 0.34秒
[2025-07-09 21:14:24] [INFO] 迭代 370 完成，用时 0.43秒
[2025-07-09 21:14:24] [INFO] 迭代 371 完成，用时 0.38秒
[2025-07-09 21:14:25] [INFO] 迭代 372 完成，用时 0.38秒
[2025-07-09 21:14:25] [INFO] 迭代 373 完成，用时 0.37秒
[2025-07-09 21:14:25] [INFO] 迭代 374 完成，用时 0.38秒
[2025-07-09 21:14:26] [INFO] 迭代 375 完成，用时 0.36秒
[2025-07-09 21:14:26] [INFO] 迭代 376 完成，用时 0.38秒
[2025-07-09 21:14:26] [INFO] 迭代 377 完成，用时 0.36秒
[2025-07-09 21:14:27] [INFO] 迭代 378 完成，用时 0.37秒
[2025-07-09 21:14:27] [INFO] 迭代 379 完成，用时 0.34秒
[2025-07-09 21:14:28] [INFO] 迭代 380 完成，用时 0.43秒
[2025-07-09 21:14:28] [INFO] 迭代 381 完成，用时 0.35秒
[2025-07-09 21:14:28] [INFO] 迭代 382 完成，用时 0.35秒
[2025-07-09 21:14:29] [INFO] 迭代 383 完成，用时 0.34秒
[2025-07-09 21:14:29] [INFO] 迭代 384 完成，用时 0.37秒
[2025-07-09 21:14:29] [INFO] 迭代 385 完成，用时 0.36秒
[2025-07-09 21:14:30] [INFO] 迭代 386 完成，用时 0.34秒
[2025-07-09 21:14:30] [INFO] 迭代 387 完成，用时 0.38秒
[2025-07-09 21:14:30] [INFO] 迭代 388 完成，用时 0.34秒
[2025-07-09 21:14:31] [INFO] 迭代 389 完成，用时 0.34秒
[2025-07-09 21:14:31] [INFO] 迭代 390 完成，用时 0.43秒
[2025-07-09 21:14:32] [INFO] 迭代 391 完成，用时 0.37秒
[2025-07-09 21:14:32] [INFO] 迭代 392 完成，用时 0.35秒
[2025-07-09 21:14:32] [INFO] 迭代 393 完成，用时 0.35秒
[2025-07-09 21:14:33] [INFO] 迭代 394 完成，用时 0.35秒
[2025-07-09 21:14:33] [INFO] 迭代 395 完成，用时 0.37秒
[2025-07-09 21:14:33] [INFO] 迭代 396 完成，用时 0.35秒
[2025-07-09 21:14:34] [INFO] 迭代 397 完成，用时 0.35秒
[2025-07-09 21:14:34] [INFO] 迭代 398 完成，用时 0.35秒
[2025-07-09 21:14:34] [INFO] 迭代 399 完成，用时 0.34秒
[2025-07-09 21:14:37] [INFO] 迭代 400 完成，用时 2.09秒
[2025-07-09 21:14:37] [INFO] 迭代 401 完成，用时 0.38秒
[2025-07-09 21:14:37] [INFO] 迭代 402 完成，用时 0.34秒
[2025-07-09 21:14:38] [INFO] 迭代 403 完成，用时 0.36秒
[2025-07-09 21:14:38] [INFO] 迭代 404 完成，用时 0.35秒
[2025-07-09 21:14:38] [INFO] 迭代 405 完成，用时 0.37秒
[2025-07-09 21:14:39] [INFO] 迭代 406 完成，用时 0.37秒
[2025-07-09 21:14:39] [INFO] 迭代 407 完成，用时 0.37秒
[2025-07-09 21:14:39] [INFO] 迭代 408 完成，用时 0.34秒
[2025-07-09 21:14:40] [INFO] 迭代 409 完成，用时 0.37秒
[2025-07-09 21:14:40] [INFO] 迭代 410 完成，用时 0.44秒
[2025-07-09 21:14:41] [INFO] 迭代 411 完成，用时 0.36秒
[2025-07-09 21:14:41] [INFO] 迭代 412 完成，用时 0.36秒
[2025-07-09 21:14:41] [INFO] 迭代 413 完成，用时 0.35秒
[2025-07-09 21:14:42] [INFO] 迭代 414 完成，用时 0.36秒
[2025-07-09 21:14:42] [INFO] 迭代 415 完成，用时 0.35秒
[2025-07-09 21:14:42] [INFO] 迭代 416 完成，用时 0.35秒
[2025-07-09 21:14:43] [INFO] 迭代 417 完成，用时 0.34秒
[2025-07-09 21:14:43] [INFO] 迭代 418 完成，用时 0.42秒
[2025-07-09 21:14:43] [INFO] 迭代 419 完成，用时 0.37秒
[2025-07-09 21:14:44] [INFO] 迭代 420 完成，用时 0.44秒
[2025-07-09 21:14:44] [INFO] 迭代 421 完成，用时 0.38秒
[2025-07-09 21:14:45] [INFO] 迭代 422 完成，用时 0.35秒
[2025-07-09 21:14:45] [INFO] 迭代 423 完成，用时 0.34秒
[2025-07-09 21:14:45] [INFO] 迭代 424 完成，用时 0.35秒
[2025-07-09 21:14:46] [INFO] 迭代 425 完成，用时 0.37秒
[2025-07-09 21:14:46] [INFO] 迭代 426 完成，用时 0.35秒
[2025-07-09 21:14:46] [INFO] 迭代 427 完成，用时 0.37秒
[2025-07-09 21:14:47] [INFO] 迭代 428 完成，用时 0.38秒
[2025-07-09 21:14:47] [INFO] 迭代 429 完成，用时 0.35秒
[2025-07-09 21:14:48] [INFO] 迭代 430 完成，用时 0.42秒
[2025-07-09 21:14:48] [INFO] 迭代 431 完成，用时 0.34秒
[2025-07-09 21:14:48] [INFO] 迭代 432 完成，用时 0.37秒
[2025-07-09 21:14:49] [INFO] 迭代 433 完成，用时 0.36秒
[2025-07-09 21:14:49] [INFO] 迭代 434 完成，用时 0.37秒
[2025-07-09 21:14:49] [INFO] 迭代 435 完成，用时 0.37秒
[2025-07-09 21:14:50] [INFO] 迭代 436 完成，用时 0.36秒
[2025-07-09 21:14:50] [INFO] 迭代 437 完成，用时 0.36秒
[2025-07-09 21:14:51] [INFO] 迭代 438 完成，用时 0.38秒
[2025-07-09 21:14:51] [INFO] 迭代 439 完成，用时 0.35秒
[2025-07-09 21:14:51] [INFO] 迭代 440 完成，用时 0.41秒
[2025-07-09 21:14:52] [INFO] 迭代 441 完成，用时 0.37秒
[2025-07-09 21:14:52] [INFO] 迭代 442 完成，用时 0.35秒
[2025-07-09 21:14:52] [INFO] 迭代 443 完成，用时 0.37秒
[2025-07-09 21:14:53] [INFO] 迭代 444 完成，用时 0.34秒
[2025-07-09 21:14:53] [INFO] 迭代 445 完成，用时 0.34秒
[2025-07-09 21:14:53] [INFO] 迭代 446 完成，用时 0.37秒
[2025-07-09 21:14:54] [INFO] 迭代 447 完成，用时 0.37秒
[2025-07-09 21:14:54] [INFO] 迭代 448 完成，用时 0.34秒
[2025-07-09 21:14:54] [INFO] 迭代 449 完成，用时 0.37秒
[2025-07-09 21:14:55] [INFO] 迭代 450 完成，用时 0.44秒
[2025-07-09 21:14:55] [INFO] 迭代 451 完成，用时 0.36秒
[2025-07-09 21:14:56] [INFO] 迭代 452 完成，用时 0.35秒
[2025-07-09 21:14:56] [INFO] 迭代 453 完成，用时 0.36秒
[2025-07-09 21:14:56] [INFO] 迭代 454 完成，用时 0.35秒
[2025-07-09 21:14:57] [INFO] 迭代 455 完成，用时 0.34秒
[2025-07-09 21:14:57] [INFO] 迭代 456 完成，用时 0.40秒
[2025-07-09 21:14:57] [INFO] 迭代 457 完成，用时 0.35秒
[2025-07-09 21:14:58] [INFO] 迭代 458 完成，用时 0.36秒
[2025-07-09 21:14:58] [INFO] 迭代 459 完成，用时 0.36秒
[2025-07-09 21:14:59] [INFO] 迭代 460 完成，用时 0.43秒
[2025-07-09 21:14:59] [INFO] 迭代 461 完成，用时 0.36秒
[2025-07-09 21:14:59] [INFO] 迭代 462 完成，用时 0.39秒
[2025-07-09 21:15:00] [INFO] 迭代 463 完成，用时 0.36秒
[2025-07-09 21:15:00] [INFO] 迭代 464 完成，用时 0.38秒
[2025-07-09 21:15:00] [INFO] 迭代 465 完成，用时 0.36秒
[2025-07-09 21:15:01] [INFO] 迭代 466 完成，用时 0.37秒
[2025-07-09 21:15:01] [INFO] 迭代 467 完成，用时 0.37秒
[2025-07-09 21:15:02] [INFO] 迭代 468 完成，用时 0.38秒
[2025-07-09 21:15:02] [INFO] 迭代 469 完成，用时 0.36秒
[2025-07-09 21:15:02] [INFO] 迭代 470 完成，用时 0.45秒
[2025-07-09 21:15:03] [INFO] 迭代 471 完成，用时 0.35秒
[2025-07-09 21:15:03] [INFO] 迭代 472 完成，用时 0.36秒
[2025-07-09 21:15:03] [INFO] 迭代 473 完成，用时 0.36秒
[2025-07-09 21:15:04] [INFO] 迭代 474 完成，用时 0.35秒
[2025-07-09 21:15:04] [INFO] 迭代 475 完成，用时 0.38秒
[2025-07-09 21:15:05] [INFO] 迭代 476 完成，用时 0.35秒
[2025-07-09 21:15:05] [INFO] 迭代 477 完成，用时 0.36秒
[2025-07-09 21:15:06] [INFO] 迭代 478 完成，用时 0.68秒
[2025-07-09 21:15:06] [INFO] 迭代 479 完成，用时 0.38秒
[2025-07-09 21:15:06] [INFO] 迭代 480 完成，用时 0.45秒
[2025-07-09 21:15:07] [INFO] 迭代 481 完成，用时 0.37秒
[2025-07-09 21:15:07] [INFO] 迭代 482 完成，用时 0.38秒
[2025-07-09 21:15:08] [INFO] 迭代 483 完成，用时 0.37秒
[2025-07-09 21:15:08] [INFO] 迭代 484 完成，用时 0.38秒
[2025-07-09 21:15:08] [INFO] 迭代 485 完成，用时 0.39秒
[2025-07-09 21:15:09] [INFO] 迭代 486 完成，用时 0.36秒
[2025-07-09 21:15:09] [INFO] 迭代 487 完成，用时 0.39秒
[2025-07-09 21:15:09] [INFO] 迭代 488 完成，用时 0.38秒
[2025-07-09 21:15:10] [INFO] 迭代 489 完成，用时 0.37秒
[2025-07-09 21:15:10] [INFO] 迭代 490 完成，用时 0.45秒
[2025-07-09 21:15:11] [INFO] 迭代 491 完成，用时 0.37秒
[2025-07-09 21:15:11] [INFO] 迭代 492 完成，用时 0.38秒
[2025-07-09 21:15:11] [INFO] 迭代 493 完成，用时 0.35秒
[2025-07-09 21:15:12] [INFO] 迭代 494 完成，用时 0.37秒
[2025-07-09 21:15:12] [INFO] 迭代 495 完成，用时 0.36秒
[2025-07-09 21:15:12] [INFO] 迭代 496 完成，用时 0.34秒
[2025-07-09 21:15:13] [INFO] 迭代 497 完成，用时 0.38秒
[2025-07-09 21:15:13] [INFO] 迭代 498 完成，用时 0.36秒
[2025-07-09 21:15:14] [INFO] 迭代 499 完成，用时 0.39秒
[2025-07-09 21:15:16] [INFO] 迭代 500 完成，用时 2.07秒
[2025-07-09 21:15:16] [INFO] FSP仿真完成，总用时: 192.26秒
[2025-07-09 21:15:18] [ERROR] 仿真出错: 中间 花括号 '{}' 索引 生成了包含 3 个值的以逗号分隔的列表，但它在后跟后续索引操作时必须生成单一值。
[2025-07-09 21:15:18] [ERROR] 错误位置: D:\CODE\FSP\visualization\ReportGenerator.m, 行号: 52
