[2025-07-18 21:39:36] [INFO] 日志系统初始化完成
[2025-07-18 21:39:36] [INFO] FSP-TCS仿真开始
[2025-07-18 21:39:36] [INFO] 随机种子设置为: 42
[2025-07-18 21:39:36] [INFO] TCS环境创建完成
[2025-07-18 21:39:36] [INFO] 智能体创建完成: 3个防御者, 1个攻击者
[2025-07-18 21:39:36] [INFO] 性能监控器初始化完成
[2025-07-18 21:39:38] [INFO] 迭代 50 完成，用时 0.04秒
[2025-07-18 21:39:40] [INFO] 迭代 100 完成，用时 0.04秒
[2025-07-18 21:39:41] [INFO] 迭代 150 完成，用时 0.04秒
[2025-07-18 21:39:43] [INFO] 迭代 200 完成，用时 0.03秒
[2025-07-18 21:39:45] [INFO] 迭代 250 完成，用时 0.03秒
[2025-07-18 21:39:46] [INFO] 迭代 300 完成，用时 0.04秒
[2025-07-18 21:39:48] [INFO] 迭代 350 完成，用时 0.04秒
[2025-07-18 21:39:50] [INFO] 迭代 400 完成，用时 0.03秒
[2025-07-18 21:39:51] [INFO] 迭代 450 完成，用时 0.04秒
[2025-07-18 21:39:53] [INFO] 迭代 500 完成，用时 0.03秒
[2025-07-18 21:39:55] [INFO] 迭代 550 完成，用时 0.04秒
[2025-07-18 21:39:56] [INFO] 迭代 600 完成，用时 0.03秒
[2025-07-18 21:39:58] [INFO] 迭代 650 完成，用时 0.03秒
[2025-07-18 21:40:00] [INFO] 迭代 700 完成，用时 0.04秒
[2025-07-18 21:40:01] [INFO] 迭代 750 完成，用时 0.03秒
[2025-07-18 21:40:03] [INFO] 迭代 800 完成，用时 0.03秒
[2025-07-18 21:40:05] [INFO] 迭代 850 完成，用时 0.03秒
[2025-07-18 21:40:06] [INFO] 迭代 900 完成，用时 0.03秒
[2025-07-18 21:40:08] [INFO] 迭代 950 完成，用时 0.03秒
[2025-07-18 21:40:10] [INFO] 迭代 1000 完成，用时 0.03秒
[2025-07-18 21:40:10] [ERROR] 仿真出错: 输入参数的数目不足。
[2025-07-18 21:40:10] [ERROR] 错误位置: D:\CODE\FSP-IDS\utils\DataManager.m, 行号: 17
[2025-07-18 21:40:10] [INFO] 日志系统关闭
