[2025-07-18 15:33:40] [INFO] 日志系统初始化
[2025-07-18 15:33:40] [INFO] FSP-TCS多智能体仿真开始
[2025-07-18 15:33:43] [INFO] 
========== Episode 50 ==========
[2025-07-18 15:33:43] [INFO] 攻击者策略: [0.092 0.098 0.092 0.086 0.085 0.095 0.148 0.088 0.101 0.115]
[2025-07-18 15:33:43] [INFO] 
--- QLearning 防御者 ---
[2025-07-18 15:33:43] [INFO] 防御策略: [0.095 0.093 0.227 0.079 0.095 0.082 0.098 0.056 0.068 0.108]
[2025-07-18 15:33:43] [INFO] RADI: 0.177
[2025-07-18 15:33:43] [INFO] Damage: 0.060
[2025-07-18 15:33:43] [INFO] Success Rate: 0.570
[2025-07-18 15:33:43] [INFO] Detection Rate: 0.860
[2025-07-18 15:33:43] [INFO] 
--- SARSA 防御者 ---
[2025-07-18 15:33:43] [INFO] 防御策略: [0.774 0.018 0.016 0.027 0.026 0.020 0.032 0.018 0.027 0.041]
[2025-07-18 15:33:43] [INFO] RADI: 0.181
[2025-07-18 15:33:43] [INFO] Damage: 0.056
[2025-07-18 15:33:43] [INFO] Success Rate: 0.520
[2025-07-18 15:33:43] [INFO] Detection Rate: 0.981
[2025-07-18 15:33:43] [INFO] 
--- DoubleQLearning 防御者 ---
[2025-07-18 15:33:43] [INFO] 防御策略: [0.467 0.059 0.059 0.059 0.059 0.059 0.059 0.059 0.059 0.059]
[2025-07-18 15:33:43] [INFO] RADI: 0.100
[2025-07-18 15:33:43] [INFO] Damage: 0.059
[2025-07-18 15:33:43] [INFO] Success Rate: 0.560
[2025-07-18 15:33:43] [INFO] Detection Rate: 0.929
[2025-07-18 15:33:43] [INFO] ================================\n
[2025-07-18 15:33:45] [INFO] 
========== Episode 100 ==========
[2025-07-18 15:33:45] [INFO] 攻击者策略: [0.092 0.098 0.092 0.086 0.085 0.095 0.148 0.088 0.101 0.115]
[2025-07-18 15:33:45] [INFO] 
--- QLearning 防御者 ---
[2025-07-18 15:33:45] [INFO] 防御策略: [0.097 0.084 0.207 0.070 0.112 0.091 0.093 0.060 0.072 0.114]
[2025-07-18 15:33:45] [INFO] RADI: 0.178
[2025-07-18 15:33:45] [INFO] Damage: 0.040
[2025-07-18 15:33:45] [INFO] Success Rate: 0.380
[2025-07-18 15:33:45] [INFO] Detection Rate: 1.000
[2025-07-18 15:33:45] [INFO] 
--- SARSA 防御者 ---
[2025-07-18 15:33:45] [INFO] 防御策略: [0.772 0.018 0.016 0.028 0.027 0.020 0.033 0.018 0.027 0.042]
[2025-07-18 15:33:45] [INFO] RADI: 0.154
[2025-07-18 15:33:45] [INFO] Damage: 0.067
[2025-07-18 15:33:45] [INFO] Success Rate: 0.600
[2025-07-18 15:33:45] [INFO] Detection Rate: 0.917
[2025-07-18 15:33:45] [INFO] 
--- DoubleQLearning 防御者 ---
[2025-07-18 15:33:45] [INFO] 防御策略: [0.471 0.059 0.059 0.059 0.059 0.059 0.059 0.059 0.059 0.059]
[2025-07-18 15:33:45] [INFO] RADI: 0.099
[2025-07-18 15:33:45] [INFO] Damage: 0.058
[2025-07-18 15:33:45] [INFO] Success Rate: 0.550
[2025-07-18 15:33:45] [INFO] Detection Rate: 0.964
[2025-07-18 15:33:45] [INFO] ================================\n
[2025-07-18 15:33:47] [INFO] 
========== Episode 150 ==========
[2025-07-18 15:33:47] [INFO] 攻击者策略: [0.092 0.098 0.092 0.086 0.085 0.095 0.148 0.088 0.101 0.115]
[2025-07-18 15:33:47] [INFO] 
--- QLearning 防御者 ---
[2025-07-18 15:33:47] [INFO] 防御策略: [0.096 0.089 0.201 0.067 0.109 0.091 0.094 0.067 0.071 0.116]
[2025-07-18 15:33:47] [INFO] RADI: 0.088
[2025-07-18 15:33:47] [INFO] Damage: 0.038
[2025-07-18 15:33:47] [INFO] Success Rate: 0.380
[2025-07-18 15:33:47] [INFO] Detection Rate: 0.974
[2025-07-18 15:33:47] [INFO] 
--- SARSA 防御者 ---
[2025-07-18 15:33:47] [INFO] 防御策略: [0.761 0.019 0.017 0.029 0.028 0.021 0.034 0.019 0.028 0.044]
[2025-07-18 15:33:47] [INFO] RADI: 0.103
[2025-07-18 15:33:47] [INFO] Damage: 0.065
[2025-07-18 15:33:47] [INFO] Success Rate: 0.600
[2025-07-18 15:33:47] [INFO] Detection Rate: 0.967
[2025-07-18 15:33:47] [INFO] 
--- DoubleQLearning 防御者 ---
[2025-07-18 15:33:47] [INFO] 防御策略: [0.465 0.060 0.059 0.060 0.059 0.059 0.059 0.059 0.059 0.059]
[2025-07-18 15:33:47] [INFO] RADI: 0.101
[2025-07-18 15:33:47] [INFO] Damage: 0.067
[2025-07-18 15:33:47] [INFO] Success Rate: 0.620
[2025-07-18 15:33:47] [INFO] Detection Rate: 0.952
[2025-07-18 15:33:47] [INFO] ================================\n
[2025-07-18 15:33:49] [INFO] 
========== Episode 200 ==========
[2025-07-18 15:33:49] [INFO] 攻击者策略: [0.092 0.098 0.092 0.086 0.085 0.095 0.148 0.088 0.101 0.115]
[2025-07-18 15:33:49] [INFO] 
--- QLearning 防御者 ---
[2025-07-18 15:33:49] [INFO] 防御策略: [0.110 0.109 0.185 0.067 0.099 0.089 0.089 0.064 0.076 0.111]
[2025-07-18 15:33:49] [INFO] RADI: 0.178
[2025-07-18 15:33:49] [INFO] Damage: 0.049
[2025-07-18 15:33:49] [INFO] Success Rate: 0.490
[2025-07-18 15:33:49] [INFO] Detection Rate: 0.939
[2025-07-18 15:33:49] [INFO] 
--- SARSA 防御者 ---
[2025-07-18 15:33:49] [INFO] 防御策略: [0.764 0.019 0.017 0.028 0.028 0.021 0.034 0.018 0.028 0.043]
[2025-07-18 15:33:49] [INFO] RADI: 0.172
[2025-07-18 15:33:49] [INFO] Damage: 0.066
[2025-07-18 15:33:49] [INFO] Success Rate: 0.610
[2025-07-18 15:33:49] [INFO] Detection Rate: 0.951
[2025-07-18 15:33:49] [INFO] 
--- DoubleQLearning 防御者 ---
[2025-07-18 15:33:49] [INFO] 防御策略: [0.462 0.060 0.060 0.060 0.060 0.060 0.060 0.060 0.060 0.060]
[2025-07-18 15:33:49] [INFO] RADI: 0.101
[2025-07-18 15:33:49] [INFO] Damage: 0.061
[2025-07-18 15:33:49] [INFO] Success Rate: 0.590
[2025-07-18 15:33:49] [INFO] Detection Rate: 0.898
[2025-07-18 15:33:49] [INFO] ================================\n
[2025-07-18 15:33:51] [INFO] 
========== Episode 250 ==========
[2025-07-18 15:33:51] [INFO] 攻击者策略: [0.092 0.098 0.092 0.086 0.085 0.095 0.148 0.088 0.101 0.115]
[2025-07-18 15:33:51] [INFO] 
--- QLearning 防御者 ---
[2025-07-18 15:33:51] [INFO] 防御策略: [0.115 0.108 0.181 0.070 0.098 0.094 0.091 0.065 0.074 0.104]
[2025-07-18 15:33:51] [INFO] RADI: 0.179
[2025-07-18 15:33:51] [INFO] Damage: 0.049
[2025-07-18 15:33:51] [INFO] Success Rate: 0.480
[2025-07-18 15:33:51] [INFO] Detection Rate: 0.979
[2025-07-18 15:33:51] [INFO] 
--- SARSA 防御者 ---
[2025-07-18 15:33:51] [INFO] 防御策略: [0.776 0.018 0.016 0.027 0.026 0.020 0.032 0.017 0.027 0.041]
[2025-07-18 15:33:51] [INFO] RADI: 0.155
[2025-07-18 15:33:51] [INFO] Damage: 0.053
[2025-07-18 15:33:51] [INFO] Success Rate: 0.500
[2025-07-18 15:33:51] [INFO] Detection Rate: 0.980
[2025-07-18 15:33:51] [INFO] 
--- DoubleQLearning 防御者 ---
[2025-07-18 15:33:51] [INFO] 防御策略: [0.467 0.060 0.059 0.059 0.059 0.059 0.059 0.059 0.059 0.059]
[2025-07-18 15:33:51] [INFO] RADI: 0.100
[2025-07-18 15:33:51] [INFO] Damage: 0.062
[2025-07-18 15:33:51] [INFO] Success Rate: 0.590
[2025-07-18 15:33:51] [INFO] Detection Rate: 0.949
[2025-07-18 15:33:51] [INFO] ================================\n
[2025-07-18 15:33:53] [INFO] 
========== Episode 300 ==========
[2025-07-18 15:33:53] [INFO] 攻击者策略: [0.092 0.098 0.092 0.086 0.085 0.095 0.148 0.088 0.101 0.115]
[2025-07-18 15:33:53] [INFO] 
--- QLearning 防御者 ---
[2025-07-18 15:33:53] [INFO] 防御策略: [0.108 0.104 0.178 0.077 0.111 0.091 0.087 0.068 0.071 0.103]
[2025-07-18 15:33:53] [INFO] RADI: 0.179
[2025-07-18 15:33:53] [INFO] Damage: 0.039
[2025-07-18 15:33:53] [INFO] Success Rate: 0.400
[2025-07-18 15:33:53] [INFO] Detection Rate: 0.975
[2025-07-18 15:33:53] [INFO] 
--- SARSA 防御者 ---
[2025-07-18 15:33:53] [INFO] 防御策略: [0.790 0.017 0.015 0.025 0.025 0.018 0.030 0.016 0.025 0.039]
[2025-07-18 15:33:53] [INFO] RADI: 0.103
[2025-07-18 15:33:53] [INFO] Damage: 0.051
[2025-07-18 15:33:53] [INFO] Success Rate: 0.490
[2025-07-18 15:33:53] [INFO] Detection Rate: 0.980
[2025-07-18 15:33:53] [INFO] 
--- DoubleQLearning 防御者 ---
[2025-07-18 15:33:53] [INFO] 防御策略: [0.471 0.059 0.059 0.059 0.059 0.059 0.059 0.059 0.059 0.059]
[2025-07-18 15:33:53] [INFO] RADI: 0.100
[2025-07-18 15:33:53] [INFO] Damage: 0.046
[2025-07-18 15:33:53] [INFO] Success Rate: 0.480
[2025-07-18 15:33:53] [INFO] Detection Rate: 0.917
[2025-07-18 15:33:53] [INFO] ================================\n
[2025-07-18 15:33:55] [INFO] 
========== Episode 350 ==========
[2025-07-18 15:33:55] [INFO] 攻击者策略: [0.092 0.098 0.092 0.086 0.085 0.095 0.148 0.088 0.101 0.115]
[2025-07-18 15:33:55] [INFO] 
--- QLearning 防御者 ---
[2025-07-18 15:33:55] [INFO] 防御策略: [0.109 0.108 0.170 0.077 0.108 0.096 0.091 0.067 0.072 0.101]
[2025-07-18 15:33:55] [INFO] RADI: 0.179
[2025-07-18 15:33:55] [INFO] Damage: 0.049
[2025-07-18 15:33:55] [INFO] Success Rate: 0.500
[2025-07-18 15:33:55] [INFO] Detection Rate: 0.980
[2025-07-18 15:33:55] [INFO] 
--- SARSA 防御者 ---
[2025-07-18 15:33:55] [INFO] 防御策略: [0.786 0.017 0.015 0.026 0.025 0.019 0.031 0.017 0.025 0.039]
[2025-07-18 15:33:55] [INFO] RADI: 0.170
[2025-07-18 15:33:55] [INFO] Damage: 0.058
[2025-07-18 15:33:55] [INFO] Success Rate: 0.570
[2025-07-18 15:33:55] [INFO] Detection Rate: 0.947
[2025-07-18 15:33:55] [INFO] 
--- DoubleQLearning 防御者 ---
[2025-07-18 15:33:55] [INFO] 防御策略: [0.469 0.059 0.059 0.059 0.059 0.059 0.059 0.059 0.059 0.059]
[2025-07-18 15:33:55] [INFO] RADI: 0.100
[2025-07-18 15:33:55] [INFO] Damage: 0.057
[2025-07-18 15:33:55] [INFO] Success Rate: 0.570
[2025-07-18 15:33:55] [INFO] Detection Rate: 0.947
[2025-07-18 15:33:55] [INFO] ================================\n
[2025-07-18 15:33:57] [INFO] 
========== Episode 400 ==========
[2025-07-18 15:33:57] [INFO] 攻击者策略: [0.092 0.098 0.092 0.086 0.085 0.095 0.148 0.088 0.101 0.115]
[2025-07-18 15:33:57] [INFO] 
--- QLearning 防御者 ---
[2025-07-18 15:33:57] [INFO] 防御策略: [0.107 0.107 0.165 0.075 0.114 0.101 0.092 0.068 0.074 0.098]
[2025-07-18 15:33:57] [INFO] RADI: 0.087
[2025-07-18 15:33:57] [INFO] Damage: 0.043
[2025-07-18 15:33:57] [INFO] Success Rate: 0.440
[2025-07-18 15:33:57] [INFO] Detection Rate: 1.000
[2025-07-18 15:33:57] [INFO] 
--- SARSA 防御者 ---
[2025-07-18 15:33:57] [INFO] 防御策略: [0.767 0.018 0.017 0.028 0.027 0.020 0.033 0.018 0.028 0.043]
[2025-07-18 15:33:57] [INFO] RADI: 0.101
[2025-07-18 15:33:57] [INFO] Damage: 0.070
[2025-07-18 15:33:57] [INFO] Success Rate: 0.640
[2025-07-18 15:33:57] [INFO] Detection Rate: 0.969
[2025-07-18 15:33:57] [INFO] 
--- DoubleQLearning 防御者 ---
[2025-07-18 15:33:57] [INFO] 防御策略: [0.468 0.059 0.059 0.059 0.059 0.059 0.059 0.059 0.059 0.059]
[2025-07-18 15:33:57] [INFO] RADI: 0.101
[2025-07-18 15:33:57] [INFO] Damage: 0.055
[2025-07-18 15:33:57] [INFO] Success Rate: 0.530
[2025-07-18 15:33:57] [INFO] Detection Rate: 0.981
[2025-07-18 15:33:57] [INFO] ================================\n
[2025-07-18 15:33:59] [INFO] 
========== Episode 450 ==========
[2025-07-18 15:33:59] [INFO] 攻击者策略: [0.092 0.098 0.092 0.086 0.085 0.095 0.148 0.088 0.101 0.115]
[2025-07-18 15:33:59] [INFO] 
--- QLearning 防御者 ---
[2025-07-18 15:33:59] [INFO] 防御策略: [0.112 0.108 0.160 0.076 0.111 0.095 0.095 0.066 0.072 0.106]
[2025-07-18 15:33:59] [INFO] RADI: 0.088
[2025-07-18 15:33:59] [INFO] Damage: 0.054
[2025-07-18 15:33:59] [INFO] Success Rate: 0.560
[2025-07-18 15:33:59] [INFO] Detection Rate: 0.911
[2025-07-18 15:33:59] [INFO] 
--- SARSA 防御者 ---
[2025-07-18 15:33:59] [INFO] 防御策略: [0.764 0.019 0.017 0.029 0.028 0.021 0.034 0.018 0.028 0.043]
[2025-07-18 15:33:59] [INFO] RADI: 0.162
[2025-07-18 15:33:59] [INFO] Damage: 0.056
[2025-07-18 15:33:59] [INFO] Success Rate: 0.540
[2025-07-18 15:33:59] [INFO] Detection Rate: 0.963
[2025-07-18 15:33:59] [INFO] 
--- DoubleQLearning 防御者 ---
[2025-07-18 15:33:59] [INFO] 防御策略: [0.473 0.059 0.059 0.059 0.058 0.059 0.058 0.058 0.058 0.058]
[2025-07-18 15:33:59] [INFO] RADI: 0.101
[2025-07-18 15:33:59] [INFO] Damage: 0.049
[2025-07-18 15:33:59] [INFO] Success Rate: 0.490
[2025-07-18 15:33:59] [INFO] Detection Rate: 1.000
[2025-07-18 15:33:59] [INFO] ================================\n
[2025-07-18 15:34:01] [INFO] 
========== Episode 500 ==========
[2025-07-18 15:34:01] [INFO] 攻击者策略: [0.092 0.098 0.092 0.086 0.085 0.095 0.148 0.088 0.101 0.115]
[2025-07-18 15:34:01] [INFO] 
--- QLearning 防御者 ---
[2025-07-18 15:34:01] [INFO] 防御策略: [0.111 0.112 0.156 0.079 0.110 0.094 0.093 0.066 0.074 0.105]
[2025-07-18 15:34:01] [INFO] RADI: 0.089
[2025-07-18 15:34:01] [INFO] Damage: 0.053
[2025-07-18 15:34:01] [INFO] Success Rate: 0.510
[2025-07-18 15:34:01] [INFO] Detection Rate: 0.941
[2025-07-18 15:34:01] [INFO] 
--- SARSA 防御者 ---
[2025-07-18 15:34:01] [INFO] 防御策略: [0.774 0.018 0.016 0.027 0.027 0.020 0.032 0.018 0.027 0.042]
[2025-07-18 15:34:01] [INFO] RADI: 0.168
[2025-07-18 15:34:01] [INFO] Damage: 0.060
[2025-07-18 15:34:01] [INFO] Success Rate: 0.560
[2025-07-18 15:34:01] [INFO] Detection Rate: 1.000
[2025-07-18 15:34:01] [INFO] 
--- DoubleQLearning 防御者 ---
[2025-07-18 15:34:01] [INFO] 防御策略: [0.464 0.060 0.060 0.060 0.059 0.060 0.059 0.059 0.059 0.059]
[2025-07-18 15:34:01] [INFO] RADI: 0.100
[2025-07-18 15:34:01] [INFO] Damage: 0.053
[2025-07-18 15:34:01] [INFO] Success Rate: 0.550
[2025-07-18 15:34:01] [INFO] Detection Rate: 0.927
[2025-07-18 15:34:01] [INFO] ================================\n
[2025-07-18 15:34:03] [INFO] 
========== Episode 550 ==========
[2025-07-18 15:34:03] [INFO] 攻击者策略: [0.092 0.098 0.092 0.086 0.085 0.095 0.148 0.088 0.101 0.115]
[2025-07-18 15:34:03] [INFO] 
--- QLearning 防御者 ---
[2025-07-18 15:34:03] [INFO] 防御策略: [0.109 0.114 0.153 0.080 0.112 0.097 0.091 0.067 0.072 0.105]
[2025-07-18 15:34:03] [INFO] RADI: 0.089
[2025-07-18 15:34:03] [INFO] Damage: 0.045
[2025-07-18 15:34:03] [INFO] Success Rate: 0.440
[2025-07-18 15:34:03] [INFO] Detection Rate: 0.977
[2025-07-18 15:34:03] [INFO] 
--- SARSA 防御者 ---
[2025-07-18 15:34:03] [INFO] 防御策略: [0.786 0.017 0.015 0.026 0.025 0.019 0.031 0.017 0.025 0.039]
[2025-07-18 15:34:03] [INFO] RADI: 0.102
[2025-07-18 15:34:03] [INFO] Damage: 0.046
[2025-07-18 15:34:03] [INFO] Success Rate: 0.440
[2025-07-18 15:34:03] [INFO] Detection Rate: 0.955
[2025-07-18 15:34:03] [INFO] 
--- DoubleQLearning 防御者 ---
[2025-07-18 15:34:03] [INFO] 防御策略: [0.471 0.059 0.059 0.059 0.059 0.059 0.059 0.059 0.059 0.059]
[2025-07-18 15:34:03] [INFO] RADI: 0.100
[2025-07-18 15:34:03] [INFO] Damage: 0.057
[2025-07-18 15:34:03] [INFO] Success Rate: 0.570
[2025-07-18 15:34:03] [INFO] Detection Rate: 0.965
[2025-07-18 15:34:03] [INFO] ================================\n
[2025-07-18 15:34:05] [INFO] 
========== Episode 600 ==========
[2025-07-18 15:34:05] [INFO] 攻击者策略: [0.092 0.098 0.092 0.086 0.085 0.095 0.148 0.088 0.101 0.115]
[2025-07-18 15:34:05] [INFO] 
--- QLearning 防御者 ---
[2025-07-18 15:34:05] [INFO] 防御策略: [0.111 0.111 0.147 0.084 0.109 0.105 0.092 0.067 0.069 0.104]
[2025-07-18 15:34:05] [INFO] RADI: 0.177
[2025-07-18 15:34:05] [INFO] Damage: 0.072
[2025-07-18 15:34:05] [INFO] Success Rate: 0.620
[2025-07-18 15:34:05] [INFO] Detection Rate: 0.935
[2025-07-18 15:34:05] [INFO] 
--- SARSA 防御者 ---
[2025-07-18 15:34:05] [INFO] 防御策略: [0.787 0.017 0.015 0.026 0.025 0.019 0.031 0.017 0.025 0.039]
[2025-07-18 15:34:05] [INFO] RADI: 0.163
[2025-07-18 15:34:05] [INFO] Damage: 0.062
[2025-07-18 15:34:05] [INFO] Success Rate: 0.560
[2025-07-18 15:34:05] [INFO] Detection Rate: 0.946
[2025-07-18 15:34:05] [INFO] 
--- DoubleQLearning 防御者 ---
[2025-07-18 15:34:05] [INFO] 防御策略: [0.464 0.060 0.060 0.060 0.060 0.060 0.059 0.059 0.060 0.059]
[2025-07-18 15:34:05] [INFO] RADI: 0.100
[2025-07-18 15:34:05] [INFO] Damage: 0.058
[2025-07-18 15:34:05] [INFO] Success Rate: 0.560
[2025-07-18 15:34:05] [INFO] Detection Rate: 0.964
[2025-07-18 15:34:05] [INFO] ================================\n
[2025-07-18 15:34:07] [INFO] 
========== Episode 650 ==========
[2025-07-18 15:34:07] [INFO] 攻击者策略: [0.092 0.098 0.092 0.086 0.085 0.095 0.148 0.088 0.101 0.115]
[2025-07-18 15:34:07] [INFO] 
--- QLearning 防御者 ---
[2025-07-18 15:34:07] [INFO] 防御策略: [0.111 0.110 0.142 0.085 0.110 0.106 0.091 0.068 0.072 0.106]
[2025-07-18 15:34:07] [INFO] RADI: 0.177
[2025-07-18 15:34:07] [INFO] Damage: 0.059
[2025-07-18 15:34:07] [INFO] Success Rate: 0.500
[2025-07-18 15:34:07] [INFO] Detection Rate: 0.920
[2025-07-18 15:34:07] [INFO] 
--- SARSA 防御者 ---
[2025-07-18 15:34:07] [INFO] 防御策略: [0.778 0.018 0.016 0.027 0.026 0.019 0.032 0.017 0.026 0.041]
[2025-07-18 15:34:07] [INFO] RADI: 0.172
[2025-07-18 15:34:07] [INFO] Damage: 0.049
[2025-07-18 15:34:07] [INFO] Success Rate: 0.470
[2025-07-18 15:34:07] [INFO] Detection Rate: 0.936
[2025-07-18 15:34:07] [INFO] 
--- DoubleQLearning 防御者 ---
[2025-07-18 15:34:07] [INFO] 防御策略: [0.469 0.059 0.059 0.059 0.059 0.059 0.059 0.059 0.059 0.059]
[2025-07-18 15:34:07] [INFO] RADI: 0.104
[2025-07-18 15:34:07] [INFO] Damage: 0.055
[2025-07-18 15:34:07] [INFO] Success Rate: 0.530
[2025-07-18 15:34:07] [INFO] Detection Rate: 0.962
[2025-07-18 15:34:07] [INFO] ================================\n
[2025-07-18 15:34:09] [INFO] 
========== Episode 700 ==========
[2025-07-18 15:34:09] [INFO] 攻击者策略: [0.092 0.098 0.092 0.086 0.085 0.095 0.148 0.088 0.101 0.115]
[2025-07-18 15:34:09] [INFO] 
--- QLearning 防御者 ---
[2025-07-18 15:34:09] [INFO] 防御策略: [0.115 0.109 0.139 0.083 0.108 0.107 0.091 0.068 0.072 0.106]
[2025-07-18 15:34:09] [INFO] RADI: 0.087
[2025-07-18 15:34:09] [INFO] Damage: 0.025
[2025-07-18 15:34:09] [INFO] Success Rate: 0.260
[2025-07-18 15:34:09] [INFO] Detection Rate: 0.923
[2025-07-18 15:34:09] [INFO] 
--- SARSA 防御者 ---
[2025-07-18 15:34:09] [INFO] 防御策略: [0.768 0.018 0.017 0.028 0.027 0.020 0.033 0.018 0.028 0.043]
[2025-07-18 15:34:09] [INFO] RADI: 0.151
[2025-07-18 15:34:09] [INFO] Damage: 0.062
[2025-07-18 15:34:09] [INFO] Success Rate: 0.580
[2025-07-18 15:34:09] [INFO] Detection Rate: 0.966
[2025-07-18 15:34:09] [INFO] 
--- DoubleQLearning 防御者 ---
[2025-07-18 15:34:09] [INFO] 防御策略: [0.468 0.059 0.059 0.059 0.059 0.059 0.059 0.059 0.059 0.059]
[2025-07-18 15:34:09] [INFO] RADI: 0.100
[2025-07-18 15:34:09] [INFO] Damage: 0.048
[2025-07-18 15:34:09] [INFO] Success Rate: 0.480
[2025-07-18 15:34:09] [INFO] Detection Rate: 0.938
[2025-07-18 15:34:09] [INFO] ================================\n
[2025-07-18 15:34:12] [INFO] 
========== Episode 750 ==========
[2025-07-18 15:34:12] [INFO] 攻击者策略: [0.092 0.098 0.092 0.086 0.085 0.095 0.148 0.088 0.101 0.115]
[2025-07-18 15:34:12] [INFO] 
--- QLearning 防御者 ---
[2025-07-18 15:34:12] [INFO] 防御策略: [0.116 0.108 0.137 0.081 0.110 0.108 0.091 0.070 0.075 0.105]
[2025-07-18 15:34:12] [INFO] RADI: 0.178
[2025-07-18 15:34:12] [INFO] Damage: 0.042
[2025-07-18 15:34:12] [INFO] Success Rate: 0.460
[2025-07-18 15:34:12] [INFO] Detection Rate: 0.957
[2025-07-18 15:34:12] [INFO] 
--- SARSA 防御者 ---
[2025-07-18 15:34:12] [INFO] 防御策略: [0.790 0.017 0.015 0.025 0.025 0.018 0.030 0.016 0.025 0.039]
[2025-07-18 15:34:12] [INFO] RADI: 0.099
[2025-07-18 15:34:12] [INFO] Damage: 0.038
[2025-07-18 15:34:12] [INFO] Success Rate: 0.420
[2025-07-18 15:34:12] [INFO] Detection Rate: 0.881
[2025-07-18 15:34:12] [INFO] 
--- DoubleQLearning 防御者 ---
[2025-07-18 15:34:12] [INFO] 防御策略: [0.473 0.059 0.059 0.059 0.058 0.059 0.058 0.058 0.059 0.058]
[2025-07-18 15:34:12] [INFO] RADI: 0.104
[2025-07-18 15:34:12] [INFO] Damage: 0.047
[2025-07-18 15:34:12] [INFO] Success Rate: 0.430
[2025-07-18 15:34:12] [INFO] Detection Rate: 0.953
[2025-07-18 15:34:12] [INFO] ================================\n
[2025-07-18 15:34:14] [INFO] 
========== Episode 800 ==========
[2025-07-18 15:34:14] [INFO] 攻击者策略: [0.092 0.098 0.092 0.086 0.085 0.095 0.148 0.088 0.101 0.115]
[2025-07-18 15:34:14] [INFO] 
--- QLearning 防御者 ---
[2025-07-18 15:34:14] [INFO] 防御策略: [0.115 0.108 0.135 0.082 0.109 0.110 0.091 0.070 0.075 0.105]
[2025-07-18 15:34:14] [INFO] RADI: 0.089
[2025-07-18 15:34:14] [INFO] Damage: 0.061
[2025-07-18 15:34:14] [INFO] Success Rate: 0.570
[2025-07-18 15:34:14] [INFO] Detection Rate: 0.965
[2025-07-18 15:34:14] [INFO] 
--- SARSA 防御者 ---
[2025-07-18 15:34:14] [INFO] 防御策略: [0.771 0.018 0.017 0.028 0.027 0.020 0.033 0.018 0.027 0.042]
[2025-07-18 15:34:14] [INFO] RADI: 0.152
[2025-07-18 15:34:14] [INFO] Damage: 0.055
[2025-07-18 15:34:14] [INFO] Success Rate: 0.540
[2025-07-18 15:34:14] [INFO] Detection Rate: 0.926
[2025-07-18 15:34:14] [INFO] 
--- DoubleQLearning 防御者 ---
[2025-07-18 15:34:14] [INFO] 防御策略: [0.464 0.060 0.060 0.060 0.059 0.060 0.059 0.059 0.059 0.059]
[2025-07-18 15:34:14] [INFO] RADI: 0.100
[2025-07-18 15:34:14] [INFO] Damage: 0.061
[2025-07-18 15:34:14] [INFO] Success Rate: 0.600
[2025-07-18 15:34:14] [INFO] Detection Rate: 0.950
[2025-07-18 15:34:14] [INFO] ================================\n
[2025-07-18 15:34:16] [INFO] 
========== Episode 850 ==========
[2025-07-18 15:34:16] [INFO] 攻击者策略: [0.092 0.098 0.092 0.086 0.085 0.095 0.148 0.088 0.101 0.115]
[2025-07-18 15:34:16] [INFO] 
--- QLearning 防御者 ---
[2025-07-18 15:34:16] [INFO] 防御策略: [0.117 0.107 0.133 0.084 0.108 0.110 0.090 0.070 0.075 0.105]
[2025-07-18 15:34:16] [INFO] RADI: 0.178
[2025-07-18 15:34:16] [INFO] Damage: 0.045
[2025-07-18 15:34:16] [INFO] Success Rate: 0.500
[2025-07-18 15:34:16] [INFO] Detection Rate: 0.900
[2025-07-18 15:34:16] [INFO] 
--- SARSA 防御者 ---
[2025-07-18 15:34:16] [INFO] 防御策略: [0.765 0.019 0.017 0.028 0.028 0.020 0.034 0.018 0.028 0.043]
[2025-07-18 15:34:16] [INFO] RADI: 0.100
[2025-07-18 15:34:16] [INFO] Damage: 0.043
[2025-07-18 15:34:16] [INFO] Success Rate: 0.440
[2025-07-18 15:34:16] [INFO] Detection Rate: 0.955
[2025-07-18 15:34:16] [INFO] 
--- DoubleQLearning 防御者 ---
[2025-07-18 15:34:16] [INFO] 防御策略: [0.471 0.059 0.059 0.059 0.059 0.059 0.059 0.059 0.059 0.059]
[2025-07-18 15:34:16] [INFO] RADI: 0.100
[2025-07-18 15:34:16] [INFO] Damage: 0.055
[2025-07-18 15:34:16] [INFO] Success Rate: 0.520
[2025-07-18 15:34:16] [INFO] Detection Rate: 0.942
[2025-07-18 15:34:16] [INFO] ================================\n
[2025-07-18 15:34:18] [INFO] 
========== Episode 900 ==========
[2025-07-18 15:34:18] [INFO] 攻击者策略: [0.092 0.098 0.092 0.086 0.085 0.095 0.148 0.088 0.101 0.115]
[2025-07-18 15:34:18] [INFO] 
--- QLearning 防御者 ---
[2025-07-18 15:34:18] [INFO] 防御策略: [0.117 0.107 0.132 0.085 0.108 0.110 0.090 0.068 0.077 0.105]
[2025-07-18 15:34:18] [INFO] RADI: 0.177
[2025-07-18 15:34:18] [INFO] Damage: 0.065
[2025-07-18 15:34:18] [INFO] Success Rate: 0.580
[2025-07-18 15:34:18] [INFO] Detection Rate: 0.948
[2025-07-18 15:34:18] [INFO] 
--- SARSA 防御者 ---
[2025-07-18 15:34:18] [INFO] 防御策略: [0.785 0.017 0.016 0.026 0.025 0.019 0.031 0.017 0.026 0.040]
[2025-07-18 15:34:18] [INFO] RADI: 0.062
[2025-07-18 15:34:18] [INFO] Damage: 0.044
[2025-07-18 15:34:18] [INFO] Success Rate: 0.420
[2025-07-18 15:34:18] [INFO] Detection Rate: 1.000
[2025-07-18 15:34:18] [INFO] 
--- DoubleQLearning 防御者 ---
[2025-07-18 15:34:18] [INFO] 防御策略: [0.471 0.059 0.059 0.059 0.059 0.059 0.059 0.059 0.059 0.059]
[2025-07-18 15:34:18] [INFO] RADI: 0.100
[2025-07-18 15:34:18] [INFO] Damage: 0.047
[2025-07-18 15:34:18] [INFO] Success Rate: 0.490
[2025-07-18 15:34:18] [INFO] Detection Rate: 0.918
[2025-07-18 15:34:18] [INFO] ================================\n
[2025-07-18 15:34:20] [INFO] 
========== Episode 950 ==========
[2025-07-18 15:34:20] [INFO] 攻击者策略: [0.092 0.098 0.092 0.086 0.085 0.095 0.148 0.088 0.101 0.115]
[2025-07-18 15:34:20] [INFO] 
--- QLearning 防御者 ---
[2025-07-18 15:34:20] [INFO] 防御策略: [0.118 0.107 0.129 0.085 0.109 0.110 0.090 0.068 0.078 0.106]
[2025-07-18 15:34:20] [INFO] RADI: 0.089
[2025-07-18 15:34:20] [INFO] Damage: 0.016
[2025-07-18 15:34:20] [INFO] Success Rate: 0.170
[2025-07-18 15:34:20] [INFO] Detection Rate: 0.941
[2025-07-18 15:34:20] [INFO] 
--- SARSA 防御者 ---
[2025-07-18 15:34:20] [INFO] 防御策略: [0.770 0.018 0.017 0.028 0.027 0.020 0.033 0.018 0.027 0.042]
[2025-07-18 15:34:20] [INFO] RADI: 0.100
[2025-07-18 15:34:20] [INFO] Damage: 0.070
[2025-07-18 15:34:20] [INFO] Success Rate: 0.570
[2025-07-18 15:34:20] [INFO] Detection Rate: 0.982
[2025-07-18 15:34:20] [INFO] 
--- DoubleQLearning 防御者 ---
[2025-07-18 15:34:20] [INFO] 防御策略: [0.465 0.060 0.060 0.060 0.059 0.060 0.059 0.059 0.059 0.059]
[2025-07-18 15:34:20] [INFO] RADI: 0.103
[2025-07-18 15:34:20] [INFO] Damage: 0.060
[2025-07-18 15:34:20] [INFO] Success Rate: 0.570
[2025-07-18 15:34:20] [INFO] Detection Rate: 0.930
[2025-07-18 15:34:20] [INFO] ================================\n
[2025-07-18 15:34:22] [INFO] 
========== Episode 1000 ==========
[2025-07-18 15:34:22] [INFO] 攻击者策略: [0.092 0.098 0.092 0.086 0.085 0.095 0.148 0.088 0.101 0.115]
[2025-07-18 15:34:22] [INFO] 
--- QLearning 防御者 ---
[2025-07-18 15:34:22] [INFO] 防御策略: [0.119 0.107 0.127 0.086 0.108 0.110 0.090 0.068 0.078 0.107]
[2025-07-18 15:34:22] [INFO] RADI: 0.179
[2025-07-18 15:34:22] [INFO] Damage: 0.060
[2025-07-18 15:34:22] [INFO] Success Rate: 0.560
[2025-07-18 15:34:22] [INFO] Detection Rate: 0.982
[2025-07-18 15:34:22] [INFO] 
--- SARSA 防御者 ---
[2025-07-18 15:34:22] [INFO] 防御策略: [0.771 0.018 0.016 0.028 0.027 0.020 0.033 0.018 0.027 0.042]
[2025-07-18 15:34:22] [INFO] RADI: 0.176
[2025-07-18 15:34:22] [INFO] Damage: 0.060
[2025-07-18 15:34:22] [INFO] Success Rate: 0.520
[2025-07-18 15:34:22] [INFO] Detection Rate: 0.942
[2025-07-18 15:34:22] [INFO] 
--- DoubleQLearning 防御者 ---
[2025-07-18 15:34:22] [INFO] 防御策略: [0.471 0.059 0.059 0.059 0.059 0.059 0.059 0.059 0.059 0.059]
[2025-07-18 15:34:22] [INFO] RADI: 0.100
[2025-07-18 15:34:22] [INFO] Damage: 0.050
[2025-07-18 15:34:22] [INFO] Success Rate: 0.480
[2025-07-18 15:34:22] [INFO] Detection Rate: 0.938
[2025-07-18 15:34:22] [INFO] ================================\n
[2025-07-18 15:34:22] [INFO] 生成多智能体对比报告...
[2025-07-18 15:34:29] [INFO] 报告已保存到: D:\CODE\FSP-IDS\reports\20250718_153422
[2025-07-18 15:34:29] [INFO] FSP-TCS多智能体仿真成功完成
