[2025-07-16 21:15:14] [INFO] 日志系统初始化
[2025-07-16 21:15:14] [INFO] FSP-TCS多智能体仿真开始
[2025-07-16 21:15:16] [INFO] 
========== Episode 50 ==========
[2025-07-16 21:15:16] [INFO] 攻击者策略: [0.071 0.098 0.103 0.107 0.106 0.110 0.117 0.090 0.106 0.091]
[2025-07-16 21:15:16] [INFO] 
--- QLearning 防御者 ---
[2025-07-16 21:15:16] [INFO] 防御策略: [0.102 0.086 0.094 0.099 0.101 0.111 0.091 0.113 0.100 0.103]
[2025-07-16 21:15:16] [INFO] RADI: 2.804
[2025-07-16 21:15:16] [INFO] Damage: 0.083
[2025-07-16 21:15:16] [INFO] Success Rate: 0.970
[2025-07-16 21:15:16] [INFO] Detection Rate: NaN
[2025-07-16 21:15:16] [INFO] 
--- SARSA 防御者 ---
[2025-07-16 21:15:16] [INFO] 防御策略: [0.078 0.083 0.092 0.129 0.104 0.086 0.102 0.109 0.106 0.110]
[2025-07-16 21:15:16] [INFO] RADI: 2.307
[2025-07-16 21:15:16] [INFO] Damage: 0.088
[2025-07-16 21:15:16] [INFO] Success Rate: 0.910
[2025-07-16 21:15:16] [INFO] Detection Rate: NaN
[2025-07-16 21:15:16] [INFO] 
--- DoubleQLearning 防御者 ---
[2025-07-16 21:15:16] [INFO] 防御策略: [0.118 0.098 0.098 0.098 0.098 0.098 0.098 0.098 0.098 0.098]
[2025-07-16 21:15:16] [INFO] RADI: 2.679
[2025-07-16 21:15:16] [INFO] Damage: 0.092
[2025-07-16 21:15:16] [INFO] Success Rate: 0.930
[2025-07-16 21:15:16] [INFO] Detection Rate: NaN
[2025-07-16 21:15:16] [INFO] ================================\n
[2025-07-16 21:15:19] [INFO] 
========== Episode 100 ==========
[2025-07-16 21:15:19] [INFO] 攻击者策略: [0.071 0.098 0.103 0.107 0.106 0.110 0.117 0.090 0.106 0.091]
[2025-07-16 21:15:19] [INFO] 
--- QLearning 防御者 ---
[2025-07-16 21:15:19] [INFO] 防御策略: [0.102 0.086 0.094 0.099 0.101 0.111 0.091 0.113 0.100 0.103]
[2025-07-16 21:15:19] [INFO] RADI: 2.526
[2025-07-16 21:15:19] [INFO] Damage: 0.084
[2025-07-16 21:15:19] [INFO] Success Rate: 0.990
[2025-07-16 21:15:19] [INFO] Detection Rate: NaN
[2025-07-16 21:15:19] [INFO] 
--- SARSA 防御者 ---
[2025-07-16 21:15:19] [INFO] 防御策略: [0.079 0.082 0.092 0.129 0.104 0.086 0.102 0.109 0.106 0.110]
[2025-07-16 21:15:19] [INFO] RADI: 2.790
[2025-07-16 21:15:19] [INFO] Damage: 0.086
[2025-07-16 21:15:19] [INFO] Success Rate: 0.890
[2025-07-16 21:15:19] [INFO] Detection Rate: NaN
[2025-07-16 21:15:19] [INFO] 
--- DoubleQLearning 防御者 ---
[2025-07-16 21:15:19] [INFO] 防御策略: [0.118 0.098 0.098 0.098 0.098 0.098 0.098 0.098 0.098 0.098]
[2025-07-16 21:15:19] [INFO] RADI: 2.427
[2025-07-16 21:15:19] [INFO] Damage: 0.087
[2025-07-16 21:15:19] [INFO] Success Rate: 0.930
[2025-07-16 21:15:19] [INFO] Detection Rate: NaN
[2025-07-16 21:15:19] [INFO] ================================\n
[2025-07-16 21:15:22] [INFO] 
========== Episode 150 ==========
[2025-07-16 21:15:22] [INFO] 攻击者策略: [0.071 0.098 0.103 0.107 0.106 0.110 0.117 0.090 0.106 0.091]
[2025-07-16 21:15:22] [INFO] 
--- QLearning 防御者 ---
[2025-07-16 21:15:22] [INFO] 防御策略: [0.102 0.086 0.094 0.099 0.101 0.111 0.091 0.113 0.100 0.103]
[2025-07-16 21:15:22] [INFO] RADI: 2.750
[2025-07-16 21:15:22] [INFO] Damage: 0.077
[2025-07-16 21:15:22] [INFO] Success Rate: 0.980
[2025-07-16 21:15:22] [INFO] Detection Rate: NaN
[2025-07-16 21:15:22] [INFO] 
--- SARSA 防御者 ---
[2025-07-16 21:15:22] [INFO] 防御策略: [0.079 0.083 0.092 0.129 0.104 0.086 0.102 0.109 0.106 0.110]
[2025-07-16 21:15:22] [INFO] RADI: 2.635
[2025-07-16 21:15:22] [INFO] Damage: 0.091
[2025-07-16 21:15:22] [INFO] Success Rate: 0.910
[2025-07-16 21:15:22] [INFO] Detection Rate: NaN
[2025-07-16 21:15:22] [INFO] 
--- DoubleQLearning 防御者 ---
[2025-07-16 21:15:22] [INFO] 防御策略: [0.118 0.098 0.098 0.098 0.098 0.098 0.098 0.098 0.098 0.098]
[2025-07-16 21:15:22] [INFO] RADI: 2.534
[2025-07-16 21:15:22] [INFO] Damage: 0.090
[2025-07-16 21:15:22] [INFO] Success Rate: 0.910
[2025-07-16 21:15:22] [INFO] Detection Rate: NaN
[2025-07-16 21:15:22] [INFO] ================================\n
[2025-07-16 21:15:25] [INFO] 
========== Episode 200 ==========
[2025-07-16 21:15:25] [INFO] 攻击者策略: [0.071 0.098 0.103 0.107 0.106 0.110 0.117 0.090 0.106 0.091]
[2025-07-16 21:15:25] [INFO] 
--- QLearning 防御者 ---
[2025-07-16 21:15:25] [INFO] 防御策略: [0.102 0.086 0.094 0.099 0.101 0.112 0.091 0.112 0.100 0.103]
[2025-07-16 21:15:25] [INFO] RADI: 2.290
[2025-07-16 21:15:25] [INFO] Damage: 0.076
[2025-07-16 21:15:25] [INFO] Success Rate: 0.970
[2025-07-16 21:15:25] [INFO] Detection Rate: NaN
[2025-07-16 21:15:25] [INFO] 
--- SARSA 防御者 ---
[2025-07-16 21:15:25] [INFO] 防御策略: [0.078 0.083 0.092 0.129 0.104 0.086 0.102 0.109 0.106 0.110]
[2025-07-16 21:15:25] [INFO] RADI: 2.804
[2025-07-16 21:15:25] [INFO] Damage: 0.087
[2025-07-16 21:15:25] [INFO] Success Rate: 0.950
[2025-07-16 21:15:25] [INFO] Detection Rate: NaN
[2025-07-16 21:15:25] [INFO] 
--- DoubleQLearning 防御者 ---
[2025-07-16 21:15:25] [INFO] 防御策略: [0.118 0.098 0.098 0.098 0.098 0.098 0.098 0.098 0.098 0.098]
[2025-07-16 21:15:25] [INFO] RADI: 2.666
[2025-07-16 21:15:25] [INFO] Damage: 0.088
[2025-07-16 21:15:25] [INFO] Success Rate: 0.940
[2025-07-16 21:15:25] [INFO] Detection Rate: NaN
[2025-07-16 21:15:25] [INFO] ================================\n
[2025-07-16 21:15:30] [INFO] 
========== Episode 250 ==========
[2025-07-16 21:15:30] [INFO] 攻击者策略: [0.071 0.098 0.103 0.107 0.106 0.110 0.117 0.090 0.106 0.091]
[2025-07-16 21:15:30] [INFO] 
--- QLearning 防御者 ---
[2025-07-16 21:15:30] [INFO] 防御策略: [0.102 0.086 0.094 0.099 0.101 0.112 0.091 0.112 0.100 0.103]
[2025-07-16 21:15:30] [INFO] RADI: 2.741
[2025-07-16 21:15:30] [INFO] Damage: 0.075
[2025-07-16 21:15:30] [INFO] Success Rate: 0.980
[2025-07-16 21:15:30] [INFO] Detection Rate: NaN
[2025-07-16 21:15:30] [INFO] 
--- SARSA 防御者 ---
[2025-07-16 21:15:30] [INFO] 防御策略: [0.078 0.083 0.092 0.129 0.104 0.086 0.102 0.109 0.106 0.110]
[2025-07-16 21:15:30] [INFO] RADI: 2.523
[2025-07-16 21:15:30] [INFO] Damage: 0.091
[2025-07-16 21:15:30] [INFO] Success Rate: 0.930
[2025-07-16 21:15:30] [INFO] Detection Rate: NaN
[2025-07-16 21:15:30] [INFO] 
--- DoubleQLearning 防御者 ---
[2025-07-16 21:15:30] [INFO] 防御策略: [0.118 0.098 0.098 0.098 0.098 0.098 0.098 0.098 0.098 0.098]
[2025-07-16 21:15:30] [INFO] RADI: 2.418
[2025-07-16 21:15:30] [INFO] Damage: 0.092
[2025-07-16 21:15:30] [INFO] Success Rate: 0.920
[2025-07-16 21:15:30] [INFO] Detection Rate: NaN
[2025-07-16 21:15:30] [INFO] ================================\n
[2025-07-16 21:15:34] [INFO] 
========== Episode 300 ==========
[2025-07-16 21:15:34] [INFO] 攻击者策略: [0.071 0.098 0.103 0.107 0.106 0.110 0.117 0.090 0.106 0.091]
[2025-07-16 21:15:34] [INFO] 
--- QLearning 防御者 ---
[2025-07-16 21:15:34] [INFO] 防御策略: [0.102 0.086 0.094 0.099 0.100 0.112 0.092 0.112 0.100 0.102]
[2025-07-16 21:15:34] [INFO] RADI: 2.645
[2025-07-16 21:15:34] [INFO] Damage: 0.078
[2025-07-16 21:15:34] [INFO] Success Rate: 0.980
[2025-07-16 21:15:34] [INFO] Detection Rate: NaN
[2025-07-16 21:15:34] [INFO] 
--- SARSA 防御者 ---
[2025-07-16 21:15:34] [INFO] 防御策略: [0.077 0.083 0.092 0.129 0.104 0.086 0.102 0.109 0.107 0.111]
[2025-07-16 21:15:34] [INFO] RADI: 2.421
[2025-07-16 21:15:34] [INFO] Damage: 0.099
[2025-07-16 21:15:34] [INFO] Success Rate: 0.950
[2025-07-16 21:15:34] [INFO] Detection Rate: NaN
[2025-07-16 21:15:34] [INFO] 
--- DoubleQLearning 防御者 ---
[2025-07-16 21:15:34] [INFO] 防御策略: [0.119 0.098 0.098 0.098 0.098 0.098 0.098 0.098 0.098 0.098]
[2025-07-16 21:15:34] [INFO] RADI: 2.627
[2025-07-16 21:15:34] [INFO] Damage: 0.092
[2025-07-16 21:15:34] [INFO] Success Rate: 0.940
[2025-07-16 21:15:34] [INFO] Detection Rate: NaN
[2025-07-16 21:15:34] [INFO] ================================\n
[2025-07-16 21:15:39] [INFO] 
========== Episode 350 ==========
[2025-07-16 21:15:39] [INFO] 攻击者策略: [0.071 0.098 0.103 0.107 0.106 0.110 0.117 0.090 0.106 0.091]
[2025-07-16 21:15:39] [INFO] 
--- QLearning 防御者 ---
[2025-07-16 21:15:39] [INFO] 防御策略: [0.102 0.086 0.094 0.099 0.100 0.112 0.092 0.112 0.100 0.102]
[2025-07-16 21:15:39] [INFO] RADI: 2.701
[2025-07-16 21:15:39] [INFO] Damage: 0.077
[2025-07-16 21:15:39] [INFO] Success Rate: 0.980
[2025-07-16 21:15:39] [INFO] Detection Rate: NaN
[2025-07-16 21:15:39] [INFO] 
--- SARSA 防御者 ---
[2025-07-16 21:15:39] [INFO] 防御策略: [0.077 0.083 0.092 0.129 0.104 0.086 0.102 0.109 0.107 0.110]
[2025-07-16 21:15:39] [INFO] RADI: 2.751
[2025-07-16 21:15:39] [INFO] Damage: 0.091
[2025-07-16 21:15:39] [INFO] Success Rate: 0.910
[2025-07-16 21:15:39] [INFO] Detection Rate: NaN
[2025-07-16 21:15:39] [INFO] 
--- DoubleQLearning 防御者 ---
[2025-07-16 21:15:39] [INFO] 防御策略: [0.118 0.098 0.098 0.098 0.098 0.098 0.098 0.098 0.098 0.098]
[2025-07-16 21:15:39] [INFO] RADI: 2.488
[2025-07-16 21:15:39] [INFO] Damage: 0.094
[2025-07-16 21:15:39] [INFO] Success Rate: 0.920
[2025-07-16 21:15:39] [INFO] Detection Rate: NaN
[2025-07-16 21:15:39] [INFO] ================================\n
[2025-07-16 21:15:43] [INFO] 
========== Episode 400 ==========
[2025-07-16 21:15:43] [INFO] 攻击者策略: [0.071 0.098 0.103 0.107 0.106 0.110 0.117 0.090 0.106 0.091]
[2025-07-16 21:15:43] [INFO] 
--- QLearning 防御者 ---
[2025-07-16 21:15:43] [INFO] 防御策略: [0.102 0.086 0.094 0.099 0.100 0.112 0.092 0.112 0.100 0.102]
[2025-07-16 21:15:43] [INFO] RADI: 2.689
[2025-07-16 21:15:43] [INFO] Damage: 0.076
[2025-07-16 21:15:43] [INFO] Success Rate: 0.990
[2025-07-16 21:15:43] [INFO] Detection Rate: NaN
[2025-07-16 21:15:43] [INFO] 
--- SARSA 防御者 ---
[2025-07-16 21:15:43] [INFO] 防御策略: [0.078 0.083 0.092 0.129 0.104 0.086 0.102 0.109 0.106 0.110]
[2025-07-16 21:15:43] [INFO] RADI: 2.665
[2025-07-16 21:15:43] [INFO] Damage: 0.093
[2025-07-16 21:15:43] [INFO] Success Rate: 0.950
[2025-07-16 21:15:43] [INFO] Detection Rate: NaN
[2025-07-16 21:15:43] [INFO] 
--- DoubleQLearning 防御者 ---
[2025-07-16 21:15:43] [INFO] 防御策略: [0.118 0.098 0.098 0.098 0.098 0.098 0.098 0.098 0.098 0.098]
[2025-07-16 21:15:43] [INFO] RADI: 2.527
[2025-07-16 21:15:43] [INFO] Damage: 0.089
[2025-07-16 21:15:43] [INFO] Success Rate: 0.920
[2025-07-16 21:15:43] [INFO] Detection Rate: NaN
[2025-07-16 21:15:43] [INFO] ================================\n
[2025-07-16 21:15:48] [INFO] 
========== Episode 450 ==========
[2025-07-16 21:15:48] [INFO] 攻击者策略: [0.071 0.098 0.103 0.107 0.106 0.110 0.117 0.090 0.106 0.091]
[2025-07-16 21:15:48] [INFO] 
--- QLearning 防御者 ---
[2025-07-16 21:15:48] [INFO] 防御策略: [0.102 0.086 0.094 0.100 0.100 0.112 0.092 0.112 0.100 0.102]
[2025-07-16 21:15:48] [INFO] RADI: 1.000
[2025-07-16 21:15:48] [INFO] Damage: 0.076
[2025-07-16 21:15:48] [INFO] Success Rate: 0.970
[2025-07-16 21:15:48] [INFO] Detection Rate: NaN
[2025-07-16 21:15:48] [INFO] 
--- SARSA 防御者 ---
[2025-07-16 21:15:48] [INFO] 防御策略: [0.078 0.083 0.092 0.129 0.104 0.086 0.102 0.109 0.106 0.110]
[2025-07-16 21:15:48] [INFO] RADI: 2.584
[2025-07-16 21:15:48] [INFO] Damage: 0.096
[2025-07-16 21:15:48] [INFO] Success Rate: 0.980
[2025-07-16 21:15:48] [INFO] Detection Rate: NaN
[2025-07-16 21:15:48] [INFO] 
--- DoubleQLearning 防御者 ---
[2025-07-16 21:15:48] [INFO] 防御策略: [0.119 0.098 0.098 0.098 0.098 0.098 0.098 0.098 0.098 0.098]
[2025-07-16 21:15:48] [INFO] RADI: 2.686
[2025-07-16 21:15:48] [INFO] Damage: 0.084
[2025-07-16 21:15:48] [INFO] Success Rate: 0.880
[2025-07-16 21:15:48] [INFO] Detection Rate: NaN
[2025-07-16 21:15:48] [INFO] ================================\n
[2025-07-16 21:15:54] [INFO] 
========== Episode 500 ==========
[2025-07-16 21:15:54] [INFO] 攻击者策略: [0.071 0.098 0.103 0.107 0.106 0.110 0.117 0.090 0.106 0.091]
[2025-07-16 21:15:54] [INFO] 
--- QLearning 防御者 ---
[2025-07-16 21:15:54] [INFO] 防御策略: [0.102 0.087 0.094 0.100 0.100 0.112 0.091 0.112 0.100 0.102]
[2025-07-16 21:15:54] [INFO] RADI: 2.690
[2025-07-16 21:15:54] [INFO] Damage: 0.076
[2025-07-16 21:15:54] [INFO] Success Rate: 0.970
[2025-07-16 21:15:54] [INFO] Detection Rate: NaN
[2025-07-16 21:15:54] [INFO] 
--- SARSA 防御者 ---
[2025-07-16 21:15:54] [INFO] 防御策略: [0.079 0.083 0.092 0.129 0.104 0.086 0.102 0.109 0.106 0.110]
[2025-07-16 21:15:54] [INFO] RADI: 2.454
[2025-07-16 21:15:54] [INFO] Damage: 0.090
[2025-07-16 21:15:54] [INFO] Success Rate: 0.940
[2025-07-16 21:15:54] [INFO] Detection Rate: NaN
[2025-07-16 21:15:54] [INFO] 
--- DoubleQLearning 防御者 ---
[2025-07-16 21:15:54] [INFO] 防御策略: [0.119 0.098 0.098 0.098 0.098 0.098 0.098 0.098 0.098 0.098]
[2025-07-16 21:15:54] [INFO] RADI: 2.761
[2025-07-16 21:15:54] [INFO] Damage: 0.084
[2025-07-16 21:15:54] [INFO] Success Rate: 0.870
[2025-07-16 21:15:54] [INFO] Detection Rate: NaN
[2025-07-16 21:15:54] [INFO] ================================\n
[2025-07-16 21:15:54] [INFO] 生成多智能体对比报告...
[2025-07-16 21:16:11] [INFO] 报告已保存到: D:\CODE\FSP-IDS\reports\20250716_211554
[2025-07-16 21:16:11] [INFO] FSP-TCS多智能体仿真成功完成
