[2025-07-18 21:41:59] [INFO] 日志系统初始化完成
[2025-07-18 21:41:59] [INFO] FSP-TCS仿真开始
[2025-07-18 21:41:59] [INFO] 随机种子设置为: 42
[2025-07-18 21:41:59] [INFO] TCS环境创建完成
[2025-07-18 21:41:59] [INFO] 智能体创建完成: 3个防御者, 1个攻击者
[2025-07-18 21:41:59] [INFO] 性能监控器初始化完成
[2025-07-18 21:42:01] [INFO] 迭代 50 完成，用时 0.04秒
[2025-07-18 21:42:02] [INFO] 迭代 100 完成，用时 0.04秒
[2025-07-18 21:42:04] [INFO] 迭代 150 完成，用时 0.03秒
[2025-07-18 21:42:06] [INFO] 迭代 200 完成，用时 0.03秒
[2025-07-18 21:42:08] [INFO] 迭代 250 完成，用时 0.04秒
[2025-07-18 21:42:09] [INFO] 迭代 300 完成，用时 0.04秒
[2025-07-18 21:42:11] [INFO] 迭代 350 完成，用时 0.03秒
[2025-07-18 21:42:12] [INFO] 迭代 400 完成，用时 0.03秒
[2025-07-18 21:42:14] [INFO] 迭代 450 完成，用时 0.03秒
[2025-07-18 21:42:16] [INFO] 迭代 500 完成，用时 0.03秒
[2025-07-18 21:42:17] [INFO] 迭代 550 完成，用时 0.03秒
[2025-07-18 21:42:19] [INFO] 迭代 600 完成，用时 0.03秒
[2025-07-18 21:42:21] [INFO] 迭代 650 完成，用时 0.03秒
[2025-07-18 21:42:22] [INFO] 迭代 700 完成，用时 0.04秒
[2025-07-18 21:42:24] [INFO] 迭代 750 完成，用时 0.03秒
[2025-07-18 21:42:25] [INFO] 迭代 800 完成，用时 0.04秒
[2025-07-18 21:42:27] [INFO] 迭代 850 完成，用时 0.03秒
[2025-07-18 21:42:29] [INFO] 迭代 900 完成，用时 0.03秒
[2025-07-18 21:42:30] [INFO] 迭代 950 完成，用时 0.04秒
[2025-07-18 21:42:32] [INFO] 迭代 1000 完成，用时 0.03秒
[2025-07-18 21:42:32] [ERROR] 仿真出错: 未识别类 'QLearningAgent' 的方法、属性或字段 'getStatistics'。
[2025-07-18 21:42:32] [ERROR] 错误位置: D:\CODE\FSP-IDS\utils\DataManager.m, 行号: 21
[2025-07-18 21:42:32] [INFO] 日志系统关闭
