[2025-07-18 21:52:20] [INFO] 日志系统初始化完成
[2025-07-18 21:52:20] [INFO] FSP-TCS仿真开始
[2025-07-18 21:52:20] [INFO] 随机种子设置为: 42
[2025-07-18 21:52:21] [INFO] TCS环境创建完成
[2025-07-18 21:52:21] [INFO] 智能体创建完成: 3个防御者, 1个攻击者
[2025-07-18 21:52:21] [INFO] 性能监控器初始化完成
[2025-07-18 21:52:23] [INFO] 迭代 50 完成，用时 0.06秒
[2025-07-18 21:52:26] [INFO] 迭代 100 完成，用时 0.05秒
[2025-07-18 21:52:28] [INFO] 迭代 150 完成，用时 0.04秒
[2025-07-18 21:52:30] [INFO] 迭代 200 完成，用时 0.05秒
[2025-07-18 21:52:32] [INFO] 迭代 250 完成，用时 0.05秒
[2025-07-18 21:52:35] [INFO] 迭代 300 完成，用时 0.04秒
[2025-07-18 21:52:37] [INFO] 迭代 350 完成，用时 0.05秒
[2025-07-18 21:52:39] [INFO] 迭代 400 完成，用时 0.05秒
[2025-07-18 21:52:41] [INFO] 迭代 450 完成，用时 0.05秒
[2025-07-18 21:52:44] [INFO] 迭代 500 完成，用时 0.05秒
[2025-07-18 21:52:46] [INFO] 迭代 550 完成，用时 0.05秒
[2025-07-18 21:52:48] [INFO] 迭代 600 完成，用时 0.04秒
[2025-07-18 21:52:50] [INFO] 迭代 650 完成，用时 0.04秒
[2025-07-18 21:52:52] [INFO] 迭代 700 完成，用时 0.05秒
[2025-07-18 21:52:55] [INFO] 迭代 750 完成，用时 0.04秒
[2025-07-18 21:52:57] [INFO] 迭代 800 完成，用时 0.05秒
[2025-07-18 21:52:59] [INFO] 迭代 850 完成，用时 0.05秒
[2025-07-18 21:53:02] [INFO] 迭代 900 完成，用时 0.05秒
[2025-07-18 21:53:04] [INFO] 迭代 950 完成，用时 0.04秒
[2025-07-18 21:53:06] [INFO] 迭代 1000 完成，用时 0.05秒
[2025-07-18 21:53:06] [ERROR] 仿真出错: 未识别类 'SARSAAgent' 的方法、属性或字段 'lr_scheduler'。
[2025-07-18 21:53:06] [ERROR] 错误位置: D:\CODE\FSP-IDS\agents\SARSAAgent.m, 行号: 200
[2025-07-18 21:53:06] [INFO] 日志系统关闭
