[2025-07-16 10:50:53] [INFO] 日志系统初始化
[2025-07-16 10:50:53] [INFO] FSP-TCS仿真开始
[2025-07-16 10:50:54] [INFO] Episode 50: RADI=2.148, Success Rate=0.980
[2025-07-16 10:50:54] [INFO]   攻击者策略: [10 4 8 9 1 3 10 1 6 5]
[2025-07-16 10:50:54] [INFO]   防御者策略: [6 7 7 6 1 4 9 10 9 9]
[2025-07-16 10:50:55] [INFO] Episode 100: RADI=2.680, Success Rate=0.970
[2025-07-16 10:50:55] [INFO]   攻击者策略: [7 5 8 9 1 3 10 1 6 5]
[2025-07-16 10:50:55] [INFO]   防御者策略: [7 7 7 6 1 4 9 10 9 9]
[2025-07-16 10:50:56] [INFO] Episode 150: RADI=2.678, Success Rate=0.970
[2025-07-16 10:50:56] [INFO]   攻击者策略: [9 10 8 9 1 3 10 1 6 5]
[2025-07-16 10:50:56] [INFO]   防御者策略: [7 7 7 6 1 4 9 10 9 9]
[2025-07-16 10:50:57] [INFO] Episode 200: RADI=2.690, Success Rate=0.990
[2025-07-16 10:50:57] [INFO]   攻击者策略: [9 8 8 9 1 3 10 1 6 5]
[2025-07-16 10:50:57] [INFO]   防御者策略: [7 7 7 6 1 4 9 10 9 9]
[2025-07-16 10:50:57] [INFO] Episode 250: RADI=2.719, Success Rate=0.970
[2025-07-16 10:50:57] [INFO]   攻击者策略: [4 10 8 9 1 3 10 1 6 5]
[2025-07-16 10:50:57] [INFO]   防御者策略: [7 7 7 6 1 4 9 10 9 9]
[2025-07-16 10:50:58] [INFO] Episode 300: RADI=2.737, Success Rate=0.980
[2025-07-16 10:50:58] [INFO]   攻击者策略: [8 5 8 9 1 3 10 1 6 5]
[2025-07-16 10:50:58] [INFO]   防御者策略: [7 7 7 6 1 4 9 10 9 9]
[2025-07-16 10:50:59] [INFO] Episode 350: RADI=2.737, Success Rate=0.960
[2025-07-16 10:50:59] [INFO]   攻击者策略: [9 6 8 9 1 3 10 1 6 5]
[2025-07-16 10:50:59] [INFO]   防御者策略: [7 7 7 6 1 4 9 10 9 9]
[2025-07-16 10:50:59] [INFO] Episode 400: RADI=2.678, Success Rate=0.980
[2025-07-16 10:50:59] [INFO]   攻击者策略: [8 4 8 9 1 3 10 1 6 5]
[2025-07-16 10:50:59] [INFO]   防御者策略: [7 7 7 6 1 4 9 10 9 9]
[2025-07-16 10:51:00] [INFO] Episode 450: RADI=2.726, Success Rate=0.990
[2025-07-16 10:51:00] [INFO]   攻击者策略: [8 1 8 9 1 3 10 1 6 5]
[2025-07-16 10:51:00] [INFO]   防御者策略: [7 7 7 6 1 4 9 10 9 9]
[2025-07-16 10:51:01] [INFO] Episode 500: RADI=2.695, Success Rate=0.980
[2025-07-16 10:51:01] [INFO]   攻击者策略: [8 6 8 9 1 3 10 1 6 5]
[2025-07-16 10:51:01] [INFO]   防御者策略: [7 7 7 6 1 4 9 10 9 9]
[2025-07-16 10:51:01] [INFO] 生成仿真报告...
[2025-07-16 10:51:08] [INFO] 结果已保存到: D:/CODE/FSP-IDS/results/results_20250716_105101.mat
[2025-07-16 10:51:08] [INFO] FSP-TCS仿真成功完成
