[2025-07-18 15:05:24] [INFO] 日志系统初始化
[2025-07-18 15:05:24] [INFO] FSP-TCS多智能体仿真开始
[2025-07-18 15:05:26] [INFO] 
========== Episode 50 ==========
[2025-07-18 15:05:27] [INFO] 攻击者策略: [0.107 0.097 0.092 0.107 0.084 0.114 0.112 0.112 0.079 0.095]
[2025-07-18 15:05:27] [INFO] 
--- QLearning 防御者 ---
[2025-07-18 15:05:27] [INFO] 防御策略: [0.079 0.089 0.082 0.116 0.088 0.238 0.093 0.063 0.086 0.065]
[2025-07-18 15:05:27] [INFO] RADI: 0.067
[2025-07-18 15:05:27] [INFO] Damage: 0.048
[2025-07-18 15:05:27] [INFO] Success Rate: 0.470
[2025-07-18 15:05:27] [INFO] Detection Rate: 0.936
[2025-07-18 15:05:27] [INFO] 
--- SARSA 防御者 ---
[2025-07-18 15:05:27] [INFO] 防御策略: [0.788 0.015 0.026 0.019 0.015 0.035 0.029 0.019 0.018 0.036]
[2025-07-18 15:05:27] [INFO] RADI: 0.157
[2025-07-18 15:05:27] [INFO] Damage: 0.058
[2025-07-18 15:05:27] [INFO] Success Rate: 0.570
[2025-07-18 15:05:27] [INFO] Detection Rate: 0.965
[2025-07-18 15:05:27] [INFO] 
--- DoubleQLearning 防御者 ---
[2025-07-18 15:05:27] [INFO] 防御策略: [0.476 0.058 0.058 0.058 0.058 0.058 0.058 0.058 0.058 0.058]
[2025-07-18 15:05:27] [INFO] RADI: 0.059
[2025-07-18 15:05:27] [INFO] Damage: 0.049
[2025-07-18 15:05:27] [INFO] Success Rate: 0.490
[2025-07-18 15:05:27] [INFO] Detection Rate: 0.959
[2025-07-18 15:05:27] [INFO] ================================\n
[2025-07-18 15:05:29] [INFO] 
========== Episode 100 ==========
[2025-07-18 15:05:29] [INFO] 攻击者策略: [0.107 0.097 0.092 0.107 0.084 0.114 0.112 0.112 0.079 0.095]
[2025-07-18 15:05:29] [INFO] 
--- QLearning 防御者 ---
[2025-07-18 15:05:29] [INFO] 防御策略: [0.075 0.093 0.085 0.130 0.083 0.221 0.100 0.058 0.086 0.069]
[2025-07-18 15:05:29] [INFO] RADI: 0.066
[2025-07-18 15:05:29] [INFO] Damage: 0.051
[2025-07-18 15:05:29] [INFO] Success Rate: 0.490
[2025-07-18 15:05:29] [INFO] Detection Rate: 0.959
[2025-07-18 15:05:29] [INFO] 
--- SARSA 防御者 ---
[2025-07-18 15:05:29] [INFO] 防御策略: [0.797 0.014 0.025 0.018 0.014 0.033 0.027 0.018 0.017 0.035]
[2025-07-18 15:05:29] [INFO] RADI: 0.178
[2025-07-18 15:05:29] [INFO] Damage: 0.050
[2025-07-18 15:05:29] [INFO] Success Rate: 0.490
[2025-07-18 15:05:29] [INFO] Detection Rate: 1.000
[2025-07-18 15:05:29] [INFO] 
--- DoubleQLearning 防御者 ---
[2025-07-18 15:05:29] [INFO] 防御策略: [0.470 0.059 0.059 0.059 0.059 0.059 0.059 0.059 0.059 0.059]
[2025-07-18 15:05:29] [INFO] RADI: 0.065
[2025-07-18 15:05:29] [INFO] Damage: 0.064
[2025-07-18 15:05:29] [INFO] Success Rate: 0.620
[2025-07-18 15:05:29] [INFO] Detection Rate: 0.887
[2025-07-18 15:05:29] [INFO] ================================\n
[2025-07-18 15:05:31] [INFO] 
========== Episode 150 ==========
[2025-07-18 15:05:31] [INFO] 攻击者策略: [0.107 0.097 0.092 0.107 0.084 0.114 0.112 0.112 0.079 0.095]
[2025-07-18 15:05:31] [INFO] 
--- QLearning 防御者 ---
[2025-07-18 15:05:31] [INFO] 防御策略: [0.077 0.107 0.075 0.118 0.092 0.211 0.106 0.056 0.090 0.069]
[2025-07-18 15:05:31] [INFO] RADI: 0.066
[2025-07-18 15:05:31] [INFO] Damage: 0.065
[2025-07-18 15:05:31] [INFO] Success Rate: 0.630
[2025-07-18 15:05:31] [INFO] Detection Rate: 0.968
[2025-07-18 15:05:31] [INFO] 
--- SARSA 防御者 ---
[2025-07-18 15:05:31] [INFO] 防御策略: [0.800 0.014 0.025 0.018 0.014 0.033 0.027 0.018 0.017 0.034]
[2025-07-18 15:05:31] [INFO] RADI: 0.082
[2025-07-18 15:05:31] [INFO] Damage: 0.054
[2025-07-18 15:05:31] [INFO] Success Rate: 0.520
[2025-07-18 15:05:31] [INFO] Detection Rate: 0.981
[2025-07-18 15:05:31] [INFO] 
--- DoubleQLearning 防御者 ---
[2025-07-18 15:05:31] [INFO] 防御策略: [0.473 0.058 0.059 0.059 0.059 0.059 0.058 0.059 0.058 0.058]
[2025-07-18 15:05:31] [INFO] RADI: 0.061
[2025-07-18 15:05:31] [INFO] Damage: 0.058
[2025-07-18 15:05:31] [INFO] Success Rate: 0.570
[2025-07-18 15:05:31] [INFO] Detection Rate: 0.947
[2025-07-18 15:05:31] [INFO] ================================\n
[2025-07-18 15:05:33] [INFO] 
========== Episode 200 ==========
[2025-07-18 15:05:33] [INFO] 攻击者策略: [0.107 0.097 0.092 0.107 0.084 0.114 0.112 0.112 0.079 0.095]
[2025-07-18 15:05:33] [INFO] 
--- QLearning 防御者 ---
[2025-07-18 15:05:33] [INFO] 防御策略: [0.075 0.106 0.076 0.115 0.094 0.207 0.099 0.063 0.093 0.071]
[2025-07-18 15:05:33] [INFO] RADI: 0.060
[2025-07-18 15:05:33] [INFO] Damage: 0.056
[2025-07-18 15:05:33] [INFO] Success Rate: 0.550
[2025-07-18 15:05:33] [INFO] Detection Rate: 0.964
[2025-07-18 15:05:33] [INFO] 
--- SARSA 防御者 ---
[2025-07-18 15:05:33] [INFO] 防御策略: [0.791 0.015 0.026 0.018 0.015 0.035 0.028 0.019 0.018 0.036]
[2025-07-18 15:05:33] [INFO] RADI: 0.058
[2025-07-18 15:05:33] [INFO] Damage: 0.054
[2025-07-18 15:05:33] [INFO] Success Rate: 0.530
[2025-07-18 15:05:33] [INFO] Detection Rate: 0.943
[2025-07-18 15:05:33] [INFO] 
--- DoubleQLearning 防御者 ---
[2025-07-18 15:05:33] [INFO] 防御策略: [0.475 0.058 0.058 0.058 0.058 0.058 0.058 0.058 0.058 0.058]
[2025-07-18 15:05:33] [INFO] RADI: 0.059
[2025-07-18 15:05:33] [INFO] Damage: 0.059
[2025-07-18 15:05:33] [INFO] Success Rate: 0.600
[2025-07-18 15:05:33] [INFO] Detection Rate: 0.917
[2025-07-18 15:05:33] [INFO] ================================\n
[2025-07-18 15:05:35] [INFO] 
========== Episode 250 ==========
[2025-07-18 15:05:35] [INFO] 攻击者策略: [0.107 0.097 0.092 0.107 0.084 0.114 0.112 0.112 0.079 0.095]
[2025-07-18 15:05:35] [INFO] 
--- QLearning 防御者 ---
[2025-07-18 15:05:35] [INFO] 防御策略: [0.075 0.116 0.078 0.122 0.088 0.198 0.097 0.062 0.094 0.071]
[2025-07-18 15:05:35] [INFO] RADI: 0.067
[2025-07-18 15:05:35] [INFO] Damage: 0.056
[2025-07-18 15:05:35] [INFO] Success Rate: 0.570
[2025-07-18 15:05:35] [INFO] Detection Rate: 0.930
[2025-07-18 15:05:35] [INFO] 
--- SARSA 防御者 ---
[2025-07-18 15:05:35] [INFO] 防御策略: [0.801 0.014 0.025 0.018 0.014 0.033 0.027 0.018 0.017 0.034]
[2025-07-18 15:05:35] [INFO] RADI: 0.059
[2025-07-18 15:05:35] [INFO] Damage: 0.046
[2025-07-18 15:05:35] [INFO] Success Rate: 0.450
[2025-07-18 15:05:35] [INFO] Detection Rate: 0.933
[2025-07-18 15:05:35] [INFO] 
--- DoubleQLearning 防御者 ---
[2025-07-18 15:05:35] [INFO] 防御策略: [0.476 0.058 0.058 0.058 0.058 0.058 0.058 0.058 0.058 0.058]
[2025-07-18 15:05:35] [INFO] RADI: 0.062
[2025-07-18 15:05:35] [INFO] Damage: 0.053
[2025-07-18 15:05:35] [INFO] Success Rate: 0.520
[2025-07-18 15:05:35] [INFO] Detection Rate: 0.885
[2025-07-18 15:05:35] [INFO] ================================\n
[2025-07-18 15:05:37] [INFO] 
========== Episode 300 ==========
[2025-07-18 15:05:37] [INFO] 攻击者策略: [0.107 0.097 0.092 0.107 0.084 0.114 0.112 0.112 0.079 0.095]
[2025-07-18 15:05:37] [INFO] 
--- QLearning 防御者 ---
[2025-07-18 15:05:37] [INFO] 防御策略: [0.072 0.119 0.082 0.114 0.096 0.190 0.094 0.068 0.088 0.077]
[2025-07-18 15:05:37] [INFO] RADI: 0.060
[2025-07-18 15:05:37] [INFO] Damage: 0.050
[2025-07-18 15:05:37] [INFO] Success Rate: 0.490
[2025-07-18 15:05:37] [INFO] Detection Rate: 0.918
[2025-07-18 15:05:37] [INFO] 
--- SARSA 防御者 ---
[2025-07-18 15:05:37] [INFO] 防御策略: [0.803 0.014 0.024 0.017 0.014 0.033 0.027 0.018 0.017 0.034]
[2025-07-18 15:05:37] [INFO] RADI: 0.079
[2025-07-18 15:05:37] [INFO] Damage: 0.058
[2025-07-18 15:05:37] [INFO] Success Rate: 0.560
[2025-07-18 15:05:37] [INFO] Detection Rate: 0.982
[2025-07-18 15:05:37] [INFO] 
--- DoubleQLearning 防御者 ---
[2025-07-18 15:05:37] [INFO] 防御策略: [0.480 0.058 0.058 0.058 0.058 0.058 0.058 0.058 0.058 0.058]
[2025-07-18 15:05:37] [INFO] RADI: 0.060
[2025-07-18 15:05:37] [INFO] Damage: 0.047
[2025-07-18 15:05:37] [INFO] Success Rate: 0.490
[2025-07-18 15:05:37] [INFO] Detection Rate: 0.939
[2025-07-18 15:05:37] [INFO] ================================\n
[2025-07-18 15:05:39] [INFO] 
========== Episode 350 ==========
[2025-07-18 15:05:39] [INFO] 攻击者策略: [0.107 0.097 0.092 0.107 0.084 0.114 0.112 0.112 0.079 0.095]
[2025-07-18 15:05:39] [INFO] 
--- QLearning 防御者 ---
[2025-07-18 15:05:39] [INFO] 防御策略: [0.072 0.118 0.079 0.112 0.096 0.181 0.101 0.072 0.090 0.077]
[2025-07-18 15:05:39] [INFO] RADI: 0.063
[2025-07-18 15:05:39] [INFO] Damage: 0.052
[2025-07-18 15:05:39] [INFO] Success Rate: 0.540
[2025-07-18 15:05:39] [INFO] Detection Rate: 0.963
[2025-07-18 15:05:39] [INFO] 
--- SARSA 防御者 ---
[2025-07-18 15:05:39] [INFO] 防御策略: [0.843 0.011 0.020 0.014 0.011 0.026 0.021 0.014 0.014 0.027]
[2025-07-18 15:05:39] [INFO] RADI: 0.090
[2025-07-18 15:05:39] [INFO] Damage: 0.035
[2025-07-18 15:05:39] [INFO] Success Rate: 0.330
[2025-07-18 15:05:39] [INFO] Detection Rate: 0.970
[2025-07-18 15:05:39] [INFO] 
--- DoubleQLearning 防御者 ---
[2025-07-18 15:05:39] [INFO] 防御策略: [0.477 0.058 0.058 0.058 0.058 0.058 0.058 0.058 0.058 0.058]
[2025-07-18 15:05:39] [INFO] RADI: 0.048
[2025-07-18 15:05:39] [INFO] Damage: 0.056
[2025-07-18 15:05:39] [INFO] Success Rate: 0.570
[2025-07-18 15:05:39] [INFO] Detection Rate: 0.982
[2025-07-18 15:05:39] [INFO] ================================\n
[2025-07-18 15:05:41] [INFO] 
========== Episode 400 ==========
[2025-07-18 15:05:41] [INFO] 攻击者策略: [0.107 0.097 0.092 0.107 0.084 0.114 0.112 0.112 0.079 0.095]
[2025-07-18 15:05:41] [INFO] 
--- QLearning 防御者 ---
[2025-07-18 15:05:41] [INFO] 防御策略: [0.072 0.116 0.081 0.118 0.095 0.175 0.101 0.075 0.091 0.077]
[2025-07-18 15:05:41] [INFO] RADI: 0.066
[2025-07-18 15:05:41] [INFO] Damage: 0.056
[2025-07-18 15:05:41] [INFO] Success Rate: 0.560
[2025-07-18 15:05:41] [INFO] Detection Rate: 0.964
[2025-07-18 15:05:41] [INFO] 
--- SARSA 防御者 ---
[2025-07-18 15:05:41] [INFO] 防御策略: [0.822 0.013 0.022 0.016 0.013 0.029 0.024 0.016 0.015 0.030]
[2025-07-18 15:05:41] [INFO] RADI: 0.063
[2025-07-18 15:05:41] [INFO] Damage: 0.019
[2025-07-18 15:05:41] [INFO] Success Rate: 0.190
[2025-07-18 15:05:41] [INFO] Detection Rate: 0.842
[2025-07-18 15:05:41] [INFO] 
--- DoubleQLearning 防御者 ---
[2025-07-18 15:05:41] [INFO] 防御策略: [0.469 0.059 0.059 0.059 0.059 0.059 0.059 0.059 0.059 0.059]
[2025-07-18 15:05:41] [INFO] RADI: 0.061
[2025-07-18 15:05:41] [INFO] Damage: 0.059
[2025-07-18 15:05:41] [INFO] Success Rate: 0.570
[2025-07-18 15:05:41] [INFO] Detection Rate: 0.947
[2025-07-18 15:05:41] [INFO] ================================\n
[2025-07-18 15:05:43] [INFO] 
========== Episode 450 ==========
[2025-07-18 15:05:43] [INFO] 攻击者策略: [0.107 0.097 0.092 0.107 0.084 0.114 0.112 0.112 0.079 0.095]
[2025-07-18 15:05:43] [INFO] 
--- QLearning 防御者 ---
[2025-07-18 15:05:43] [INFO] 防御策略: [0.070 0.112 0.079 0.116 0.100 0.168 0.101 0.079 0.097 0.078]
[2025-07-18 15:05:43] [INFO] RADI: 0.067
[2025-07-18 15:05:43] [INFO] Damage: 0.064
[2025-07-18 15:05:43] [INFO] Success Rate: 0.630
[2025-07-18 15:05:43] [INFO] Detection Rate: 0.952
[2025-07-18 15:05:43] [INFO] 
--- SARSA 防御者 ---
[2025-07-18 15:05:43] [INFO] 防御策略: [0.808 0.014 0.024 0.017 0.014 0.032 0.026 0.017 0.016 0.033]
[2025-07-18 15:05:43] [INFO] RADI: 0.077
[2025-07-18 15:05:43] [INFO] Damage: 0.043
[2025-07-18 15:05:43] [INFO] Success Rate: 0.420
[2025-07-18 15:05:43] [INFO] Detection Rate: 0.952
[2025-07-18 15:05:43] [INFO] 
--- DoubleQLearning 防御者 ---
[2025-07-18 15:05:43] [INFO] 防御策略: [0.473 0.058 0.059 0.059 0.059 0.059 0.058 0.059 0.058 0.058]
[2025-07-18 15:05:43] [INFO] RADI: 0.066
[2025-07-18 15:05:43] [INFO] Damage: 0.058
[2025-07-18 15:05:43] [INFO] Success Rate: 0.570
[2025-07-18 15:05:43] [INFO] Detection Rate: 0.912
[2025-07-18 15:05:43] [INFO] ================================\n
[2025-07-18 15:05:44] [INFO] 
========== Episode 500 ==========
[2025-07-18 15:05:44] [INFO] 攻击者策略: [0.107 0.097 0.092 0.107 0.084 0.114 0.112 0.112 0.079 0.095]
[2025-07-18 15:05:44] [INFO] 
--- QLearning 防御者 ---
[2025-07-18 15:05:44] [INFO] 防御策略: [0.072 0.112 0.080 0.116 0.099 0.164 0.102 0.083 0.094 0.079]
[2025-07-18 15:05:44] [INFO] RADI: 0.063
[2025-07-18 15:05:44] [INFO] Damage: 0.061
[2025-07-18 15:05:44] [INFO] Success Rate: 0.650
[2025-07-18 15:05:44] [INFO] Detection Rate: 0.923
[2025-07-18 15:05:44] [INFO] 
--- SARSA 防御者 ---
[2025-07-18 15:05:44] [INFO] 防御策略: [0.814 0.013 0.023 0.016 0.013 0.031 0.025 0.017 0.016 0.032]
[2025-07-18 15:05:44] [INFO] RADI: 0.155
[2025-07-18 15:05:44] [INFO] Damage: 0.053
[2025-07-18 15:05:44] [INFO] Success Rate: 0.530
[2025-07-18 15:05:44] [INFO] Detection Rate: 0.962
[2025-07-18 15:05:44] [INFO] 
--- DoubleQLearning 防御者 ---
[2025-07-18 15:05:44] [INFO] 防御策略: [0.481 0.058 0.058 0.058 0.058 0.058 0.058 0.058 0.058 0.058]
[2025-07-18 15:05:44] [INFO] RADI: 0.066
[2025-07-18 15:05:44] [INFO] Damage: 0.046
[2025-07-18 15:05:44] [INFO] Success Rate: 0.460
[2025-07-18 15:05:44] [INFO] Detection Rate: 0.935
[2025-07-18 15:05:44] [INFO] ================================\n
[2025-07-18 15:05:46] [INFO] 
========== Episode 550 ==========
[2025-07-18 15:05:46] [INFO] 攻击者策略: [0.107 0.097 0.092 0.107 0.084 0.114 0.112 0.112 0.079 0.095]
[2025-07-18 15:05:46] [INFO] 
--- QLearning 防御者 ---
[2025-07-18 15:05:46] [INFO] 防御策略: [0.072 0.112 0.079 0.116 0.103 0.160 0.104 0.082 0.093 0.078]
[2025-07-18 15:05:46] [INFO] RADI: 0.062
[2025-07-18 15:05:46] [INFO] Damage: 0.050
[2025-07-18 15:05:46] [INFO] Success Rate: 0.500
[2025-07-18 15:05:46] [INFO] Detection Rate: 1.000
[2025-07-18 15:05:46] [INFO] 
--- SARSA 防御者 ---
[2025-07-18 15:05:46] [INFO] 防御策略: [0.814 0.013 0.023 0.016 0.013 0.031 0.025 0.017 0.016 0.032]
[2025-07-18 15:05:46] [INFO] RADI: 0.085
[2025-07-18 15:05:46] [INFO] Damage: 0.024
[2025-07-18 15:05:46] [INFO] Success Rate: 0.260
[2025-07-18 15:05:46] [INFO] Detection Rate: 0.923
[2025-07-18 15:05:46] [INFO] 
--- DoubleQLearning 防御者 ---
[2025-07-18 15:05:46] [INFO] 防御策略: [0.479 0.058 0.058 0.058 0.058 0.058 0.058 0.058 0.058 0.058]
[2025-07-18 15:05:46] [INFO] RADI: 0.061
[2025-07-18 15:05:46] [INFO] Damage: 0.051
[2025-07-18 15:05:46] [INFO] Success Rate: 0.510
[2025-07-18 15:05:46] [INFO] Detection Rate: 0.961
[2025-07-18 15:05:46] [INFO] ================================\n
[2025-07-18 15:05:48] [INFO] 
========== Episode 600 ==========
[2025-07-18 15:05:48] [INFO] 攻击者策略: [0.107 0.097 0.092 0.107 0.084 0.114 0.112 0.112 0.079 0.095]
[2025-07-18 15:05:48] [INFO] 
--- QLearning 防御者 ---
[2025-07-18 15:05:48] [INFO] 防御策略: [0.073 0.115 0.081 0.113 0.104 0.155 0.104 0.085 0.092 0.077]
[2025-07-18 15:05:48] [INFO] RADI: 0.067
[2025-07-18 15:05:48] [INFO] Damage: 0.053
[2025-07-18 15:05:48] [INFO] Success Rate: 0.570
[2025-07-18 15:05:48] [INFO] Detection Rate: 0.930
[2025-07-18 15:05:48] [INFO] 
--- SARSA 防御者 ---
[2025-07-18 15:05:48] [INFO] 防御策略: [0.805 0.014 0.024 0.017 0.014 0.032 0.026 0.018 0.017 0.033]
[2025-07-18 15:05:48] [INFO] RADI: 0.154
[2025-07-18 15:05:48] [INFO] Damage: 0.054
[2025-07-18 15:05:48] [INFO] Success Rate: 0.490
[2025-07-18 15:05:48] [INFO] Detection Rate: 0.898
[2025-07-18 15:05:48] [INFO] 
--- DoubleQLearning 防御者 ---
[2025-07-18 15:05:48] [INFO] 防御策略: [0.475 0.058 0.058 0.059 0.058 0.058 0.058 0.058 0.058 0.058]
[2025-07-18 15:05:48] [INFO] RADI: 0.060
[2025-07-18 15:05:48] [INFO] Damage: 0.056
[2025-07-18 15:05:48] [INFO] Success Rate: 0.570
[2025-07-18 15:05:48] [INFO] Detection Rate: 0.982
[2025-07-18 15:05:48] [INFO] ================================\n
[2025-07-18 15:05:50] [INFO] 
========== Episode 650 ==========
[2025-07-18 15:05:50] [INFO] 攻击者策略: [0.107 0.097 0.092 0.107 0.084 0.114 0.112 0.112 0.079 0.095]
[2025-07-18 15:05:50] [INFO] 
--- QLearning 防御者 ---
[2025-07-18 15:05:50] [INFO] 防御策略: [0.076 0.116 0.081 0.113 0.104 0.152 0.105 0.084 0.091 0.078]
[2025-07-18 15:05:50] [INFO] RADI: 0.065
[2025-07-18 15:05:50] [INFO] Damage: 0.062
[2025-07-18 15:05:50] [INFO] Success Rate: 0.590
[2025-07-18 15:05:50] [INFO] Detection Rate: 0.966
[2025-07-18 15:05:50] [INFO] 
--- SARSA 防御者 ---
[2025-07-18 15:05:50] [INFO] 防御策略: [0.808 0.013 0.024 0.017 0.014 0.032 0.026 0.017 0.016 0.033]
[2025-07-18 15:05:50] [INFO] RADI: 0.062
[2025-07-18 15:05:50] [INFO] Damage: 0.039
[2025-07-18 15:05:50] [INFO] Success Rate: 0.400
[2025-07-18 15:05:50] [INFO] Detection Rate: 0.975
[2025-07-18 15:05:50] [INFO] 
--- DoubleQLearning 防御者 ---
[2025-07-18 15:05:50] [INFO] 防御策略: [0.483 0.057 0.058 0.058 0.058 0.057 0.057 0.057 0.057 0.057]
[2025-07-18 15:05:50] [INFO] RADI: 0.050
[2025-07-18 15:05:50] [INFO] Damage: 0.057
[2025-07-18 15:05:50] [INFO] Success Rate: 0.550
[2025-07-18 15:05:50] [INFO] Detection Rate: 0.945
[2025-07-18 15:05:50] [INFO] ================================\n
[2025-07-18 15:05:52] [INFO] 
========== Episode 700 ==========
[2025-07-18 15:05:52] [INFO] 攻击者策略: [0.107 0.097 0.092 0.107 0.084 0.114 0.112 0.112 0.079 0.095]
[2025-07-18 15:05:52] [INFO] 
--- QLearning 防御者 ---
[2025-07-18 15:05:52] [INFO] 防御策略: [0.080 0.117 0.081 0.113 0.102 0.148 0.107 0.083 0.091 0.078]
[2025-07-18 15:05:52] [INFO] RADI: 0.065
[2025-07-18 15:05:52] [INFO] Damage: 0.051
[2025-07-18 15:05:52] [INFO] Success Rate: 0.520
[2025-07-18 15:05:52] [INFO] Detection Rate: 0.962
[2025-07-18 15:05:52] [INFO] 
--- SARSA 防御者 ---
[2025-07-18 15:05:52] [INFO] 防御策略: [0.829 0.012 0.021 0.015 0.012 0.028 0.023 0.015 0.015 0.029]
[2025-07-18 15:05:52] [INFO] RADI: 0.061
[2025-07-18 15:05:52] [INFO] Damage: 0.028
[2025-07-18 15:05:52] [INFO] Success Rate: 0.280
[2025-07-18 15:05:52] [INFO] Detection Rate: 0.964
[2025-07-18 15:05:52] [INFO] 
--- DoubleQLearning 防御者 ---
[2025-07-18 15:05:52] [INFO] 防御策略: [0.477 0.058 0.058 0.058 0.058 0.058 0.058 0.058 0.058 0.058]
[2025-07-18 15:05:52] [INFO] RADI: 0.060
[2025-07-18 15:05:52] [INFO] Damage: 0.051
[2025-07-18 15:05:52] [INFO] Success Rate: 0.500
[2025-07-18 15:05:52] [INFO] Detection Rate: 0.920
[2025-07-18 15:05:52] [INFO] ================================\n
[2025-07-18 15:05:54] [INFO] 
========== Episode 750 ==========
[2025-07-18 15:05:54] [INFO] 攻击者策略: [0.107 0.097 0.092 0.107 0.084 0.114 0.112 0.112 0.079 0.095]
[2025-07-18 15:05:54] [INFO] 
--- QLearning 防御者 ---
[2025-07-18 15:05:54] [INFO] 防御策略: [0.081 0.116 0.081 0.112 0.103 0.146 0.110 0.084 0.089 0.078]
[2025-07-18 15:05:54] [INFO] RADI: 0.065
[2025-07-18 15:05:54] [INFO] Damage: 0.058
[2025-07-18 15:05:54] [INFO] Success Rate: 0.590
[2025-07-18 15:05:54] [INFO] Detection Rate: 0.932
[2025-07-18 15:05:54] [INFO] 
--- SARSA 防御者 ---
[2025-07-18 15:05:54] [INFO] 防御策略: [0.834 0.012 0.021 0.015 0.012 0.027 0.022 0.015 0.014 0.028]
[2025-07-18 15:05:54] [INFO] RADI: 0.057
[2025-07-18 15:05:54] [INFO] Damage: 0.026
[2025-07-18 15:05:54] [INFO] Success Rate: 0.240
[2025-07-18 15:05:54] [INFO] Detection Rate: 0.958
[2025-07-18 15:05:54] [INFO] 
--- DoubleQLearning 防御者 ---
[2025-07-18 15:05:54] [INFO] 防御策略: [0.475 0.058 0.058 0.058 0.058 0.058 0.058 0.058 0.058 0.058]
[2025-07-18 15:05:54] [INFO] RADI: 0.061
[2025-07-18 15:05:54] [INFO] Damage: 0.058
[2025-07-18 15:05:54] [INFO] Success Rate: 0.560
[2025-07-18 15:05:54] [INFO] Detection Rate: 0.964
[2025-07-18 15:05:54] [INFO] ================================\n
[2025-07-18 15:05:56] [INFO] 
========== Episode 800 ==========
[2025-07-18 15:05:56] [INFO] 攻击者策略: [0.107 0.097 0.092 0.107 0.084 0.114 0.112 0.112 0.079 0.095]
[2025-07-18 15:05:56] [INFO] 
--- QLearning 防御者 ---
[2025-07-18 15:05:56] [INFO] 防御策略: [0.081 0.116 0.081 0.116 0.103 0.144 0.110 0.084 0.088 0.077]
[2025-07-18 15:05:56] [INFO] RADI: 0.064
[2025-07-18 15:05:56] [INFO] Damage: 0.045
[2025-07-18 15:05:56] [INFO] Success Rate: 0.470
[2025-07-18 15:05:56] [INFO] Detection Rate: 0.936
[2025-07-18 15:05:56] [INFO] 
--- SARSA 防御者 ---
[2025-07-18 15:05:56] [INFO] 防御策略: [0.837 0.011 0.020 0.014 0.012 0.027 0.022 0.015 0.014 0.028]
[2025-07-18 15:05:56] [INFO] RADI: 0.077
[2025-07-18 15:05:56] [INFO] Damage: 0.019
[2025-07-18 15:05:56] [INFO] Success Rate: 0.190
[2025-07-18 15:05:56] [INFO] Detection Rate: 0.789
[2025-07-18 15:05:56] [INFO] 
--- DoubleQLearning 防御者 ---
[2025-07-18 15:05:56] [INFO] 防御策略: [0.473 0.058 0.059 0.059 0.059 0.059 0.058 0.059 0.058 0.058]
[2025-07-18 15:05:56] [INFO] RADI: 0.065
[2025-07-18 15:05:56] [INFO] Damage: 0.060
[2025-07-18 15:05:56] [INFO] Success Rate: 0.560
[2025-07-18 15:05:56] [INFO] Detection Rate: 0.982
[2025-07-18 15:05:56] [INFO] ================================\n
[2025-07-18 15:05:58] [INFO] 
========== Episode 850 ==========
[2025-07-18 15:05:58] [INFO] 攻击者策略: [0.107 0.097 0.092 0.107 0.084 0.114 0.112 0.112 0.079 0.095]
[2025-07-18 15:05:58] [INFO] 
--- QLearning 防御者 ---
[2025-07-18 15:05:58] [INFO] 防御策略: [0.083 0.117 0.082 0.116 0.102 0.141 0.110 0.083 0.089 0.077]
[2025-07-18 15:05:58] [INFO] RADI: 0.063
[2025-07-18 15:05:58] [INFO] Damage: 0.056
[2025-07-18 15:05:58] [INFO] Success Rate: 0.540
[2025-07-18 15:05:58] [INFO] Detection Rate: 0.981
[2025-07-18 15:05:58] [INFO] 
--- SARSA 防御者 ---
[2025-07-18 15:05:58] [INFO] 防御策略: [0.802 0.014 0.024 0.017 0.014 0.033 0.027 0.018 0.017 0.034]
[2025-07-18 15:05:58] [INFO] RADI: 0.160
[2025-07-18 15:05:58] [INFO] Damage: 0.042
[2025-07-18 15:05:58] [INFO] Success Rate: 0.440
[2025-07-18 15:05:58] [INFO] Detection Rate: 0.977
[2025-07-18 15:05:58] [INFO] 
--- DoubleQLearning 防御者 ---
[2025-07-18 15:05:58] [INFO] 防御策略: [0.471 0.059 0.059 0.059 0.059 0.059 0.059 0.059 0.059 0.059]
[2025-07-18 15:05:58] [INFO] RADI: 0.061
[2025-07-18 15:05:58] [INFO] Damage: 0.061
[2025-07-18 15:05:58] [INFO] Success Rate: 0.620
[2025-07-18 15:05:58] [INFO] Detection Rate: 0.968
[2025-07-18 15:05:58] [INFO] ================================\n
[2025-07-18 15:05:59] [INFO] 
========== Episode 900 ==========
[2025-07-18 15:05:59] [INFO] 攻击者策略: [0.107 0.097 0.092 0.107 0.084 0.114 0.112 0.112 0.079 0.095]
[2025-07-18 15:05:59] [INFO] 
--- QLearning 防御者 ---
[2025-07-18 15:05:59] [INFO] 防御策略: [0.085 0.118 0.081 0.119 0.101 0.138 0.110 0.083 0.088 0.076]
[2025-07-18 15:05:59] [INFO] RADI: 0.064
[2025-07-18 15:05:59] [INFO] Damage: 0.058
[2025-07-18 15:05:59] [INFO] Success Rate: 0.540
[2025-07-18 15:05:59] [INFO] Detection Rate: 0.889
[2025-07-18 15:05:59] [INFO] 
--- SARSA 防御者 ---
[2025-07-18 15:05:59] [INFO] 防御策略: [0.834 0.012 0.021 0.015 0.012 0.027 0.022 0.015 0.014 0.028]
[2025-07-18 15:05:59] [INFO] RADI: 0.059
[2025-07-18 15:05:59] [INFO] Damage: 0.021
[2025-07-18 15:05:59] [INFO] Success Rate: 0.210
[2025-07-18 15:05:59] [INFO] Detection Rate: 0.952
[2025-07-18 15:05:59] [INFO] 
--- DoubleQLearning 防御者 ---
[2025-07-18 15:05:59] [INFO] 防御策略: [0.473 0.058 0.059 0.059 0.059 0.059 0.059 0.059 0.058 0.058]
[2025-07-18 15:05:59] [INFO] RADI: 0.059
[2025-07-18 15:05:59] [INFO] Damage: 0.050
[2025-07-18 15:05:59] [INFO] Success Rate: 0.460
[2025-07-18 15:05:59] [INFO] Detection Rate: 0.957
[2025-07-18 15:05:59] [INFO] ================================\n
[2025-07-18 15:06:01] [INFO] 
========== Episode 950 ==========
[2025-07-18 15:06:01] [INFO] 攻击者策略: [0.107 0.097 0.092 0.107 0.084 0.114 0.112 0.112 0.079 0.095]
[2025-07-18 15:06:01] [INFO] 
--- QLearning 防御者 ---
[2025-07-18 15:06:01] [INFO] 防御策略: [0.085 0.117 0.082 0.120 0.102 0.136 0.111 0.083 0.089 0.076]
[2025-07-18 15:06:01] [INFO] RADI: 0.064
[2025-07-18 15:06:01] [INFO] Damage: 0.057
[2025-07-18 15:06:01] [INFO] Success Rate: 0.540
[2025-07-18 15:06:01] [INFO] Detection Rate: 0.926
[2025-07-18 15:06:01] [INFO] 
--- SARSA 防御者 ---
[2025-07-18 15:06:01] [INFO] 防御策略: [0.839 0.011 0.020 0.014 0.011 0.027 0.022 0.015 0.014 0.028]
[2025-07-18 15:06:01] [INFO] RADI: 0.059
[2025-07-18 15:06:01] [INFO] Damage: 0.011
[2025-07-18 15:06:01] [INFO] Success Rate: 0.100
[2025-07-18 15:06:01] [INFO] Detection Rate: 0.900
[2025-07-18 15:06:01] [INFO] 
--- DoubleQLearning 防御者 ---
[2025-07-18 15:06:01] [INFO] 防御策略: [0.477 0.058 0.058 0.058 0.058 0.058 0.058 0.058 0.058 0.058]
[2025-07-18 15:06:01] [INFO] RADI: 0.054
[2025-07-18 15:06:01] [INFO] Damage: 0.052
[2025-07-18 15:06:01] [INFO] Success Rate: 0.480
[2025-07-18 15:06:01] [INFO] Detection Rate: 0.958
[2025-07-18 15:06:01] [INFO] ================================\n
[2025-07-18 15:06:03] [INFO] 
========== Episode 1000 ==========
[2025-07-18 15:06:03] [INFO] 攻击者策略: [0.107 0.097 0.092 0.107 0.084 0.114 0.112 0.112 0.079 0.095]
[2025-07-18 15:06:03] [INFO] 
--- QLearning 防御者 ---
[2025-07-18 15:06:03] [INFO] 防御策略: [0.086 0.118 0.082 0.120 0.101 0.134 0.110 0.083 0.089 0.077]
[2025-07-18 15:06:03] [INFO] RADI: 0.064
[2025-07-18 15:06:03] [INFO] Damage: 0.057
[2025-07-18 15:06:03] [INFO] Success Rate: 0.560
[2025-07-18 15:06:03] [INFO] Detection Rate: 0.982
[2025-07-18 15:06:03] [INFO] 
--- SARSA 防御者 ---
[2025-07-18 15:06:03] [INFO] 防御策略: [0.811 0.013 0.023 0.017 0.013 0.031 0.025 0.017 0.016 0.032]
[2025-07-18 15:06:03] [INFO] RADI: 0.163
[2025-07-18 15:06:03] [INFO] Damage: 0.056
[2025-07-18 15:06:03] [INFO] Success Rate: 0.530
[2025-07-18 15:06:03] [INFO] Detection Rate: 0.943
[2025-07-18 15:06:03] [INFO] 
--- DoubleQLearning 防御者 ---
[2025-07-18 15:06:03] [INFO] 防御策略: [0.472 0.059 0.059 0.059 0.059 0.059 0.059 0.059 0.059 0.059]
[2025-07-18 15:06:03] [INFO] RADI: 0.062
[2025-07-18 15:06:03] [INFO] Damage: 0.056
[2025-07-18 15:06:03] [INFO] Success Rate: 0.570
[2025-07-18 15:06:03] [INFO] Detection Rate: 0.895
[2025-07-18 15:06:03] [INFO] ================================\n
[2025-07-18 15:06:03] [INFO] 生成多智能体对比报告...
[2025-07-18 15:06:21] [INFO] 报告已保存到: D:\CODE\FSP-IDS\reports\20250718_150603
[2025-07-18 15:06:21] [INFO] FSP-TCS多智能体仿真成功完成
