[2025-07-18 22:17:19] [INFO] 日志系统初始化完成
[2025-07-18 22:17:19] [INFO] FSP-TCS仿真开始
[2025-07-18 22:17:19] [INFO] 随机种子设置为: 42
[2025-07-18 22:17:19] [INFO] TCS环境创建完成
[2025-07-18 22:17:19] [INFO] 智能体创建完成: 3个防御者, 1个攻击者
[2025-07-18 22:17:19] [INFO] 性能监控器初始化完成
[2025-07-18 22:17:24] [INFO] 迭代 50 完成，用时 0.08秒
[2025-07-18 22:17:27] [INFO] 迭代 100 完成，用时 0.09秒
[2025-07-18 22:17:32] [INFO] 迭代 150 完成，用时 0.09秒
[2025-07-18 22:17:36] [INFO] 迭代 200 完成，用时 0.08秒
[2025-07-18 22:17:40] [INFO] 迭代 250 完成，用时 0.09秒
[2025-07-18 22:17:44] [INFO] 迭代 300 完成，用时 0.08秒
[2025-07-18 22:17:48] [INFO] 迭代 350 完成，用时 0.09秒
[2025-07-18 22:17:52] [INFO] 迭代 400 完成，用时 0.09秒
[2025-07-18 22:17:56] [INFO] 迭代 450 完成，用时 0.08秒
[2025-07-18 22:18:00] [INFO] 迭代 500 完成，用时 0.08秒
[2025-07-18 22:18:04] [INFO] 迭代 550 完成，用时 0.08秒
[2025-07-18 22:18:08] [INFO] 迭代 600 完成，用时 0.08秒
[2025-07-18 22:18:12] [INFO] 迭代 650 完成，用时 0.08秒
[2025-07-18 22:18:16] [INFO] 迭代 700 完成，用时 0.08秒
[2025-07-18 22:18:20] [INFO] 迭代 750 完成，用时 0.08秒
[2025-07-18 22:18:24] [INFO] 迭代 800 完成，用时 0.08秒
[2025-07-18 22:18:28] [INFO] 迭代 850 完成，用时 0.08秒
[2025-07-18 22:18:32] [INFO] 迭代 900 完成，用时 0.08秒
[2025-07-18 22:18:36] [INFO] 迭代 950 完成，用时 0.08秒
[2025-07-18 22:18:40] [INFO] 迭代 1000 完成，用时 0.08秒
[2025-07-18 22:18:40] [ERROR] 仿真出错: 未识别类 'DoubleQLearningAgent' 的方法、属性或字段 'Q_table'。
[2025-07-18 22:18:40] [ERROR] 错误位置: D:\CODE\FSP-IDS\agents\DoubleQLearningAgent.m, 行号: 259
[2025-07-18 22:18:40] [INFO] 日志系统关闭
