[2025-07-17 14:10:44] [INFO] 日志系统初始化
[2025-07-17 14:10:44] [INFO] FSP-TCS多智能体仿真开始
[2025-07-17 14:10:48] [INFO] 
========== Episode 50 ==========
[2025-07-17 14:10:48] [INFO] 攻击者策略: [0.095 0.095 0.101 0.102 0.119 0.111 0.097 0.084 0.110 0.086]
[2025-07-17 14:10:48] [INFO] 
--- QLearning 防御者 ---
[2025-07-17 14:10:48] [INFO] 防御策略: [0.118 0.100 0.085 0.094 0.082 0.097 0.100 0.092 0.095 0.137]
[2025-07-17 14:10:48] [INFO] RADI: 0.061
[2025-07-17 14:10:48] [INFO] Damage: 0.051
[2025-07-17 14:10:48] [INFO] Success Rate: 0.540
[2025-07-17 14:10:48] [INFO] Detection Rate: NaN
[2025-07-17 14:10:48] [INFO] 
--- SARSA 防御者 ---
[2025-07-17 14:10:48] [INFO] 防御策略: [0.038 0.089 0.122 0.098 0.116 0.085 0.117 0.089 0.127 0.119]
[2025-07-17 14:10:48] [INFO] RADI: 0.087
[2025-07-17 14:10:48] [INFO] Damage: 0.056
[2025-07-17 14:10:48] [INFO] Success Rate: 0.540
[2025-07-17 14:10:48] [INFO] Detection Rate: NaN
[2025-07-17 14:10:48] [INFO] 
--- DoubleQLearning 防御者 ---
[2025-07-17 14:10:48] [INFO] 防御策略: [0.099 0.100 0.100 0.100 0.100 0.100 0.100 0.100 0.100 0.100]
[2025-07-17 14:10:48] [INFO] RADI: 0.060
[2025-07-17 14:10:48] [INFO] Damage: 0.060
[2025-07-17 14:10:48] [INFO] Success Rate: 0.590
[2025-07-17 14:10:48] [INFO] Detection Rate: NaN
[2025-07-17 14:10:48] [INFO] ================================\n
[2025-07-17 14:10:50] [INFO] 
========== Episode 100 ==========
[2025-07-17 14:10:50] [INFO] 攻击者策略: [0.095 0.095 0.101 0.102 0.119 0.111 0.097 0.084 0.110 0.086]
[2025-07-17 14:10:50] [INFO] 
--- QLearning 防御者 ---
[2025-07-17 14:10:50] [INFO] 防御策略: [0.118 0.100 0.085 0.094 0.082 0.097 0.100 0.092 0.095 0.137]
[2025-07-17 14:10:50] [INFO] RADI: 0.170
[2025-07-17 14:10:50] [INFO] Damage: 0.055
[2025-07-17 14:10:50] [INFO] Success Rate: 0.600
[2025-07-17 14:10:50] [INFO] Detection Rate: NaN
[2025-07-17 14:10:50] [INFO] 
--- SARSA 防御者 ---
[2025-07-17 14:10:50] [INFO] 防御策略: [0.034 0.089 0.122 0.098 0.116 0.086 0.118 0.090 0.128 0.119]
[2025-07-17 14:10:50] [INFO] RADI: 0.124
[2025-07-17 14:10:50] [INFO] Damage: 0.054
[2025-07-17 14:10:50] [INFO] Success Rate: 0.530
[2025-07-17 14:10:50] [INFO] Detection Rate: NaN
[2025-07-17 14:10:50] [INFO] 
--- DoubleQLearning 防御者 ---
[2025-07-17 14:10:50] [INFO] 防御策略: [0.099 0.100 0.100 0.100 0.100 0.100 0.100 0.100 0.100 0.100]
[2025-07-17 14:10:50] [INFO] RADI: 0.060
[2025-07-17 14:10:50] [INFO] Damage: 0.060
[2025-07-17 14:10:50] [INFO] Success Rate: 0.590
[2025-07-17 14:10:50] [INFO] Detection Rate: NaN
[2025-07-17 14:10:50] [INFO] ================================\n
[2025-07-17 14:10:53] [INFO] 
========== Episode 150 ==========
[2025-07-17 14:10:53] [INFO] 攻击者策略: [0.095 0.095 0.101 0.102 0.119 0.111 0.097 0.084 0.110 0.086]
[2025-07-17 14:10:53] [INFO] 
--- QLearning 防御者 ---
[2025-07-17 14:10:53] [INFO] 防御策略: [0.118 0.100 0.085 0.094 0.082 0.097 0.100 0.092 0.095 0.137]
[2025-07-17 14:10:53] [INFO] RADI: 0.062
[2025-07-17 14:10:53] [INFO] Damage: 0.049
[2025-07-17 14:10:53] [INFO] Success Rate: 0.510
[2025-07-17 14:10:53] [INFO] Detection Rate: NaN
[2025-07-17 14:10:53] [INFO] 
--- SARSA 防御者 ---
[2025-07-17 14:10:53] [INFO] 防御策略: [0.037 0.089 0.122 0.098 0.116 0.085 0.117 0.090 0.127 0.119]
[2025-07-17 14:10:53] [INFO] RADI: 0.140
[2025-07-17 14:10:53] [INFO] Damage: 0.053
[2025-07-17 14:10:53] [INFO] Success Rate: 0.530
[2025-07-17 14:10:53] [INFO] Detection Rate: NaN
[2025-07-17 14:10:53] [INFO] 
--- DoubleQLearning 防御者 ---
[2025-07-17 14:10:53] [INFO] 防御策略: [0.098 0.100 0.100 0.100 0.100 0.100 0.100 0.100 0.100 0.100]
[2025-07-17 14:10:53] [INFO] RADI: 0.060
[2025-07-17 14:10:53] [INFO] Damage: 0.061
[2025-07-17 14:10:53] [INFO] Success Rate: 0.600
[2025-07-17 14:10:53] [INFO] Detection Rate: NaN
[2025-07-17 14:10:53] [INFO] ================================\n
[2025-07-17 14:10:55] [INFO] 
========== Episode 200 ==========
[2025-07-17 14:10:55] [INFO] 攻击者策略: [0.095 0.095 0.101 0.102 0.119 0.111 0.097 0.084 0.110 0.086]
[2025-07-17 14:10:55] [INFO] 
--- QLearning 防御者 ---
[2025-07-17 14:10:55] [INFO] 防御策略: [0.118 0.100 0.085 0.094 0.082 0.097 0.100 0.092 0.095 0.137]
[2025-07-17 14:10:55] [INFO] RADI: 0.062
[2025-07-17 14:10:55] [INFO] Damage: 0.057
[2025-07-17 14:10:55] [INFO] Success Rate: 0.600
[2025-07-17 14:10:55] [INFO] Detection Rate: NaN
[2025-07-17 14:10:55] [INFO] 
--- SARSA 防御者 ---
[2025-07-17 14:10:55] [INFO] 防御策略: [0.037 0.089 0.122 0.098 0.116 0.085 0.117 0.090 0.127 0.119]
[2025-07-17 14:10:55] [INFO] RADI: 0.112
[2025-07-17 14:10:55] [INFO] Damage: 0.053
[2025-07-17 14:10:55] [INFO] Success Rate: 0.530
[2025-07-17 14:10:55] [INFO] Detection Rate: NaN
[2025-07-17 14:10:55] [INFO] 
--- DoubleQLearning 防御者 ---
[2025-07-17 14:10:55] [INFO] 防御策略: [0.098 0.100 0.100 0.100 0.100 0.100 0.100 0.100 0.100 0.100]
[2025-07-17 14:10:55] [INFO] RADI: 0.062
[2025-07-17 14:10:55] [INFO] Damage: 0.067
[2025-07-17 14:10:55] [INFO] Success Rate: 0.660
[2025-07-17 14:10:55] [INFO] Detection Rate: NaN
[2025-07-17 14:10:55] [INFO] ================================\n
[2025-07-17 14:10:57] [INFO] 
========== Episode 250 ==========
[2025-07-17 14:10:57] [INFO] 攻击者策略: [0.095 0.095 0.101 0.102 0.119 0.111 0.097 0.084 0.110 0.086]
[2025-07-17 14:10:57] [INFO] 
--- QLearning 防御者 ---
[2025-07-17 14:10:57] [INFO] 防御策略: [0.118 0.100 0.085 0.094 0.082 0.097 0.100 0.092 0.095 0.137]
[2025-07-17 14:10:57] [INFO] RADI: 0.156
[2025-07-17 14:10:57] [INFO] Damage: 0.047
[2025-07-17 14:10:57] [INFO] Success Rate: 0.500
[2025-07-17 14:10:57] [INFO] Detection Rate: NaN
[2025-07-17 14:10:57] [INFO] 
--- SARSA 防御者 ---
[2025-07-17 14:10:57] [INFO] 防御策略: [0.038 0.089 0.122 0.098 0.116 0.085 0.117 0.089 0.127 0.119]
[2025-07-17 14:10:57] [INFO] RADI: 0.061
[2025-07-17 14:10:57] [INFO] Damage: 0.059
[2025-07-17 14:10:57] [INFO] Success Rate: 0.580
[2025-07-17 14:10:57] [INFO] Detection Rate: NaN
[2025-07-17 14:10:57] [INFO] 
--- DoubleQLearning 防御者 ---
[2025-07-17 14:10:57] [INFO] 防御策略: [0.099 0.100 0.100 0.100 0.100 0.100 0.100 0.100 0.100 0.100]
[2025-07-17 14:10:57] [INFO] RADI: 0.060
[2025-07-17 14:10:57] [INFO] Damage: 0.056
[2025-07-17 14:10:57] [INFO] Success Rate: 0.550
[2025-07-17 14:10:57] [INFO] Detection Rate: NaN
[2025-07-17 14:10:57] [INFO] ================================\n
[2025-07-17 14:11:00] [INFO] 
========== Episode 300 ==========
[2025-07-17 14:11:00] [INFO] 攻击者策略: [0.095 0.095 0.101 0.102 0.119 0.111 0.097 0.084 0.110 0.086]
[2025-07-17 14:11:00] [INFO] 
--- QLearning 防御者 ---
[2025-07-17 14:11:00] [INFO] 防御策略: [0.118 0.100 0.085 0.094 0.082 0.097 0.100 0.092 0.095 0.137]
[2025-07-17 14:11:00] [INFO] RADI: 0.062
[2025-07-17 14:11:00] [INFO] Damage: 0.052
[2025-07-17 14:11:00] [INFO] Success Rate: 0.560
[2025-07-17 14:11:00] [INFO] Detection Rate: NaN
[2025-07-17 14:11:00] [INFO] 
--- SARSA 防御者 ---
[2025-07-17 14:11:00] [INFO] 防御策略: [0.042 0.088 0.121 0.097 0.116 0.085 0.117 0.089 0.126 0.118]
[2025-07-17 14:11:00] [INFO] RADI: 0.071
[2025-07-17 14:11:00] [INFO] Damage: 0.059
[2025-07-17 14:11:00] [INFO] Success Rate: 0.590
[2025-07-17 14:11:00] [INFO] Detection Rate: NaN
[2025-07-17 14:11:00] [INFO] 
--- DoubleQLearning 防御者 ---
[2025-07-17 14:11:00] [INFO] 防御策略: [0.098 0.100 0.100 0.100 0.100 0.100 0.100 0.100 0.100 0.100]
[2025-07-17 14:11:00] [INFO] RADI: 0.061
[2025-07-17 14:11:00] [INFO] Damage: 0.060
[2025-07-17 14:11:00] [INFO] Success Rate: 0.590
[2025-07-17 14:11:00] [INFO] Detection Rate: NaN
[2025-07-17 14:11:00] [INFO] ================================\n
[2025-07-17 14:11:02] [INFO] 
========== Episode 350 ==========
[2025-07-17 14:11:02] [INFO] 攻击者策略: [0.095 0.095 0.101 0.102 0.119 0.111 0.097 0.084 0.110 0.086]
[2025-07-17 14:11:02] [INFO] 
--- QLearning 防御者 ---
[2025-07-17 14:11:02] [INFO] 防御策略: [0.118 0.100 0.085 0.094 0.082 0.097 0.100 0.092 0.095 0.137]
[2025-07-17 14:11:02] [INFO] RADI: 0.171
[2025-07-17 14:11:02] [INFO] Damage: 0.049
[2025-07-17 14:11:02] [INFO] Success Rate: 0.510
[2025-07-17 14:11:02] [INFO] Detection Rate: NaN
[2025-07-17 14:11:02] [INFO] 
--- SARSA 防御者 ---
[2025-07-17 14:11:02] [INFO] 防御策略: [0.037 0.089 0.122 0.098 0.116 0.085 0.117 0.090 0.127 0.119]
[2025-07-17 14:11:02] [INFO] RADI: 0.153
[2025-07-17 14:11:02] [INFO] Damage: 0.069
[2025-07-17 14:11:02] [INFO] Success Rate: 0.670
[2025-07-17 14:11:02] [INFO] Detection Rate: NaN
[2025-07-17 14:11:02] [INFO] 
--- DoubleQLearning 防御者 ---
[2025-07-17 14:11:02] [INFO] 防御策略: [0.098 0.100 0.100 0.100 0.100 0.100 0.100 0.100 0.100 0.100]
[2025-07-17 14:11:02] [INFO] RADI: 0.060
[2025-07-17 14:11:02] [INFO] Damage: 0.063
[2025-07-17 14:11:02] [INFO] Success Rate: 0.610
[2025-07-17 14:11:02] [INFO] Detection Rate: NaN
[2025-07-17 14:11:02] [INFO] ================================\n
[2025-07-17 14:11:04] [INFO] 
========== Episode 400 ==========
[2025-07-17 14:11:04] [INFO] 攻击者策略: [0.095 0.095 0.101 0.102 0.119 0.111 0.097 0.084 0.110 0.086]
[2025-07-17 14:11:04] [INFO] 
--- QLearning 防御者 ---
[2025-07-17 14:11:04] [INFO] 防御策略: [0.118 0.100 0.085 0.094 0.082 0.097 0.100 0.092 0.095 0.137]
[2025-07-17 14:11:04] [INFO] RADI: 0.170
[2025-07-17 14:11:04] [INFO] Damage: 0.056
[2025-07-17 14:11:04] [INFO] Success Rate: 0.590
[2025-07-17 14:11:04] [INFO] Detection Rate: NaN
[2025-07-17 14:11:04] [INFO] 
--- SARSA 防御者 ---
[2025-07-17 14:11:04] [INFO] 防御策略: [0.036 0.089 0.122 0.098 0.116 0.086 0.118 0.090 0.127 0.119]
[2025-07-17 14:11:04] [INFO] RADI: 0.066
[2025-07-17 14:11:04] [INFO] Damage: 0.064
[2025-07-17 14:11:04] [INFO] Success Rate: 0.630
[2025-07-17 14:11:04] [INFO] Detection Rate: NaN
[2025-07-17 14:11:04] [INFO] 
--- DoubleQLearning 防御者 ---
[2025-07-17 14:11:04] [INFO] 防御策略: [0.098 0.100 0.100 0.100 0.100 0.100 0.100 0.100 0.100 0.100]
[2025-07-17 14:11:04] [INFO] RADI: 0.047
[2025-07-17 14:11:04] [INFO] Damage: 0.060
[2025-07-17 14:11:04] [INFO] Success Rate: 0.600
[2025-07-17 14:11:04] [INFO] Detection Rate: NaN
[2025-07-17 14:11:04] [INFO] ================================\n
[2025-07-17 14:11:07] [INFO] 
========== Episode 450 ==========
[2025-07-17 14:11:07] [INFO] 攻击者策略: [0.095 0.095 0.101 0.102 0.119 0.111 0.097 0.084 0.110 0.086]
[2025-07-17 14:11:07] [INFO] 
--- QLearning 防御者 ---
[2025-07-17 14:11:07] [INFO] 防御策略: [0.118 0.100 0.085 0.094 0.082 0.097 0.100 0.092 0.095 0.137]
[2025-07-17 14:11:07] [INFO] RADI: 0.058
[2025-07-17 14:11:07] [INFO] Damage: 0.047
[2025-07-17 14:11:07] [INFO] Success Rate: 0.490
[2025-07-17 14:11:07] [INFO] Detection Rate: NaN
[2025-07-17 14:11:07] [INFO] 
--- SARSA 防御者 ---
[2025-07-17 14:11:07] [INFO] 防御策略: [0.035 0.089 0.122 0.098 0.116 0.086 0.118 0.090 0.127 0.119]
[2025-07-17 14:11:07] [INFO] RADI: 0.134
[2025-07-17 14:11:07] [INFO] Damage: 0.067
[2025-07-17 14:11:07] [INFO] Success Rate: 0.660
[2025-07-17 14:11:07] [INFO] Detection Rate: NaN
[2025-07-17 14:11:07] [INFO] 
--- DoubleQLearning 防御者 ---
[2025-07-17 14:11:07] [INFO] 防御策略: [0.098 0.100 0.100 0.100 0.100 0.100 0.100 0.100 0.100 0.100]
[2025-07-17 14:11:07] [INFO] RADI: 0.064
[2025-07-17 14:11:07] [INFO] Damage: 0.066
[2025-07-17 14:11:07] [INFO] Success Rate: 0.660
[2025-07-17 14:11:07] [INFO] Detection Rate: NaN
[2025-07-17 14:11:07] [INFO] ================================\n
[2025-07-17 14:11:09] [INFO] 
========== Episode 500 ==========
[2025-07-17 14:11:09] [INFO] 攻击者策略: [0.095 0.095 0.101 0.102 0.119 0.111 0.097 0.084 0.110 0.086]
[2025-07-17 14:11:09] [INFO] 
--- QLearning 防御者 ---
[2025-07-17 14:11:09] [INFO] 防御策略: [0.118 0.100 0.085 0.094 0.082 0.097 0.100 0.092 0.095 0.137]
[2025-07-17 14:11:09] [INFO] RADI: 0.063
[2025-07-17 14:11:09] [INFO] Damage: 0.059
[2025-07-17 14:11:09] [INFO] Success Rate: 0.610
[2025-07-17 14:11:09] [INFO] Detection Rate: NaN
[2025-07-17 14:11:09] [INFO] 
--- SARSA 防御者 ---
[2025-07-17 14:11:09] [INFO] 防御策略: [0.040 0.089 0.122 0.098 0.116 0.085 0.117 0.089 0.127 0.119]
[2025-07-17 14:11:09] [INFO] RADI: 0.128
[2025-07-17 14:11:09] [INFO] Damage: 0.054
[2025-07-17 14:11:09] [INFO] Success Rate: 0.530
[2025-07-17 14:11:09] [INFO] Detection Rate: NaN
[2025-07-17 14:11:09] [INFO] 
--- DoubleQLearning 防御者 ---
[2025-07-17 14:11:09] [INFO] 防御策略: [0.098 0.100 0.100 0.100 0.100 0.100 0.100 0.100 0.100 0.100]
[2025-07-17 14:11:09] [INFO] RADI: 0.060
[2025-07-17 14:11:09] [INFO] Damage: 0.056
[2025-07-17 14:11:09] [INFO] Success Rate: 0.560
[2025-07-17 14:11:09] [INFO] Detection Rate: NaN
[2025-07-17 14:11:09] [INFO] ================================\n
[2025-07-17 14:11:11] [INFO] 
========== Episode 550 ==========
[2025-07-17 14:11:11] [INFO] 攻击者策略: [0.095 0.095 0.101 0.102 0.119 0.111 0.097 0.084 0.110 0.086]
[2025-07-17 14:11:11] [INFO] 
--- QLearning 防御者 ---
[2025-07-17 14:11:11] [INFO] 防御策略: [0.118 0.100 0.085 0.094 0.082 0.097 0.100 0.092 0.095 0.137]
[2025-07-17 14:11:11] [INFO] RADI: 0.061
[2025-07-17 14:11:11] [INFO] Damage: 0.051
[2025-07-17 14:11:11] [INFO] Success Rate: 0.540
[2025-07-17 14:11:11] [INFO] Detection Rate: NaN
[2025-07-17 14:11:11] [INFO] 
--- SARSA 防御者 ---
[2025-07-17 14:11:11] [INFO] 防御策略: [0.035 0.089 0.122 0.098 0.116 0.086 0.118 0.090 0.127 0.119]
[2025-07-17 14:11:11] [INFO] RADI: 0.144
[2025-07-17 14:11:11] [INFO] Damage: 0.063
[2025-07-17 14:11:11] [INFO] Success Rate: 0.650
[2025-07-17 14:11:11] [INFO] Detection Rate: NaN
[2025-07-17 14:11:11] [INFO] 
--- DoubleQLearning 防御者 ---
[2025-07-17 14:11:11] [INFO] 防御策略: [0.100 0.100 0.100 0.100 0.100 0.100 0.100 0.100 0.100 0.100]
[2025-07-17 14:11:11] [INFO] RADI: 0.065
[2025-07-17 14:11:11] [INFO] Damage: 0.043
[2025-07-17 14:11:11] [INFO] Success Rate: 0.420
[2025-07-17 14:11:11] [INFO] Detection Rate: NaN
[2025-07-17 14:11:11] [INFO] ================================\n
[2025-07-17 14:11:14] [INFO] 
========== Episode 600 ==========
[2025-07-17 14:11:14] [INFO] 攻击者策略: [0.095 0.095 0.101 0.102 0.119 0.111 0.097 0.084 0.110 0.086]
[2025-07-17 14:11:14] [INFO] 
--- QLearning 防御者 ---
[2025-07-17 14:11:14] [INFO] 防御策略: [0.118 0.100 0.085 0.094 0.082 0.097 0.100 0.092 0.095 0.137]
[2025-07-17 14:11:14] [INFO] RADI: 0.104
[2025-07-17 14:11:14] [INFO] Damage: 0.028
[2025-07-17 14:11:14] [INFO] Success Rate: 0.310
[2025-07-17 14:11:14] [INFO] Detection Rate: NaN
[2025-07-17 14:11:14] [INFO] 
--- SARSA 防御者 ---
[2025-07-17 14:11:14] [INFO] 防御策略: [0.036 0.089 0.122 0.098 0.116 0.086 0.117 0.090 0.127 0.119]
[2025-07-17 14:11:14] [INFO] RADI: 0.071
[2025-07-17 14:11:14] [INFO] Damage: 0.058
[2025-07-17 14:11:14] [INFO] Success Rate: 0.600
[2025-07-17 14:11:14] [INFO] Detection Rate: NaN
[2025-07-17 14:11:14] [INFO] 
--- DoubleQLearning 防御者 ---
[2025-07-17 14:11:14] [INFO] 防御策略: [0.099 0.100 0.100 0.100 0.100 0.100 0.100 0.100 0.100 0.100]
[2025-07-17 14:11:14] [INFO] RADI: 0.060
[2025-07-17 14:11:14] [INFO] Damage: 0.055
[2025-07-17 14:11:14] [INFO] Success Rate: 0.510
[2025-07-17 14:11:14] [INFO] Detection Rate: NaN
[2025-07-17 14:11:14] [INFO] ================================\n
[2025-07-17 14:11:16] [INFO] 
========== Episode 650 ==========
[2025-07-17 14:11:16] [INFO] 攻击者策略: [0.095 0.095 0.101 0.102 0.119 0.111 0.097 0.084 0.110 0.086]
[2025-07-17 14:11:16] [INFO] 
--- QLearning 防御者 ---
[2025-07-17 14:11:16] [INFO] 防御策略: [0.118 0.100 0.085 0.094 0.082 0.097 0.100 0.092 0.095 0.136]
[2025-07-17 14:11:16] [INFO] RADI: 0.172
[2025-07-17 14:11:16] [INFO] Damage: 0.039
[2025-07-17 14:11:16] [INFO] Success Rate: 0.410
[2025-07-17 14:11:16] [INFO] Detection Rate: NaN
[2025-07-17 14:11:16] [INFO] 
--- SARSA 防御者 ---
[2025-07-17 14:11:16] [INFO] 防御策略: [0.034 0.089 0.122 0.098 0.116 0.086 0.118 0.090 0.127 0.119]
[2025-07-17 14:11:16] [INFO] RADI: 0.067
[2025-07-17 14:11:16] [INFO] Damage: 0.060
[2025-07-17 14:11:16] [INFO] Success Rate: 0.600
[2025-07-17 14:11:16] [INFO] Detection Rate: NaN
[2025-07-17 14:11:16] [INFO] 
--- DoubleQLearning 防御者 ---
[2025-07-17 14:11:16] [INFO] 防御策略: [0.098 0.100 0.100 0.100 0.100 0.100 0.100 0.100 0.100 0.100]
[2025-07-17 14:11:16] [INFO] RADI: 0.061
[2025-07-17 14:11:16] [INFO] Damage: 0.067
[2025-07-17 14:11:16] [INFO] Success Rate: 0.670
[2025-07-17 14:11:16] [INFO] Detection Rate: NaN
[2025-07-17 14:11:16] [INFO] ================================\n
[2025-07-17 14:11:18] [INFO] 
========== Episode 700 ==========
[2025-07-17 14:11:18] [INFO] 攻击者策略: [0.095 0.095 0.101 0.102 0.119 0.111 0.097 0.084 0.110 0.086]
[2025-07-17 14:11:18] [INFO] 
--- QLearning 防御者 ---
[2025-07-17 14:11:18] [INFO] 防御策略: [0.118 0.100 0.085 0.094 0.082 0.097 0.100 0.092 0.095 0.137]
[2025-07-17 14:11:18] [INFO] RADI: 0.166
[2025-07-17 14:11:18] [INFO] Damage: 0.024
[2025-07-17 14:11:18] [INFO] Success Rate: 0.280
[2025-07-17 14:11:18] [INFO] Detection Rate: NaN
[2025-07-17 14:11:18] [INFO] 
--- SARSA 防御者 ---
[2025-07-17 14:11:18] [INFO] 防御策略: [0.036 0.089 0.122 0.098 0.116 0.086 0.117 0.090 0.127 0.119]
[2025-07-17 14:11:18] [INFO] RADI: 0.060
[2025-07-17 14:11:18] [INFO] Damage: 0.058
[2025-07-17 14:11:18] [INFO] Success Rate: 0.560
[2025-07-17 14:11:18] [INFO] Detection Rate: NaN
[2025-07-17 14:11:18] [INFO] 
--- DoubleQLearning 防御者 ---
[2025-07-17 14:11:18] [INFO] 防御策略: [0.098 0.100 0.100 0.100 0.100 0.100 0.100 0.100 0.100 0.100]
[2025-07-17 14:11:18] [INFO] RADI: 0.060
[2025-07-17 14:11:18] [INFO] Damage: 0.066
[2025-07-17 14:11:18] [INFO] Success Rate: 0.650
[2025-07-17 14:11:18] [INFO] Detection Rate: NaN
[2025-07-17 14:11:18] [INFO] ================================\n
[2025-07-17 14:11:20] [INFO] 
========== Episode 750 ==========
[2025-07-17 14:11:20] [INFO] 攻击者策略: [0.095 0.095 0.101 0.102 0.119 0.111 0.097 0.084 0.110 0.086]
[2025-07-17 14:11:20] [INFO] 
--- QLearning 防御者 ---
[2025-07-17 14:11:20] [INFO] 防御策略: [0.118 0.100 0.085 0.094 0.082 0.097 0.100 0.092 0.095 0.137]
[2025-07-17 14:11:20] [INFO] RADI: 0.062
[2025-07-17 14:11:20] [INFO] Damage: 0.056
[2025-07-17 14:11:20] [INFO] Success Rate: 0.600
[2025-07-17 14:11:20] [INFO] Detection Rate: NaN
[2025-07-17 14:11:20] [INFO] 
--- SARSA 防御者 ---
[2025-07-17 14:11:20] [INFO] 防御策略: [0.036 0.089 0.122 0.098 0.116 0.086 0.118 0.090 0.127 0.119]
[2025-07-17 14:11:20] [INFO] RADI: 0.113
[2025-07-17 14:11:20] [INFO] Damage: 0.057
[2025-07-17 14:11:20] [INFO] Success Rate: 0.550
[2025-07-17 14:11:20] [INFO] Detection Rate: NaN
[2025-07-17 14:11:20] [INFO] 
--- DoubleQLearning 防御者 ---
[2025-07-17 14:11:20] [INFO] 防御策略: [0.099 0.100 0.100 0.100 0.100 0.100 0.100 0.100 0.100 0.100]
[2025-07-17 14:11:20] [INFO] RADI: 0.061
[2025-07-17 14:11:20] [INFO] Damage: 0.053
[2025-07-17 14:11:20] [INFO] Success Rate: 0.520
[2025-07-17 14:11:20] [INFO] Detection Rate: NaN
[2025-07-17 14:11:20] [INFO] ================================\n
[2025-07-17 14:11:23] [INFO] 
========== Episode 800 ==========
[2025-07-17 14:11:23] [INFO] 攻击者策略: [0.095 0.095 0.101 0.102 0.119 0.111 0.097 0.084 0.110 0.086]
[2025-07-17 14:11:23] [INFO] 
--- QLearning 防御者 ---
[2025-07-17 14:11:23] [INFO] 防御策略: [0.118 0.100 0.086 0.094 0.082 0.097 0.100 0.092 0.094 0.136]
[2025-07-17 14:11:23] [INFO] RADI: 0.161
[2025-07-17 14:11:23] [INFO] Damage: 0.024
[2025-07-17 14:11:23] [INFO] Success Rate: 0.270
[2025-07-17 14:11:23] [INFO] Detection Rate: NaN
[2025-07-17 14:11:23] [INFO] 
--- SARSA 防御者 ---
[2025-07-17 14:11:23] [INFO] 防御策略: [0.038 0.089 0.122 0.098 0.116 0.085 0.117 0.089 0.127 0.119]
[2025-07-17 14:11:23] [INFO] RADI: 0.138
[2025-07-17 14:11:23] [INFO] Damage: 0.058
[2025-07-17 14:11:23] [INFO] Success Rate: 0.590
[2025-07-17 14:11:23] [INFO] Detection Rate: NaN
[2025-07-17 14:11:23] [INFO] 
--- DoubleQLearning 防御者 ---
[2025-07-17 14:11:23] [INFO] 防御策略: [0.099 0.100 0.100 0.100 0.100 0.100 0.100 0.100 0.100 0.100]
[2025-07-17 14:11:23] [INFO] RADI: 0.060
[2025-07-17 14:11:23] [INFO] Damage: 0.058
[2025-07-17 14:11:23] [INFO] Success Rate: 0.570
[2025-07-17 14:11:23] [INFO] Detection Rate: NaN
[2025-07-17 14:11:23] [INFO] ================================\n
[2025-07-17 14:11:25] [INFO] 
========== Episode 850 ==========
[2025-07-17 14:11:25] [INFO] 攻击者策略: [0.095 0.095 0.101 0.102 0.119 0.111 0.097 0.084 0.110 0.086]
[2025-07-17 14:11:25] [INFO] 
--- QLearning 防御者 ---
[2025-07-17 14:11:25] [INFO] 防御策略: [0.118 0.100 0.087 0.094 0.082 0.097 0.100 0.092 0.094 0.136]
[2025-07-17 14:11:25] [INFO] RADI: 0.168
[2025-07-17 14:11:25] [INFO] Damage: 0.028
[2025-07-17 14:11:25] [INFO] Success Rate: 0.310
[2025-07-17 14:11:25] [INFO] Detection Rate: NaN
[2025-07-17 14:11:25] [INFO] 
--- SARSA 防御者 ---
[2025-07-17 14:11:25] [INFO] 防御策略: [0.035 0.089 0.122 0.098 0.116 0.086 0.118 0.090 0.127 0.119]
[2025-07-17 14:11:25] [INFO] RADI: 0.060
[2025-07-17 14:11:25] [INFO] Damage: 0.062
[2025-07-17 14:11:25] [INFO] Success Rate: 0.610
[2025-07-17 14:11:25] [INFO] Detection Rate: NaN
[2025-07-17 14:11:25] [INFO] 
--- DoubleQLearning 防御者 ---
[2025-07-17 14:11:25] [INFO] 防御策略: [0.098 0.100 0.100 0.100 0.100 0.100 0.100 0.100 0.100 0.100]
[2025-07-17 14:11:25] [INFO] RADI: 0.059
[2025-07-17 14:11:25] [INFO] Damage: 0.060
[2025-07-17 14:11:25] [INFO] Success Rate: 0.590
[2025-07-17 14:11:25] [INFO] Detection Rate: NaN
[2025-07-17 14:11:25] [INFO] ================================\n
[2025-07-17 14:11:27] [INFO] 
========== Episode 900 ==========
[2025-07-17 14:11:27] [INFO] 攻击者策略: [0.095 0.095 0.101 0.102 0.119 0.111 0.097 0.084 0.110 0.086]
[2025-07-17 14:11:27] [INFO] 
--- QLearning 防御者 ---
[2025-07-17 14:11:27] [INFO] 防御策略: [0.118 0.099 0.089 0.094 0.082 0.097 0.099 0.092 0.094 0.136]
[2025-07-17 14:11:27] [INFO] RADI: 0.105
[2025-07-17 14:11:27] [INFO] Damage: 0.044
[2025-07-17 14:11:27] [INFO] Success Rate: 0.460
[2025-07-17 14:11:27] [INFO] Detection Rate: NaN
[2025-07-17 14:11:27] [INFO] 
--- SARSA 防御者 ---
[2025-07-17 14:11:27] [INFO] 防御策略: [0.036 0.089 0.122 0.098 0.116 0.086 0.117 0.090 0.127 0.119]
[2025-07-17 14:11:27] [INFO] RADI: 0.099
[2025-07-17 14:11:27] [INFO] Damage: 0.059
[2025-07-17 14:11:27] [INFO] Success Rate: 0.570
[2025-07-17 14:11:27] [INFO] Detection Rate: NaN
[2025-07-17 14:11:27] [INFO] 
--- DoubleQLearning 防御者 ---
[2025-07-17 14:11:27] [INFO] 防御策略: [0.099 0.100 0.100 0.100 0.100 0.100 0.100 0.100 0.100 0.100]
[2025-07-17 14:11:27] [INFO] RADI: 0.060
[2025-07-17 14:11:27] [INFO] Damage: 0.056
[2025-07-17 14:11:27] [INFO] Success Rate: 0.530
[2025-07-17 14:11:27] [INFO] Detection Rate: NaN
[2025-07-17 14:11:27] [INFO] ================================\n
[2025-07-17 14:11:30] [INFO] 
========== Episode 950 ==========
[2025-07-17 14:11:30] [INFO] 攻击者策略: [0.095 0.095 0.101 0.102 0.119 0.111 0.097 0.084 0.110 0.086]
[2025-07-17 14:11:30] [INFO] 
--- QLearning 防御者 ---
[2025-07-17 14:11:30] [INFO] 防御策略: [0.118 0.099 0.091 0.094 0.081 0.097 0.099 0.092 0.094 0.136]
[2025-07-17 14:11:30] [INFO] RADI: 0.106
[2025-07-17 14:11:30] [INFO] Damage: 0.044
[2025-07-17 14:11:30] [INFO] Success Rate: 0.470
[2025-07-17 14:11:30] [INFO] Detection Rate: NaN
[2025-07-17 14:11:30] [INFO] 
--- SARSA 防御者 ---
[2025-07-17 14:11:30] [INFO] 防御策略: [0.039 0.089 0.122 0.098 0.116 0.085 0.117 0.089 0.127 0.119]
[2025-07-17 14:11:30] [INFO] RADI: 0.115
[2025-07-17 14:11:30] [INFO] Damage: 0.048
[2025-07-17 14:11:30] [INFO] Success Rate: 0.490
[2025-07-17 14:11:30] [INFO] Detection Rate: NaN
[2025-07-17 14:11:30] [INFO] 
--- DoubleQLearning 防御者 ---
[2025-07-17 14:11:30] [INFO] 防御策略: [0.098 0.100 0.100 0.100 0.100 0.100 0.100 0.100 0.100 0.100]
[2025-07-17 14:11:30] [INFO] RADI: 0.060
[2025-07-17 14:11:30] [INFO] Damage: 0.058
[2025-07-17 14:11:30] [INFO] Success Rate: 0.560
[2025-07-17 14:11:30] [INFO] Detection Rate: NaN
[2025-07-17 14:11:30] [INFO] ================================\n
[2025-07-17 14:11:32] [INFO] 
========== Episode 1000 ==========
[2025-07-17 14:11:32] [INFO] 攻击者策略: [0.095 0.095 0.101 0.102 0.119 0.111 0.097 0.084 0.110 0.086]
[2025-07-17 14:11:32] [INFO] 
--- QLearning 防御者 ---
[2025-07-17 14:11:32] [INFO] 防御策略: [0.117 0.099 0.094 0.093 0.081 0.096 0.099 0.091 0.094 0.135]
[2025-07-17 14:11:32] [INFO] RADI: 0.105
[2025-07-17 14:11:32] [INFO] Damage: 0.014
[2025-07-17 14:11:32] [INFO] Success Rate: 0.170
[2025-07-17 14:11:32] [INFO] Detection Rate: NaN
[2025-07-17 14:11:32] [INFO] 
--- SARSA 防御者 ---
[2025-07-17 14:11:32] [INFO] 防御策略: [0.036 0.089 0.122 0.098 0.116 0.086 0.117 0.090 0.127 0.119]
[2025-07-17 14:11:32] [INFO] RADI: 0.102
[2025-07-17 14:11:32] [INFO] Damage: 0.065
[2025-07-17 14:11:32] [INFO] Success Rate: 0.560
[2025-07-17 14:11:32] [INFO] Detection Rate: NaN
[2025-07-17 14:11:32] [INFO] 
--- DoubleQLearning 防御者 ---
[2025-07-17 14:11:32] [INFO] 防御策略: [0.099 0.100 0.100 0.100 0.100 0.100 0.100 0.100 0.100 0.100]
[2025-07-17 14:11:32] [INFO] RADI: 0.064
[2025-07-17 14:11:32] [INFO] Damage: 0.070
[2025-07-17 14:11:32] [INFO] Success Rate: 0.630
[2025-07-17 14:11:32] [INFO] Detection Rate: NaN
[2025-07-17 14:11:32] [INFO] ================================\n
[2025-07-17 14:11:32] [INFO] 生成多智能体对比报告...
[2025-07-17 14:11:49] [INFO] 报告已保存到: D:\CODE\FSP-IDS\reports\20250717_141132
[2025-07-17 14:11:49] [INFO] FSP-TCS多智能体仿真成功完成
