[2025-07-18 15:22:06] [INFO] 日志系统初始化
[2025-07-18 15:22:06] [INFO] FSP-TCS多智能体仿真开始
[2025-07-18 15:22:09] [INFO] 
========== Episode 50 ==========
[2025-07-18 15:22:09] [INFO] 攻击者策略: [0.106 0.081 0.107 0.091 0.096 0.111 0.107 0.092 0.111 0.098]
[2025-07-18 15:22:09] [INFO] 
--- QLearning 防御者 ---
[2025-07-18 15:22:09] [INFO] 防御策略: [0.078 0.071 0.107 0.208 0.080 0.106 0.092 0.087 0.098 0.073]
[2025-07-18 15:22:09] [INFO] RADI: 0.111
[2025-07-18 15:22:09] [INFO] Damage: 0.049
[2025-07-18 15:22:09] [INFO] Success Rate: 0.520
[2025-07-18 15:22:09] [INFO] Detection Rate: 0.942
[2025-07-18 15:22:09] [INFO] 
--- SARSA 防御者 ---
[2025-07-18 15:22:09] [INFO] 防御策略: [0.771 0.022 0.020 0.030 0.040 0.025 0.027 0.024 0.019 0.021]
[2025-07-18 15:22:09] [INFO] RADI: 0.161
[2025-07-18 15:22:09] [INFO] Damage: 0.045
[2025-07-18 15:22:09] [INFO] Success Rate: 0.460
[2025-07-18 15:22:09] [INFO] Detection Rate: 0.935
[2025-07-18 15:22:09] [INFO] 
--- DoubleQLearning 防御者 ---
[2025-07-18 15:22:09] [INFO] 防御策略: [0.468 0.059 0.059 0.059 0.059 0.059 0.059 0.059 0.059 0.059]
[2025-07-18 15:22:09] [INFO] RADI: 0.100
[2025-07-18 15:22:09] [INFO] Damage: 0.048
[2025-07-18 15:22:09] [INFO] Success Rate: 0.490
[2025-07-18 15:22:09] [INFO] Detection Rate: 0.939
[2025-07-18 15:22:09] [INFO] ================================\n
[2025-07-18 15:22:11] [INFO] 
========== Episode 100 ==========
[2025-07-18 15:22:11] [INFO] 攻击者策略: [0.106 0.081 0.107 0.091 0.096 0.111 0.107 0.092 0.111 0.098]
[2025-07-18 15:22:11] [INFO] 
--- QLearning 防御者 ---
[2025-07-18 15:22:11] [INFO] 防御策略: [0.077 0.072 0.110 0.202 0.080 0.102 0.094 0.084 0.096 0.082]
[2025-07-18 15:22:11] [INFO] RADI: 0.168
[2025-07-18 15:22:11] [INFO] Damage: 0.054
[2025-07-18 15:22:11] [INFO] Success Rate: 0.570
[2025-07-18 15:22:11] [INFO] Detection Rate: 0.982
[2025-07-18 15:22:11] [INFO] 
--- SARSA 防御者 ---
[2025-07-18 15:22:11] [INFO] 防御策略: [0.778 0.021 0.020 0.029 0.039 0.025 0.027 0.023 0.018 0.020]
[2025-07-18 15:22:11] [INFO] RADI: 0.144
[2025-07-18 15:22:11] [INFO] Damage: 0.040
[2025-07-18 15:22:11] [INFO] Success Rate: 0.410
[2025-07-18 15:22:11] [INFO] Detection Rate: 0.951
[2025-07-18 15:22:11] [INFO] 
--- DoubleQLearning 防御者 ---
[2025-07-18 15:22:11] [INFO] 防御策略: [0.473 0.059 0.059 0.059 0.059 0.058 0.059 0.059 0.059 0.059]
[2025-07-18 15:22:11] [INFO] RADI: 0.099
[2025-07-18 15:22:11] [INFO] Damage: 0.047
[2025-07-18 15:22:11] [INFO] Success Rate: 0.480
[2025-07-18 15:22:11] [INFO] Detection Rate: 0.958
[2025-07-18 15:22:11] [INFO] ================================\n
[2025-07-18 15:22:13] [INFO] 
========== Episode 150 ==========
[2025-07-18 15:22:13] [INFO] 攻击者策略: [0.106 0.081 0.107 0.091 0.096 0.111 0.107 0.092 0.111 0.098]
[2025-07-18 15:22:13] [INFO] 
--- QLearning 防御者 ---
[2025-07-18 15:22:13] [INFO] 防御策略: [0.078 0.086 0.107 0.191 0.086 0.091 0.094 0.079 0.110 0.078]
[2025-07-18 15:22:13] [INFO] RADI: 0.169
[2025-07-18 15:22:13] [INFO] Damage: 0.056
[2025-07-18 15:22:13] [INFO] Success Rate: 0.590
[2025-07-18 15:22:13] [INFO] Detection Rate: 0.966
[2025-07-18 15:22:13] [INFO] 
--- SARSA 防御者 ---
[2025-07-18 15:22:13] [INFO] 防御策略: [0.785 0.021 0.019 0.028 0.038 0.024 0.026 0.022 0.018 0.019]
[2025-07-18 15:22:13] [INFO] RADI: 0.154
[2025-07-18 15:22:13] [INFO] Damage: 0.039
[2025-07-18 15:22:13] [INFO] Success Rate: 0.390
[2025-07-18 15:22:13] [INFO] Detection Rate: 0.949
[2025-07-18 15:22:13] [INFO] 
--- DoubleQLearning 防御者 ---
[2025-07-18 15:22:13] [INFO] 防御策略: [0.468 0.059 0.059 0.059 0.059 0.059 0.059 0.059 0.059 0.059]
[2025-07-18 15:22:13] [INFO] RADI: 0.100
[2025-07-18 15:22:13] [INFO] Damage: 0.055
[2025-07-18 15:22:13] [INFO] Success Rate: 0.560
[2025-07-18 15:22:13] [INFO] Detection Rate: 0.964
[2025-07-18 15:22:13] [INFO] ================================\n
[2025-07-18 15:22:15] [INFO] 
========== Episode 200 ==========
[2025-07-18 15:22:15] [INFO] 攻击者策略: [0.106 0.081 0.107 0.091 0.096 0.111 0.107 0.092 0.111 0.098]
[2025-07-18 15:22:15] [INFO] 
--- QLearning 防御者 ---
[2025-07-18 15:22:15] [INFO] 防御策略: [0.082 0.098 0.101 0.180 0.082 0.090 0.100 0.079 0.105 0.083]
[2025-07-18 15:22:15] [INFO] RADI: 0.171
[2025-07-18 15:22:15] [INFO] Damage: 0.056
[2025-07-18 15:22:15] [INFO] Success Rate: 0.590
[2025-07-18 15:22:15] [INFO] Detection Rate: 0.983
[2025-07-18 15:22:15] [INFO] 
--- SARSA 防御者 ---
[2025-07-18 15:22:15] [INFO] 防御策略: [0.767 0.022 0.021 0.030 0.041 0.026 0.028 0.024 0.019 0.021]
[2025-07-18 15:22:15] [INFO] RADI: 0.157
[2025-07-18 15:22:15] [INFO] Damage: 0.045
[2025-07-18 15:22:15] [INFO] Success Rate: 0.470
[2025-07-18 15:22:15] [INFO] Detection Rate: 0.957
[2025-07-18 15:22:15] [INFO] 
--- DoubleQLearning 防御者 ---
[2025-07-18 15:22:15] [INFO] 防御策略: [0.465 0.060 0.059 0.059 0.060 0.059 0.059 0.059 0.059 0.059]
[2025-07-18 15:22:15] [INFO] RADI: 0.100
[2025-07-18 15:22:15] [INFO] Damage: 0.049
[2025-07-18 15:22:15] [INFO] Success Rate: 0.500
[2025-07-18 15:22:15] [INFO] Detection Rate: 0.940
[2025-07-18 15:22:15] [INFO] ================================\n
[2025-07-18 15:22:18] [INFO] 
========== Episode 250 ==========
[2025-07-18 15:22:18] [INFO] 攻击者策略: [0.106 0.081 0.107 0.091 0.096 0.111 0.107 0.092 0.111 0.098]
[2025-07-18 15:22:18] [INFO] 
--- QLearning 防御者 ---
[2025-07-18 15:22:18] [INFO] 防御策略: [0.082 0.089 0.094 0.171 0.079 0.090 0.102 0.088 0.104 0.101]
[2025-07-18 15:22:18] [INFO] RADI: 0.114
[2025-07-18 15:22:18] [INFO] Damage: 0.040
[2025-07-18 15:22:18] [INFO] Success Rate: 0.420
[2025-07-18 15:22:18] [INFO] Detection Rate: 0.833
[2025-07-18 15:22:18] [INFO] 
--- SARSA 防御者 ---
[2025-07-18 15:22:18] [INFO] 防御策略: [0.756 0.023 0.022 0.032 0.043 0.027 0.029 0.025 0.020 0.022]
[2025-07-18 15:22:18] [INFO] RADI: 0.142
[2025-07-18 15:22:18] [INFO] Damage: 0.050
[2025-07-18 15:22:18] [INFO] Success Rate: 0.500
[2025-07-18 15:22:18] [INFO] Detection Rate: 0.900
[2025-07-18 15:22:18] [INFO] 
--- DoubleQLearning 防御者 ---
[2025-07-18 15:22:18] [INFO] 防御策略: [0.465 0.060 0.060 0.059 0.060 0.059 0.060 0.059 0.059 0.059]
[2025-07-18 15:22:18] [INFO] RADI: 0.100
[2025-07-18 15:22:18] [INFO] Damage: 0.065
[2025-07-18 15:22:18] [INFO] Success Rate: 0.650
[2025-07-18 15:22:18] [INFO] Detection Rate: 0.954
[2025-07-18 15:22:18] [INFO] ================================\n
[2025-07-18 15:22:20] [INFO] 
========== Episode 300 ==========
[2025-07-18 15:22:20] [INFO] 攻击者策略: [0.106 0.081 0.107 0.091 0.096 0.111 0.107 0.092 0.111 0.098]
[2025-07-18 15:22:20] [INFO] 
--- QLearning 防御者 ---
[2025-07-18 15:22:20] [INFO] 防御策略: [0.081 0.092 0.102 0.165 0.088 0.089 0.096 0.091 0.103 0.094]
[2025-07-18 15:22:20] [INFO] RADI: 0.114
[2025-07-18 15:22:20] [INFO] Damage: 0.051
[2025-07-18 15:22:20] [INFO] Success Rate: 0.530
[2025-07-18 15:22:20] [INFO] Detection Rate: 0.943
[2025-07-18 15:22:20] [INFO] 
--- SARSA 防御者 ---
[2025-07-18 15:22:20] [INFO] 防御策略: [0.772 0.022 0.020 0.030 0.040 0.025 0.027 0.024 0.019 0.021]
[2025-07-18 15:22:20] [INFO] RADI: 0.060
[2025-07-18 15:22:20] [INFO] Damage: 0.047
[2025-07-18 15:22:20] [INFO] Success Rate: 0.490
[2025-07-18 15:22:20] [INFO] Detection Rate: 1.000
[2025-07-18 15:22:20] [INFO] 
--- DoubleQLearning 防御者 ---
[2025-07-18 15:22:20] [INFO] 防御策略: [0.465 0.059 0.059 0.059 0.060 0.059 0.059 0.059 0.059 0.059]
[2025-07-18 15:22:20] [INFO] RADI: 0.100
[2025-07-18 15:22:20] [INFO] Damage: 0.046
[2025-07-18 15:22:20] [INFO] Success Rate: 0.480
[2025-07-18 15:22:20] [INFO] Detection Rate: 0.938
[2025-07-18 15:22:20] [INFO] ================================\n
[2025-07-18 15:22:22] [INFO] 
========== Episode 350 ==========
[2025-07-18 15:22:22] [INFO] 攻击者策略: [0.106 0.081 0.107 0.091 0.096 0.111 0.107 0.092 0.111 0.098]
[2025-07-18 15:22:22] [INFO] 
--- QLearning 防御者 ---
[2025-07-18 15:22:22] [INFO] 防御策略: [0.081 0.090 0.107 0.156 0.090 0.088 0.092 0.098 0.099 0.099]
[2025-07-18 15:22:22] [INFO] RADI: 0.169
[2025-07-18 15:22:22] [INFO] Damage: 0.048
[2025-07-18 15:22:22] [INFO] Success Rate: 0.510
[2025-07-18 15:22:22] [INFO] Detection Rate: 0.961
[2025-07-18 15:22:22] [INFO] 
--- SARSA 防御者 ---
[2025-07-18 15:22:22] [INFO] 防御策略: [0.765 0.023 0.021 0.031 0.041 0.026 0.028 0.025 0.019 0.021]
[2025-07-18 15:22:22] [INFO] RADI: 0.102
[2025-07-18 15:22:22] [INFO] Damage: 0.048
[2025-07-18 15:22:22] [INFO] Success Rate: 0.490
[2025-07-18 15:22:22] [INFO] Detection Rate: 0.939
[2025-07-18 15:22:22] [INFO] 
--- DoubleQLearning 防御者 ---
[2025-07-18 15:22:22] [INFO] 防御策略: [0.468 0.059 0.059 0.059 0.059 0.059 0.059 0.059 0.059 0.059]
[2025-07-18 15:22:22] [INFO] RADI: 0.100
[2025-07-18 15:22:22] [INFO] Damage: 0.056
[2025-07-18 15:22:22] [INFO] Success Rate: 0.570
[2025-07-18 15:22:22] [INFO] Detection Rate: 0.947
[2025-07-18 15:22:22] [INFO] ================================\n
[2025-07-18 15:22:24] [INFO] 
========== Episode 400 ==========
[2025-07-18 15:22:24] [INFO] 攻击者策略: [0.106 0.081 0.107 0.091 0.096 0.111 0.107 0.092 0.111 0.098]
[2025-07-18 15:22:24] [INFO] 
--- QLearning 防御者 ---
[2025-07-18 15:22:24] [INFO] 防御策略: [0.083 0.093 0.108 0.151 0.090 0.090 0.098 0.097 0.097 0.094]
[2025-07-18 15:22:24] [INFO] RADI: 0.166
[2025-07-18 15:22:24] [INFO] Damage: 0.044
[2025-07-18 15:22:24] [INFO] Success Rate: 0.460
[2025-07-18 15:22:24] [INFO] Detection Rate: 0.957
[2025-07-18 15:22:24] [INFO] 
--- SARSA 防御者 ---
[2025-07-18 15:22:24] [INFO] 防御策略: [0.785 0.021 0.019 0.028 0.038 0.024 0.026 0.023 0.018 0.019]
[2025-07-18 15:22:24] [INFO] RADI: 0.096
[2025-07-18 15:22:24] [INFO] Damage: 0.041
[2025-07-18 15:22:24] [INFO] Success Rate: 0.420
[2025-07-18 15:22:24] [INFO] Detection Rate: 0.929
[2025-07-18 15:22:24] [INFO] 
--- DoubleQLearning 防御者 ---
[2025-07-18 15:22:24] [INFO] 防御策略: [0.472 0.059 0.059 0.059 0.059 0.059 0.059 0.059 0.059 0.059]
[2025-07-18 15:22:24] [INFO] RADI: 0.100
[2025-07-18 15:22:24] [INFO] Damage: 0.048
[2025-07-18 15:22:24] [INFO] Success Rate: 0.510
[2025-07-18 15:22:24] [INFO] Detection Rate: 0.922
[2025-07-18 15:22:24] [INFO] ================================\n
[2025-07-18 15:22:26] [INFO] 
========== Episode 450 ==========
[2025-07-18 15:22:26] [INFO] 攻击者策略: [0.106 0.081 0.107 0.091 0.096 0.111 0.107 0.092 0.111 0.098]
[2025-07-18 15:22:26] [INFO] 
--- QLearning 防御者 ---
[2025-07-18 15:22:26] [INFO] 防御策略: [0.084 0.093 0.104 0.145 0.091 0.089 0.108 0.097 0.093 0.096]
[2025-07-18 15:22:26] [INFO] RADI: 0.169
[2025-07-18 15:22:26] [INFO] Damage: 0.045
[2025-07-18 15:22:26] [INFO] Success Rate: 0.480
[2025-07-18 15:22:26] [INFO] Detection Rate: 0.917
[2025-07-18 15:22:26] [INFO] 
--- SARSA 防御者 ---
[2025-07-18 15:22:26] [INFO] 防御策略: [0.798 0.019 0.018 0.026 0.036 0.022 0.024 0.021 0.016 0.018]
[2025-07-18 15:22:26] [INFO] RADI: 0.167
[2025-07-18 15:22:26] [INFO] Damage: 0.045
[2025-07-18 15:22:26] [INFO] Success Rate: 0.460
[2025-07-18 15:22:26] [INFO] Detection Rate: 0.978
[2025-07-18 15:22:26] [INFO] 
--- DoubleQLearning 防御者 ---
[2025-07-18 15:22:26] [INFO] 防御策略: [0.464 0.060 0.060 0.059 0.060 0.059 0.060 0.059 0.060 0.059]
[2025-07-18 15:22:26] [INFO] RADI: 0.099
[2025-07-18 15:22:26] [INFO] Damage: 0.059
[2025-07-18 15:22:26] [INFO] Success Rate: 0.600
[2025-07-18 15:22:26] [INFO] Detection Rate: 0.950
[2025-07-18 15:22:26] [INFO] ================================\n
[2025-07-18 15:22:28] [INFO] 
========== Episode 500 ==========
[2025-07-18 15:22:28] [INFO] 攻击者策略: [0.106 0.081 0.107 0.091 0.096 0.111 0.107 0.092 0.111 0.098]
[2025-07-18 15:22:28] [INFO] 
--- QLearning 防御者 ---
[2025-07-18 15:22:28] [INFO] 防御策略: [0.086 0.091 0.105 0.142 0.090 0.088 0.106 0.098 0.096 0.097]
[2025-07-18 15:22:28] [INFO] RADI: 0.169
[2025-07-18 15:22:28] [INFO] Damage: 0.049
[2025-07-18 15:22:28] [INFO] Success Rate: 0.520
[2025-07-18 15:22:28] [INFO] Detection Rate: 0.962
[2025-07-18 15:22:28] [INFO] 
--- SARSA 防御者 ---
[2025-07-18 15:22:28] [INFO] 防御策略: [0.787 0.021 0.019 0.028 0.037 0.024 0.025 0.022 0.017 0.019]
[2025-07-18 15:22:28] [INFO] RADI: 0.103
[2025-07-18 15:22:28] [INFO] Damage: 0.032
[2025-07-18 15:22:28] [INFO] Success Rate: 0.300
[2025-07-18 15:22:28] [INFO] Detection Rate: 0.933
[2025-07-18 15:22:28] [INFO] 
--- DoubleQLearning 防御者 ---
[2025-07-18 15:22:28] [INFO] 防御策略: [0.467 0.059 0.059 0.059 0.059 0.059 0.059 0.059 0.059 0.059]
[2025-07-18 15:22:28] [INFO] RADI: 0.100
[2025-07-18 15:22:28] [INFO] Damage: 0.054
[2025-07-18 15:22:28] [INFO] Success Rate: 0.530
[2025-07-18 15:22:28] [INFO] Detection Rate: 0.943
[2025-07-18 15:22:28] [INFO] ================================\n
[2025-07-18 15:22:30] [INFO] 
========== Episode 550 ==========
[2025-07-18 15:22:30] [INFO] 攻击者策略: [0.106 0.081 0.107 0.091 0.096 0.111 0.107 0.092 0.111 0.098]
[2025-07-18 15:22:30] [INFO] 
--- QLearning 防御者 ---
[2025-07-18 15:22:30] [INFO] 防御策略: [0.088 0.089 0.104 0.137 0.091 0.089 0.111 0.099 0.093 0.099]
[2025-07-18 15:22:30] [INFO] RADI: 0.169
[2025-07-18 15:22:30] [INFO] Damage: 0.047
[2025-07-18 15:22:30] [INFO] Success Rate: 0.480
[2025-07-18 15:22:30] [INFO] Detection Rate: 0.875
[2025-07-18 15:22:30] [INFO] 
--- SARSA 防御者 ---
[2025-07-18 15:22:30] [INFO] 防御策略: [0.773 0.022 0.020 0.030 0.040 0.025 0.027 0.024 0.018 0.021]
[2025-07-18 15:22:30] [INFO] RADI: 0.100
[2025-07-18 15:22:30] [INFO] Damage: 0.054
[2025-07-18 15:22:30] [INFO] Success Rate: 0.530
[2025-07-18 15:22:30] [INFO] Detection Rate: 0.962
[2025-07-18 15:22:30] [INFO] 
--- DoubleQLearning 防御者 ---
[2025-07-18 15:22:30] [INFO] 防御策略: [0.467 0.059 0.059 0.059 0.059 0.059 0.059 0.059 0.059 0.059]
[2025-07-18 15:22:30] [INFO] RADI: 0.100
[2025-07-18 15:22:30] [INFO] Damage: 0.051
[2025-07-18 15:22:30] [INFO] Success Rate: 0.530
[2025-07-18 15:22:30] [INFO] Detection Rate: 0.868
[2025-07-18 15:22:30] [INFO] ================================\n
[2025-07-18 15:22:32] [INFO] 
========== Episode 600 ==========
[2025-07-18 15:22:32] [INFO] 攻击者策略: [0.106 0.081 0.107 0.091 0.096 0.111 0.107 0.092 0.111 0.098]
[2025-07-18 15:22:32] [INFO] 
--- QLearning 防御者 ---
[2025-07-18 15:22:32] [INFO] 防御策略: [0.090 0.088 0.105 0.134 0.091 0.091 0.112 0.096 0.095 0.098]
[2025-07-18 15:22:32] [INFO] RADI: 0.169
[2025-07-18 15:22:32] [INFO] Damage: 0.041
[2025-07-18 15:22:32] [INFO] Success Rate: 0.420
[2025-07-18 15:22:32] [INFO] Detection Rate: 0.976
[2025-07-18 15:22:32] [INFO] 
--- SARSA 防御者 ---
[2025-07-18 15:22:32] [INFO] 防御策略: [0.794 0.020 0.018 0.027 0.036 0.023 0.025 0.022 0.017 0.019]
[2025-07-18 15:22:32] [INFO] RADI: 0.141
[2025-07-18 15:22:32] [INFO] Damage: 0.058
[2025-07-18 15:22:32] [INFO] Success Rate: 0.600
[2025-07-18 15:22:32] [INFO] Detection Rate: 0.983
[2025-07-18 15:22:32] [INFO] 
--- DoubleQLearning 防御者 ---
[2025-07-18 15:22:32] [INFO] 防御策略: [0.470 0.059 0.059 0.059 0.059 0.059 0.059 0.059 0.059 0.059]
[2025-07-18 15:22:32] [INFO] RADI: 0.101
[2025-07-18 15:22:32] [INFO] Damage: 0.047
[2025-07-18 15:22:32] [INFO] Success Rate: 0.500
[2025-07-18 15:22:32] [INFO] Detection Rate: 0.920
[2025-07-18 15:22:32] [INFO] ================================\n
[2025-07-18 15:22:34] [INFO] 
========== Episode 650 ==========
[2025-07-18 15:22:34] [INFO] 攻击者策略: [0.106 0.081 0.107 0.091 0.096 0.111 0.107 0.092 0.111 0.098]
[2025-07-18 15:22:34] [INFO] 
--- QLearning 防御者 ---
[2025-07-18 15:22:34] [INFO] 防御策略: [0.092 0.089 0.105 0.131 0.091 0.091 0.112 0.095 0.095 0.098]
[2025-07-18 15:22:34] [INFO] RADI: 0.112
[2025-07-18 15:22:34] [INFO] Damage: 0.053
[2025-07-18 15:22:34] [INFO] Success Rate: 0.570
[2025-07-18 15:22:34] [INFO] Detection Rate: 0.947
[2025-07-18 15:22:34] [INFO] 
--- SARSA 防御者 ---
[2025-07-18 15:22:34] [INFO] 防御策略: [0.796 0.020 0.018 0.027 0.036 0.023 0.024 0.021 0.017 0.018]
[2025-07-18 15:22:34] [INFO] RADI: 0.102
[2025-07-18 15:22:34] [INFO] Damage: 0.041
[2025-07-18 15:22:34] [INFO] Success Rate: 0.400
[2025-07-18 15:22:34] [INFO] Detection Rate: 1.000
[2025-07-18 15:22:34] [INFO] 
--- DoubleQLearning 防御者 ---
[2025-07-18 15:22:34] [INFO] 防御策略: [0.466 0.059 0.059 0.059 0.060 0.059 0.059 0.059 0.059 0.059]
[2025-07-18 15:22:34] [INFO] RADI: 0.103
[2025-07-18 15:22:34] [INFO] Damage: 0.058
[2025-07-18 15:22:34] [INFO] Success Rate: 0.580
[2025-07-18 15:22:34] [INFO] Detection Rate: 0.931
[2025-07-18 15:22:34] [INFO] ================================\n
[2025-07-18 15:22:36] [INFO] 
========== Episode 700 ==========
[2025-07-18 15:22:36] [INFO] 攻击者策略: [0.106 0.081 0.107 0.091 0.096 0.111 0.107 0.092 0.111 0.098]
[2025-07-18 15:22:36] [INFO] 
--- QLearning 防御者 ---
[2025-07-18 15:22:36] [INFO] 防御策略: [0.096 0.089 0.107 0.129 0.091 0.089 0.111 0.096 0.094 0.100]
[2025-07-18 15:22:36] [INFO] RADI: 0.170
[2025-07-18 15:22:36] [INFO] Damage: 0.054
[2025-07-18 15:22:36] [INFO] Success Rate: 0.570
[2025-07-18 15:22:36] [INFO] Detection Rate: 0.895
[2025-07-18 15:22:36] [INFO] 
--- SARSA 防御者 ---
[2025-07-18 15:22:36] [INFO] 防御策略: [0.754 0.024 0.022 0.032 0.043 0.027 0.029 0.026 0.020 0.022]
[2025-07-18 15:22:36] [INFO] RADI: 0.098
[2025-07-18 15:22:36] [INFO] Damage: 0.045
[2025-07-18 15:22:36] [INFO] Success Rate: 0.430
[2025-07-18 15:22:36] [INFO] Detection Rate: 0.953
[2025-07-18 15:22:36] [INFO] 
--- DoubleQLearning 防御者 ---
[2025-07-18 15:22:36] [INFO] 防御策略: [0.469 0.059 0.059 0.059 0.059 0.059 0.059 0.059 0.059 0.059]
[2025-07-18 15:22:36] [INFO] RADI: 0.102
[2025-07-18 15:22:36] [INFO] Damage: 0.065
[2025-07-18 15:22:36] [INFO] Success Rate: 0.640
[2025-07-18 15:22:36] [INFO] Detection Rate: 0.922
[2025-07-18 15:22:36] [INFO] ================================\n
[2025-07-18 15:22:38] [INFO] 
========== Episode 750 ==========
[2025-07-18 15:22:38] [INFO] 攻击者策略: [0.106 0.081 0.107 0.091 0.096 0.111 0.107 0.092 0.111 0.098]
[2025-07-18 15:22:38] [INFO] 
--- QLearning 防御者 ---
[2025-07-18 15:22:38] [INFO] 防御策略: [0.097 0.091 0.108 0.126 0.091 0.089 0.109 0.096 0.094 0.101]
[2025-07-18 15:22:38] [INFO] RADI: 0.113
[2025-07-18 15:22:38] [INFO] Damage: 0.047
[2025-07-18 15:22:38] [INFO] Success Rate: 0.490
[2025-07-18 15:22:38] [INFO] Detection Rate: 0.959
[2025-07-18 15:22:38] [INFO] 
--- SARSA 防御者 ---
[2025-07-18 15:22:38] [INFO] 防御策略: [0.803 0.019 0.018 0.026 0.035 0.022 0.024 0.021 0.016 0.018]
[2025-07-18 15:22:38] [INFO] RADI: 0.054
[2025-07-18 15:22:38] [INFO] Damage: 0.022
[2025-07-18 15:22:38] [INFO] Success Rate: 0.220
[2025-07-18 15:22:38] [INFO] Detection Rate: 1.000
[2025-07-18 15:22:38] [INFO] 
--- DoubleQLearning 防御者 ---
[2025-07-18 15:22:38] [INFO] 防御策略: [0.464 0.060 0.060 0.059 0.060 0.059 0.060 0.059 0.060 0.059]
[2025-07-18 15:22:38] [INFO] RADI: 0.088
[2025-07-18 15:22:38] [INFO] Damage: 0.066
[2025-07-18 15:22:38] [INFO] Success Rate: 0.580
[2025-07-18 15:22:38] [INFO] Detection Rate: 0.931
[2025-07-18 15:22:38] [INFO] ================================\n
[2025-07-18 15:22:40] [INFO] 
========== Episode 800 ==========
[2025-07-18 15:22:40] [INFO] 攻击者策略: [0.106 0.081 0.107 0.091 0.096 0.111 0.107 0.092 0.111 0.098]
[2025-07-18 15:22:40] [INFO] 
--- QLearning 防御者 ---
[2025-07-18 15:22:40] [INFO] 防御策略: [0.097 0.090 0.110 0.124 0.089 0.088 0.110 0.097 0.094 0.101]
[2025-07-18 15:22:40] [INFO] RADI: 0.170
[2025-07-18 15:22:40] [INFO] Damage: 0.047
[2025-07-18 15:22:40] [INFO] Success Rate: 0.520
[2025-07-18 15:22:40] [INFO] Detection Rate: 0.942
[2025-07-18 15:22:40] [INFO] 
--- SARSA 防御者 ---
[2025-07-18 15:22:40] [INFO] 防御策略: [0.793 0.020 0.019 0.027 0.036 0.023 0.025 0.022 0.017 0.019]
[2025-07-18 15:22:40] [INFO] RADI: 0.098
[2025-07-18 15:22:40] [INFO] Damage: 0.021
[2025-07-18 15:22:40] [INFO] Success Rate: 0.210
[2025-07-18 15:22:40] [INFO] Detection Rate: 0.952
[2025-07-18 15:22:40] [INFO] 
--- DoubleQLearning 防御者 ---
[2025-07-18 15:22:40] [INFO] 防御策略: [0.466 0.059 0.059 0.059 0.059 0.059 0.059 0.059 0.059 0.059]
[2025-07-18 15:22:40] [INFO] RADI: 0.100
[2025-07-18 15:22:40] [INFO] Damage: 0.066
[2025-07-18 15:22:40] [INFO] Success Rate: 0.600
[2025-07-18 15:22:40] [INFO] Detection Rate: 0.967
[2025-07-18 15:22:40] [INFO] ================================\n
[2025-07-18 15:22:42] [INFO] 
========== Episode 850 ==========
[2025-07-18 15:22:42] [INFO] 攻击者策略: [0.106 0.081 0.107 0.091 0.096 0.111 0.107 0.092 0.111 0.098]
[2025-07-18 15:22:42] [INFO] 
--- QLearning 防御者 ---
[2025-07-18 15:22:42] [INFO] 防御策略: [0.097 0.090 0.111 0.122 0.087 0.093 0.108 0.098 0.093 0.101]
[2025-07-18 15:22:42] [INFO] RADI: 0.169
[2025-07-18 15:22:42] [INFO] Damage: 0.052
[2025-07-18 15:22:42] [INFO] Success Rate: 0.530
[2025-07-18 15:22:42] [INFO] Detection Rate: 0.868
[2025-07-18 15:22:42] [INFO] 
--- SARSA 防御者 ---
[2025-07-18 15:22:42] [INFO] 防御策略: [0.815 0.018 0.017 0.024 0.033 0.021 0.022 0.019 0.015 0.017]
[2025-07-18 15:22:42] [INFO] RADI: 0.100
[2025-07-18 15:22:42] [INFO] Damage: 0.047
[2025-07-18 15:22:42] [INFO] Success Rate: 0.490
[2025-07-18 15:22:42] [INFO] Detection Rate: 0.959
[2025-07-18 15:22:42] [INFO] 
--- DoubleQLearning 防御者 ---
[2025-07-18 15:22:42] [INFO] 防御策略: [0.466 0.059 0.059 0.059 0.060 0.059 0.059 0.059 0.059 0.059]
[2025-07-18 15:22:42] [INFO] RADI: 0.098
[2025-07-18 15:22:42] [INFO] Damage: 0.062
[2025-07-18 15:22:42] [INFO] Success Rate: 0.640
[2025-07-18 15:22:42] [INFO] Detection Rate: 0.953
[2025-07-18 15:22:42] [INFO] ================================\n
[2025-07-18 15:22:44] [INFO] 
========== Episode 900 ==========
[2025-07-18 15:22:44] [INFO] 攻击者策略: [0.106 0.081 0.107 0.091 0.096 0.111 0.107 0.092 0.111 0.098]
[2025-07-18 15:22:44] [INFO] 
--- QLearning 防御者 ---
[2025-07-18 15:22:44] [INFO] 防御策略: [0.097 0.090 0.111 0.120 0.088 0.093 0.108 0.098 0.093 0.102]
[2025-07-18 15:22:44] [INFO] RADI: 0.168
[2025-07-18 15:22:44] [INFO] Damage: 0.040
[2025-07-18 15:22:44] [INFO] Success Rate: 0.420
[2025-07-18 15:22:44] [INFO] Detection Rate: 0.952
[2025-07-18 15:22:44] [INFO] 
--- SARSA 防御者 ---
[2025-07-18 15:22:44] [INFO] 防御策略: [0.795 0.020 0.018 0.027 0.036 0.023 0.025 0.021 0.017 0.019]
[2025-07-18 15:22:44] [INFO] RADI: 0.104
[2025-07-18 15:22:44] [INFO] Damage: 0.027
[2025-07-18 15:22:44] [INFO] Success Rate: 0.270
[2025-07-18 15:22:44] [INFO] Detection Rate: 1.000
[2025-07-18 15:22:44] [INFO] 
--- DoubleQLearning 防御者 ---
[2025-07-18 15:22:44] [INFO] 防御策略: [0.471 0.059 0.059 0.059 0.059 0.059 0.059 0.059 0.059 0.059]
[2025-07-18 15:22:44] [INFO] RADI: 0.092
[2025-07-18 15:22:44] [INFO] Damage: 0.056
[2025-07-18 15:22:44] [INFO] Success Rate: 0.500
[2025-07-18 15:22:44] [INFO] Detection Rate: 0.940
[2025-07-18 15:22:44] [INFO] ================================\n
[2025-07-18 15:22:46] [INFO] 
========== Episode 950 ==========
[2025-07-18 15:22:46] [INFO] 攻击者策略: [0.106 0.081 0.107 0.091 0.096 0.111 0.107 0.092 0.111 0.098]
[2025-07-18 15:22:46] [INFO] 
--- QLearning 防御者 ---
[2025-07-18 15:22:46] [INFO] 防御策略: [0.096 0.090 0.112 0.118 0.088 0.094 0.109 0.098 0.093 0.102]
[2025-07-18 15:22:46] [INFO] RADI: 0.169
[2025-07-18 15:22:46] [INFO] Damage: 0.050
[2025-07-18 15:22:46] [INFO] Success Rate: 0.530
[2025-07-18 15:22:46] [INFO] Detection Rate: 0.962
[2025-07-18 15:22:46] [INFO] 
--- SARSA 防御者 ---
[2025-07-18 15:22:46] [INFO] 防御策略: [0.787 0.021 0.019 0.028 0.037 0.024 0.025 0.022 0.017 0.019]
[2025-07-18 15:22:46] [INFO] RADI: 0.037
[2025-07-18 15:22:46] [INFO] Damage: 0.025
[2025-07-18 15:22:46] [INFO] Success Rate: 0.260
[2025-07-18 15:22:46] [INFO] Detection Rate: 1.000
[2025-07-18 15:22:46] [INFO] 
--- DoubleQLearning 防御者 ---
[2025-07-18 15:22:46] [INFO] 防御策略: [0.469 0.059 0.059 0.059 0.059 0.059 0.059 0.059 0.059 0.059]
[2025-07-18 15:22:46] [INFO] RADI: 0.100
[2025-07-18 15:22:46] [INFO] Damage: 0.066
[2025-07-18 15:22:46] [INFO] Success Rate: 0.610
[2025-07-18 15:22:46] [INFO] Detection Rate: 0.934
[2025-07-18 15:22:46] [INFO] ================================\n
[2025-07-18 15:22:48] [INFO] 
========== Episode 1000 ==========
[2025-07-18 15:22:48] [INFO] 攻击者策略: [0.106 0.081 0.107 0.091 0.096 0.111 0.107 0.092 0.111 0.098]
[2025-07-18 15:22:48] [INFO] 
--- QLearning 防御者 ---
[2025-07-18 15:22:48] [INFO] 防御策略: [0.096 0.090 0.114 0.117 0.087 0.096 0.108 0.098 0.093 0.102]
[2025-07-18 15:22:48] [INFO] RADI: 0.165
[2025-07-18 15:22:48] [INFO] Damage: 0.040
[2025-07-18 15:22:48] [INFO] Success Rate: 0.410
[2025-07-18 15:22:48] [INFO] Detection Rate: 0.927
[2025-07-18 15:22:48] [INFO] 
--- SARSA 防御者 ---
[2025-07-18 15:22:48] [INFO] 防御策略: [0.779 0.021 0.020 0.029 0.039 0.025 0.027 0.023 0.018 0.020]
[2025-07-18 15:22:48] [INFO] RADI: 0.038
[2025-07-18 15:22:48] [INFO] Damage: 0.046
[2025-07-18 15:22:48] [INFO] Success Rate: 0.440
[2025-07-18 15:22:48] [INFO] Detection Rate: 0.977
[2025-07-18 15:22:48] [INFO] 
--- DoubleQLearning 防御者 ---
[2025-07-18 15:22:48] [INFO] 防御策略: [0.470 0.059 0.059 0.059 0.059 0.059 0.059 0.059 0.059 0.059]
[2025-07-18 15:22:48] [INFO] RADI: 0.099
[2025-07-18 15:22:48] [INFO] Damage: 0.049
[2025-07-18 15:22:48] [INFO] Success Rate: 0.430
[2025-07-18 15:22:48] [INFO] Detection Rate: 0.884
[2025-07-18 15:22:48] [INFO] ================================\n
[2025-07-18 15:22:48] [INFO] 生成多智能体对比报告...
[2025-07-18 15:22:56] [INFO] 报告已保存到: D:\CODE\FSP-IDS\reports\20250718_152248
[2025-07-18 15:22:56] [INFO] FSP-TCS多智能体仿真成功完成
