[2025-07-17 00:18:38] [INFO] 日志系统初始化
[2025-07-17 00:18:38] [INFO] FSP-TCS多智能体仿真开始
[2025-07-17 00:18:41] [INFO] 
========== Episode 50 ==========
[2025-07-17 00:18:41] [INFO] 攻击者策略: [0.114 0.102 0.101 0.096 0.098 0.094 0.113 0.091 0.083 0.109]
[2025-07-17 00:18:41] [INFO] 
--- QLearning 防御者 ---
[2025-07-17 00:18:41] [INFO] 防御策略: [0.111 0.090 0.086 0.088 0.104 0.090 0.097 0.141 0.081 0.112]
[2025-07-17 00:18:41] [INFO] RADI: 0.149
[2025-07-17 00:18:41] [INFO] Damage: 0.057
[2025-07-17 00:18:41] [INFO] Success Rate: 0.840
[2025-07-17 00:18:41] [INFO] Detection Rate: NaN
[2025-07-17 00:18:41] [INFO] 
--- SARSA 防御者 ---
[2025-07-17 00:18:41] [INFO] 防御策略: [0.245 0.085 0.095 0.064 0.088 0.100 0.088 0.087 0.075 0.073]
[2025-07-17 00:18:41] [INFO] RADI: 0.099
[2025-07-17 00:18:41] [INFO] Damage: 0.084
[2025-07-17 00:18:41] [INFO] Success Rate: 0.910
[2025-07-17 00:18:41] [INFO] Detection Rate: NaN
[2025-07-17 00:18:41] [INFO] 
--- DoubleQLearning 防御者 ---
[2025-07-17 00:18:41] [INFO] 防御策略: [0.177 0.092 0.092 0.091 0.092 0.092 0.091 0.092 0.091 0.091]
[2025-07-17 00:18:41] [INFO] RADI: 0.170
[2025-07-17 00:18:41] [INFO] Damage: 0.063
[2025-07-17 00:18:41] [INFO] Success Rate: 0.880
[2025-07-17 00:18:41] [INFO] Detection Rate: NaN
[2025-07-17 00:18:41] [INFO] ================================\n
[2025-07-17 00:18:43] [INFO] 
========== Episode 100 ==========
[2025-07-17 00:18:43] [INFO] 攻击者策略: [0.114 0.102 0.101 0.096 0.098 0.094 0.113 0.091 0.083 0.109]
[2025-07-17 00:18:43] [INFO] 
--- QLearning 防御者 ---
[2025-07-17 00:18:43] [INFO] 防御策略: [0.110 0.092 0.083 0.086 0.108 0.089 0.097 0.137 0.079 0.118]
[2025-07-17 00:18:43] [INFO] RADI: 0.118
[2025-07-17 00:18:43] [INFO] Damage: 0.062
[2025-07-17 00:18:43] [INFO] Success Rate: 0.910
[2025-07-17 00:18:43] [INFO] Detection Rate: NaN
[2025-07-17 00:18:43] [INFO] 
--- SARSA 防御者 ---
[2025-07-17 00:18:43] [INFO] 防御策略: [0.245 0.086 0.095 0.064 0.088 0.100 0.088 0.087 0.075 0.073]
[2025-07-17 00:18:43] [INFO] RADI: 0.104
[2025-07-17 00:18:43] [INFO] Damage: 0.083
[2025-07-17 00:18:43] [INFO] Success Rate: 0.930
[2025-07-17 00:18:43] [INFO] Detection Rate: NaN
[2025-07-17 00:18:43] [INFO] 
--- DoubleQLearning 防御者 ---
[2025-07-17 00:18:43] [INFO] 防御策略: [0.177 0.092 0.092 0.091 0.092 0.092 0.091 0.092 0.091 0.091]
[2025-07-17 00:18:43] [INFO] RADI: 0.103
[2025-07-17 00:18:43] [INFO] Damage: 0.068
[2025-07-17 00:18:43] [INFO] Success Rate: 0.950
[2025-07-17 00:18:43] [INFO] Detection Rate: NaN
[2025-07-17 00:18:43] [INFO] ================================\n
[2025-07-17 00:18:45] [INFO] 
========== Episode 150 ==========
[2025-07-17 00:18:45] [INFO] 攻击者策略: [0.114 0.102 0.101 0.096 0.098 0.094 0.113 0.091 0.083 0.109]
[2025-07-17 00:18:45] [INFO] 
--- QLearning 防御者 ---
[2025-07-17 00:18:45] [INFO] 防御策略: [0.107 0.094 0.085 0.087 0.110 0.091 0.097 0.135 0.078 0.116]
[2025-07-17 00:18:45] [INFO] RADI: 0.085
[2025-07-17 00:18:45] [INFO] Damage: 0.056
[2025-07-17 00:18:45] [INFO] Success Rate: 0.830
[2025-07-17 00:18:45] [INFO] Detection Rate: NaN
[2025-07-17 00:18:45] [INFO] 
--- SARSA 防御者 ---
[2025-07-17 00:18:45] [INFO] 防御策略: [0.244 0.086 0.095 0.064 0.088 0.100 0.088 0.087 0.075 0.073]
[2025-07-17 00:18:45] [INFO] RADI: 0.126
[2025-07-17 00:18:45] [INFO] Damage: 0.088
[2025-07-17 00:18:45] [INFO] Success Rate: 0.910
[2025-07-17 00:18:45] [INFO] Detection Rate: NaN
[2025-07-17 00:18:45] [INFO] 
--- DoubleQLearning 防御者 ---
[2025-07-17 00:18:45] [INFO] 防御策略: [0.176 0.092 0.092 0.091 0.092 0.092 0.091 0.092 0.091 0.091]
[2025-07-17 00:18:45] [INFO] RADI: 0.085
[2025-07-17 00:18:45] [INFO] Damage: 0.064
[2025-07-17 00:18:45] [INFO] Success Rate: 0.900
[2025-07-17 00:18:45] [INFO] Detection Rate: NaN
[2025-07-17 00:18:45] [INFO] ================================\n
[2025-07-17 00:18:47] [INFO] 
========== Episode 200 ==========
[2025-07-17 00:18:47] [INFO] 攻击者策略: [0.114 0.102 0.101 0.096 0.098 0.094 0.113 0.091 0.083 0.109]
[2025-07-17 00:18:47] [INFO] 
--- QLearning 防御者 ---
[2025-07-17 00:18:47] [INFO] 防御策略: [0.108 0.094 0.088 0.085 0.109 0.091 0.098 0.133 0.078 0.114]
[2025-07-17 00:18:47] [INFO] RADI: 0.102
[2025-07-17 00:18:47] [INFO] Damage: 0.060
[2025-07-17 00:18:47] [INFO] Success Rate: 0.900
[2025-07-17 00:18:47] [INFO] Detection Rate: NaN
[2025-07-17 00:18:47] [INFO] 
--- SARSA 防御者 ---
[2025-07-17 00:18:47] [INFO] 防御策略: [0.245 0.085 0.095 0.064 0.088 0.100 0.088 0.087 0.075 0.073]
[2025-07-17 00:18:47] [INFO] RADI: 0.124
[2025-07-17 00:18:47] [INFO] Damage: 0.085
[2025-07-17 00:18:47] [INFO] Success Rate: 0.930
[2025-07-17 00:18:47] [INFO] Detection Rate: NaN
[2025-07-17 00:18:47] [INFO] 
--- DoubleQLearning 防御者 ---
[2025-07-17 00:18:47] [INFO] 防御策略: [0.177 0.091 0.092 0.091 0.091 0.092 0.091 0.092 0.091 0.091]
[2025-07-17 00:18:47] [INFO] RADI: 0.173
[2025-07-17 00:18:47] [INFO] Damage: 0.066
[2025-07-17 00:18:47] [INFO] Success Rate: 0.920
[2025-07-17 00:18:47] [INFO] Detection Rate: NaN
[2025-07-17 00:18:47] [INFO] ================================\n
[2025-07-17 00:18:49] [INFO] 
========== Episode 250 ==========
[2025-07-17 00:18:49] [INFO] 攻击者策略: [0.114 0.102 0.101 0.096 0.098 0.094 0.113 0.091 0.083 0.109]
[2025-07-17 00:18:49] [INFO] 
--- QLearning 防御者 ---
[2025-07-17 00:18:49] [INFO] 防御策略: [0.107 0.095 0.087 0.086 0.110 0.092 0.098 0.132 0.079 0.114]
[2025-07-17 00:18:49] [INFO] RADI: 0.091
[2025-07-17 00:18:49] [INFO] Damage: 0.060
[2025-07-17 00:18:49] [INFO] Success Rate: 0.900
[2025-07-17 00:18:49] [INFO] Detection Rate: NaN
[2025-07-17 00:18:49] [INFO] 
--- SARSA 防御者 ---
[2025-07-17 00:18:49] [INFO] 防御策略: [0.245 0.085 0.095 0.064 0.088 0.100 0.088 0.087 0.075 0.073]
[2025-07-17 00:18:49] [INFO] RADI: 0.116
[2025-07-17 00:18:49] [INFO] Damage: 0.080
[2025-07-17 00:18:49] [INFO] Success Rate: 0.900
[2025-07-17 00:18:49] [INFO] Detection Rate: NaN
[2025-07-17 00:18:49] [INFO] 
--- DoubleQLearning 防御者 ---
[2025-07-17 00:18:49] [INFO] 防御策略: [0.177 0.091 0.092 0.091 0.092 0.092 0.091 0.092 0.091 0.091]
[2025-07-17 00:18:49] [INFO] RADI: 0.080
[2025-07-17 00:18:49] [INFO] Damage: 0.066
[2025-07-17 00:18:49] [INFO] Success Rate: 0.930
[2025-07-17 00:18:49] [INFO] Detection Rate: NaN
[2025-07-17 00:18:49] [INFO] ================================\n
[2025-07-17 00:18:51] [INFO] 
========== Episode 300 ==========
[2025-07-17 00:18:51] [INFO] 攻击者策略: [0.114 0.102 0.101 0.096 0.098 0.094 0.113 0.091 0.083 0.109]
[2025-07-17 00:18:51] [INFO] 
--- QLearning 防御者 ---
[2025-07-17 00:18:51] [INFO] 防御策略: [0.106 0.095 0.087 0.087 0.108 0.092 0.098 0.130 0.080 0.118]
[2025-07-17 00:18:51] [INFO] RADI: 0.136
[2025-07-17 00:18:51] [INFO] Damage: 0.057
[2025-07-17 00:18:51] [INFO] Success Rate: 0.850
[2025-07-17 00:18:51] [INFO] Detection Rate: NaN
[2025-07-17 00:18:51] [INFO] 
--- SARSA 防御者 ---
[2025-07-17 00:18:51] [INFO] 防御策略: [0.243 0.086 0.095 0.064 0.088 0.100 0.088 0.087 0.075 0.073]
[2025-07-17 00:18:51] [INFO] RADI: 0.108
[2025-07-17 00:18:51] [INFO] Damage: 0.086
[2025-07-17 00:18:51] [INFO] Success Rate: 0.910
[2025-07-17 00:18:51] [INFO] Detection Rate: NaN
[2025-07-17 00:18:51] [INFO] 
--- DoubleQLearning 防御者 ---
[2025-07-17 00:18:51] [INFO] 防御策略: [0.177 0.091 0.091 0.091 0.091 0.092 0.091 0.092 0.091 0.091]
[2025-07-17 00:18:51] [INFO] RADI: 0.103
[2025-07-17 00:18:51] [INFO] Damage: 0.066
[2025-07-17 00:18:51] [INFO] Success Rate: 0.930
[2025-07-17 00:18:51] [INFO] Detection Rate: NaN
[2025-07-17 00:18:51] [INFO] ================================\n
[2025-07-17 00:18:53] [INFO] 
========== Episode 350 ==========
[2025-07-17 00:18:53] [INFO] 攻击者策略: [0.114 0.102 0.101 0.096 0.098 0.094 0.113 0.091 0.083 0.109]
[2025-07-17 00:18:53] [INFO] 
--- QLearning 防御者 ---
[2025-07-17 00:18:53] [INFO] 防御策略: [0.107 0.095 0.087 0.087 0.107 0.092 0.096 0.129 0.080 0.120]
[2025-07-17 00:18:53] [INFO] RADI: 0.170
[2025-07-17 00:18:53] [INFO] Damage: 0.058
[2025-07-17 00:18:53] [INFO] Success Rate: 0.880
[2025-07-17 00:18:53] [INFO] Detection Rate: NaN
[2025-07-17 00:18:53] [INFO] 
--- SARSA 防御者 ---
[2025-07-17 00:18:53] [INFO] 防御策略: [0.244 0.086 0.095 0.064 0.088 0.100 0.088 0.087 0.075 0.073]
[2025-07-17 00:18:53] [INFO] RADI: 0.124
[2025-07-17 00:18:53] [INFO] Damage: 0.082
[2025-07-17 00:18:53] [INFO] Success Rate: 0.910
[2025-07-17 00:18:53] [INFO] Detection Rate: NaN
[2025-07-17 00:18:53] [INFO] 
--- DoubleQLearning 防御者 ---
[2025-07-17 00:18:53] [INFO] 防御策略: [0.177 0.092 0.092 0.091 0.092 0.092 0.091 0.092 0.091 0.091]
[2025-07-17 00:18:53] [INFO] RADI: 0.103
[2025-07-17 00:18:53] [INFO] Damage: 0.068
[2025-07-17 00:18:53] [INFO] Success Rate: 0.960
[2025-07-17 00:18:53] [INFO] Detection Rate: NaN
[2025-07-17 00:18:53] [INFO] ================================\n
[2025-07-17 00:18:55] [INFO] 
========== Episode 400 ==========
[2025-07-17 00:18:55] [INFO] 攻击者策略: [0.114 0.102 0.101 0.096 0.098 0.094 0.113 0.091 0.083 0.109]
[2025-07-17 00:18:55] [INFO] 
--- QLearning 防御者 ---
[2025-07-17 00:18:55] [INFO] 防御策略: [0.108 0.095 0.088 0.087 0.107 0.093 0.096 0.127 0.080 0.119]
[2025-07-17 00:18:55] [INFO] RADI: 0.199
[2025-07-17 00:18:55] [INFO] Damage: 0.060
[2025-07-17 00:18:55] [INFO] Success Rate: 0.910
[2025-07-17 00:18:55] [INFO] Detection Rate: NaN
[2025-07-17 00:18:55] [INFO] 
--- SARSA 防御者 ---
[2025-07-17 00:18:55] [INFO] 防御策略: [0.242 0.086 0.095 0.065 0.088 0.100 0.088 0.087 0.076 0.073]
[2025-07-17 00:18:55] [INFO] RADI: 0.190
[2025-07-17 00:18:55] [INFO] Damage: 0.091
[2025-07-17 00:18:55] [INFO] Success Rate: 0.940
[2025-07-17 00:18:55] [INFO] Detection Rate: NaN
[2025-07-17 00:18:55] [INFO] 
--- DoubleQLearning 防御者 ---
[2025-07-17 00:18:55] [INFO] 防御策略: [0.177 0.091 0.092 0.091 0.092 0.092 0.091 0.092 0.091 0.091]
[2025-07-17 00:18:55] [INFO] RADI: 0.103
[2025-07-17 00:18:55] [INFO] Damage: 0.068
[2025-07-17 00:18:55] [INFO] Success Rate: 0.940
[2025-07-17 00:18:55] [INFO] Detection Rate: NaN
[2025-07-17 00:18:55] [INFO] ================================\n
[2025-07-17 00:18:57] [INFO] 
========== Episode 450 ==========
[2025-07-17 00:18:57] [INFO] 攻击者策略: [0.114 0.102 0.101 0.096 0.098 0.094 0.113 0.091 0.083 0.109]
[2025-07-17 00:18:57] [INFO] 
--- QLearning 防御者 ---
[2025-07-17 00:18:57] [INFO] 防御策略: [0.110 0.095 0.088 0.086 0.108 0.093 0.095 0.126 0.079 0.121]
[2025-07-17 00:18:57] [INFO] RADI: 0.091
[2025-07-17 00:18:57] [INFO] Damage: 0.057
[2025-07-17 00:18:57] [INFO] Success Rate: 0.860
[2025-07-17 00:18:57] [INFO] Detection Rate: NaN
[2025-07-17 00:18:57] [INFO] 
--- SARSA 防御者 ---
[2025-07-17 00:18:57] [INFO] 防御策略: [0.243 0.086 0.095 0.064 0.088 0.100 0.088 0.087 0.075 0.073]
[2025-07-17 00:18:57] [INFO] RADI: 0.191
[2025-07-17 00:18:57] [INFO] Damage: 0.089
[2025-07-17 00:18:57] [INFO] Success Rate: 0.930
[2025-07-17 00:18:57] [INFO] Detection Rate: NaN
[2025-07-17 00:18:57] [INFO] 
--- DoubleQLearning 防御者 ---
[2025-07-17 00:18:57] [INFO] 防御策略: [0.176 0.092 0.092 0.091 0.092 0.092 0.091 0.092 0.091 0.091]
[2025-07-17 00:18:57] [INFO] RADI: 0.103
[2025-07-17 00:18:57] [INFO] Damage: 0.066
[2025-07-17 00:18:57] [INFO] Success Rate: 0.920
[2025-07-17 00:18:57] [INFO] Detection Rate: NaN
[2025-07-17 00:18:57] [INFO] ================================\n
[2025-07-17 00:18:59] [INFO] 
========== Episode 500 ==========
[2025-07-17 00:18:59] [INFO] 攻击者策略: [0.114 0.102 0.101 0.096 0.098 0.094 0.113 0.091 0.083 0.109]
[2025-07-17 00:18:59] [INFO] 
--- QLearning 防御者 ---
[2025-07-17 00:18:59] [INFO] 防御策略: [0.110 0.095 0.087 0.087 0.108 0.093 0.096 0.124 0.079 0.121]
[2025-07-17 00:18:59] [INFO] RADI: 0.150
[2025-07-17 00:18:59] [INFO] Damage: 0.057
[2025-07-17 00:18:59] [INFO] Success Rate: 0.850
[2025-07-17 00:18:59] [INFO] Detection Rate: NaN
[2025-07-17 00:18:59] [INFO] 
--- SARSA 防御者 ---
[2025-07-17 00:18:59] [INFO] 防御策略: [0.243 0.086 0.095 0.064 0.088 0.100 0.088 0.087 0.075 0.073]
[2025-07-17 00:18:59] [INFO] RADI: 0.098
[2025-07-17 00:18:59] [INFO] Damage: 0.074
[2025-07-17 00:18:59] [INFO] Success Rate: 0.820
[2025-07-17 00:18:59] [INFO] Detection Rate: NaN
[2025-07-17 00:18:59] [INFO] 
--- DoubleQLearning 防御者 ---
[2025-07-17 00:18:59] [INFO] 防御策略: [0.176 0.092 0.092 0.091 0.092 0.092 0.091 0.092 0.091 0.091]
[2025-07-17 00:18:59] [INFO] RADI: 0.103
[2025-07-17 00:18:59] [INFO] Damage: 0.065
[2025-07-17 00:18:59] [INFO] Success Rate: 0.910
[2025-07-17 00:18:59] [INFO] Detection Rate: NaN
[2025-07-17 00:18:59] [INFO] ================================\n
[2025-07-17 00:19:01] [INFO] 
========== Episode 550 ==========
[2025-07-17 00:19:01] [INFO] 攻击者策略: [0.114 0.102 0.101 0.096 0.098 0.094 0.113 0.091 0.083 0.109]
[2025-07-17 00:19:01] [INFO] 
--- QLearning 防御者 ---
[2025-07-17 00:19:01] [INFO] 防御策略: [0.111 0.095 0.087 0.087 0.109 0.094 0.096 0.123 0.079 0.120]
[2025-07-17 00:19:01] [INFO] RADI: 0.100
[2025-07-17 00:19:01] [INFO] Damage: 0.061
[2025-07-17 00:19:01] [INFO] Success Rate: 0.910
[2025-07-17 00:19:01] [INFO] Detection Rate: NaN
[2025-07-17 00:19:01] [INFO] 
--- SARSA 防御者 ---
[2025-07-17 00:19:01] [INFO] 防御策略: [0.243 0.086 0.095 0.064 0.088 0.100 0.088 0.087 0.075 0.073]
[2025-07-17 00:19:01] [INFO] RADI: 0.200
[2025-07-17 00:19:01] [INFO] Damage: 0.085
[2025-07-17 00:19:01] [INFO] Success Rate: 0.900
[2025-07-17 00:19:01] [INFO] Detection Rate: NaN
[2025-07-17 00:19:01] [INFO] 
--- DoubleQLearning 防御者 ---
[2025-07-17 00:19:01] [INFO] 防御策略: [0.176 0.092 0.092 0.092 0.092 0.092 0.091 0.092 0.091 0.092]
[2025-07-17 00:19:01] [INFO] RADI: 0.085
[2025-07-17 00:19:01] [INFO] Damage: 0.067
[2025-07-17 00:19:01] [INFO] Success Rate: 0.930
[2025-07-17 00:19:01] [INFO] Detection Rate: NaN
[2025-07-17 00:19:01] [INFO] ================================\n
[2025-07-17 00:19:03] [INFO] 
========== Episode 600 ==========
[2025-07-17 00:19:03] [INFO] 攻击者策略: [0.114 0.102 0.101 0.096 0.098 0.094 0.113 0.091 0.083 0.109]
[2025-07-17 00:19:03] [INFO] 
--- QLearning 防御者 ---
[2025-07-17 00:19:03] [INFO] 防御策略: [0.111 0.094 0.086 0.087 0.109 0.094 0.097 0.122 0.079 0.120]
[2025-07-17 00:19:03] [INFO] RADI: 0.080
[2025-07-17 00:19:03] [INFO] Damage: 0.061
[2025-07-17 00:19:03] [INFO] Success Rate: 0.920
[2025-07-17 00:19:03] [INFO] Detection Rate: NaN
[2025-07-17 00:19:03] [INFO] 
--- SARSA 防御者 ---
[2025-07-17 00:19:03] [INFO] 防御策略: [0.244 0.086 0.095 0.064 0.088 0.100 0.088 0.087 0.075 0.073]
[2025-07-17 00:19:03] [INFO] RADI: 0.088
[2025-07-17 00:19:03] [INFO] Damage: 0.086
[2025-07-17 00:19:03] [INFO] Success Rate: 0.940
[2025-07-17 00:19:03] [INFO] Detection Rate: NaN
[2025-07-17 00:19:03] [INFO] 
--- DoubleQLearning 防御者 ---
[2025-07-17 00:19:03] [INFO] 防御策略: [0.176 0.092 0.092 0.091 0.092 0.092 0.091 0.092 0.091 0.091]
[2025-07-17 00:19:03] [INFO] RADI: 0.170
[2025-07-17 00:19:03] [INFO] Damage: 0.062
[2025-07-17 00:19:03] [INFO] Success Rate: 0.870
[2025-07-17 00:19:03] [INFO] Detection Rate: NaN
[2025-07-17 00:19:03] [INFO] ================================\n
[2025-07-17 00:19:05] [INFO] 
========== Episode 650 ==========
[2025-07-17 00:19:05] [INFO] 攻击者策略: [0.114 0.102 0.101 0.096 0.098 0.094 0.113 0.091 0.083 0.109]
[2025-07-17 00:19:05] [INFO] 
--- QLearning 防御者 ---
[2025-07-17 00:19:05] [INFO] 防御策略: [0.112 0.095 0.086 0.087 0.109 0.093 0.096 0.121 0.080 0.120]
[2025-07-17 00:19:05] [INFO] RADI: 0.138
[2025-07-17 00:19:05] [INFO] Damage: 0.058
[2025-07-17 00:19:05] [INFO] Success Rate: 0.870
[2025-07-17 00:19:05] [INFO] Detection Rate: NaN
[2025-07-17 00:19:05] [INFO] 
--- SARSA 防御者 ---
[2025-07-17 00:19:05] [INFO] 防御策略: [0.242 0.086 0.095 0.064 0.088 0.100 0.088 0.087 0.075 0.073]
[2025-07-17 00:19:05] [INFO] RADI: 0.197
[2025-07-17 00:19:05] [INFO] Damage: 0.098
[2025-07-17 00:19:05] [INFO] Success Rate: 0.980
[2025-07-17 00:19:05] [INFO] Detection Rate: NaN
[2025-07-17 00:19:05] [INFO] 
--- DoubleQLearning 防御者 ---
[2025-07-17 00:19:05] [INFO] 防御策略: [0.176 0.092 0.092 0.092 0.092 0.092 0.092 0.092 0.091 0.092]
[2025-07-17 00:19:05] [INFO] RADI: 0.103
[2025-07-17 00:19:05] [INFO] Damage: 0.071
[2025-07-17 00:19:05] [INFO] Success Rate: 0.950
[2025-07-17 00:19:05] [INFO] Detection Rate: NaN
[2025-07-17 00:19:05] [INFO] ================================\n
[2025-07-17 00:19:07] [INFO] 
========== Episode 700 ==========
[2025-07-17 00:19:07] [INFO] 攻击者策略: [0.114 0.102 0.101 0.096 0.098 0.094 0.113 0.091 0.083 0.109]
[2025-07-17 00:19:07] [INFO] 
--- QLearning 防御者 ---
[2025-07-17 00:19:07] [INFO] 防御策略: [0.112 0.095 0.086 0.088 0.110 0.093 0.096 0.121 0.080 0.121]
[2025-07-17 00:19:07] [INFO] RADI: 0.168
[2025-07-17 00:19:07] [INFO] Damage: 0.057
[2025-07-17 00:19:07] [INFO] Success Rate: 0.850
[2025-07-17 00:19:07] [INFO] Detection Rate: NaN
[2025-07-17 00:19:07] [INFO] 
--- SARSA 防御者 ---
[2025-07-17 00:19:07] [INFO] 防御策略: [0.241 0.086 0.095 0.065 0.088 0.100 0.088 0.087 0.076 0.074]
[2025-07-17 00:19:07] [INFO] RADI: 0.185
[2025-07-17 00:19:07] [INFO] Damage: 0.094
[2025-07-17 00:19:07] [INFO] Success Rate: 0.950
[2025-07-17 00:19:07] [INFO] Detection Rate: NaN
[2025-07-17 00:19:07] [INFO] 
--- DoubleQLearning 防御者 ---
[2025-07-17 00:19:07] [INFO] 防御策略: [0.176 0.092 0.092 0.092 0.092 0.092 0.091 0.092 0.091 0.092]
[2025-07-17 00:19:07] [INFO] RADI: 0.103
[2025-07-17 00:19:07] [INFO] Damage: 0.069
[2025-07-17 00:19:07] [INFO] Success Rate: 0.930
[2025-07-17 00:19:07] [INFO] Detection Rate: NaN
[2025-07-17 00:19:07] [INFO] ================================\n
[2025-07-17 00:19:08] [INFO] 
========== Episode 750 ==========
[2025-07-17 00:19:08] [INFO] 攻击者策略: [0.114 0.102 0.101 0.096 0.098 0.094 0.113 0.091 0.083 0.109]
[2025-07-17 00:19:08] [INFO] 
--- QLearning 防御者 ---
[2025-07-17 00:19:08] [INFO] 防御策略: [0.112 0.094 0.086 0.087 0.110 0.094 0.097 0.120 0.080 0.121]
[2025-07-17 00:19:08] [INFO] RADI: 0.124
[2025-07-17 00:19:08] [INFO] Damage: 0.059
[2025-07-17 00:19:08] [INFO] Success Rate: 0.870
[2025-07-17 00:19:08] [INFO] Detection Rate: NaN
[2025-07-17 00:19:08] [INFO] 
--- SARSA 防御者 ---
[2025-07-17 00:19:08] [INFO] 防御策略: [0.243 0.086 0.095 0.064 0.088 0.100 0.088 0.087 0.075 0.073]
[2025-07-17 00:19:08] [INFO] RADI: 0.100
[2025-07-17 00:19:08] [INFO] Damage: 0.078
[2025-07-17 00:19:08] [INFO] Success Rate: 0.880
[2025-07-17 00:19:08] [INFO] Detection Rate: NaN
[2025-07-17 00:19:08] [INFO] 
--- DoubleQLearning 防御者 ---
[2025-07-17 00:19:08] [INFO] 防御策略: [0.175 0.092 0.092 0.092 0.092 0.092 0.092 0.092 0.091 0.092]
[2025-07-17 00:19:08] [INFO] RADI: 0.103
[2025-07-17 00:19:08] [INFO] Damage: 0.065
[2025-07-17 00:19:08] [INFO] Success Rate: 0.910
[2025-07-17 00:19:08] [INFO] Detection Rate: NaN
[2025-07-17 00:19:08] [INFO] ================================\n
[2025-07-17 00:19:10] [INFO] 
========== Episode 800 ==========
[2025-07-17 00:19:10] [INFO] 攻击者策略: [0.114 0.102 0.101 0.096 0.098 0.094 0.113 0.091 0.083 0.109]
[2025-07-17 00:19:10] [INFO] 
--- QLearning 防御者 ---
[2025-07-17 00:19:10] [INFO] 防御策略: [0.111 0.094 0.086 0.087 0.109 0.094 0.097 0.119 0.079 0.121]
[2025-07-17 00:19:10] [INFO] RADI: 0.141
[2025-07-17 00:19:10] [INFO] Damage: 0.058
[2025-07-17 00:19:10] [INFO] Success Rate: 0.870
[2025-07-17 00:19:10] [INFO] Detection Rate: NaN
[2025-07-17 00:19:10] [INFO] 
--- SARSA 防御者 ---
[2025-07-17 00:19:10] [INFO] 防御策略: [0.245 0.086 0.095 0.064 0.088 0.100 0.088 0.087 0.075 0.073]
[2025-07-17 00:19:10] [INFO] RADI: 0.196
[2025-07-17 00:19:10] [INFO] Damage: 0.079
[2025-07-17 00:19:10] [INFO] Success Rate: 0.870
[2025-07-17 00:19:10] [INFO] Detection Rate: NaN
[2025-07-17 00:19:10] [INFO] 
--- DoubleQLearning 防御者 ---
[2025-07-17 00:19:10] [INFO] 防御策略: [0.176 0.092 0.092 0.092 0.092 0.092 0.091 0.092 0.091 0.092]
[2025-07-17 00:19:10] [INFO] RADI: 0.103
[2025-07-17 00:19:10] [INFO] Damage: 0.067
[2025-07-17 00:19:10] [INFO] Success Rate: 0.930
[2025-07-17 00:19:10] [INFO] Detection Rate: NaN
[2025-07-17 00:19:10] [INFO] ================================\n
[2025-07-17 00:19:12] [INFO] 
========== Episode 850 ==========
[2025-07-17 00:19:12] [INFO] 攻击者策略: [0.114 0.102 0.101 0.096 0.098 0.094 0.113 0.091 0.083 0.109]
[2025-07-17 00:19:12] [INFO] 
--- QLearning 防御者 ---
[2025-07-17 00:19:12] [INFO] 防御策略: [0.112 0.094 0.087 0.087 0.109 0.094 0.097 0.119 0.079 0.121]
[2025-07-17 00:19:12] [INFO] RADI: 0.146
[2025-07-17 00:19:12] [INFO] Damage: 0.058
[2025-07-17 00:19:12] [INFO] Success Rate: 0.860
[2025-07-17 00:19:12] [INFO] Detection Rate: NaN
[2025-07-17 00:19:12] [INFO] 
--- SARSA 防御者 ---
[2025-07-17 00:19:12] [INFO] 防御策略: [0.245 0.085 0.095 0.064 0.088 0.100 0.088 0.087 0.075 0.073]
[2025-07-17 00:19:12] [INFO] RADI: 0.134
[2025-07-17 00:19:12] [INFO] Damage: 0.079
[2025-07-17 00:19:12] [INFO] Success Rate: 0.880
[2025-07-17 00:19:12] [INFO] Detection Rate: NaN
[2025-07-17 00:19:12] [INFO] 
--- DoubleQLearning 防御者 ---
[2025-07-17 00:19:12] [INFO] 防御策略: [0.175 0.092 0.092 0.092 0.092 0.092 0.092 0.092 0.091 0.092]
[2025-07-17 00:19:12] [INFO] RADI: 0.103
[2025-07-17 00:19:12] [INFO] Damage: 0.062
[2025-07-17 00:19:12] [INFO] Success Rate: 0.880
[2025-07-17 00:19:12] [INFO] Detection Rate: NaN
[2025-07-17 00:19:12] [INFO] ================================\n
[2025-07-17 00:19:14] [INFO] 
========== Episode 900 ==========
[2025-07-17 00:19:14] [INFO] 攻击者策略: [0.114 0.102 0.101 0.096 0.098 0.094 0.113 0.091 0.083 0.109]
[2025-07-17 00:19:14] [INFO] 
--- QLearning 防御者 ---
[2025-07-17 00:19:14] [INFO] 防御策略: [0.112 0.095 0.087 0.087 0.109 0.094 0.097 0.118 0.080 0.122]
[2025-07-17 00:19:14] [INFO] RADI: 0.091
[2025-07-17 00:19:14] [INFO] Damage: 0.058
[2025-07-17 00:19:14] [INFO] Success Rate: 0.880
[2025-07-17 00:19:14] [INFO] Detection Rate: NaN
[2025-07-17 00:19:14] [INFO] 
--- SARSA 防御者 ---
[2025-07-17 00:19:14] [INFO] 防御策略: [0.245 0.085 0.095 0.064 0.088 0.100 0.088 0.087 0.075 0.073]
[2025-07-17 00:19:14] [INFO] RADI: 0.120
[2025-07-17 00:19:14] [INFO] Damage: 0.080
[2025-07-17 00:19:14] [INFO] Success Rate: 0.860
[2025-07-17 00:19:14] [INFO] Detection Rate: NaN
[2025-07-17 00:19:14] [INFO] 
--- DoubleQLearning 防御者 ---
[2025-07-17 00:19:14] [INFO] 防御策略: [0.176 0.092 0.092 0.092 0.092 0.092 0.092 0.092 0.091 0.092]
[2025-07-17 00:19:14] [INFO] RADI: 0.103
[2025-07-17 00:19:14] [INFO] Damage: 0.067
[2025-07-17 00:19:14] [INFO] Success Rate: 0.950
[2025-07-17 00:19:14] [INFO] Detection Rate: NaN
[2025-07-17 00:19:14] [INFO] ================================\n
[2025-07-17 00:19:16] [INFO] 
========== Episode 950 ==========
[2025-07-17 00:19:16] [INFO] 攻击者策略: [0.114 0.102 0.101 0.096 0.098 0.094 0.113 0.091 0.083 0.109]
[2025-07-17 00:19:16] [INFO] 
--- QLearning 防御者 ---
[2025-07-17 00:19:16] [INFO] 防御策略: [0.112 0.095 0.087 0.088 0.109 0.094 0.097 0.117 0.079 0.122]
[2025-07-17 00:19:16] [INFO] RADI: 0.170
[2025-07-17 00:19:16] [INFO] Damage: 0.059
[2025-07-17 00:19:16] [INFO] Success Rate: 0.890
[2025-07-17 00:19:16] [INFO] Detection Rate: NaN
[2025-07-17 00:19:16] [INFO] 
--- SARSA 防御者 ---
[2025-07-17 00:19:16] [INFO] 防御策略: [0.246 0.085 0.095 0.064 0.088 0.100 0.088 0.086 0.075 0.073]
[2025-07-17 00:19:16] [INFO] RADI: 0.109
[2025-07-17 00:19:16] [INFO] Damage: 0.068
[2025-07-17 00:19:16] [INFO] Success Rate: 0.810
[2025-07-17 00:19:16] [INFO] Detection Rate: NaN
[2025-07-17 00:19:16] [INFO] 
--- DoubleQLearning 防御者 ---
[2025-07-17 00:19:16] [INFO] 防御策略: [0.176 0.092 0.092 0.091 0.092 0.092 0.091 0.092 0.091 0.091]
[2025-07-17 00:19:16] [INFO] RADI: 0.103
[2025-07-17 00:19:16] [INFO] Damage: 0.067
[2025-07-17 00:19:16] [INFO] Success Rate: 0.940
[2025-07-17 00:19:16] [INFO] Detection Rate: NaN
[2025-07-17 00:19:16] [INFO] ================================\n
[2025-07-17 00:19:18] [INFO] 
========== Episode 1000 ==========
[2025-07-17 00:19:18] [INFO] 攻击者策略: [0.114 0.102 0.101 0.096 0.098 0.094 0.113 0.091 0.083 0.109]
[2025-07-17 00:19:18] [INFO] 
--- QLearning 防御者 ---
[2025-07-17 00:19:18] [INFO] 防御策略: [0.112 0.095 0.087 0.088 0.109 0.094 0.097 0.117 0.080 0.122]
[2025-07-17 00:19:18] [INFO] RADI: 0.091
[2025-07-17 00:19:18] [INFO] Damage: 0.060
[2025-07-17 00:19:18] [INFO] Success Rate: 0.900
[2025-07-17 00:19:18] [INFO] Detection Rate: NaN
[2025-07-17 00:19:18] [INFO] 
--- SARSA 防御者 ---
[2025-07-17 00:19:18] [INFO] 防御策略: [0.243 0.086 0.095 0.064 0.088 0.100 0.088 0.087 0.075 0.073]
[2025-07-17 00:19:18] [INFO] RADI: 0.124
[2025-07-17 00:19:18] [INFO] Damage: 0.081
[2025-07-17 00:19:18] [INFO] Success Rate: 0.890
[2025-07-17 00:19:18] [INFO] Detection Rate: NaN
[2025-07-17 00:19:18] [INFO] 
--- DoubleQLearning 防御者 ---
[2025-07-17 00:19:18] [INFO] 防御策略: [0.176 0.092 0.092 0.092 0.092 0.092 0.092 0.092 0.091 0.092]
[2025-07-17 00:19:18] [INFO] RADI: 0.103
[2025-07-17 00:19:18] [INFO] Damage: 0.067
[2025-07-17 00:19:18] [INFO] Success Rate: 0.950
[2025-07-17 00:19:18] [INFO] Detection Rate: NaN
[2025-07-17 00:19:18] [INFO] ================================\n
[2025-07-17 00:19:18] [INFO] 生成多智能体对比报告...
[2025-07-17 00:19:38] [INFO] 报告已保存到: D:\CODE\FSP-IDS\reports\20250717_001918
[2025-07-17 00:19:38] [INFO] FSP-TCS多智能体仿真成功完成
